Calling target program-options parser
[08:08:59.565] [bmv2] [D] [thread 42250] Set default default entry for table 'MyIngress.ethernet_exact': MyIngress.drop - 
Adding interface s10-eth1 as port 1
[08:08:59.566] [bmv2] [D] [thread 42250] Adding interface s10-eth1 as port 1
Adding interface s10-eth2 as port 2
[08:08:59.591] [bmv2] [D] [thread 42250] Adding interface s10-eth2 as port 2
Adding interface s10-eth3 as port 3
[08:08:59.611] [bmv2] [D] [thread 42250] Adding interface s10-eth3 as port 3
Server listening on 0.0.0.0:50060
[08:08:59.627] [bmv2] [I] [thread 42250] Starting Thrift server on port 9099
[08:08:59.627] [bmv2] [I] [thread 42250] Thrift server was started
[08:08:59.975] [bmv2] [D] [thread 42266] [0.0] [cxt 0] Processing packet received on port 3
[08:08:59.976] [bmv2] [D] [thread 42266] [0.0] [cxt 0] Parser 'parser': start
[08:08:59.976] [bmv2] [D] [thread 42266] [0.0] [cxt 0] Parser 'parser' entering state 'start'
[08:08:59.976] [bmv2] [D] [thread 42266] [0.0] [cxt 0] Extracting header 'ethernet'
[08:08:59.976] [bmv2] [D] [thread 42266] [0.0] [cxt 0] Parser state 'start' has no switch, going to default next state
[08:08:59.976] [bmv2] [T] [thread 42266] [0.0] [cxt 0] Bytes parsed: 14
[08:08:59.976] [bmv2] [D] [thread 42266] [0.0] [cxt 0] Parser 'parser': end
[08:08:59.976] [bmv2] [D] [thread 42266] [0.0] [cxt 0] Pipeline 'ingress': start
[08:08:59.976] [bmv2] [T] [thread 42266] [0.0] [cxt 0] switch.p4(86) Condition "hdr.ethernet.isValid()" (node_2) is true
[08:08:59.976] [bmv2] [T] [thread 42266] [0.0] [cxt 0] Applying table 'MyIngress.ethernet_exact'
[08:08:59.976] [bmv2] [D] [thread 42266] [0.0] [cxt 0] Looking up key:
* hdr.ethernet.dstAddr: 333300000002

[08:08:59.976] [bmv2] [D] [thread 42266] [0.0] [cxt 0] Table 'MyIngress.ethernet_exact': miss
[08:08:59.976] [bmv2] [D] [thread 42266] [0.0] [cxt 0] Action entry is MyIngress.drop - 
[08:08:59.976] [bmv2] [T] [thread 42266] [0.0] [cxt 0] Action MyIngress.drop
[08:08:59.976] [bmv2] [T] [thread 42266] [0.0] [cxt 0] switch.p4(65) Primitive mark_to_drop(standard_metadata)
[08:08:59.976] [bmv2] [D] [thread 42266] [0.0] [cxt 0] Pipeline 'ingress': end
[08:08:59.976] [bmv2] [D] [thread 42266] [0.0] [cxt 0] Egress port is 511
[08:08:59.976] [bmv2] [D] [thread 42266] [0.0] [cxt 0] Dropping packet at the end of ingress
[08:09:00.478] [bmv2] [D] [thread 42266] [1.0] [cxt 0] Processing packet received on port 2
[08:09:00.478] [bmv2] [D] [thread 42266] [1.0] [cxt 0] Parser 'parser': start
[08:09:00.478] [bmv2] [D] [thread 42266] [1.0] [cxt 0] Parser 'parser' entering state 'start'
[08:09:00.478] [bmv2] [D] [thread 42266] [1.0] [cxt 0] Extracting header 'ethernet'
[08:09:00.478] [bmv2] [D] [thread 42266] [1.0] [cxt 0] Parser state 'start' has no switch, going to default next state
[08:09:00.478] [bmv2] [T] [thread 42266] [1.0] [cxt 0] Bytes parsed: 14
[08:09:00.478] [bmv2] [D] [thread 42266] [1.0] [cxt 0] Parser 'parser': end
[08:09:00.478] [bmv2] [D] [thread 42266] [1.0] [cxt 0] Pipeline 'ingress': start
[08:09:00.478] [bmv2] [T] [thread 42266] [1.0] [cxt 0] switch.p4(86) Condition "hdr.ethernet.isValid()" (node_2) is true
[08:09:00.478] [bmv2] [T] [thread 42266] [1.0] [cxt 0] Applying table 'MyIngress.ethernet_exact'
[08:09:00.478] [bmv2] [D] [thread 42266] [1.0] [cxt 0] Looking up key:
* hdr.ethernet.dstAddr: 333300000002

[08:09:00.478] [bmv2] [D] [thread 42266] [1.0] [cxt 0] Table 'MyIngress.ethernet_exact': miss
[08:09:00.478] [bmv2] [D] [thread 42266] [1.0] [cxt 0] Action entry is MyIngress.drop - 
[08:09:00.478] [bmv2] [T] [thread 42266] [1.0] [cxt 0] Action MyIngress.drop
[08:09:00.478] [bmv2] [T] [thread 42266] [1.0] [cxt 0] switch.p4(65) Primitive mark_to_drop(standard_metadata)
[08:09:00.478] [bmv2] [D] [thread 42266] [1.0] [cxt 0] Pipeline 'ingress': end
[08:09:00.478] [bmv2] [D] [thread 42266] [1.0] [cxt 0] Egress port is 511
[08:09:00.478] [bmv2] [D] [thread 42266] [1.0] [cxt 0] Dropping packet at the end of ingress
[08:09:00.607] [bmv2] [D] [thread 42266] [2.0] [cxt 0] Processing packet received on port 1
[08:09:00.607] [bmv2] [D] [thread 42266] [2.0] [cxt 0] Parser 'parser': start
[08:09:00.607] [bmv2] [D] [thread 42266] [2.0] [cxt 0] Parser 'parser' entering state 'start'
[08:09:00.607] [bmv2] [D] [thread 42266] [2.0] [cxt 0] Extracting header 'ethernet'
[08:09:00.607] [bmv2] [D] [thread 42266] [2.0] [cxt 0] Parser state 'start' has no switch, going to default next state
[08:09:00.607] [bmv2] [T] [thread 42266] [2.0] [cxt 0] Bytes parsed: 14
[08:09:00.607] [bmv2] [D] [thread 42266] [2.0] [cxt 0] Parser 'parser': end
[08:09:00.607] [bmv2] [D] [thread 42266] [2.0] [cxt 0] Pipeline 'ingress': start
[08:09:00.607] [bmv2] [T] [thread 42266] [2.0] [cxt 0] switch.p4(86) Condition "hdr.ethernet.isValid()" (node_2) is true
[08:09:00.607] [bmv2] [T] [thread 42266] [2.0] [cxt 0] Applying table 'MyIngress.ethernet_exact'
[08:09:00.607] [bmv2] [D] [thread 42266] [2.0] [cxt 0] Looking up key:
* hdr.ethernet.dstAddr: 333300000002

[08:09:00.607] [bmv2] [D] [thread 42266] [2.0] [cxt 0] Table 'MyIngress.ethernet_exact': miss
[08:09:00.607] [bmv2] [D] [thread 42266] [2.0] [cxt 0] Action entry is MyIngress.drop - 
[08:09:00.607] [bmv2] [T] [thread 42266] [2.0] [cxt 0] Action MyIngress.drop
[08:09:00.607] [bmv2] [T] [thread 42266] [2.0] [cxt 0] switch.p4(65) Primitive mark_to_drop(standard_metadata)
[08:09:00.607] [bmv2] [D] [thread 42266] [2.0] [cxt 0] Pipeline 'ingress': end
[08:09:00.607] [bmv2] [D] [thread 42266] [2.0] [cxt 0] Egress port is 511
[08:09:00.607] [bmv2] [D] [thread 42266] [2.0] [cxt 0] Dropping packet at the end of ingress
[08:09:00.607] [bmv2] [D] [thread 42266] [3.0] [cxt 0] Processing packet received on port 3
[08:09:00.607] [bmv2] [D] [thread 42266] [3.0] [cxt 0] Parser 'parser': start
[08:09:00.607] [bmv2] [D] [thread 42266] [3.0] [cxt 0] Parser 'parser' entering state 'start'
[08:09:00.607] [bmv2] [D] [thread 42266] [3.0] [cxt 0] Extracting header 'ethernet'
[08:09:00.607] [bmv2] [D] [thread 42266] [3.0] [cxt 0] Parser state 'start' has no switch, going to default next state
[08:09:00.607] [bmv2] [T] [thread 42266] [3.0] [cxt 0] Bytes parsed: 14
[08:09:00.607] [bmv2] [D] [thread 42266] [3.0] [cxt 0] Parser 'parser': end
[08:09:00.607] [bmv2] [D] [thread 42266] [3.0] [cxt 0] Pipeline 'ingress': start
[08:09:00.607] [bmv2] [T] [thread 42266] [3.0] [cxt 0] switch.p4(86) Condition "hdr.ethernet.isValid()" (node_2) is true
[08:09:00.607] [bmv2] [T] [thread 42266] [3.0] [cxt 0] Applying table 'MyIngress.ethernet_exact'
[08:09:00.607] [bmv2] [D] [thread 42266] [3.0] [cxt 0] Looking up key:
* hdr.ethernet.dstAddr: 333300000002

[08:09:00.607] [bmv2] [D] [thread 42266] [3.0] [cxt 0] Table 'MyIngress.ethernet_exact': miss
[08:09:00.607] [bmv2] [D] [thread 42266] [3.0] [cxt 0] Action entry is MyIngress.drop - 
[08:09:00.607] [bmv2] [T] [thread 42266] [3.0] [cxt 0] Action MyIngress.drop
[08:09:00.607] [bmv2] [T] [thread 42266] [3.0] [cxt 0] switch.p4(65) Primitive mark_to_drop(standard_metadata)
[08:09:00.607] [bmv2] [D] [thread 42266] [3.0] [cxt 0] Pipeline 'ingress': end
[08:09:00.607] [bmv2] [D] [thread 42266] [3.0] [cxt 0] Egress port is 511
[08:09:00.607] [bmv2] [D] [thread 42266] [3.0] [cxt 0] Dropping packet at the end of ingress
[08:09:01.255] [bmv2] [W] [thread 42383] [P4Runtime] p4::tmp::P4DeviceConfig is deprecated
[08:09:01.257] [bmv2] [D] [thread 42383] Set default default entry for table 'MyIngress.ipv4_lpm': MyIngress.drop - 
[08:09:01.257] [bmv2] [D] [thread 42383] Set default default entry for table 'tbl_read_reg': MyIngress.read_reg - 
[08:09:01.257] [bmv2] [D] [thread 42383] Set default default entry for table 'MyIngress.forward_balanced': MyIngress.drop - 
[08:09:01.257] [bmv2] [D] [thread 42383] Set default default entry for table 'tbl_write_reg': MyIngress.write_reg - 
[08:09:01.259] [bmv2] [D] [thread 42383] simple_switch target has been notified of a config swap
[08:09:01.261] [bmv2] [D] [thread 42383] Set default entry for table 'MyIngress.ipv4_lpm': MyIngress.drop - 
[08:09:01.262] [bmv2] [D] [thread 42384] Entry 0 added to table 'MyIngress.ipv4_lpm'
[08:09:01.262] [bmv2] [D] [thread 42384] Dumping entry 0
Match key:
* hdr.ipv4.dstAddr    : LPM       0a000808/32
Action entry: NoAction - 

[08:09:01.263] [bmv2] [D] [thread 42383] Entry 1 added to table 'MyIngress.ipv4_lpm'
[08:09:01.263] [bmv2] [D] [thread 42383] Dumping entry 1
Match key:
* hdr.ipv4.dstAddr    : LPM       0a000909/32
Action entry: NoAction - 

[08:09:01.264] [bmv2] [D] [thread 42384] Entry 2 added to table 'MyIngress.ipv4_lpm'
[08:09:01.264] [bmv2] [D] [thread 42384] Dumping entry 2
Match key:
* hdr.ipv4.dstAddr    : LPM       0a000606/32
Action entry: MyIngress.forward - 80000000600,a000808,3,

[08:09:01.264] [bmv2] [D] [thread 42383] Entry 3 added to table 'MyIngress.ipv4_lpm'
[08:09:01.264] [bmv2] [D] [thread 42383] Dumping entry 3
Match key:
* hdr.ipv4.dstAddr    : LPM       0a000707/32
Action entry: MyIngress.forward - 80000000700,a000808,3,

[08:09:01.265] [bmv2] [D] [thread 42384] Entry 4 added to table 'MyIngress.ipv4_lpm'
[08:09:01.265] [bmv2] [D] [thread 42384] Dumping entry 4
Match key:
* hdr.ipv4.dstAddr    : LPM       08080808/32
Action entry: MyIngress.forward - 80000000500,a000808,3,

[08:09:01.267] [bmv2] [D] [thread 42383] Entry 5 added to table 'MyIngress.ipv4_lpm'
[08:09:01.267] [bmv2] [D] [thread 42383] Dumping entry 5
Match key:
* hdr.ipv4.dstAddr    : LPM       0a000304/32
Action entry: MyIngress.forward - 80000000400,a000808,3,

[08:09:01.268] [bmv2] [D] [thread 42384] Entry 6 added to table 'MyIngress.ipv4_lpm'
[08:09:01.268] [bmv2] [D] [thread 42384] Dumping entry 6
Match key:
* hdr.ipv4.dstAddr    : LPM       0a000303/32
Action entry: MyIngress.forward - 80000000300,a000808,3,

[08:09:01.268] [bmv2] [D] [thread 42383] Entry 7 added to table 'MyIngress.ipv4_lpm'
[08:09:01.268] [bmv2] [D] [thread 42383] Dumping entry 7
Match key:
* hdr.ipv4.dstAddr    : LPM       0a000102/32
Action entry: MyIngress.forward - 80000000200,a000808,3,

[08:09:01.269] [bmv2] [D] [thread 42384] Entry 8 added to table 'MyIngress.ipv4_lpm'
[08:09:01.269] [bmv2] [D] [thread 42384] Dumping entry 8
Match key:
* hdr.ipv4.dstAddr    : LPM       0a000101/32
Action entry: MyIngress.forward - 80000000100,a000808,3,

[08:09:01.270] [bmv2] [D] [thread 42383] Entry 0 added to table 'MyIngress.forward_balanced'
[08:09:01.270] [bmv2] [D] [thread 42383] Dumping entry 0
Match key:
* reg_val             : EXACT     00
Action entry: MyIngress.forward_inward - 80000000888,a000808,

[08:09:01.271] [bmv2] [D] [thread 42384] Entry 1 added to table 'MyIngress.forward_balanced'
[08:09:01.271] [bmv2] [D] [thread 42384] Dumping entry 1
Match key:
* reg_val             : EXACT     01
Action entry: MyIngress.forward_inward - 80000000999,a000909,

[08:09:07.775] [bmv2] [D] [thread 42266] [4.0] [cxt 0] Processing packet received on port 3
[08:09:07.775] [bmv2] [D] [thread 42266] [4.0] [cxt 0] Parser 'parser': start
[08:09:07.775] [bmv2] [D] [thread 42266] [4.0] [cxt 0] Parser 'parser' entering state 'start'
[08:09:07.775] [bmv2] [D] [thread 42266] [4.0] [cxt 0] Extracting header 'ethernet'
[08:09:07.775] [bmv2] [D] [thread 42266] [4.0] [cxt 0] Parser state 'start': key is 86dd
[08:09:07.775] [bmv2] [T] [thread 42266] [4.0] [cxt 0] Bytes parsed: 14
[08:09:07.775] [bmv2] [D] [thread 42266] [4.0] [cxt 0] Parser 'parser': end
[08:09:07.775] [bmv2] [D] [thread 42266] [4.0] [cxt 0] Pipeline 'ingress': start
[08:09:07.775] [bmv2] [T] [thread 42266] [4.0] [cxt 0] load_balancer.p4(147) Condition "hdr.ipv4.isValid()" (node_2) is false
[08:09:07.775] [bmv2] [D] [thread 42266] [4.0] [cxt 0] Pipeline 'ingress': end
[08:09:07.775] [bmv2] [D] [thread 42266] [4.0] [cxt 0] Egress port is 0
[08:09:07.775] [bmv2] [D] [thread 42267] [4.0] [cxt 0] Pipeline 'egress': start
[08:09:07.775] [bmv2] [D] [thread 42267] [4.0] [cxt 0] Pipeline 'egress': end
[08:09:07.775] [bmv2] [D] [thread 42267] [4.0] [cxt 0] Deparser 'deparser': start
[08:09:07.775] [bmv2] [T] [thread 42267] [4.0] [cxt 0] Skipping checksum 'cksum' update because condition not met
[08:09:07.775] [bmv2] [D] [thread 42267] [4.0] [cxt 0] Deparsing header 'ethernet'
[08:09:07.775] [bmv2] [D] [thread 42267] [4.0] [cxt 0] Deparser 'deparser': end
[08:09:07.776] [bmv2] [D] [thread 42271] [4.0] [cxt 0] Transmitting packet of size 70 out of port 0
[08:09:08.798] [bmv2] [D] [thread 42266] [5.0] [cxt 0] Processing packet received on port 2
[08:09:08.798] [bmv2] [D] [thread 42266] [5.0] [cxt 0] Parser 'parser': start
[08:09:08.798] [bmv2] [D] [thread 42266] [5.0] [cxt 0] Parser 'parser' entering state 'start'
[08:09:08.798] [bmv2] [D] [thread 42266] [5.0] [cxt 0] Extracting header 'ethernet'
[08:09:08.798] [bmv2] [D] [thread 42266] [5.0] [cxt 0] Parser state 'start': key is 86dd
[08:09:08.798] [bmv2] [T] [thread 42266] [5.0] [cxt 0] Bytes parsed: 14
[08:09:08.798] [bmv2] [D] [thread 42266] [5.0] [cxt 0] Parser 'parser': end
[08:09:08.798] [bmv2] [D] [thread 42266] [5.0] [cxt 0] Pipeline 'ingress': start
[08:09:08.798] [bmv2] [T] [thread 42266] [5.0] [cxt 0] load_balancer.p4(147) Condition "hdr.ipv4.isValid()" (node_2) is false
[08:09:08.798] [bmv2] [D] [thread 42266] [5.0] [cxt 0] Pipeline 'ingress': end
[08:09:08.798] [bmv2] [D] [thread 42266] [5.0] [cxt 0] Egress port is 0
[08:09:08.799] [bmv2] [D] [thread 42267] [5.0] [cxt 0] Pipeline 'egress': start
[08:09:08.799] [bmv2] [D] [thread 42267] [5.0] [cxt 0] Pipeline 'egress': end
[08:09:08.799] [bmv2] [D] [thread 42267] [5.0] [cxt 0] Deparser 'deparser': start
[08:09:08.799] [bmv2] [T] [thread 42267] [5.0] [cxt 0] Skipping checksum 'cksum' update because condition not met
[08:09:08.799] [bmv2] [D] [thread 42267] [5.0] [cxt 0] Deparsing header 'ethernet'
[08:09:08.799] [bmv2] [D] [thread 42267] [5.0] [cxt 0] Deparser 'deparser': end
[08:09:08.799] [bmv2] [D] [thread 42271] [5.0] [cxt 0] Transmitting packet of size 70 out of port 0
[08:09:09.310] [bmv2] [D] [thread 42266] [6.0] [cxt 0] Processing packet received on port 1
[08:09:09.310] [bmv2] [D] [thread 42266] [6.0] [cxt 0] Parser 'parser': start
[08:09:09.310] [bmv2] [D] [thread 42266] [6.0] [cxt 0] Parser 'parser' entering state 'start'
[08:09:09.310] [bmv2] [D] [thread 42266] [6.0] [cxt 0] Extracting header 'ethernet'
[08:09:09.310] [bmv2] [D] [thread 42266] [6.0] [cxt 0] Parser state 'start': key is 86dd
[08:09:09.310] [bmv2] [T] [thread 42266] [6.0] [cxt 0] Bytes parsed: 14
[08:09:09.310] [bmv2] [D] [thread 42266] [6.0] [cxt 0] Parser 'parser': end
[08:09:09.310] [bmv2] [D] [thread 42266] [6.0] [cxt 0] Pipeline 'ingress': start
[08:09:09.310] [bmv2] [T] [thread 42266] [6.0] [cxt 0] load_balancer.p4(147) Condition "hdr.ipv4.isValid()" (node_2) is false
[08:09:09.310] [bmv2] [D] [thread 42266] [6.0] [cxt 0] Pipeline 'ingress': end
[08:09:09.310] [bmv2] [D] [thread 42266] [6.0] [cxt 0] Egress port is 0
[08:09:09.310] [bmv2] [D] [thread 42266] [7.0] [cxt 0] Processing packet received on port 3
[08:09:09.310] [bmv2] [D] [thread 42266] [7.0] [cxt 0] Parser 'parser': start
[08:09:09.310] [bmv2] [D] [thread 42266] [7.0] [cxt 0] Parser 'parser' entering state 'start'
[08:09:09.310] [bmv2] [D] [thread 42266] [7.0] [cxt 0] Extracting header 'ethernet'
[08:09:09.310] [bmv2] [D] [thread 42266] [7.0] [cxt 0] Parser state 'start': key is 86dd
[08:09:09.310] [bmv2] [T] [thread 42266] [7.0] [cxt 0] Bytes parsed: 14
[08:09:09.310] [bmv2] [D] [thread 42266] [7.0] [cxt 0] Parser 'parser': end
[08:09:09.310] [bmv2] [D] [thread 42266] [7.0] [cxt 0] Pipeline 'ingress': start
[08:09:09.310] [bmv2] [T] [thread 42266] [7.0] [cxt 0] load_balancer.p4(147) Condition "hdr.ipv4.isValid()" (node_2) is false
[08:09:09.310] [bmv2] [D] [thread 42266] [7.0] [cxt 0] Pipeline 'ingress': end
[08:09:09.310] [bmv2] [D] [thread 42266] [7.0] [cxt 0] Egress port is 0
[08:09:09.310] [bmv2] [D] [thread 42267] [6.0] [cxt 0] Pipeline 'egress': start
[08:09:09.310] [bmv2] [D] [thread 42267] [6.0] [cxt 0] Pipeline 'egress': end
[08:09:09.310] [bmv2] [D] [thread 42267] [6.0] [cxt 0] Deparser 'deparser': start
[08:09:09.310] [bmv2] [T] [thread 42267] [6.0] [cxt 0] Skipping checksum 'cksum' update because condition not met
[08:09:09.310] [bmv2] [D] [thread 42267] [6.0] [cxt 0] Deparsing header 'ethernet'
[08:09:09.310] [bmv2] [D] [thread 42267] [6.0] [cxt 0] Deparser 'deparser': end
[08:09:09.310] [bmv2] [D] [thread 42267] [7.0] [cxt 0] Pipeline 'egress': start
[08:09:09.310] [bmv2] [D] [thread 42267] [7.0] [cxt 0] Pipeline 'egress': end
[08:09:09.310] [bmv2] [D] [thread 42267] [7.0] [cxt 0] Deparser 'deparser': start
[08:09:09.310] [bmv2] [T] [thread 42267] [7.0] [cxt 0] Skipping checksum 'cksum' update because condition not met
[08:09:09.310] [bmv2] [D] [thread 42267] [7.0] [cxt 0] Deparsing header 'ethernet'
[08:09:09.310] [bmv2] [D] [thread 42267] [7.0] [cxt 0] Deparser 'deparser': end
[08:09:09.310] [bmv2] [D] [thread 42271] [6.0] [cxt 0] Transmitting packet of size 70 out of port 0
[08:09:09.311] [bmv2] [D] [thread 42271] [7.0] [cxt 0] Transmitting packet of size 70 out of port 0
[08:09:23.134] [bmv2] [D] [thread 42266] [8.0] [cxt 0] Processing packet received on port 3
[08:09:23.134] [bmv2] [D] [thread 42266] [8.0] [cxt 0] Parser 'parser': start
[08:09:23.134] [bmv2] [D] [thread 42266] [8.0] [cxt 0] Parser 'parser' entering state 'start'
[08:09:23.134] [bmv2] [D] [thread 42266] [8.0] [cxt 0] Extracting header 'ethernet'
[08:09:23.134] [bmv2] [D] [thread 42266] [8.0] [cxt 0] Parser state 'start': key is 86dd
[08:09:23.134] [bmv2] [T] [thread 42266] [8.0] [cxt 0] Bytes parsed: 14
[08:09:23.134] [bmv2] [D] [thread 42266] [8.0] [cxt 0] Parser 'parser': end
[08:09:23.134] [bmv2] [D] [thread 42266] [8.0] [cxt 0] Pipeline 'ingress': start
[08:09:23.134] [bmv2] [T] [thread 42266] [8.0] [cxt 0] load_balancer.p4(147) Condition "hdr.ipv4.isValid()" (node_2) is false
[08:09:23.134] [bmv2] [D] [thread 42266] [8.0] [cxt 0] Pipeline 'ingress': end
[08:09:23.134] [bmv2] [D] [thread 42266] [8.0] [cxt 0] Egress port is 0
[08:09:23.134] [bmv2] [D] [thread 42267] [8.0] [cxt 0] Pipeline 'egress': start
[08:09:23.134] [bmv2] [D] [thread 42267] [8.0] [cxt 0] Pipeline 'egress': end
[08:09:23.134] [bmv2] [D] [thread 42267] [8.0] [cxt 0] Deparser 'deparser': start
[08:09:23.134] [bmv2] [T] [thread 42267] [8.0] [cxt 0] Skipping checksum 'cksum' update because condition not met
[08:09:23.134] [bmv2] [D] [thread 42267] [8.0] [cxt 0] Deparsing header 'ethernet'
[08:09:23.134] [bmv2] [D] [thread 42267] [8.0] [cxt 0] Deparser 'deparser': end
[08:09:23.134] [bmv2] [D] [thread 42271] [8.0] [cxt 0] Transmitting packet of size 70 out of port 0
[08:09:24.670] [bmv2] [D] [thread 42266] [9.0] [cxt 0] Processing packet received on port 2
[08:09:24.670] [bmv2] [D] [thread 42266] [9.0] [cxt 0] Parser 'parser': start
[08:09:24.670] [bmv2] [D] [thread 42266] [9.0] [cxt 0] Parser 'parser' entering state 'start'
[08:09:24.670] [bmv2] [D] [thread 42266] [9.0] [cxt 0] Extracting header 'ethernet'
[08:09:24.670] [bmv2] [D] [thread 42266] [9.0] [cxt 0] Parser state 'start': key is 86dd
[08:09:24.670] [bmv2] [T] [thread 42266] [9.0] [cxt 0] Bytes parsed: 14
[08:09:24.670] [bmv2] [D] [thread 42266] [9.0] [cxt 0] Parser 'parser': end
[08:09:24.670] [bmv2] [D] [thread 42266] [9.0] [cxt 0] Pipeline 'ingress': start
[08:09:24.670] [bmv2] [T] [thread 42266] [9.0] [cxt 0] load_balancer.p4(147) Condition "hdr.ipv4.isValid()" (node_2) is false
[08:09:24.670] [bmv2] [D] [thread 42266] [9.0] [cxt 0] Pipeline 'ingress': end
[08:09:24.670] [bmv2] [D] [thread 42266] [9.0] [cxt 0] Egress port is 0
[08:09:24.670] [bmv2] [D] [thread 42267] [9.0] [cxt 0] Pipeline 'egress': start
[08:09:24.670] [bmv2] [D] [thread 42267] [9.0] [cxt 0] Pipeline 'egress': end
[08:09:24.670] [bmv2] [D] [thread 42267] [9.0] [cxt 0] Deparser 'deparser': start
[08:09:24.670] [bmv2] [T] [thread 42267] [9.0] [cxt 0] Skipping checksum 'cksum' update because condition not met
[08:09:24.670] [bmv2] [D] [thread 42267] [9.0] [cxt 0] Deparsing header 'ethernet'
[08:09:24.670] [bmv2] [D] [thread 42267] [9.0] [cxt 0] Deparser 'deparser': end
[08:09:24.670] [bmv2] [D] [thread 42271] [9.0] [cxt 0] Transmitting packet of size 70 out of port 0
[08:09:25.696] [bmv2] [D] [thread 42266] [10.0] [cxt 0] Processing packet received on port 3
[08:09:25.696] [bmv2] [D] [thread 42266] [10.0] [cxt 0] Parser 'parser': start
[08:09:25.696] [bmv2] [D] [thread 42266] [10.0] [cxt 0] Parser 'parser' entering state 'start'
[08:09:25.696] [bmv2] [D] [thread 42266] [10.0] [cxt 0] Extracting header 'ethernet'
[08:09:25.696] [bmv2] [D] [thread 42266] [10.0] [cxt 0] Parser state 'start': key is 86dd
[08:09:25.696] [bmv2] [T] [thread 42266] [10.0] [cxt 0] Bytes parsed: 14
[08:09:25.696] [bmv2] [D] [thread 42266] [10.0] [cxt 0] Parser 'parser': end
[08:09:25.696] [bmv2] [D] [thread 42266] [10.0] [cxt 0] Pipeline 'ingress': start
[08:09:25.696] [bmv2] [T] [thread 42266] [10.0] [cxt 0] load_balancer.p4(147) Condition "hdr.ipv4.isValid()" (node_2) is false
[08:09:25.696] [bmv2] [D] [thread 42266] [10.0] [cxt 0] Pipeline 'ingress': end
[08:09:25.696] [bmv2] [D] [thread 42266] [10.0] [cxt 0] Egress port is 0
[08:09:25.696] [bmv2] [D] [thread 42267] [10.0] [cxt 0] Pipeline 'egress': start
[08:09:25.696] [bmv2] [D] [thread 42267] [10.0] [cxt 0] Pipeline 'egress': end
[08:09:25.696] [bmv2] [D] [thread 42267] [10.0] [cxt 0] Deparser 'deparser': start
[08:09:25.696] [bmv2] [T] [thread 42267] [10.0] [cxt 0] Skipping checksum 'cksum' update because condition not met
[08:09:25.696] [bmv2] [D] [thread 42267] [10.0] [cxt 0] Deparsing header 'ethernet'
[08:09:25.696] [bmv2] [D] [thread 42267] [10.0] [cxt 0] Deparser 'deparser': end
[08:09:25.696] [bmv2] [D] [thread 42271] [10.0] [cxt 0] Transmitting packet of size 70 out of port 0
[08:09:26.718] [bmv2] [D] [thread 42266] [11.0] [cxt 0] Processing packet received on port 1
[08:09:26.719] [bmv2] [D] [thread 42266] [11.0] [cxt 0] Parser 'parser': start
[08:09:26.719] [bmv2] [D] [thread 42266] [11.0] [cxt 0] Parser 'parser' entering state 'start'
[08:09:26.719] [bmv2] [D] [thread 42266] [11.0] [cxt 0] Extracting header 'ethernet'
[08:09:26.719] [bmv2] [D] [thread 42266] [11.0] [cxt 0] Parser state 'start': key is 86dd
[08:09:26.719] [bmv2] [T] [thread 42266] [11.0] [cxt 0] Bytes parsed: 14
[08:09:26.719] [bmv2] [D] [thread 42266] [11.0] [cxt 0] Parser 'parser': end
[08:09:26.719] [bmv2] [D] [thread 42266] [11.0] [cxt 0] Pipeline 'ingress': start
[08:09:26.719] [bmv2] [T] [thread 42266] [11.0] [cxt 0] load_balancer.p4(147) Condition "hdr.ipv4.isValid()" (node_2) is false
[08:09:26.719] [bmv2] [D] [thread 42266] [11.0] [cxt 0] Pipeline 'ingress': end
[08:09:26.719] [bmv2] [D] [thread 42266] [11.0] [cxt 0] Egress port is 0
[08:09:26.719] [bmv2] [D] [thread 42267] [11.0] [cxt 0] Pipeline 'egress': start
[08:09:26.719] [bmv2] [D] [thread 42267] [11.0] [cxt 0] Pipeline 'egress': end
[08:09:26.719] [bmv2] [D] [thread 42267] [11.0] [cxt 0] Deparser 'deparser': start
[08:09:26.719] [bmv2] [T] [thread 42267] [11.0] [cxt 0] Skipping checksum 'cksum' update because condition not met
[08:09:26.719] [bmv2] [D] [thread 42267] [11.0] [cxt 0] Deparsing header 'ethernet'
[08:09:26.719] [bmv2] [D] [thread 42267] [11.0] [cxt 0] Deparser 'deparser': end
[08:09:26.719] [bmv2] [D] [thread 42271] [11.0] [cxt 0] Transmitting packet of size 70 out of port 0
open: No such file or directory
open: No such file or directory
open: No such file or directory
open: No such file or directory
open: No such file or directory
open: No such file or directory
open: No such file or directory
open: No such file or directory
open: No such file or directory
open: No such file or directory
open: No such file or directory
open: No such file or directory
open: No such file or directory
open: No such file or directory
open: No such file or directory
open: No such file or directory
open: No such file or directory
open: No such file or directory
open: No such file or directory
open: No such file or directory
open: No such file or directory
