Calling target program-options parser
[04:20:19.629] [bmv2] [D] [thread 6202] Set default default entry for table 'MyIngress.ipv4_lpm': MyIngress.drop - 
Adding interface s2-eth1 as port 1
[04:20:19.630] [bmv2] [D] [thread 6202] Adding interface s2-eth1 as port 1
Adding interface s2-eth2 as port 2
[04:20:19.640] [bmv2] [D] [thread 6202] Adding interface s2-eth2 as port 2
Adding interface s2-eth3 as port 3
[04:20:19.720] [bmv2] [D] [thread 6202] Adding interface s2-eth3 as port 3
Adding interface s2-eth4 as port 4
[04:20:19.739] [bmv2] [D] [thread 6202] Adding interface s2-eth4 as port 4
Server listening on 0.0.0.0:50052
[04:20:19.755] [bmv2] [I] [thread 6202] Starting Thrift server on port 9091
[04:20:19.756] [bmv2] [I] [thread 6202] Thrift server was started
[04:20:19.756] [bmv2] [D] [thread 6218] [0.0] [cxt 0] Processing packet received on port 1
[04:20:19.756] [bmv2] [D] [thread 6218] [0.0] [cxt 0] Parser 'parser': start
[04:20:19.756] [bmv2] [D] [thread 6218] [0.0] [cxt 0] Parser 'parser' entering state 'start'
[04:20:19.756] [bmv2] [D] [thread 6218] [0.0] [cxt 0] Extracting header 'ethernet'
[04:20:19.756] [bmv2] [D] [thread 6218] [0.0] [cxt 0] Parser state 'start': key is 86dd
[04:20:19.756] [bmv2] [T] [thread 6218] [0.0] [cxt 0] Bytes parsed: 14
[04:20:19.756] [bmv2] [D] [thread 6218] [0.0] [cxt 0] Parser 'parser': end
[04:20:19.756] [bmv2] [D] [thread 6218] [0.0] [cxt 0] Pipeline 'ingress': start
[04:20:19.756] [bmv2] [T] [thread 6218] [0.0] [cxt 0] basic.p4(114) Condition "hdr.ipv4.isValid()" (node_2) is false
[04:20:19.756] [bmv2] [D] [thread 6218] [0.0] [cxt 0] Pipeline 'ingress': end
[04:20:19.756] [bmv2] [D] [thread 6218] [0.0] [cxt 0] Egress port is 0
[04:20:19.756] [bmv2] [D] [thread 6219] [0.0] [cxt 0] Pipeline 'egress': start
[04:20:19.756] [bmv2] [D] [thread 6219] [0.0] [cxt 0] Pipeline 'egress': end
[04:20:19.756] [bmv2] [D] [thread 6219] [0.0] [cxt 0] Deparser 'deparser': start
[04:20:19.756] [bmv2] [T] [thread 6219] [0.0] [cxt 0] Skipping checksum 'cksum' update because condition not met
[04:20:19.756] [bmv2] [D] [thread 6219] [0.0] [cxt 0] Deparsing header 'ethernet'
[04:20:19.756] [bmv2] [D] [thread 6219] [0.0] [cxt 0] Deparser 'deparser': end
[04:20:19.756] [bmv2] [D] [thread 6223] [0.0] [cxt 0] Transmitting packet of size 86 out of port 0
[04:20:19.846] [bmv2] [D] [thread 6218] [1.0] [cxt 0] Processing packet received on port 3
[04:20:19.846] [bmv2] [D] [thread 6218] [1.0] [cxt 0] Parser 'parser': start
[04:20:19.846] [bmv2] [D] [thread 6218] [1.0] [cxt 0] Parser 'parser' entering state 'start'
[04:20:19.846] [bmv2] [D] [thread 6218] [1.0] [cxt 0] Extracting header 'ethernet'
[04:20:19.846] [bmv2] [D] [thread 6218] [1.0] [cxt 0] Parser state 'start': key is 86dd
[04:20:19.846] [bmv2] [T] [thread 6218] [1.0] [cxt 0] Bytes parsed: 14
[04:20:19.846] [bmv2] [D] [thread 6218] [1.0] [cxt 0] Parser 'parser': end
[04:20:19.846] [bmv2] [D] [thread 6218] [1.0] [cxt 0] Pipeline 'ingress': start
[04:20:19.846] [bmv2] [T] [thread 6218] [1.0] [cxt 0] basic.p4(114) Condition "hdr.ipv4.isValid()" (node_2) is false
[04:20:19.846] [bmv2] [D] [thread 6218] [1.0] [cxt 0] Pipeline 'ingress': end
[04:20:19.846] [bmv2] [D] [thread 6218] [1.0] [cxt 0] Egress port is 0
[04:20:19.846] [bmv2] [D] [thread 6219] [1.0] [cxt 0] Pipeline 'egress': start
[04:20:19.846] [bmv2] [D] [thread 6219] [1.0] [cxt 0] Pipeline 'egress': end
[04:20:19.846] [bmv2] [D] [thread 6219] [1.0] [cxt 0] Deparser 'deparser': start
[04:20:19.846] [bmv2] [T] [thread 6219] [1.0] [cxt 0] Skipping checksum 'cksum' update because condition not met
[04:20:19.846] [bmv2] [D] [thread 6219] [1.0] [cxt 0] Deparsing header 'ethernet'
[04:20:19.846] [bmv2] [D] [thread 6219] [1.0] [cxt 0] Deparser 'deparser': end
[04:20:19.846] [bmv2] [D] [thread 6223] [1.0] [cxt 0] Transmitting packet of size 90 out of port 0
[04:20:19.910] [bmv2] [D] [thread 6218] [2.0] [cxt 0] Processing packet received on port 2
[04:20:19.910] [bmv2] [D] [thread 6218] [2.0] [cxt 0] Parser 'parser': start
[04:20:19.910] [bmv2] [D] [thread 6218] [2.0] [cxt 0] Parser 'parser' entering state 'start'
[04:20:19.910] [bmv2] [D] [thread 6218] [2.0] [cxt 0] Extracting header 'ethernet'
[04:20:19.910] [bmv2] [D] [thread 6218] [2.0] [cxt 0] Parser state 'start': key is 86dd
[04:20:19.910] [bmv2] [T] [thread 6218] [2.0] [cxt 0] Bytes parsed: 14
[04:20:19.910] [bmv2] [D] [thread 6218] [2.0] [cxt 0] Parser 'parser': end
[04:20:19.910] [bmv2] [D] [thread 6218] [2.0] [cxt 0] Pipeline 'ingress': start
[04:20:19.910] [bmv2] [T] [thread 6218] [2.0] [cxt 0] basic.p4(114) Condition "hdr.ipv4.isValid()" (node_2) is false
[04:20:19.910] [bmv2] [D] [thread 6218] [2.0] [cxt 0] Pipeline 'ingress': end
[04:20:19.910] [bmv2] [D] [thread 6218] [2.0] [cxt 0] Egress port is 0
[04:20:19.910] [bmv2] [D] [thread 6219] [2.0] [cxt 0] Pipeline 'egress': start
[04:20:19.910] [bmv2] [D] [thread 6219] [2.0] [cxt 0] Pipeline 'egress': end
[04:20:19.910] [bmv2] [D] [thread 6219] [2.0] [cxt 0] Deparser 'deparser': start
[04:20:19.910] [bmv2] [T] [thread 6219] [2.0] [cxt 0] Skipping checksum 'cksum' update because condition not met
[04:20:19.910] [bmv2] [D] [thread 6219] [2.0] [cxt 0] Deparsing header 'ethernet'
[04:20:19.910] [bmv2] [D] [thread 6219] [2.0] [cxt 0] Deparser 'deparser': end
[04:20:19.910] [bmv2] [D] [thread 6223] [2.0] [cxt 0] Transmitting packet of size 86 out of port 0
[04:20:19.981] [bmv2] [D] [thread 6218] [3.0] [cxt 0] Processing packet received on port 4
[04:20:19.981] [bmv2] [D] [thread 6218] [3.0] [cxt 0] Parser 'parser': start
[04:20:19.981] [bmv2] [D] [thread 6218] [3.0] [cxt 0] Parser 'parser' entering state 'start'
[04:20:19.981] [bmv2] [D] [thread 6218] [3.0] [cxt 0] Extracting header 'ethernet'
[04:20:19.981] [bmv2] [D] [thread 6218] [3.0] [cxt 0] Parser state 'start': key is 86dd
[04:20:19.981] [bmv2] [T] [thread 6218] [3.0] [cxt 0] Bytes parsed: 14
[04:20:19.981] [bmv2] [D] [thread 6218] [3.0] [cxt 0] Parser 'parser': end
[04:20:19.981] [bmv2] [D] [thread 6218] [3.0] [cxt 0] Pipeline 'ingress': start
[04:20:19.981] [bmv2] [T] [thread 6218] [3.0] [cxt 0] basic.p4(114) Condition "hdr.ipv4.isValid()" (node_2) is false
[04:20:19.981] [bmv2] [D] [thread 6218] [3.0] [cxt 0] Pipeline 'ingress': end
[04:20:19.981] [bmv2] [D] [thread 6218] [3.0] [cxt 0] Egress port is 0
[04:20:19.982] [bmv2] [D] [thread 6218] [4.0] [cxt 0] Processing packet received on port 4
[04:20:19.982] [bmv2] [D] [thread 6218] [4.0] [cxt 0] Parser 'parser': start
[04:20:19.982] [bmv2] [D] [thread 6218] [4.0] [cxt 0] Parser 'parser' entering state 'start'
[04:20:19.982] [bmv2] [D] [thread 6218] [4.0] [cxt 0] Extracting header 'ethernet'
[04:20:19.982] [bmv2] [D] [thread 6218] [4.0] [cxt 0] Parser state 'start': key is 86dd
[04:20:19.982] [bmv2] [T] [thread 6218] [4.0] [cxt 0] Bytes parsed: 14
[04:20:19.982] [bmv2] [D] [thread 6218] [4.0] [cxt 0] Parser 'parser': end
[04:20:19.982] [bmv2] [D] [thread 6218] [4.0] [cxt 0] Pipeline 'ingress': start
[04:20:19.982] [bmv2] [T] [thread 6218] [4.0] [cxt 0] basic.p4(114) Condition "hdr.ipv4.isValid()" (node_2) is false
[04:20:19.982] [bmv2] [D] [thread 6218] [4.0] [cxt 0] Pipeline 'ingress': end
[04:20:19.982] [bmv2] [D] [thread 6218] [4.0] [cxt 0] Egress port is 0
[04:20:19.982] [bmv2] [D] [thread 6219] [3.0] [cxt 0] Pipeline 'egress': start
[04:20:19.982] [bmv2] [D] [thread 6219] [3.0] [cxt 0] Pipeline 'egress': end
[04:20:19.982] [bmv2] [D] [thread 6219] [3.0] [cxt 0] Deparser 'deparser': start
[04:20:19.982] [bmv2] [T] [thread 6219] [3.0] [cxt 0] Skipping checksum 'cksum' update because condition not met
[04:20:19.982] [bmv2] [D] [thread 6219] [3.0] [cxt 0] Deparsing header 'ethernet'
[04:20:19.982] [bmv2] [D] [thread 6219] [3.0] [cxt 0] Deparser 'deparser': end
[04:20:19.982] [bmv2] [D] [thread 6219] [4.0] [cxt 0] Pipeline 'egress': start
[04:20:19.982] [bmv2] [D] [thread 6219] [4.0] [cxt 0] Pipeline 'egress': end
[04:20:19.982] [bmv2] [D] [thread 6219] [4.0] [cxt 0] Deparser 'deparser': start
[04:20:19.982] [bmv2] [T] [thread 6219] [4.0] [cxt 0] Skipping checksum 'cksum' update because condition not met
[04:20:19.982] [bmv2] [D] [thread 6219] [4.0] [cxt 0] Deparsing header 'ethernet'
[04:20:19.982] [bmv2] [D] [thread 6219] [4.0] [cxt 0] Deparser 'deparser': end
[04:20:19.982] [bmv2] [D] [thread 6223] [3.0] [cxt 0] Transmitting packet of size 90 out of port 0
[04:20:19.982] [bmv2] [D] [thread 6223] [4.0] [cxt 0] Transmitting packet of size 70 out of port 0
[04:20:20.038] [bmv2] [D] [thread 6218] [5.0] [cxt 0] Processing packet received on port 1
[04:20:20.038] [bmv2] [D] [thread 6218] [5.0] [cxt 0] Parser 'parser': start
[04:20:20.038] [bmv2] [D] [thread 6218] [5.0] [cxt 0] Parser 'parser' entering state 'start'
[04:20:20.038] [bmv2] [D] [thread 6218] [5.0] [cxt 0] Extracting header 'ethernet'
[04:20:20.038] [bmv2] [D] [thread 6218] [5.0] [cxt 0] Parser state 'start': key is 86dd
[04:20:20.038] [bmv2] [T] [thread 6218] [5.0] [cxt 0] Bytes parsed: 14
[04:20:20.038] [bmv2] [D] [thread 6218] [5.0] [cxt 0] Parser 'parser': end
[04:20:20.038] [bmv2] [D] [thread 6218] [5.0] [cxt 0] Pipeline 'ingress': start
[04:20:20.038] [bmv2] [T] [thread 6218] [5.0] [cxt 0] basic.p4(114) Condition "hdr.ipv4.isValid()" (node_2) is false
[04:20:20.038] [bmv2] [D] [thread 6218] [5.0] [cxt 0] Pipeline 'ingress': end
[04:20:20.038] [bmv2] [D] [thread 6218] [5.0] [cxt 0] Egress port is 0
[04:20:20.038] [bmv2] [D] [thread 6218] [6.0] [cxt 0] Processing packet received on port 2
[04:20:20.038] [bmv2] [D] [thread 6218] [6.0] [cxt 0] Parser 'parser': start
[04:20:20.038] [bmv2] [D] [thread 6218] [6.0] [cxt 0] Parser 'parser' entering state 'start'
[04:20:20.038] [bmv2] [D] [thread 6218] [6.0] [cxt 0] Extracting header 'ethernet'
[04:20:20.038] [bmv2] [D] [thread 6218] [6.0] [cxt 0] Parser state 'start': key is 86dd
[04:20:20.038] [bmv2] [T] [thread 6218] [6.0] [cxt 0] Bytes parsed: 14
[04:20:20.038] [bmv2] [D] [thread 6218] [6.0] [cxt 0] Parser 'parser': end
[04:20:20.038] [bmv2] [D] [thread 6218] [6.0] [cxt 0] Pipeline 'ingress': start
[04:20:20.038] [bmv2] [T] [thread 6218] [6.0] [cxt 0] basic.p4(114) Condition "hdr.ipv4.isValid()" (node_2) is false
[04:20:20.038] [bmv2] [D] [thread 6219] [5.0] [cxt 0] Pipeline 'egress': start
[04:20:20.038] [bmv2] [D] [thread 6219] [5.0] [cxt 0] Pipeline 'egress': end
[04:20:20.038] [bmv2] [D] [thread 6219] [5.0] [cxt 0] Deparser 'deparser': start
[04:20:20.038] [bmv2] [D] [thread 6218] [6.0] [cxt 0] Pipeline 'ingress': end
[04:20:20.038] [bmv2] [D] [thread 6218] [6.0] [cxt 0] Egress port is 0
[04:20:20.038] [bmv2] [D] [thread 6218] [7.0] [cxt 0] Processing packet received on port 3
[04:20:20.038] [bmv2] [D] [thread 6218] [7.0] [cxt 0] Parser 'parser': start
[04:20:20.038] [bmv2] [D] [thread 6218] [7.0] [cxt 0] Parser 'parser' entering state 'start'
[04:20:20.038] [bmv2] [D] [thread 6218] [7.0] [cxt 0] Extracting header 'ethernet'
[04:20:20.038] [bmv2] [D] [thread 6218] [7.0] [cxt 0] Parser state 'start': key is 86dd
[04:20:20.038] [bmv2] [T] [thread 6218] [7.0] [cxt 0] Bytes parsed: 14
[04:20:20.038] [bmv2] [D] [thread 6218] [7.0] [cxt 0] Parser 'parser': end
[04:20:20.038] [bmv2] [D] [thread 6218] [7.0] [cxt 0] Pipeline 'ingress': start
[04:20:20.038] [bmv2] [T] [thread 6218] [7.0] [cxt 0] basic.p4(114) Condition "hdr.ipv4.isValid()" (node_2) is false
[04:20:20.038] [bmv2] [D] [thread 6218] [7.0] [cxt 0] Pipeline 'ingress': end
[04:20:20.038] [bmv2] [D] [thread 6218] [7.0] [cxt 0] Egress port is 0
[04:20:20.038] [bmv2] [D] [thread 6218] [8.0] [cxt 0] Processing packet received on port 4
[04:20:20.038] [bmv2] [T] [thread 6219] [5.0] [cxt 0] Skipping checksum 'cksum' update because condition not met
[04:20:20.038] [bmv2] [D] [thread 6219] [5.0] [cxt 0] Deparsing header 'ethernet'
[04:20:20.038] [bmv2] [D] [thread 6218] [8.0] [cxt 0] Parser 'parser': start
[04:20:20.038] [bmv2] [D] [thread 6219] [5.0] [cxt 0] Deparser 'deparser': end
[04:20:20.038] [bmv2] [D] [thread 6218] [8.0] [cxt 0] Parser 'parser' entering state 'start'
[04:20:20.038] [bmv2] [D] [thread 6218] [8.0] [cxt 0] Extracting header 'ethernet'
[04:20:20.038] [bmv2] [D] [thread 6218] [8.0] [cxt 0] Parser state 'start': key is 86dd
[04:20:20.038] [bmv2] [D] [thread 6219] [6.0] [cxt 0] Pipeline 'egress': start
[04:20:20.038] [bmv2] [T] [thread 6218] [8.0] [cxt 0] Bytes parsed: 14
[04:20:20.038] [bmv2] [D] [thread 6223] [5.0] [cxt 0] Transmitting packet of size 90 out of port 0
[04:20:20.038] [bmv2] [D] [thread 6219] [6.0] [cxt 0] Pipeline 'egress': end
[04:20:20.038] [bmv2] [D] [thread 6218] [8.0] [cxt 0] Parser 'parser': end
[04:20:20.039] [bmv2] [D] [thread 6219] [6.0] [cxt 0] Deparser 'deparser': start
[04:20:20.039] [bmv2] [T] [thread 6219] [6.0] [cxt 0] Skipping checksum 'cksum' update because condition not met
[04:20:20.039] [bmv2] [D] [thread 6218] [8.0] [cxt 0] Pipeline 'ingress': start
[04:20:20.039] [bmv2] [D] [thread 6219] [6.0] [cxt 0] Deparsing header 'ethernet'
[04:20:20.039] [bmv2] [D] [thread 6219] [6.0] [cxt 0] Deparser 'deparser': end
[04:20:20.039] [bmv2] [T] [thread 6218] [8.0] [cxt 0] basic.p4(114) Condition "hdr.ipv4.isValid()" (node_2) is false
[04:20:20.039] [bmv2] [D] [thread 6218] [8.0] [cxt 0] Pipeline 'ingress': end
[04:20:20.039] [bmv2] [D] [thread 6223] [6.0] [cxt 0] Transmitting packet of size 90 out of port 0
[04:20:20.039] [bmv2] [D] [thread 6218] [8.0] [cxt 0] Egress port is 0
[04:20:20.039] [bmv2] [D] [thread 6219] [7.0] [cxt 0] Pipeline 'egress': start
[04:20:20.039] [bmv2] [D] [thread 6219] [7.0] [cxt 0] Pipeline 'egress': end
[04:20:20.039] [bmv2] [D] [thread 6219] [7.0] [cxt 0] Deparser 'deparser': start
[04:20:20.039] [bmv2] [D] [thread 6218] [9.0] [cxt 0] Processing packet received on port 3
[04:20:20.039] [bmv2] [D] [thread 6218] [9.0] [cxt 0] Parser 'parser': start
[04:20:20.039] [bmv2] [D] [thread 6218] [9.0] [cxt 0] Parser 'parser' entering state 'start'
[04:20:20.039] [bmv2] [D] [thread 6218] [9.0] [cxt 0] Extracting header 'ethernet'
[04:20:20.039] [bmv2] [T] [thread 6219] [7.0] [cxt 0] Skipping checksum 'cksum' update because condition not met
[04:20:20.039] [bmv2] [D] [thread 6218] [9.0] [cxt 0] Parser state 'start': key is 86dd
[04:20:20.039] [bmv2] [D] [thread 6219] [7.0] [cxt 0] Deparsing header 'ethernet'
[04:20:20.039] [bmv2] [T] [thread 6218] [9.0] [cxt 0] Bytes parsed: 14
[04:20:20.039] [bmv2] [D] [thread 6219] [7.0] [cxt 0] Deparser 'deparser': end
[04:20:20.039] [bmv2] [D] [thread 6218] [9.0] [cxt 0] Parser 'parser': end
[04:20:20.039] [bmv2] [D] [thread 6218] [9.0] [cxt 0] Pipeline 'ingress': start
[04:20:20.039] [bmv2] [T] [thread 6218] [9.0] [cxt 0] basic.p4(114) Condition "hdr.ipv4.isValid()" (node_2) is false
[04:20:20.039] [bmv2] [D] [thread 6219] [8.0] [cxt 0] Pipeline 'egress': start
[04:20:20.039] [bmv2] [D] [thread 6219] [8.0] [cxt 0] Pipeline 'egress': end
[04:20:20.039] [bmv2] [D] [thread 6219] [8.0] [cxt 0] Deparser 'deparser': start
[04:20:20.039] [bmv2] [D] [thread 6218] [9.0] [cxt 0] Pipeline 'ingress': end
[04:20:20.039] [bmv2] [T] [thread 6219] [8.0] [cxt 0] Skipping checksum 'cksum' update because condition not met
[04:20:20.039] [bmv2] [D] [thread 6218] [9.0] [cxt 0] Egress port is 0
[04:20:20.039] [bmv2] [D] [thread 6223] [7.0] [cxt 0] Transmitting packet of size 90 out of port 0
[04:20:20.039] [bmv2] [D] [thread 6219] [8.0] [cxt 0] Deparsing header 'ethernet'
[04:20:20.039] [bmv2] [D] [thread 6218] [10.0] [cxt 0] Processing packet received on port 4
[04:20:20.039] [bmv2] [D] [thread 6219] [8.0] [cxt 0] Deparser 'deparser': end
[04:20:20.039] [bmv2] [D] [thread 6218] [10.0] [cxt 0] Parser 'parser': start
[04:20:20.039] [bmv2] [D] [thread 6223] [8.0] [cxt 0] Transmitting packet of size 90 out of port 0
[04:20:20.039] [bmv2] [D] [thread 6218] [10.0] [cxt 0] Parser 'parser' entering state 'start'
[04:20:20.039] [bmv2] [D] [thread 6218] [10.0] [cxt 0] Extracting header 'ethernet'
[04:20:20.039] [bmv2] [D] [thread 6219] [9.0] [cxt 0] Pipeline 'egress': start
[04:20:20.039] [bmv2] [D] [thread 6219] [9.0] [cxt 0] Pipeline 'egress': end
[04:20:20.039] [bmv2] [D] [thread 6218] [10.0] [cxt 0] Parser state 'start': key is 86dd
[04:20:20.039] [bmv2] [T] [thread 6218] [10.0] [cxt 0] Bytes parsed: 14
[04:20:20.039] [bmv2] [D] [thread 6218] [10.0] [cxt 0] Parser 'parser': end
[04:20:20.039] [bmv2] [D] [thread 6219] [9.0] [cxt 0] Deparser 'deparser': start
[04:20:20.039] [bmv2] [D] [thread 6218] [10.0] [cxt 0] Pipeline 'ingress': start
[04:20:20.039] [bmv2] [T] [thread 6218] [10.0] [cxt 0] basic.p4(114) Condition "hdr.ipv4.isValid()" (node_2) is false
[04:20:20.039] [bmv2] [T] [thread 6219] [9.0] [cxt 0] Skipping checksum 'cksum' update because condition not met
[04:20:20.039] [bmv2] [D] [thread 6218] [10.0] [cxt 0] Pipeline 'ingress': end
[04:20:20.039] [bmv2] [D] [thread 6218] [10.0] [cxt 0] Egress port is 0
[04:20:20.039] [bmv2] [D] [thread 6219] [9.0] [cxt 0] Deparsing header 'ethernet'
[04:20:20.039] [bmv2] [D] [thread 6219] [9.0] [cxt 0] Deparser 'deparser': end
[04:20:20.039] [bmv2] [D] [thread 6223] [9.0] [cxt 0] Transmitting packet of size 70 out of port 0
[04:20:20.039] [bmv2] [D] [thread 6219] [10.0] [cxt 0] Pipeline 'egress': start
[04:20:20.039] [bmv2] [D] [thread 6219] [10.0] [cxt 0] Pipeline 'egress': end
[04:20:20.039] [bmv2] [D] [thread 6219] [10.0] [cxt 0] Deparser 'deparser': start
[04:20:20.039] [bmv2] [T] [thread 6219] [10.0] [cxt 0] Skipping checksum 'cksum' update because condition not met
[04:20:20.039] [bmv2] [D] [thread 6219] [10.0] [cxt 0] Deparsing header 'ethernet'
[04:20:20.039] [bmv2] [D] [thread 6219] [10.0] [cxt 0] Deparser 'deparser': end
[04:20:20.039] [bmv2] [D] [thread 6223] [10.0] [cxt 0] Transmitting packet of size 70 out of port 0
[04:20:20.067] [bmv2] [D] [thread 6218] [11.0] [cxt 0] Processing packet received on port 4
[04:20:20.067] [bmv2] [D] [thread 6218] [11.0] [cxt 0] Parser 'parser': start
[04:20:20.067] [bmv2] [D] [thread 6218] [11.0] [cxt 0] Parser 'parser' entering state 'start'
[04:20:20.067] [bmv2] [D] [thread 6218] [11.0] [cxt 0] Extracting header 'ethernet'
[04:20:20.067] [bmv2] [D] [thread 6218] [11.0] [cxt 0] Parser state 'start': key is 86dd
[04:20:20.067] [bmv2] [T] [thread 6218] [11.0] [cxt 0] Bytes parsed: 14
[04:20:20.067] [bmv2] [D] [thread 6218] [11.0] [cxt 0] Parser 'parser': end
[04:20:20.067] [bmv2] [D] [thread 6218] [11.0] [cxt 0] Pipeline 'ingress': start
[04:20:20.067] [bmv2] [T] [thread 6218] [11.0] [cxt 0] basic.p4(114) Condition "hdr.ipv4.isValid()" (node_2) is false
[04:20:20.067] [bmv2] [D] [thread 6218] [11.0] [cxt 0] Pipeline 'ingress': end
[04:20:20.067] [bmv2] [D] [thread 6218] [11.0] [cxt 0] Egress port is 0
[04:20:20.067] [bmv2] [D] [thread 6219] [11.0] [cxt 0] Pipeline 'egress': start
[04:20:20.067] [bmv2] [D] [thread 6219] [11.0] [cxt 0] Pipeline 'egress': end
[04:20:20.067] [bmv2] [D] [thread 6219] [11.0] [cxt 0] Deparser 'deparser': start
[04:20:20.067] [bmv2] [T] [thread 6219] [11.0] [cxt 0] Skipping checksum 'cksum' update because condition not met
[04:20:20.067] [bmv2] [D] [thread 6219] [11.0] [cxt 0] Deparsing header 'ethernet'
[04:20:20.067] [bmv2] [D] [thread 6219] [11.0] [cxt 0] Deparser 'deparser': end
[04:20:20.067] [bmv2] [D] [thread 6223] [11.0] [cxt 0] Transmitting packet of size 90 out of port 0
[04:20:20.230] [bmv2] [D] [thread 6218] [12.0] [cxt 0] Processing packet received on port 3
[04:20:20.230] [bmv2] [D] [thread 6218] [12.0] [cxt 0] Parser 'parser': start
[04:20:20.230] [bmv2] [D] [thread 6218] [12.0] [cxt 0] Parser 'parser' entering state 'start'
[04:20:20.230] [bmv2] [D] [thread 6218] [12.0] [cxt 0] Extracting header 'ethernet'
[04:20:20.230] [bmv2] [D] [thread 6218] [12.0] [cxt 0] Parser state 'start': key is 86dd
[04:20:20.230] [bmv2] [T] [thread 6218] [12.0] [cxt 0] Bytes parsed: 14
[04:20:20.230] [bmv2] [D] [thread 6218] [12.0] [cxt 0] Parser 'parser': end
[04:20:20.230] [bmv2] [D] [thread 6218] [12.0] [cxt 0] Pipeline 'ingress': start
[04:20:20.230] [bmv2] [T] [thread 6218] [12.0] [cxt 0] basic.p4(114) Condition "hdr.ipv4.isValid()" (node_2) is false
[04:20:20.230] [bmv2] [D] [thread 6218] [12.0] [cxt 0] Pipeline 'ingress': end
[04:20:20.230] [bmv2] [D] [thread 6218] [12.0] [cxt 0] Egress port is 0
[04:20:20.230] [bmv2] [D] [thread 6218] [13.0] [cxt 0] Processing packet received on port 3
[04:20:20.230] [bmv2] [D] [thread 6218] [13.0] [cxt 0] Parser 'parser': start
[04:20:20.230] [bmv2] [D] [thread 6218] [13.0] [cxt 0] Parser 'parser' entering state 'start'
[04:20:20.230] [bmv2] [D] [thread 6218] [13.0] [cxt 0] Extracting header 'ethernet'
[04:20:20.230] [bmv2] [D] [thread 6218] [13.0] [cxt 0] Parser state 'start': key is 86dd
[04:20:20.230] [bmv2] [T] [thread 6218] [13.0] [cxt 0] Bytes parsed: 14
[04:20:20.230] [bmv2] [D] [thread 6218] [13.0] [cxt 0] Parser 'parser': end
[04:20:20.230] [bmv2] [D] [thread 6218] [13.0] [cxt 0] Pipeline 'ingress': start
[04:20:20.230] [bmv2] [T] [thread 6218] [13.0] [cxt 0] basic.p4(114) Condition "hdr.ipv4.isValid()" (node_2) is false
[04:20:20.230] [bmv2] [D] [thread 6218] [13.0] [cxt 0] Pipeline 'ingress': end
[04:20:20.230] [bmv2] [D] [thread 6218] [13.0] [cxt 0] Egress port is 0
[04:20:20.230] [bmv2] [D] [thread 6219] [12.0] [cxt 0] Pipeline 'egress': start
[04:20:20.230] [bmv2] [D] [thread 6219] [12.0] [cxt 0] Pipeline 'egress': end
[04:20:20.230] [bmv2] [D] [thread 6219] [12.0] [cxt 0] Deparser 'deparser': start
[04:20:20.230] [bmv2] [T] [thread 6219] [12.0] [cxt 0] Skipping checksum 'cksum' update because condition not met
[04:20:20.230] [bmv2] [D] [thread 6219] [12.0] [cxt 0] Deparsing header 'ethernet'
[04:20:20.230] [bmv2] [D] [thread 6219] [12.0] [cxt 0] Deparser 'deparser': end
[04:20:20.230] [bmv2] [D] [thread 6219] [13.0] [cxt 0] Pipeline 'egress': start
[04:20:20.230] [bmv2] [D] [thread 6219] [13.0] [cxt 0] Pipeline 'egress': end
[04:20:20.230] [bmv2] [D] [thread 6219] [13.0] [cxt 0] Deparser 'deparser': start
[04:20:20.230] [bmv2] [T] [thread 6219] [13.0] [cxt 0] Skipping checksum 'cksum' update because condition not met
[04:20:20.230] [bmv2] [D] [thread 6219] [13.0] [cxt 0] Deparsing header 'ethernet'
[04:20:20.230] [bmv2] [D] [thread 6219] [13.0] [cxt 0] Deparser 'deparser': end
[04:20:20.230] [bmv2] [D] [thread 6223] [12.0] [cxt 0] Transmitting packet of size 90 out of port 0
[04:20:20.230] [bmv2] [D] [thread 6223] [13.0] [cxt 0] Transmitting packet of size 70 out of port 0
[04:20:20.437] [bmv2] [D] [thread 6218] [14.0] [cxt 0] Processing packet received on port 3
[04:20:20.437] [bmv2] [D] [thread 6218] [14.0] [cxt 0] Parser 'parser': start
[04:20:20.437] [bmv2] [D] [thread 6218] [14.0] [cxt 0] Parser 'parser' entering state 'start'
[04:20:20.437] [bmv2] [D] [thread 6218] [14.0] [cxt 0] Extracting header 'ethernet'
[04:20:20.437] [bmv2] [D] [thread 6218] [14.0] [cxt 0] Parser state 'start': key is 86dd
[04:20:20.437] [bmv2] [T] [thread 6218] [14.0] [cxt 0] Bytes parsed: 14
[04:20:20.437] [bmv2] [D] [thread 6218] [14.0] [cxt 0] Parser 'parser': end
[04:20:20.437] [bmv2] [D] [thread 6218] [14.0] [cxt 0] Pipeline 'ingress': start
[04:20:20.437] [bmv2] [T] [thread 6218] [14.0] [cxt 0] basic.p4(114) Condition "hdr.ipv4.isValid()" (node_2) is false
[04:20:20.437] [bmv2] [D] [thread 6218] [14.0] [cxt 0] Pipeline 'ingress': end
[04:20:20.437] [bmv2] [D] [thread 6218] [14.0] [cxt 0] Egress port is 0
[04:20:20.437] [bmv2] [D] [thread 6219] [14.0] [cxt 0] Pipeline 'egress': start
[04:20:20.437] [bmv2] [D] [thread 6219] [14.0] [cxt 0] Pipeline 'egress': end
[04:20:20.437] [bmv2] [D] [thread 6219] [14.0] [cxt 0] Deparser 'deparser': start
[04:20:20.437] [bmv2] [T] [thread 6219] [14.0] [cxt 0] Skipping checksum 'cksum' update because condition not met
[04:20:20.437] [bmv2] [D] [thread 6219] [14.0] [cxt 0] Deparsing header 'ethernet'
[04:20:20.437] [bmv2] [D] [thread 6219] [14.0] [cxt 0] Deparser 'deparser': end
[04:20:20.437] [bmv2] [D] [thread 6223] [14.0] [cxt 0] Transmitting packet of size 90 out of port 0
[04:20:20.742] [bmv2] [D] [thread 6218] [15.0] [cxt 0] Processing packet received on port 1
[04:20:20.742] [bmv2] [D] [thread 6218] [15.0] [cxt 0] Parser 'parser': start
[04:20:20.742] [bmv2] [D] [thread 6218] [15.0] [cxt 0] Parser 'parser' entering state 'start'
[04:20:20.742] [bmv2] [D] [thread 6218] [15.0] [cxt 0] Extracting header 'ethernet'
[04:20:20.742] [bmv2] [D] [thread 6218] [15.0] [cxt 0] Parser state 'start': key is 86dd
[04:20:20.742] [bmv2] [T] [thread 6218] [15.0] [cxt 0] Bytes parsed: 14
[04:20:20.742] [bmv2] [D] [thread 6218] [15.0] [cxt 0] Parser 'parser': end
[04:20:20.742] [bmv2] [D] [thread 6218] [15.0] [cxt 0] Pipeline 'ingress': start
[04:20:20.742] [bmv2] [T] [thread 6218] [15.0] [cxt 0] basic.p4(114) Condition "hdr.ipv4.isValid()" (node_2) is false
[04:20:20.742] [bmv2] [D] [thread 6218] [15.0] [cxt 0] Pipeline 'ingress': end
[04:20:20.742] [bmv2] [D] [thread 6218] [15.0] [cxt 0] Egress port is 0
[04:20:20.742] [bmv2] [D] [thread 6218] [16.0] [cxt 0] Processing packet received on port 1
[04:20:20.742] [bmv2] [D] [thread 6218] [16.0] [cxt 0] Parser 'parser': start
[04:20:20.742] [bmv2] [D] [thread 6218] [16.0] [cxt 0] Parser 'parser' entering state 'start'
[04:20:20.742] [bmv2] [D] [thread 6218] [16.0] [cxt 0] Extracting header 'ethernet'
[04:20:20.742] [bmv2] [D] [thread 6218] [16.0] [cxt 0] Parser state 'start': key is 86dd
[04:20:20.742] [bmv2] [T] [thread 6218] [16.0] [cxt 0] Bytes parsed: 14
[04:20:20.742] [bmv2] [D] [thread 6218] [16.0] [cxt 0] Parser 'parser': end
[04:20:20.742] [bmv2] [D] [thread 6218] [16.0] [cxt 0] Pipeline 'ingress': start
[04:20:20.742] [bmv2] [T] [thread 6218] [16.0] [cxt 0] basic.p4(114) Condition "hdr.ipv4.isValid()" (node_2) is false
[04:20:20.742] [bmv2] [D] [thread 6218] [16.0] [cxt 0] Pipeline 'ingress': end
[04:20:20.742] [bmv2] [D] [thread 6218] [16.0] [cxt 0] Egress port is 0
[04:20:20.742] [bmv2] [D] [thread 6219] [15.0] [cxt 0] Pipeline 'egress': start
[04:20:20.742] [bmv2] [D] [thread 6219] [15.0] [cxt 0] Pipeline 'egress': end
[04:20:20.742] [bmv2] [D] [thread 6219] [15.0] [cxt 0] Deparser 'deparser': start
[04:20:20.742] [bmv2] [T] [thread 6219] [15.0] [cxt 0] Skipping checksum 'cksum' update because condition not met
[04:20:20.742] [bmv2] [D] [thread 6219] [15.0] [cxt 0] Deparsing header 'ethernet'
[04:20:20.742] [bmv2] [D] [thread 6219] [15.0] [cxt 0] Deparser 'deparser': end
[04:20:20.742] [bmv2] [D] [thread 6219] [16.0] [cxt 0] Pipeline 'egress': start
[04:20:20.742] [bmv2] [D] [thread 6219] [16.0] [cxt 0] Pipeline 'egress': end
[04:20:20.742] [bmv2] [D] [thread 6219] [16.0] [cxt 0] Deparser 'deparser': start
[04:20:20.742] [bmv2] [T] [thread 6219] [16.0] [cxt 0] Skipping checksum 'cksum' update because condition not met
[04:20:20.742] [bmv2] [D] [thread 6219] [16.0] [cxt 0] Deparsing header 'ethernet'
[04:20:20.742] [bmv2] [D] [thread 6219] [16.0] [cxt 0] Deparser 'deparser': end
[04:20:20.742] [bmv2] [D] [thread 6223] [15.0] [cxt 0] Transmitting packet of size 90 out of port 0
[04:20:20.742] [bmv2] [D] [thread 6223] [16.0] [cxt 0] Transmitting packet of size 70 out of port 0
[04:20:20.870] [bmv2] [D] [thread 6218] [17.0] [cxt 0] Processing packet received on port 4
[04:20:20.870] [bmv2] [D] [thread 6218] [17.0] [cxt 0] Parser 'parser': start
[04:20:20.870] [bmv2] [D] [thread 6218] [17.0] [cxt 0] Parser 'parser' entering state 'start'
[04:20:20.870] [bmv2] [D] [thread 6218] [17.0] [cxt 0] Extracting header 'ethernet'
[04:20:20.870] [bmv2] [D] [thread 6218] [17.0] [cxt 0] Parser state 'start': key is 86dd
[04:20:20.870] [bmv2] [T] [thread 6218] [17.0] [cxt 0] Bytes parsed: 14
[04:20:20.870] [bmv2] [D] [thread 6218] [17.0] [cxt 0] Parser 'parser': end
[04:20:20.870] [bmv2] [D] [thread 6218] [17.0] [cxt 0] Pipeline 'ingress': start
[04:20:20.870] [bmv2] [T] [thread 6218] [17.0] [cxt 0] basic.p4(114) Condition "hdr.ipv4.isValid()" (node_2) is false
[04:20:20.870] [bmv2] [D] [thread 6218] [17.0] [cxt 0] Pipeline 'ingress': end
[04:20:20.870] [bmv2] [D] [thread 6218] [17.0] [cxt 0] Egress port is 0
[04:20:20.870] [bmv2] [D] [thread 6219] [17.0] [cxt 0] Pipeline 'egress': start
[04:20:20.870] [bmv2] [D] [thread 6219] [17.0] [cxt 0] Pipeline 'egress': end
[04:20:20.870] [bmv2] [D] [thread 6219] [17.0] [cxt 0] Deparser 'deparser': start
[04:20:20.870] [bmv2] [T] [thread 6219] [17.0] [cxt 0] Skipping checksum 'cksum' update because condition not met
[04:20:20.870] [bmv2] [D] [thread 6219] [17.0] [cxt 0] Deparsing header 'ethernet'
[04:20:20.870] [bmv2] [D] [thread 6219] [17.0] [cxt 0] Deparser 'deparser': end
[04:20:20.870] [bmv2] [D] [thread 6223] [17.0] [cxt 0] Transmitting packet of size 90 out of port 0
[04:20:20.935] [bmv2] [D] [thread 6218] [18.0] [cxt 0] Processing packet received on port 2
[04:20:20.935] [bmv2] [D] [thread 6218] [18.0] [cxt 0] Parser 'parser': start
[04:20:20.935] [bmv2] [D] [thread 6218] [18.0] [cxt 0] Parser 'parser' entering state 'start'
[04:20:20.935] [bmv2] [D] [thread 6218] [18.0] [cxt 0] Extracting header 'ethernet'
[04:20:20.935] [bmv2] [D] [thread 6218] [18.0] [cxt 0] Parser state 'start': key is 86dd
[04:20:20.935] [bmv2] [T] [thread 6218] [18.0] [cxt 0] Bytes parsed: 14
[04:20:20.935] [bmv2] [D] [thread 6218] [18.0] [cxt 0] Parser 'parser': end
[04:20:20.935] [bmv2] [D] [thread 6218] [18.0] [cxt 0] Pipeline 'ingress': start
[04:20:20.935] [bmv2] [T] [thread 6218] [18.0] [cxt 0] basic.p4(114) Condition "hdr.ipv4.isValid()" (node_2) is false
[04:20:20.935] [bmv2] [D] [thread 6218] [18.0] [cxt 0] Pipeline 'ingress': end
[04:20:20.935] [bmv2] [D] [thread 6218] [18.0] [cxt 0] Egress port is 0
[04:20:20.935] [bmv2] [D] [thread 6218] [19.0] [cxt 0] Processing packet received on port 2
[04:20:20.935] [bmv2] [D] [thread 6218] [19.0] [cxt 0] Parser 'parser': start
[04:20:20.935] [bmv2] [D] [thread 6218] [19.0] [cxt 0] Parser 'parser' entering state 'start'
[04:20:20.935] [bmv2] [D] [thread 6218] [19.0] [cxt 0] Extracting header 'ethernet'
[04:20:20.935] [bmv2] [D] [thread 6218] [19.0] [cxt 0] Parser state 'start': key is 86dd
[04:20:20.935] [bmv2] [T] [thread 6218] [19.0] [cxt 0] Bytes parsed: 14
[04:20:20.935] [bmv2] [D] [thread 6218] [19.0] [cxt 0] Parser 'parser': end
[04:20:20.935] [bmv2] [D] [thread 6218] [19.0] [cxt 0] Pipeline 'ingress': start
[04:20:20.935] [bmv2] [T] [thread 6218] [19.0] [cxt 0] basic.p4(114) Condition "hdr.ipv4.isValid()" (node_2) is false
[04:20:20.935] [bmv2] [D] [thread 6218] [19.0] [cxt 0] Pipeline 'ingress': end
[04:20:20.935] [bmv2] [D] [thread 6218] [19.0] [cxt 0] Egress port is 0
[04:20:20.935] [bmv2] [D] [thread 6219] [18.0] [cxt 0] Pipeline 'egress': start
[04:20:20.935] [bmv2] [D] [thread 6219] [18.0] [cxt 0] Pipeline 'egress': end
[04:20:20.935] [bmv2] [D] [thread 6219] [18.0] [cxt 0] Deparser 'deparser': start
[04:20:20.935] [bmv2] [T] [thread 6219] [18.0] [cxt 0] Skipping checksum 'cksum' update because condition not met
[04:20:20.935] [bmv2] [D] [thread 6219] [18.0] [cxt 0] Deparsing header 'ethernet'
[04:20:20.935] [bmv2] [D] [thread 6219] [18.0] [cxt 0] Deparser 'deparser': end
[04:20:20.935] [bmv2] [D] [thread 6219] [19.0] [cxt 0] Pipeline 'egress': start
[04:20:20.935] [bmv2] [D] [thread 6219] [19.0] [cxt 0] Pipeline 'egress': end
[04:20:20.935] [bmv2] [D] [thread 6219] [19.0] [cxt 0] Deparser 'deparser': start
[04:20:20.935] [bmv2] [T] [thread 6219] [19.0] [cxt 0] Skipping checksum 'cksum' update because condition not met
[04:20:20.935] [bmv2] [D] [thread 6219] [19.0] [cxt 0] Deparsing header 'ethernet'
[04:20:20.935] [bmv2] [D] [thread 6219] [19.0] [cxt 0] Deparser 'deparser': end
[04:20:20.935] [bmv2] [D] [thread 6223] [18.0] [cxt 0] Transmitting packet of size 90 out of port 0
[04:20:20.935] [bmv2] [D] [thread 6223] [19.0] [cxt 0] Transmitting packet of size 70 out of port 0
[04:20:20.972] [bmv2] [D] [thread 6218] [20.0] [cxt 0] Processing packet received on port 1
[04:20:20.972] [bmv2] [D] [thread 6218] [20.0] [cxt 0] Parser 'parser': start
[04:20:20.972] [bmv2] [D] [thread 6218] [20.0] [cxt 0] Parser 'parser' entering state 'start'
[04:20:20.972] [bmv2] [D] [thread 6218] [20.0] [cxt 0] Extracting header 'ethernet'
[04:20:20.972] [bmv2] [D] [thread 6218] [20.0] [cxt 0] Parser state 'start': key is 86dd
[04:20:20.972] [bmv2] [T] [thread 6218] [20.0] [cxt 0] Bytes parsed: 14
[04:20:20.972] [bmv2] [D] [thread 6218] [20.0] [cxt 0] Parser 'parser': end
[04:20:20.972] [bmv2] [D] [thread 6218] [20.0] [cxt 0] Pipeline 'ingress': start
[04:20:20.972] [bmv2] [T] [thread 6218] [20.0] [cxt 0] basic.p4(114) Condition "hdr.ipv4.isValid()" (node_2) is false
[04:20:20.972] [bmv2] [D] [thread 6218] [20.0] [cxt 0] Pipeline 'ingress': end
[04:20:20.972] [bmv2] [D] [thread 6218] [20.0] [cxt 0] Egress port is 0
[04:20:20.972] [bmv2] [D] [thread 6219] [20.0] [cxt 0] Pipeline 'egress': start
[04:20:20.972] [bmv2] [D] [thread 6219] [20.0] [cxt 0] Pipeline 'egress': end
[04:20:20.972] [bmv2] [D] [thread 6219] [20.0] [cxt 0] Deparser 'deparser': start
[04:20:20.972] [bmv2] [T] [thread 6219] [20.0] [cxt 0] Skipping checksum 'cksum' update because condition not met
[04:20:20.972] [bmv2] [D] [thread 6219] [20.0] [cxt 0] Deparsing header 'ethernet'
[04:20:20.972] [bmv2] [D] [thread 6219] [20.0] [cxt 0] Deparser 'deparser': end
[04:20:20.972] [bmv2] [D] [thread 6223] [20.0] [cxt 0] Transmitting packet of size 90 out of port 0
[04:20:21.064] [bmv2] [D] [thread 6218] [21.0] [cxt 0] Processing packet received on port 3
[04:20:21.065] [bmv2] [D] [thread 6218] [21.0] [cxt 0] Parser 'parser': start
[04:20:21.065] [bmv2] [D] [thread 6218] [21.0] [cxt 0] Parser 'parser' entering state 'start'
[04:20:21.065] [bmv2] [D] [thread 6218] [21.0] [cxt 0] Extracting header 'ethernet'
[04:20:21.065] [bmv2] [D] [thread 6218] [21.0] [cxt 0] Parser state 'start': key is 86dd
[04:20:21.065] [bmv2] [T] [thread 6218] [21.0] [cxt 0] Bytes parsed: 14
[04:20:21.065] [bmv2] [D] [thread 6218] [21.0] [cxt 0] Parser 'parser': end
[04:20:21.065] [bmv2] [D] [thread 6218] [21.0] [cxt 0] Pipeline 'ingress': start
[04:20:21.065] [bmv2] [T] [thread 6218] [21.0] [cxt 0] basic.p4(114) Condition "hdr.ipv4.isValid()" (node_2) is false
[04:20:21.065] [bmv2] [D] [thread 6218] [21.0] [cxt 0] Pipeline 'ingress': end
[04:20:21.065] [bmv2] [D] [thread 6218] [21.0] [cxt 0] Egress port is 0
[04:20:21.065] [bmv2] [D] [thread 6219] [21.0] [cxt 0] Pipeline 'egress': start
[04:20:21.065] [bmv2] [D] [thread 6219] [21.0] [cxt 0] Pipeline 'egress': end
[04:20:21.065] [bmv2] [D] [thread 6219] [21.0] [cxt 0] Deparser 'deparser': start
[04:20:21.065] [bmv2] [T] [thread 6219] [21.0] [cxt 0] Skipping checksum 'cksum' update because condition not met
[04:20:21.065] [bmv2] [D] [thread 6219] [21.0] [cxt 0] Deparsing header 'ethernet'
[04:20:21.065] [bmv2] [D] [thread 6219] [21.0] [cxt 0] Deparser 'deparser': end
[04:20:21.065] [bmv2] [D] [thread 6223] [21.0] [cxt 0] Transmitting packet of size 90 out of port 0
[04:20:21.786] [bmv2] [D] [thread 6218] [22.0] [cxt 0] Processing packet received on port 2
[04:20:21.786] [bmv2] [D] [thread 6218] [22.0] [cxt 0] Parser 'parser': start
[04:20:21.786] [bmv2] [D] [thread 6218] [22.0] [cxt 0] Parser 'parser' entering state 'start'
[04:20:21.786] [bmv2] [D] [thread 6218] [22.0] [cxt 0] Extracting header 'ethernet'
[04:20:21.786] [bmv2] [D] [thread 6218] [22.0] [cxt 0] Parser state 'start': key is 86dd
[04:20:21.786] [bmv2] [T] [thread 6218] [22.0] [cxt 0] Bytes parsed: 14
[04:20:21.786] [bmv2] [D] [thread 6218] [22.0] [cxt 0] Parser 'parser': end
[04:20:21.786] [bmv2] [D] [thread 6218] [22.0] [cxt 0] Pipeline 'ingress': start
[04:20:21.786] [bmv2] [T] [thread 6218] [22.0] [cxt 0] basic.p4(114) Condition "hdr.ipv4.isValid()" (node_2) is false
[04:20:21.786] [bmv2] [D] [thread 6218] [22.0] [cxt 0] Pipeline 'ingress': end
[04:20:21.786] [bmv2] [D] [thread 6218] [22.0] [cxt 0] Egress port is 0
[04:20:21.786] [bmv2] [D] [thread 6219] [22.0] [cxt 0] Pipeline 'egress': start
[04:20:21.786] [bmv2] [D] [thread 6219] [22.0] [cxt 0] Pipeline 'egress': end
[04:20:21.786] [bmv2] [D] [thread 6219] [22.0] [cxt 0] Deparser 'deparser': start
[04:20:21.786] [bmv2] [T] [thread 6219] [22.0] [cxt 0] Skipping checksum 'cksum' update because condition not met
[04:20:21.786] [bmv2] [D] [thread 6219] [22.0] [cxt 0] Deparsing header 'ethernet'
[04:20:21.786] [bmv2] [D] [thread 6219] [22.0] [cxt 0] Deparser 'deparser': end
[04:20:21.786] [bmv2] [D] [thread 6223] [22.0] [cxt 0] Transmitting packet of size 90 out of port 0
[04:20:22.222] [bmv2] [W] [thread 6296] [P4Runtime] p4::tmp::P4DeviceConfig is deprecated
[04:20:22.224] [bmv2] [D] [thread 6296] Set default default entry for table 'MyIngress.ipv4_lpm': MyIngress.drop - 
[04:20:22.224] [bmv2] [D] [thread 6296] simple_switch target has been notified of a config swap
[04:20:22.225] [bmv2] [D] [thread 6296] Set default entry for table 'MyIngress.ipv4_lpm': MyIngress.drop - 
[04:20:22.226] [bmv2] [D] [thread 6297] Entry 0 added to table 'MyIngress.ipv4_lpm'
[04:20:22.226] [bmv2] [D] [thread 6297] Dumping entry 0
Match key:
* hdr.ipv4.dstAddr    : LPM       0a000101/32
Action entry: MyIngress.ipv4_forward - 80000000300,4,

[04:20:22.227] [bmv2] [D] [thread 6296] Entry 1 added to table 'MyIngress.ipv4_lpm'
[04:20:22.227] [bmv2] [D] [thread 6296] Dumping entry 1
Match key:
* hdr.ipv4.dstAddr    : LPM       0a000202/32
Action entry: MyIngress.ipv4_forward - 80000000400,3,

[04:20:22.228] [bmv2] [D] [thread 6297] Entry 2 added to table 'MyIngress.ipv4_lpm'
[04:20:22.228] [bmv2] [D] [thread 6297] Dumping entry 2
Match key:
* hdr.ipv4.dstAddr    : LPM       0a000303/32
Action entry: MyIngress.ipv4_forward - 80000000333,1,

[04:20:22.228] [bmv2] [D] [thread 6296] Entry 3 added to table 'MyIngress.ipv4_lpm'
[04:20:22.228] [bmv2] [D] [thread 6296] Dumping entry 3
Match key:
* hdr.ipv4.dstAddr    : LPM       0a000404/32
Action entry: MyIngress.ipv4_forward - 80000000444,2,

[04:20:23.760] [bmv2] [D] [thread 6218] [23.0] [cxt 0] Processing packet received on port 3
[04:20:23.760] [bmv2] [D] [thread 6218] [23.0] [cxt 0] Parser 'parser': start
[04:20:23.760] [bmv2] [D] [thread 6218] [23.0] [cxt 0] Parser 'parser' entering state 'start'
[04:20:23.760] [bmv2] [D] [thread 6218] [23.0] [cxt 0] Extracting header 'ethernet'
[04:20:23.760] [bmv2] [D] [thread 6218] [23.0] [cxt 0] Parser state 'start': key is 86dd
[04:20:23.760] [bmv2] [T] [thread 6218] [23.0] [cxt 0] Bytes parsed: 14
[04:20:23.760] [bmv2] [D] [thread 6218] [23.0] [cxt 0] Parser 'parser': end
[04:20:23.760] [bmv2] [D] [thread 6218] [23.0] [cxt 0] Pipeline 'ingress': start
[04:20:23.760] [bmv2] [T] [thread 6218] [23.0] [cxt 0] basic.p4(114) Condition "hdr.ipv4.isValid()" (node_2) is false
[04:20:23.760] [bmv2] [D] [thread 6218] [23.0] [cxt 0] Pipeline 'ingress': end
[04:20:23.760] [bmv2] [D] [thread 6218] [23.0] [cxt 0] Egress port is 0
[04:20:23.760] [bmv2] [D] [thread 6218] [24.0] [cxt 0] Processing packet received on port 4
[04:20:23.760] [bmv2] [D] [thread 6218] [24.0] [cxt 0] Parser 'parser': start
[04:20:23.760] [bmv2] [D] [thread 6218] [24.0] [cxt 0] Parser 'parser' entering state 'start'
[04:20:23.760] [bmv2] [D] [thread 6218] [24.0] [cxt 0] Extracting header 'ethernet'
[04:20:23.760] [bmv2] [D] [thread 6218] [24.0] [cxt 0] Parser state 'start': key is 86dd
[04:20:23.760] [bmv2] [T] [thread 6218] [24.0] [cxt 0] Bytes parsed: 14
[04:20:23.760] [bmv2] [D] [thread 6218] [24.0] [cxt 0] Parser 'parser': end
[04:20:23.761] [bmv2] [D] [thread 6218] [24.0] [cxt 0] Pipeline 'ingress': start
[04:20:23.761] [bmv2] [T] [thread 6218] [24.0] [cxt 0] basic.p4(114) Condition "hdr.ipv4.isValid()" (node_2) is false
[04:20:23.761] [bmv2] [D] [thread 6218] [24.0] [cxt 0] Pipeline 'ingress': end
[04:20:23.761] [bmv2] [D] [thread 6218] [24.0] [cxt 0] Egress port is 0
[04:20:23.761] [bmv2] [D] [thread 6219] [23.0] [cxt 0] Pipeline 'egress': start
[04:20:23.761] [bmv2] [D] [thread 6219] [23.0] [cxt 0] Pipeline 'egress': end
[04:20:23.761] [bmv2] [D] [thread 6219] [23.0] [cxt 0] Deparser 'deparser': start
[04:20:23.761] [bmv2] [T] [thread 6219] [23.0] [cxt 0] Skipping checksum 'cksum' update because condition not met
[04:20:23.761] [bmv2] [D] [thread 6219] [23.0] [cxt 0] Deparsing header 'ethernet'
[04:20:23.761] [bmv2] [D] [thread 6219] [23.0] [cxt 0] Deparser 'deparser': end
[04:20:23.761] [bmv2] [D] [thread 6219] [24.0] [cxt 0] Pipeline 'egress': start
[04:20:23.761] [bmv2] [D] [thread 6219] [24.0] [cxt 0] Pipeline 'egress': end
[04:20:23.761] [bmv2] [D] [thread 6219] [24.0] [cxt 0] Deparser 'deparser': start
[04:20:23.761] [bmv2] [T] [thread 6219] [24.0] [cxt 0] Skipping checksum 'cksum' update because condition not met
[04:20:23.761] [bmv2] [D] [thread 6219] [24.0] [cxt 0] Deparsing header 'ethernet'
[04:20:23.761] [bmv2] [D] [thread 6219] [24.0] [cxt 0] Deparser 'deparser': end
[04:20:23.761] [bmv2] [D] [thread 6223] [23.0] [cxt 0] Transmitting packet of size 70 out of port 0
[04:20:23.761] [bmv2] [D] [thread 6223] [24.0] [cxt 0] Transmitting packet of size 70 out of port 0
[04:20:24.197] [bmv2] [D] [thread 6218] [25.0] [cxt 0] Processing packet received on port 3
[04:20:24.197] [bmv2] [D] [thread 6218] [25.0] [cxt 0] Parser 'parser': start
[04:20:24.197] [bmv2] [D] [thread 6218] [25.0] [cxt 0] Parser 'parser' entering state 'start'
[04:20:24.197] [bmv2] [D] [thread 6218] [25.0] [cxt 0] Extracting header 'ethernet'
[04:20:24.197] [bmv2] [D] [thread 6218] [25.0] [cxt 0] Parser state 'start': key is 86dd
[04:20:24.197] [bmv2] [T] [thread 6218] [25.0] [cxt 0] Bytes parsed: 14
[04:20:24.197] [bmv2] [D] [thread 6218] [25.0] [cxt 0] Parser 'parser': end
[04:20:24.197] [bmv2] [D] [thread 6218] [25.0] [cxt 0] Pipeline 'ingress': start
[04:20:24.197] [bmv2] [T] [thread 6218] [25.0] [cxt 0] basic.p4(114) Condition "hdr.ipv4.isValid()" (node_2) is false
[04:20:24.197] [bmv2] [D] [thread 6218] [25.0] [cxt 0] Pipeline 'ingress': end
[04:20:24.197] [bmv2] [D] [thread 6218] [25.0] [cxt 0] Egress port is 0
[04:20:24.198] [bmv2] [D] [thread 6219] [25.0] [cxt 0] Pipeline 'egress': start
[04:20:24.198] [bmv2] [D] [thread 6219] [25.0] [cxt 0] Pipeline 'egress': end
[04:20:24.198] [bmv2] [D] [thread 6219] [25.0] [cxt 0] Deparser 'deparser': start
[04:20:24.198] [bmv2] [T] [thread 6219] [25.0] [cxt 0] Skipping checksum 'cksum' update because condition not met
[04:20:24.198] [bmv2] [D] [thread 6219] [25.0] [cxt 0] Deparsing header 'ethernet'
[04:20:24.198] [bmv2] [D] [thread 6219] [25.0] [cxt 0] Deparser 'deparser': end
[04:20:24.198] [bmv2] [D] [thread 6223] [25.0] [cxt 0] Transmitting packet of size 70 out of port 0
[04:20:24.582] [bmv2] [D] [thread 6218] [26.0] [cxt 0] Processing packet received on port 4
[04:20:24.582] [bmv2] [D] [thread 6218] [26.0] [cxt 0] Parser 'parser': start
[04:20:24.582] [bmv2] [D] [thread 6218] [26.0] [cxt 0] Parser 'parser' entering state 'start'
[04:20:24.582] [bmv2] [D] [thread 6218] [26.0] [cxt 0] Extracting header 'ethernet'
[04:20:24.582] [bmv2] [D] [thread 6218] [26.0] [cxt 0] Parser state 'start': key is 86dd
[04:20:24.582] [bmv2] [T] [thread 6218] [26.0] [cxt 0] Bytes parsed: 14
[04:20:24.582] [bmv2] [D] [thread 6218] [26.0] [cxt 0] Parser 'parser': end
[04:20:24.582] [bmv2] [D] [thread 6218] [26.0] [cxt 0] Pipeline 'ingress': start
[04:20:24.582] [bmv2] [T] [thread 6218] [26.0] [cxt 0] basic.p4(114) Condition "hdr.ipv4.isValid()" (node_2) is false
[04:20:24.582] [bmv2] [D] [thread 6218] [26.0] [cxt 0] Pipeline 'ingress': end
[04:20:24.582] [bmv2] [D] [thread 6218] [26.0] [cxt 0] Egress port is 0
[04:20:24.582] [bmv2] [D] [thread 6219] [26.0] [cxt 0] Pipeline 'egress': start
[04:20:24.582] [bmv2] [D] [thread 6219] [26.0] [cxt 0] Pipeline 'egress': end
[04:20:24.582] [bmv2] [D] [thread 6219] [26.0] [cxt 0] Deparser 'deparser': start
[04:20:24.582] [bmv2] [T] [thread 6219] [26.0] [cxt 0] Skipping checksum 'cksum' update because condition not met
[04:20:24.582] [bmv2] [D] [thread 6219] [26.0] [cxt 0] Deparsing header 'ethernet'
[04:20:24.582] [bmv2] [D] [thread 6219] [26.0] [cxt 0] Deparser 'deparser': end
[04:20:24.582] [bmv2] [D] [thread 6223] [26.0] [cxt 0] Transmitting packet of size 70 out of port 0
[04:20:25.094] [bmv2] [D] [thread 6218] [27.0] [cxt 0] Processing packet received on port 1
[04:20:25.094] [bmv2] [D] [thread 6218] [27.0] [cxt 0] Parser 'parser': start
[04:20:25.094] [bmv2] [D] [thread 6218] [27.0] [cxt 0] Parser 'parser' entering state 'start'
[04:20:25.094] [bmv2] [D] [thread 6218] [27.0] [cxt 0] Extracting header 'ethernet'
[04:20:25.094] [bmv2] [D] [thread 6218] [27.0] [cxt 0] Parser state 'start': key is 86dd
[04:20:25.094] [bmv2] [T] [thread 6218] [27.0] [cxt 0] Bytes parsed: 14
[04:20:25.094] [bmv2] [D] [thread 6218] [27.0] [cxt 0] Parser 'parser': end
[04:20:25.094] [bmv2] [D] [thread 6218] [27.0] [cxt 0] Pipeline 'ingress': start
[04:20:25.094] [bmv2] [T] [thread 6218] [27.0] [cxt 0] basic.p4(114) Condition "hdr.ipv4.isValid()" (node_2) is false
[04:20:25.094] [bmv2] [D] [thread 6218] [27.0] [cxt 0] Pipeline 'ingress': end
[04:20:25.094] [bmv2] [D] [thread 6218] [27.0] [cxt 0] Egress port is 0
[04:20:25.094] [bmv2] [D] [thread 6219] [27.0] [cxt 0] Pipeline 'egress': start
[04:20:25.094] [bmv2] [D] [thread 6219] [27.0] [cxt 0] Pipeline 'egress': end
[04:20:25.094] [bmv2] [D] [thread 6219] [27.0] [cxt 0] Deparser 'deparser': start
[04:20:25.094] [bmv2] [T] [thread 6219] [27.0] [cxt 0] Skipping checksum 'cksum' update because condition not met
[04:20:25.094] [bmv2] [D] [thread 6219] [27.0] [cxt 0] Deparsing header 'ethernet'
[04:20:25.094] [bmv2] [D] [thread 6219] [27.0] [cxt 0] Deparser 'deparser': end
[04:20:25.094] [bmv2] [D] [thread 6223] [27.0] [cxt 0] Transmitting packet of size 70 out of port 0
[04:20:25.606] [bmv2] [D] [thread 6218] [28.0] [cxt 0] Processing packet received on port 2
[04:20:25.606] [bmv2] [D] [thread 6218] [28.0] [cxt 0] Parser 'parser': start
[04:20:25.606] [bmv2] [D] [thread 6218] [28.0] [cxt 0] Parser 'parser' entering state 'start'
[04:20:25.606] [bmv2] [D] [thread 6218] [28.0] [cxt 0] Extracting header 'ethernet'
[04:20:25.606] [bmv2] [D] [thread 6218] [28.0] [cxt 0] Parser state 'start': key is 86dd
[04:20:25.606] [bmv2] [T] [thread 6218] [28.0] [cxt 0] Bytes parsed: 14
[04:20:25.606] [bmv2] [D] [thread 6218] [28.0] [cxt 0] Parser 'parser': end
[04:20:25.606] [bmv2] [D] [thread 6218] [28.0] [cxt 0] Pipeline 'ingress': start
[04:20:25.606] [bmv2] [T] [thread 6218] [28.0] [cxt 0] basic.p4(114) Condition "hdr.ipv4.isValid()" (node_2) is false
[04:20:25.606] [bmv2] [D] [thread 6218] [28.0] [cxt 0] Pipeline 'ingress': end
[04:20:25.606] [bmv2] [D] [thread 6218] [28.0] [cxt 0] Egress port is 0
[04:20:25.606] [bmv2] [D] [thread 6219] [28.0] [cxt 0] Pipeline 'egress': start
[04:20:25.606] [bmv2] [D] [thread 6219] [28.0] [cxt 0] Pipeline 'egress': end
[04:20:25.606] [bmv2] [D] [thread 6219] [28.0] [cxt 0] Deparser 'deparser': start
[04:20:25.606] [bmv2] [T] [thread 6219] [28.0] [cxt 0] Skipping checksum 'cksum' update because condition not met
[04:20:25.606] [bmv2] [D] [thread 6219] [28.0] [cxt 0] Deparsing header 'ethernet'
[04:20:25.606] [bmv2] [D] [thread 6219] [28.0] [cxt 0] Deparser 'deparser': end
[04:20:25.606] [bmv2] [D] [thread 6223] [28.0] [cxt 0] Transmitting packet of size 70 out of port 0
[04:20:31.238] [bmv2] [D] [thread 6218] [29.0] [cxt 0] Processing packet received on port 4
[04:20:31.238] [bmv2] [D] [thread 6218] [29.0] [cxt 0] Parser 'parser': start
[04:20:31.238] [bmv2] [D] [thread 6218] [29.0] [cxt 0] Parser 'parser' entering state 'start'
[04:20:31.238] [bmv2] [D] [thread 6218] [29.0] [cxt 0] Extracting header 'ethernet'
[04:20:31.238] [bmv2] [D] [thread 6218] [29.0] [cxt 0] Parser state 'start': key is 86dd
[04:20:31.238] [bmv2] [T] [thread 6218] [29.0] [cxt 0] Bytes parsed: 14
[04:20:31.238] [bmv2] [D] [thread 6218] [29.0] [cxt 0] Parser 'parser': end
[04:20:31.238] [bmv2] [D] [thread 6218] [29.0] [cxt 0] Pipeline 'ingress': start
[04:20:31.238] [bmv2] [T] [thread 6218] [29.0] [cxt 0] basic.p4(114) Condition "hdr.ipv4.isValid()" (node_2) is false
[04:20:31.238] [bmv2] [D] [thread 6218] [29.0] [cxt 0] Pipeline 'ingress': end
[04:20:31.238] [bmv2] [D] [thread 6218] [29.0] [cxt 0] Egress port is 0
[04:20:31.238] [bmv2] [D] [thread 6219] [29.0] [cxt 0] Pipeline 'egress': start
[04:20:31.238] [bmv2] [D] [thread 6219] [29.0] [cxt 0] Pipeline 'egress': end
[04:20:31.238] [bmv2] [D] [thread 6219] [29.0] [cxt 0] Deparser 'deparser': start
[04:20:31.238] [bmv2] [T] [thread 6219] [29.0] [cxt 0] Skipping checksum 'cksum' update because condition not met
[04:20:31.238] [bmv2] [D] [thread 6219] [29.0] [cxt 0] Deparsing header 'ethernet'
[04:20:31.238] [bmv2] [D] [thread 6219] [29.0] [cxt 0] Deparser 'deparser': end
[04:20:31.238] [bmv2] [D] [thread 6223] [29.0] [cxt 0] Transmitting packet of size 70 out of port 0
[04:20:31.749] [bmv2] [D] [thread 6218] [30.0] [cxt 0] Processing packet received on port 3
[04:20:31.749] [bmv2] [D] [thread 6218] [30.0] [cxt 0] Parser 'parser': start
[04:20:31.749] [bmv2] [D] [thread 6218] [30.0] [cxt 0] Parser 'parser' entering state 'start'
[04:20:31.749] [bmv2] [D] [thread 6218] [30.0] [cxt 0] Extracting header 'ethernet'
[04:20:31.749] [bmv2] [D] [thread 6218] [30.0] [cxt 0] Parser state 'start': key is 86dd
[04:20:31.749] [bmv2] [T] [thread 6218] [30.0] [cxt 0] Bytes parsed: 14
[04:20:31.749] [bmv2] [D] [thread 6218] [30.0] [cxt 0] Parser 'parser': end
[04:20:31.750] [bmv2] [D] [thread 6218] [30.0] [cxt 0] Pipeline 'ingress': start
[04:20:31.750] [bmv2] [T] [thread 6218] [30.0] [cxt 0] basic.p4(114) Condition "hdr.ipv4.isValid()" (node_2) is false
[04:20:31.750] [bmv2] [D] [thread 6218] [30.0] [cxt 0] Pipeline 'ingress': end
[04:20:31.750] [bmv2] [D] [thread 6218] [30.0] [cxt 0] Egress port is 0
[04:20:31.750] [bmv2] [D] [thread 6219] [30.0] [cxt 0] Pipeline 'egress': start
[04:20:31.750] [bmv2] [D] [thread 6219] [30.0] [cxt 0] Pipeline 'egress': end
[04:20:31.750] [bmv2] [D] [thread 6219] [30.0] [cxt 0] Deparser 'deparser': start
[04:20:31.750] [bmv2] [T] [thread 6219] [30.0] [cxt 0] Skipping checksum 'cksum' update because condition not met
[04:20:31.750] [bmv2] [D] [thread 6219] [30.0] [cxt 0] Deparsing header 'ethernet'
[04:20:31.750] [bmv2] [D] [thread 6219] [30.0] [cxt 0] Deparser 'deparser': end
[04:20:31.750] [bmv2] [D] [thread 6223] [30.0] [cxt 0] Transmitting packet of size 70 out of port 0
[04:20:32.266] [bmv2] [D] [thread 6218] [31.0] [cxt 0] Processing packet received on port 3
[04:20:32.266] [bmv2] [D] [thread 6218] [31.0] [cxt 0] Parser 'parser': start
[04:20:32.266] [bmv2] [D] [thread 6218] [31.0] [cxt 0] Parser 'parser' entering state 'start'
[04:20:32.266] [bmv2] [D] [thread 6218] [31.0] [cxt 0] Extracting header 'ethernet'
[04:20:32.266] [bmv2] [D] [thread 6218] [31.0] [cxt 0] Parser state 'start': key is 86dd
[04:20:32.266] [bmv2] [T] [thread 6218] [31.0] [cxt 0] Bytes parsed: 14
[04:20:32.266] [bmv2] [D] [thread 6218] [31.0] [cxt 0] Parser 'parser': end
[04:20:32.266] [bmv2] [D] [thread 6218] [31.0] [cxt 0] Pipeline 'ingress': start
[04:20:32.266] [bmv2] [T] [thread 6218] [31.0] [cxt 0] basic.p4(114) Condition "hdr.ipv4.isValid()" (node_2) is false
[04:20:32.266] [bmv2] [D] [thread 6218] [31.0] [cxt 0] Pipeline 'ingress': end
[04:20:32.266] [bmv2] [D] [thread 6218] [31.0] [cxt 0] Egress port is 0
[04:20:32.266] [bmv2] [D] [thread 6219] [31.0] [cxt 0] Pipeline 'egress': start
[04:20:32.266] [bmv2] [D] [thread 6219] [31.0] [cxt 0] Pipeline 'egress': end
[04:20:32.266] [bmv2] [D] [thread 6219] [31.0] [cxt 0] Deparser 'deparser': start
[04:20:32.266] [bmv2] [T] [thread 6219] [31.0] [cxt 0] Skipping checksum 'cksum' update because condition not met
[04:20:32.266] [bmv2] [D] [thread 6219] [31.0] [cxt 0] Deparsing header 'ethernet'
[04:20:32.266] [bmv2] [D] [thread 6219] [31.0] [cxt 0] Deparser 'deparser': end
[04:20:32.266] [bmv2] [D] [thread 6223] [31.0] [cxt 0] Transmitting packet of size 70 out of port 0
[04:20:33.285] [bmv2] [D] [thread 6218] [32.0] [cxt 0] Processing packet received on port 1
[04:20:33.285] [bmv2] [D] [thread 6218] [32.0] [cxt 0] Parser 'parser': start
[04:20:33.285] [bmv2] [D] [thread 6218] [32.0] [cxt 0] Parser 'parser' entering state 'start'
[04:20:33.285] [bmv2] [D] [thread 6218] [32.0] [cxt 0] Extracting header 'ethernet'
[04:20:33.285] [bmv2] [D] [thread 6218] [32.0] [cxt 0] Parser state 'start': key is 86dd
[04:20:33.285] [bmv2] [T] [thread 6218] [32.0] [cxt 0] Bytes parsed: 14
[04:20:33.285] [bmv2] [D] [thread 6218] [32.0] [cxt 0] Parser 'parser': end
[04:20:33.285] [bmv2] [D] [thread 6218] [32.0] [cxt 0] Pipeline 'ingress': start
[04:20:33.285] [bmv2] [T] [thread 6218] [32.0] [cxt 0] basic.p4(114) Condition "hdr.ipv4.isValid()" (node_2) is false
[04:20:33.285] [bmv2] [D] [thread 6218] [32.0] [cxt 0] Pipeline 'ingress': end
[04:20:33.285] [bmv2] [D] [thread 6218] [32.0] [cxt 0] Egress port is 0
[04:20:33.285] [bmv2] [D] [thread 6218] [33.0] [cxt 0] Processing packet received on port 4
[04:20:33.285] [bmv2] [D] [thread 6218] [33.0] [cxt 0] Parser 'parser': start
[04:20:33.285] [bmv2] [D] [thread 6218] [33.0] [cxt 0] Parser 'parser' entering state 'start'
[04:20:33.285] [bmv2] [D] [thread 6218] [33.0] [cxt 0] Extracting header 'ethernet'
[04:20:33.285] [bmv2] [D] [thread 6218] [33.0] [cxt 0] Parser state 'start': key is 86dd
[04:20:33.285] [bmv2] [T] [thread 6218] [33.0] [cxt 0] Bytes parsed: 14
[04:20:33.285] [bmv2] [D] [thread 6218] [33.0] [cxt 0] Parser 'parser': end
[04:20:33.285] [bmv2] [D] [thread 6218] [33.0] [cxt 0] Pipeline 'ingress': start
[04:20:33.285] [bmv2] [T] [thread 6218] [33.0] [cxt 0] basic.p4(114) Condition "hdr.ipv4.isValid()" (node_2) is false
[04:20:33.285] [bmv2] [D] [thread 6218] [33.0] [cxt 0] Pipeline 'ingress': end
[04:20:33.285] [bmv2] [D] [thread 6218] [33.0] [cxt 0] Egress port is 0
[04:20:33.286] [bmv2] [D] [thread 6219] [32.0] [cxt 0] Pipeline 'egress': start
[04:20:33.286] [bmv2] [D] [thread 6219] [32.0] [cxt 0] Pipeline 'egress': end
[04:20:33.286] [bmv2] [D] [thread 6219] [32.0] [cxt 0] Deparser 'deparser': start
[04:20:33.286] [bmv2] [T] [thread 6219] [32.0] [cxt 0] Skipping checksum 'cksum' update because condition not met
[04:20:33.286] [bmv2] [D] [thread 6219] [32.0] [cxt 0] Deparsing header 'ethernet'
[04:20:33.286] [bmv2] [D] [thread 6219] [32.0] [cxt 0] Deparser 'deparser': end
[04:20:33.286] [bmv2] [D] [thread 6219] [33.0] [cxt 0] Pipeline 'egress': start
[04:20:33.286] [bmv2] [D] [thread 6219] [33.0] [cxt 0] Pipeline 'egress': end
[04:20:33.286] [bmv2] [D] [thread 6219] [33.0] [cxt 0] Deparser 'deparser': start
[04:20:33.286] [bmv2] [T] [thread 6219] [33.0] [cxt 0] Skipping checksum 'cksum' update because condition not met
[04:20:33.286] [bmv2] [D] [thread 6219] [33.0] [cxt 0] Deparsing header 'ethernet'
[04:20:33.286] [bmv2] [D] [thread 6219] [33.0] [cxt 0] Deparser 'deparser': end
[04:20:33.286] [bmv2] [D] [thread 6223] [32.0] [cxt 0] Transmitting packet of size 70 out of port 0
[04:20:33.286] [bmv2] [D] [thread 6223] [33.0] [cxt 0] Transmitting packet of size 70 out of port 0
[04:20:34.822] [bmv2] [D] [thread 6218] [34.0] [cxt 0] Processing packet received on port 2
[04:20:34.822] [bmv2] [D] [thread 6218] [34.0] [cxt 0] Parser 'parser': start
[04:20:34.822] [bmv2] [D] [thread 6218] [34.0] [cxt 0] Parser 'parser' entering state 'start'
[04:20:34.822] [bmv2] [D] [thread 6218] [34.0] [cxt 0] Extracting header 'ethernet'
[04:20:34.822] [bmv2] [D] [thread 6218] [34.0] [cxt 0] Parser state 'start': key is 86dd
[04:20:34.822] [bmv2] [T] [thread 6218] [34.0] [cxt 0] Bytes parsed: 14
[04:20:34.822] [bmv2] [D] [thread 6218] [34.0] [cxt 0] Parser 'parser': end
[04:20:34.822] [bmv2] [D] [thread 6218] [34.0] [cxt 0] Pipeline 'ingress': start
[04:20:34.822] [bmv2] [T] [thread 6218] [34.0] [cxt 0] basic.p4(114) Condition "hdr.ipv4.isValid()" (node_2) is false
[04:20:34.822] [bmv2] [D] [thread 6218] [34.0] [cxt 0] Pipeline 'ingress': end
[04:20:34.822] [bmv2] [D] [thread 6218] [34.0] [cxt 0] Egress port is 0
[04:20:34.822] [bmv2] [D] [thread 6219] [34.0] [cxt 0] Pipeline 'egress': start
[04:20:34.822] [bmv2] [D] [thread 6219] [34.0] [cxt 0] Pipeline 'egress': end
[04:20:34.822] [bmv2] [D] [thread 6219] [34.0] [cxt 0] Deparser 'deparser': start
[04:20:34.822] [bmv2] [T] [thread 6219] [34.0] [cxt 0] Skipping checksum 'cksum' update because condition not met
[04:20:34.822] [bmv2] [D] [thread 6219] [34.0] [cxt 0] Deparsing header 'ethernet'
[04:20:34.822] [bmv2] [D] [thread 6219] [34.0] [cxt 0] Deparser 'deparser': end
[04:20:34.822] [bmv2] [D] [thread 6223] [34.0] [cxt 0] Transmitting packet of size 70 out of port 0
[04:20:45.573] [bmv2] [D] [thread 6218] [35.0] [cxt 0] Processing packet received on port 4
[04:20:45.573] [bmv2] [D] [thread 6218] [35.0] [cxt 0] Parser 'parser': start
[04:20:45.573] [bmv2] [D] [thread 6218] [35.0] [cxt 0] Parser 'parser' entering state 'start'
[04:20:45.573] [bmv2] [D] [thread 6218] [35.0] [cxt 0] Extracting header 'ethernet'
[04:20:45.573] [bmv2] [D] [thread 6218] [35.0] [cxt 0] Parser state 'start': key is 86dd
[04:20:45.573] [bmv2] [T] [thread 6218] [35.0] [cxt 0] Bytes parsed: 14
[04:20:45.573] [bmv2] [D] [thread 6218] [35.0] [cxt 0] Parser 'parser': end
[04:20:45.573] [bmv2] [D] [thread 6218] [35.0] [cxt 0] Pipeline 'ingress': start
[04:20:45.573] [bmv2] [T] [thread 6218] [35.0] [cxt 0] basic.p4(114) Condition "hdr.ipv4.isValid()" (node_2) is false
[04:20:45.573] [bmv2] [D] [thread 6218] [35.0] [cxt 0] Pipeline 'ingress': end
[04:20:45.573] [bmv2] [D] [thread 6218] [35.0] [cxt 0] Egress port is 0
[04:20:45.574] [bmv2] [D] [thread 6219] [35.0] [cxt 0] Pipeline 'egress': start
[04:20:45.574] [bmv2] [D] [thread 6219] [35.0] [cxt 0] Pipeline 'egress': end
[04:20:45.574] [bmv2] [D] [thread 6219] [35.0] [cxt 0] Deparser 'deparser': start
[04:20:45.574] [bmv2] [T] [thread 6219] [35.0] [cxt 0] Skipping checksum 'cksum' update because condition not met
[04:20:45.574] [bmv2] [D] [thread 6219] [35.0] [cxt 0] Deparsing header 'ethernet'
[04:20:45.574] [bmv2] [D] [thread 6219] [35.0] [cxt 0] Deparser 'deparser': end
[04:20:45.574] [bmv2] [D] [thread 6223] [35.0] [cxt 0] Transmitting packet of size 70 out of port 0
[04:20:47.622] [bmv2] [D] [thread 6218] [36.0] [cxt 0] Processing packet received on port 3
[04:20:47.622] [bmv2] [D] [thread 6218] [36.0] [cxt 0] Parser 'parser': start
[04:20:47.622] [bmv2] [D] [thread 6218] [36.0] [cxt 0] Parser 'parser' entering state 'start'
[04:20:47.622] [bmv2] [D] [thread 6218] [36.0] [cxt 0] Extracting header 'ethernet'
[04:20:47.622] [bmv2] [D] [thread 6218] [36.0] [cxt 0] Parser state 'start': key is 86dd
[04:20:47.622] [bmv2] [T] [thread 6218] [36.0] [cxt 0] Bytes parsed: 14
[04:20:47.622] [bmv2] [D] [thread 6218] [36.0] [cxt 0] Parser 'parser': end
[04:20:47.622] [bmv2] [D] [thread 6218] [36.0] [cxt 0] Pipeline 'ingress': start
[04:20:47.622] [bmv2] [T] [thread 6218] [36.0] [cxt 0] basic.p4(114) Condition "hdr.ipv4.isValid()" (node_2) is false
[04:20:47.622] [bmv2] [D] [thread 6218] [36.0] [cxt 0] Pipeline 'ingress': end
[04:20:47.622] [bmv2] [D] [thread 6218] [36.0] [cxt 0] Egress port is 0
[04:20:47.622] [bmv2] [D] [thread 6219] [36.0] [cxt 0] Pipeline 'egress': start
[04:20:47.622] [bmv2] [D] [thread 6219] [36.0] [cxt 0] Pipeline 'egress': end
[04:20:47.622] [bmv2] [D] [thread 6219] [36.0] [cxt 0] Deparser 'deparser': start
[04:20:47.622] [bmv2] [T] [thread 6219] [36.0] [cxt 0] Skipping checksum 'cksum' update because condition not met
[04:20:47.622] [bmv2] [D] [thread 6219] [36.0] [cxt 0] Deparsing header 'ethernet'
[04:20:47.622] [bmv2] [D] [thread 6219] [36.0] [cxt 0] Deparser 'deparser': end
[04:20:47.622] [bmv2] [D] [thread 6223] [36.0] [cxt 0] Transmitting packet of size 70 out of port 0
[04:20:48.134] [bmv2] [D] [thread 6218] [37.0] [cxt 0] Processing packet received on port 3
[04:20:48.134] [bmv2] [D] [thread 6218] [37.0] [cxt 0] Parser 'parser': start
[04:20:48.134] [bmv2] [D] [thread 6218] [37.0] [cxt 0] Parser 'parser' entering state 'start'
[04:20:48.134] [bmv2] [D] [thread 6218] [37.0] [cxt 0] Extracting header 'ethernet'
[04:20:48.134] [bmv2] [D] [thread 6218] [37.0] [cxt 0] Parser state 'start': key is 86dd
[04:20:48.134] [bmv2] [T] [thread 6218] [37.0] [cxt 0] Bytes parsed: 14
[04:20:48.134] [bmv2] [D] [thread 6218] [37.0] [cxt 0] Parser 'parser': end
[04:20:48.134] [bmv2] [D] [thread 6218] [37.0] [cxt 0] Pipeline 'ingress': start
[04:20:48.134] [bmv2] [T] [thread 6218] [37.0] [cxt 0] basic.p4(114) Condition "hdr.ipv4.isValid()" (node_2) is false
[04:20:48.134] [bmv2] [D] [thread 6218] [37.0] [cxt 0] Pipeline 'ingress': end
[04:20:48.134] [bmv2] [D] [thread 6218] [37.0] [cxt 0] Egress port is 0
[04:20:48.134] [bmv2] [D] [thread 6219] [37.0] [cxt 0] Pipeline 'egress': start
[04:20:48.134] [bmv2] [D] [thread 6219] [37.0] [cxt 0] Pipeline 'egress': end
[04:20:48.134] [bmv2] [D] [thread 6219] [37.0] [cxt 0] Deparser 'deparser': start
[04:20:48.134] [bmv2] [T] [thread 6219] [37.0] [cxt 0] Skipping checksum 'cksum' update because condition not met
[04:20:48.134] [bmv2] [D] [thread 6219] [37.0] [cxt 0] Deparsing header 'ethernet'
[04:20:48.134] [bmv2] [D] [thread 6219] [37.0] [cxt 0] Deparser 'deparser': end
[04:20:48.134] [bmv2] [D] [thread 6223] [37.0] [cxt 0] Transmitting packet of size 70 out of port 0
[04:20:49.158] [bmv2] [D] [thread 6218] [38.0] [cxt 0] Processing packet received on port 1
[04:20:49.158] [bmv2] [D] [thread 6218] [38.0] [cxt 0] Parser 'parser': start
[04:20:49.158] [bmv2] [D] [thread 6218] [38.0] [cxt 0] Parser 'parser' entering state 'start'
[04:20:49.158] [bmv2] [D] [thread 6218] [38.0] [cxt 0] Extracting header 'ethernet'
[04:20:49.158] [bmv2] [D] [thread 6218] [38.0] [cxt 0] Parser state 'start': key is 86dd
[04:20:49.158] [bmv2] [T] [thread 6218] [38.0] [cxt 0] Bytes parsed: 14
[04:20:49.158] [bmv2] [D] [thread 6218] [38.0] [cxt 0] Parser 'parser': end
[04:20:49.158] [bmv2] [D] [thread 6218] [38.0] [cxt 0] Pipeline 'ingress': start
[04:20:49.158] [bmv2] [T] [thread 6218] [38.0] [cxt 0] basic.p4(114) Condition "hdr.ipv4.isValid()" (node_2) is false
[04:20:49.158] [bmv2] [D] [thread 6218] [38.0] [cxt 0] Pipeline 'ingress': end
[04:20:49.158] [bmv2] [D] [thread 6218] [38.0] [cxt 0] Egress port is 0
[04:20:49.158] [bmv2] [D] [thread 6219] [38.0] [cxt 0] Pipeline 'egress': start
[04:20:49.158] [bmv2] [D] [thread 6219] [38.0] [cxt 0] Pipeline 'egress': end
[04:20:49.158] [bmv2] [D] [thread 6219] [38.0] [cxt 0] Deparser 'deparser': start
[04:20:49.158] [bmv2] [T] [thread 6219] [38.0] [cxt 0] Skipping checksum 'cksum' update because condition not met
[04:20:49.158] [bmv2] [D] [thread 6219] [38.0] [cxt 0] Deparsing header 'ethernet'
[04:20:49.158] [bmv2] [D] [thread 6219] [38.0] [cxt 0] Deparser 'deparser': end
[04:20:49.158] [bmv2] [D] [thread 6223] [38.0] [cxt 0] Transmitting packet of size 70 out of port 0
[04:20:50.694] [bmv2] [D] [thread 6218] [39.0] [cxt 0] Processing packet received on port 4
[04:20:50.694] [bmv2] [D] [thread 6218] [39.0] [cxt 0] Parser 'parser': start
[04:20:50.694] [bmv2] [D] [thread 6218] [39.0] [cxt 0] Parser 'parser' entering state 'start'
[04:20:50.694] [bmv2] [D] [thread 6218] [39.0] [cxt 0] Extracting header 'ethernet'
[04:20:50.694] [bmv2] [D] [thread 6218] [39.0] [cxt 0] Parser state 'start': key is 86dd
[04:20:50.694] [bmv2] [T] [thread 6218] [39.0] [cxt 0] Bytes parsed: 14
[04:20:50.694] [bmv2] [D] [thread 6218] [39.0] [cxt 0] Parser 'parser': end
[04:20:50.694] [bmv2] [D] [thread 6218] [39.0] [cxt 0] Pipeline 'ingress': start
[04:20:50.694] [bmv2] [T] [thread 6218] [39.0] [cxt 0] basic.p4(114) Condition "hdr.ipv4.isValid()" (node_2) is false
[04:20:50.694] [bmv2] [D] [thread 6218] [39.0] [cxt 0] Pipeline 'ingress': end
[04:20:50.694] [bmv2] [D] [thread 6218] [39.0] [cxt 0] Egress port is 0
[04:20:50.694] [bmv2] [D] [thread 6219] [39.0] [cxt 0] Pipeline 'egress': start
[04:20:50.694] [bmv2] [D] [thread 6219] [39.0] [cxt 0] Pipeline 'egress': end
[04:20:50.694] [bmv2] [D] [thread 6219] [39.0] [cxt 0] Deparser 'deparser': start
[04:20:50.694] [bmv2] [T] [thread 6219] [39.0] [cxt 0] Skipping checksum 'cksum' update because condition not met
[04:20:50.694] [bmv2] [D] [thread 6219] [39.0] [cxt 0] Deparsing header 'ethernet'
[04:20:50.694] [bmv2] [D] [thread 6219] [39.0] [cxt 0] Deparser 'deparser': end
[04:20:50.694] [bmv2] [D] [thread 6223] [39.0] [cxt 0] Transmitting packet of size 70 out of port 0
[04:20:52.743] [bmv2] [D] [thread 6218] [40.0] [cxt 0] Processing packet received on port 2
[04:20:52.743] [bmv2] [D] [thread 6218] [40.0] [cxt 0] Parser 'parser': start
[04:20:52.743] [bmv2] [D] [thread 6218] [40.0] [cxt 0] Parser 'parser' entering state 'start'
[04:20:52.743] [bmv2] [D] [thread 6218] [40.0] [cxt 0] Extracting header 'ethernet'
[04:20:52.743] [bmv2] [D] [thread 6218] [40.0] [cxt 0] Parser state 'start': key is 86dd
[04:20:52.743] [bmv2] [T] [thread 6218] [40.0] [cxt 0] Bytes parsed: 14
[04:20:52.743] [bmv2] [D] [thread 6218] [40.0] [cxt 0] Parser 'parser': end
[04:20:52.743] [bmv2] [D] [thread 6218] [40.0] [cxt 0] Pipeline 'ingress': start
[04:20:52.743] [bmv2] [T] [thread 6218] [40.0] [cxt 0] basic.p4(114) Condition "hdr.ipv4.isValid()" (node_2) is false
[04:20:52.743] [bmv2] [D] [thread 6218] [40.0] [cxt 0] Pipeline 'ingress': end
[04:20:52.743] [bmv2] [D] [thread 6218] [40.0] [cxt 0] Egress port is 0
[04:20:52.743] [bmv2] [D] [thread 6219] [40.0] [cxt 0] Pipeline 'egress': start
[04:20:52.743] [bmv2] [D] [thread 6219] [40.0] [cxt 0] Pipeline 'egress': end
[04:20:52.743] [bmv2] [D] [thread 6219] [40.0] [cxt 0] Deparser 'deparser': start
[04:20:52.743] [bmv2] [T] [thread 6219] [40.0] [cxt 0] Skipping checksum 'cksum' update because condition not met
[04:20:52.743] [bmv2] [D] [thread 6219] [40.0] [cxt 0] Deparsing header 'ethernet'
[04:20:52.743] [bmv2] [D] [thread 6219] [40.0] [cxt 0] Deparser 'deparser': end
[04:20:52.743] [bmv2] [D] [thread 6223] [40.0] [cxt 0] Transmitting packet of size 70 out of port 0
open: No such file or directory
open: No such file or directory
