Calling target program-options parser
[08:08:55.950] [bmv2] [D] [thread 42094] Set default default entry for table 'MyIngress.ethernet_exact': MyIngress.drop - 
Adding interface s3-eth1 as port 1
[08:08:55.950] [bmv2] [D] [thread 42094] Adding interface s3-eth1 as port 1
Adding interface s3-eth2 as port 2
[08:08:56.015] [bmv2] [D] [thread 42094] Adding interface s3-eth2 as port 2
Server listening on 0.0.0.0:50053
[08:08:56.028] [bmv2] [I] [thread 42094] Starting Thrift server on port 9092
[08:08:56.028] [bmv2] [I] [thread 42094] Thrift server was started
[08:08:56.446] [bmv2] [D] [thread 42110] [0.0] [cxt 0] Processing packet received on port 1
[08:08:56.446] [bmv2] [D] [thread 42110] [0.0] [cxt 0] Parser 'parser': start
[08:08:56.446] [bmv2] [D] [thread 42110] [0.0] [cxt 0] Parser 'parser' entering state 'start'
[08:08:56.446] [bmv2] [D] [thread 42110] [0.0] [cxt 0] Extracting header 'ethernet'
[08:08:56.446] [bmv2] [D] [thread 42110] [0.0] [cxt 0] Parser state 'start' has no switch, going to default next state
[08:08:56.446] [bmv2] [T] [thread 42110] [0.0] [cxt 0] Bytes parsed: 14
[08:08:56.446] [bmv2] [D] [thread 42110] [0.0] [cxt 0] Parser 'parser': end
[08:08:56.446] [bmv2] [D] [thread 42110] [0.0] [cxt 0] Pipeline 'ingress': start
[08:08:56.446] [bmv2] [T] [thread 42110] [0.0] [cxt 0] switch.p4(86) Condition "hdr.ethernet.isValid()" (node_2) is true
[08:08:56.446] [bmv2] [T] [thread 42110] [0.0] [cxt 0] Applying table 'MyIngress.ethernet_exact'
[08:08:56.447] [bmv2] [D] [thread 42110] [0.0] [cxt 0] Looking up key:
* hdr.ethernet.dstAddr: 333300000016

[08:08:56.447] [bmv2] [D] [thread 42110] [0.0] [cxt 0] Table 'MyIngress.ethernet_exact': miss
[08:08:56.447] [bmv2] [D] [thread 42110] [0.0] [cxt 0] Action entry is MyIngress.drop - 
[08:08:56.447] [bmv2] [T] [thread 42110] [0.0] [cxt 0] Action MyIngress.drop
[08:08:56.447] [bmv2] [T] [thread 42110] [0.0] [cxt 0] switch.p4(65) Primitive mark_to_drop(standard_metadata)
[08:08:56.447] [bmv2] [D] [thread 42110] [0.0] [cxt 0] Pipeline 'ingress': end
[08:08:56.447] [bmv2] [D] [thread 42110] [0.0] [cxt 0] Egress port is 511
[08:08:56.447] [bmv2] [D] [thread 42110] [0.0] [cxt 0] Dropping packet at the end of ingress
[08:08:56.447] [bmv2] [D] [thread 42110] [1.0] [cxt 0] Processing packet received on port 1
[08:08:56.447] [bmv2] [D] [thread 42110] [1.0] [cxt 0] Parser 'parser': start
[08:08:56.447] [bmv2] [D] [thread 42110] [1.0] [cxt 0] Parser 'parser' entering state 'start'
[08:08:56.447] [bmv2] [D] [thread 42110] [1.0] [cxt 0] Extracting header 'ethernet'
[08:08:56.447] [bmv2] [D] [thread 42110] [1.0] [cxt 0] Parser state 'start' has no switch, going to default next state
[08:08:56.447] [bmv2] [T] [thread 42110] [1.0] [cxt 0] Bytes parsed: 14
[08:08:56.447] [bmv2] [D] [thread 42110] [1.0] [cxt 0] Parser 'parser': end
[08:08:56.447] [bmv2] [D] [thread 42110] [1.0] [cxt 0] Pipeline 'ingress': start
[08:08:56.447] [bmv2] [T] [thread 42110] [1.0] [cxt 0] switch.p4(86) Condition "hdr.ethernet.isValid()" (node_2) is true
[08:08:56.447] [bmv2] [T] [thread 42110] [1.0] [cxt 0] Applying table 'MyIngress.ethernet_exact'
[08:08:56.447] [bmv2] [D] [thread 42110] [1.0] [cxt 0] Looking up key:
* hdr.ethernet.dstAddr: 333300000002

[08:08:56.447] [bmv2] [D] [thread 42110] [1.0] [cxt 0] Table 'MyIngress.ethernet_exact': miss
[08:08:56.447] [bmv2] [D] [thread 42110] [1.0] [cxt 0] Action entry is MyIngress.drop - 
[08:08:56.447] [bmv2] [T] [thread 42110] [1.0] [cxt 0] Action MyIngress.drop
[08:08:56.447] [bmv2] [T] [thread 42110] [1.0] [cxt 0] switch.p4(65) Primitive mark_to_drop(standard_metadata)
[08:08:56.447] [bmv2] [D] [thread 42110] [1.0] [cxt 0] Pipeline 'ingress': end
[08:08:56.447] [bmv2] [D] [thread 42110] [1.0] [cxt 0] Egress port is 511
[08:08:56.447] [bmv2] [D] [thread 42110] [1.0] [cxt 0] Dropping packet at the end of ingress
[08:08:56.533] [bmv2] [D] [thread 42110] [2.0] [cxt 0] Processing packet received on port 1
[08:08:56.533] [bmv2] [D] [thread 42110] [2.0] [cxt 0] Parser 'parser': start
[08:08:56.533] [bmv2] [D] [thread 42110] [2.0] [cxt 0] Parser 'parser' entering state 'start'
[08:08:56.533] [bmv2] [D] [thread 42110] [2.0] [cxt 0] Extracting header 'ethernet'
[08:08:56.533] [bmv2] [D] [thread 42110] [2.0] [cxt 0] Parser state 'start' has no switch, going to default next state
[08:08:56.533] [bmv2] [T] [thread 42110] [2.0] [cxt 0] Bytes parsed: 14
[08:08:56.533] [bmv2] [D] [thread 42110] [2.0] [cxt 0] Parser 'parser': end
[08:08:56.533] [bmv2] [D] [thread 42110] [2.0] [cxt 0] Pipeline 'ingress': start
[08:08:56.533] [bmv2] [T] [thread 42110] [2.0] [cxt 0] switch.p4(86) Condition "hdr.ethernet.isValid()" (node_2) is true
[08:08:56.533] [bmv2] [T] [thread 42110] [2.0] [cxt 0] Applying table 'MyIngress.ethernet_exact'
[08:08:56.533] [bmv2] [D] [thread 42110] [2.0] [cxt 0] Looking up key:
* hdr.ethernet.dstAddr: 333300000016

[08:08:56.533] [bmv2] [D] [thread 42110] [2.0] [cxt 0] Table 'MyIngress.ethernet_exact': miss
[08:08:56.533] [bmv2] [D] [thread 42110] [2.0] [cxt 0] Action entry is MyIngress.drop - 
[08:08:56.533] [bmv2] [T] [thread 42110] [2.0] [cxt 0] Action MyIngress.drop
[08:08:56.533] [bmv2] [T] [thread 42110] [2.0] [cxt 0] switch.p4(65) Primitive mark_to_drop(standard_metadata)
[08:08:56.533] [bmv2] [D] [thread 42110] [2.0] [cxt 0] Pipeline 'ingress': end
[08:08:56.533] [bmv2] [D] [thread 42110] [2.0] [cxt 0] Egress port is 511
[08:08:56.533] [bmv2] [D] [thread 42110] [2.0] [cxt 0] Dropping packet at the end of ingress
[08:08:56.533] [bmv2] [D] [thread 42110] [3.0] [cxt 0] Processing packet received on port 1
[08:08:56.533] [bmv2] [D] [thread 42110] [3.0] [cxt 0] Parser 'parser': start
[08:08:56.533] [bmv2] [D] [thread 42110] [3.0] [cxt 0] Parser 'parser' entering state 'start'
[08:08:56.533] [bmv2] [D] [thread 42110] [3.0] [cxt 0] Extracting header 'ethernet'
[08:08:56.533] [bmv2] [D] [thread 42110] [3.0] [cxt 0] Parser state 'start' has no switch, going to default next state
[08:08:56.533] [bmv2] [T] [thread 42110] [3.0] [cxt 0] Bytes parsed: 14
[08:08:56.533] [bmv2] [D] [thread 42110] [3.0] [cxt 0] Parser 'parser': end
[08:08:56.533] [bmv2] [D] [thread 42110] [3.0] [cxt 0] Pipeline 'ingress': start
[08:08:56.533] [bmv2] [T] [thread 42110] [3.0] [cxt 0] switch.p4(86) Condition "hdr.ethernet.isValid()" (node_2) is true
[08:08:56.533] [bmv2] [T] [thread 42110] [3.0] [cxt 0] Applying table 'MyIngress.ethernet_exact'
[08:08:56.533] [bmv2] [D] [thread 42110] [3.0] [cxt 0] Looking up key:
* hdr.ethernet.dstAddr: 333300000002

[08:08:56.533] [bmv2] [D] [thread 42110] [3.0] [cxt 0] Table 'MyIngress.ethernet_exact': miss
[08:08:56.533] [bmv2] [D] [thread 42110] [3.0] [cxt 0] Action entry is MyIngress.drop - 
[08:08:56.533] [bmv2] [T] [thread 42110] [3.0] [cxt 0] Action MyIngress.drop
[08:08:56.533] [bmv2] [T] [thread 42110] [3.0] [cxt 0] switch.p4(65) Primitive mark_to_drop(standard_metadata)
[08:08:56.533] [bmv2] [D] [thread 42110] [3.0] [cxt 0] Pipeline 'ingress': end
[08:08:56.533] [bmv2] [D] [thread 42110] [3.0] [cxt 0] Egress port is 511
[08:08:56.533] [bmv2] [D] [thread 42110] [3.0] [cxt 0] Dropping packet at the end of ingress
[08:08:56.702] [bmv2] [D] [thread 42110] [4.0] [cxt 0] Processing packet received on port 2
[08:08:56.702] [bmv2] [D] [thread 42110] [4.0] [cxt 0] Parser 'parser': start
[08:08:56.702] [bmv2] [D] [thread 42110] [4.0] [cxt 0] Parser 'parser' entering state 'start'
[08:08:56.702] [bmv2] [D] [thread 42110] [4.0] [cxt 0] Extracting header 'ethernet'
[08:08:56.702] [bmv2] [D] [thread 42110] [4.0] [cxt 0] Parser state 'start' has no switch, going to default next state
[08:08:56.702] [bmv2] [T] [thread 42110] [4.0] [cxt 0] Bytes parsed: 14
[08:08:56.702] [bmv2] [D] [thread 42110] [4.0] [cxt 0] Parser 'parser': end
[08:08:56.702] [bmv2] [D] [thread 42110] [4.0] [cxt 0] Pipeline 'ingress': start
[08:08:56.702] [bmv2] [T] [thread 42110] [4.0] [cxt 0] switch.p4(86) Condition "hdr.ethernet.isValid()" (node_2) is true
[08:08:56.702] [bmv2] [T] [thread 42110] [4.0] [cxt 0] Applying table 'MyIngress.ethernet_exact'
[08:08:56.702] [bmv2] [D] [thread 42110] [4.0] [cxt 0] Looking up key:
* hdr.ethernet.dstAddr: 333300000016

[08:08:56.702] [bmv2] [D] [thread 42110] [4.0] [cxt 0] Table 'MyIngress.ethernet_exact': miss
[08:08:56.702] [bmv2] [D] [thread 42110] [4.0] [cxt 0] Action entry is MyIngress.drop - 
[08:08:56.702] [bmv2] [T] [thread 42110] [4.0] [cxt 0] Action MyIngress.drop
[08:08:56.702] [bmv2] [T] [thread 42110] [4.0] [cxt 0] switch.p4(65) Primitive mark_to_drop(standard_metadata)
[08:08:56.702] [bmv2] [D] [thread 42110] [4.0] [cxt 0] Pipeline 'ingress': end
[08:08:56.702] [bmv2] [D] [thread 42110] [4.0] [cxt 0] Egress port is 511
[08:08:56.702] [bmv2] [D] [thread 42110] [4.0] [cxt 0] Dropping packet at the end of ingress
[08:08:56.890] [bmv2] [D] [thread 42110] [5.0] [cxt 0] Processing packet received on port 1
[08:08:56.890] [bmv2] [D] [thread 42110] [5.0] [cxt 0] Parser 'parser': start
[08:08:56.890] [bmv2] [D] [thread 42110] [5.0] [cxt 0] Parser 'parser' entering state 'start'
[08:08:56.890] [bmv2] [D] [thread 42110] [5.0] [cxt 0] Extracting header 'ethernet'
[08:08:56.890] [bmv2] [D] [thread 42110] [5.0] [cxt 0] Parser state 'start' has no switch, going to default next state
[08:08:56.890] [bmv2] [T] [thread 42110] [5.0] [cxt 0] Bytes parsed: 14
[08:08:56.890] [bmv2] [D] [thread 42110] [5.0] [cxt 0] Parser 'parser': end
[08:08:56.890] [bmv2] [D] [thread 42110] [5.0] [cxt 0] Pipeline 'ingress': start
[08:08:56.890] [bmv2] [T] [thread 42110] [5.0] [cxt 0] switch.p4(86) Condition "hdr.ethernet.isValid()" (node_2) is true
[08:08:56.890] [bmv2] [T] [thread 42110] [5.0] [cxt 0] Applying table 'MyIngress.ethernet_exact'
[08:08:56.890] [bmv2] [D] [thread 42110] [5.0] [cxt 0] Looking up key:
* hdr.ethernet.dstAddr: 333300000016

[08:08:56.890] [bmv2] [D] [thread 42110] [5.0] [cxt 0] Table 'MyIngress.ethernet_exact': miss
[08:08:56.890] [bmv2] [D] [thread 42110] [5.0] [cxt 0] Action entry is MyIngress.drop - 
[08:08:56.890] [bmv2] [T] [thread 42110] [5.0] [cxt 0] Action MyIngress.drop
[08:08:56.890] [bmv2] [T] [thread 42110] [5.0] [cxt 0] switch.p4(65) Primitive mark_to_drop(standard_metadata)
[08:08:56.890] [bmv2] [D] [thread 42110] [5.0] [cxt 0] Pipeline 'ingress': end
[08:08:56.890] [bmv2] [D] [thread 42110] [5.0] [cxt 0] Egress port is 511
[08:08:56.890] [bmv2] [D] [thread 42110] [5.0] [cxt 0] Dropping packet at the end of ingress
[08:08:57.471] [bmv2] [D] [thread 42110] [6.0] [cxt 0] Processing packet received on port 1
[08:08:57.471] [bmv2] [D] [thread 42110] [6.0] [cxt 0] Parser 'parser': start
[08:08:57.471] [bmv2] [D] [thread 42110] [6.0] [cxt 0] Parser 'parser' entering state 'start'
[08:08:57.471] [bmv2] [D] [thread 42110] [6.0] [cxt 0] Extracting header 'ethernet'
[08:08:57.471] [bmv2] [D] [thread 42110] [6.0] [cxt 0] Parser state 'start' has no switch, going to default next state
[08:08:57.471] [bmv2] [T] [thread 42110] [6.0] [cxt 0] Bytes parsed: 14
[08:08:57.471] [bmv2] [D] [thread 42110] [6.0] [cxt 0] Parser 'parser': end
[08:08:57.471] [bmv2] [D] [thread 42110] [6.0] [cxt 0] Pipeline 'ingress': start
[08:08:57.471] [bmv2] [T] [thread 42110] [6.0] [cxt 0] switch.p4(86) Condition "hdr.ethernet.isValid()" (node_2) is true
[08:08:57.471] [bmv2] [T] [thread 42110] [6.0] [cxt 0] Applying table 'MyIngress.ethernet_exact'
[08:08:57.471] [bmv2] [D] [thread 42110] [6.0] [cxt 0] Looking up key:
* hdr.ethernet.dstAddr: 333300000016

[08:08:57.471] [bmv2] [D] [thread 42110] [6.0] [cxt 0] Table 'MyIngress.ethernet_exact': miss
[08:08:57.471] [bmv2] [D] [thread 42110] [6.0] [cxt 0] Action entry is MyIngress.drop - 
[08:08:57.471] [bmv2] [T] [thread 42110] [6.0] [cxt 0] Action MyIngress.drop
[08:08:57.471] [bmv2] [T] [thread 42110] [6.0] [cxt 0] switch.p4(65) Primitive mark_to_drop(standard_metadata)
[08:08:57.471] [bmv2] [D] [thread 42110] [6.0] [cxt 0] Pipeline 'ingress': end
[08:08:57.471] [bmv2] [D] [thread 42110] [6.0] [cxt 0] Egress port is 511
[08:08:57.471] [bmv2] [D] [thread 42110] [6.0] [cxt 0] Dropping packet at the end of ingress
[08:09:00.607] [bmv2] [D] [thread 42110] [7.0] [cxt 0] Processing packet received on port 1
[08:09:00.607] [bmv2] [D] [thread 42110] [7.0] [cxt 0] Parser 'parser': start
[08:09:00.607] [bmv2] [D] [thread 42110] [7.0] [cxt 0] Parser 'parser' entering state 'start'
[08:09:00.607] [bmv2] [D] [thread 42110] [7.0] [cxt 0] Extracting header 'ethernet'
[08:09:00.607] [bmv2] [D] [thread 42110] [7.0] [cxt 0] Parser state 'start' has no switch, going to default next state
[08:09:00.607] [bmv2] [T] [thread 42110] [7.0] [cxt 0] Bytes parsed: 14
[08:09:00.607] [bmv2] [D] [thread 42110] [7.0] [cxt 0] Parser 'parser': end
[08:09:00.607] [bmv2] [D] [thread 42110] [7.0] [cxt 0] Pipeline 'ingress': start
[08:09:00.607] [bmv2] [T] [thread 42110] [7.0] [cxt 0] switch.p4(86) Condition "hdr.ethernet.isValid()" (node_2) is true
[08:09:00.607] [bmv2] [T] [thread 42110] [7.0] [cxt 0] Applying table 'MyIngress.ethernet_exact'
[08:09:00.607] [bmv2] [D] [thread 42110] [7.0] [cxt 0] Looking up key:
* hdr.ethernet.dstAddr: 333300000002

[08:09:00.607] [bmv2] [D] [thread 42110] [7.0] [cxt 0] Table 'MyIngress.ethernet_exact': miss
[08:09:00.607] [bmv2] [D] [thread 42110] [7.0] [cxt 0] Action entry is MyIngress.drop - 
[08:09:00.607] [bmv2] [T] [thread 42110] [7.0] [cxt 0] Action MyIngress.drop
[08:09:00.607] [bmv2] [T] [thread 42110] [7.0] [cxt 0] switch.p4(65) Primitive mark_to_drop(standard_metadata)
[08:09:00.607] [bmv2] [D] [thread 42110] [7.0] [cxt 0] Pipeline 'ingress': end
[08:09:00.607] [bmv2] [D] [thread 42110] [7.0] [cxt 0] Egress port is 511
[08:09:00.607] [bmv2] [D] [thread 42110] [7.0] [cxt 0] Dropping packet at the end of ingress
[08:09:00.607] [bmv2] [D] [thread 42110] [8.0] [cxt 0] Processing packet received on port 2
[08:09:00.607] [bmv2] [D] [thread 42110] [8.0] [cxt 0] Parser 'parser': start
[08:09:00.607] [bmv2] [D] [thread 42110] [8.0] [cxt 0] Parser 'parser' entering state 'start'
[08:09:00.607] [bmv2] [D] [thread 42110] [8.0] [cxt 0] Extracting header 'ethernet'
[08:09:00.607] [bmv2] [D] [thread 42110] [8.0] [cxt 0] Parser state 'start' has no switch, going to default next state
[08:09:00.607] [bmv2] [T] [thread 42110] [8.0] [cxt 0] Bytes parsed: 14
[08:09:00.607] [bmv2] [D] [thread 42110] [8.0] [cxt 0] Parser 'parser': end
[08:09:00.607] [bmv2] [D] [thread 42110] [8.0] [cxt 0] Pipeline 'ingress': start
[08:09:00.607] [bmv2] [T] [thread 42110] [8.0] [cxt 0] switch.p4(86) Condition "hdr.ethernet.isValid()" (node_2) is true
[08:09:00.607] [bmv2] [T] [thread 42110] [8.0] [cxt 0] Applying table 'MyIngress.ethernet_exact'
[08:09:00.607] [bmv2] [D] [thread 42110] [8.0] [cxt 0] Looking up key:
* hdr.ethernet.dstAddr: 333300000002

[08:09:00.607] [bmv2] [D] [thread 42110] [8.0] [cxt 0] Table 'MyIngress.ethernet_exact': miss
[08:09:00.607] [bmv2] [D] [thread 42110] [8.0] [cxt 0] Action entry is MyIngress.drop - 
[08:09:00.607] [bmv2] [T] [thread 42110] [8.0] [cxt 0] Action MyIngress.drop
[08:09:00.607] [bmv2] [T] [thread 42110] [8.0] [cxt 0] switch.p4(65) Primitive mark_to_drop(standard_metadata)
[08:09:00.607] [bmv2] [D] [thread 42110] [8.0] [cxt 0] Pipeline 'ingress': end
[08:09:00.607] [bmv2] [D] [thread 42110] [8.0] [cxt 0] Egress port is 511
[08:09:00.607] [bmv2] [D] [thread 42110] [8.0] [cxt 0] Dropping packet at the end of ingress
[08:09:00.607] [bmv2] [D] [thread 42110] [9.0] [cxt 0] Processing packet received on port 1
[08:09:00.607] [bmv2] [D] [thread 42110] [9.0] [cxt 0] Parser 'parser': start
[08:09:00.607] [bmv2] [D] [thread 42110] [9.0] [cxt 0] Parser 'parser' entering state 'start'
[08:09:00.607] [bmv2] [D] [thread 42110] [9.0] [cxt 0] Extracting header 'ethernet'
[08:09:00.607] [bmv2] [D] [thread 42110] [9.0] [cxt 0] Parser state 'start' has no switch, going to default next state
[08:09:00.607] [bmv2] [T] [thread 42110] [9.0] [cxt 0] Bytes parsed: 14
[08:09:00.607] [bmv2] [D] [thread 42110] [9.0] [cxt 0] Parser 'parser': end
[08:09:00.607] [bmv2] [D] [thread 42110] [9.0] [cxt 0] Pipeline 'ingress': start
[08:09:00.607] [bmv2] [T] [thread 42110] [9.0] [cxt 0] switch.p4(86) Condition "hdr.ethernet.isValid()" (node_2) is true
[08:09:00.607] [bmv2] [T] [thread 42110] [9.0] [cxt 0] Applying table 'MyIngress.ethernet_exact'
[08:09:00.607] [bmv2] [D] [thread 42110] [9.0] [cxt 0] Looking up key:
* hdr.ethernet.dstAddr: 333300000002

[08:09:00.607] [bmv2] [D] [thread 42110] [9.0] [cxt 0] Table 'MyIngress.ethernet_exact': miss
[08:09:00.607] [bmv2] [D] [thread 42110] [9.0] [cxt 0] Action entry is MyIngress.drop - 
[08:09:00.607] [bmv2] [T] [thread 42110] [9.0] [cxt 0] Action MyIngress.drop
[08:09:00.607] [bmv2] [T] [thread 42110] [9.0] [cxt 0] switch.p4(65) Primitive mark_to_drop(standard_metadata)
[08:09:00.607] [bmv2] [D] [thread 42110] [9.0] [cxt 0] Pipeline 'ingress': end
[08:09:00.607] [bmv2] [D] [thread 42110] [9.0] [cxt 0] Egress port is 511
[08:09:00.607] [bmv2] [D] [thread 42110] [9.0] [cxt 0] Dropping packet at the end of ingress
[08:09:01.119] [bmv2] [W] [thread 42322] [P4Runtime] p4::tmp::P4DeviceConfig is deprecated
[08:09:01.119] [bmv2] [D] [thread 42322] Set default default entry for table 'MyIngress.ethernet_exact': MyIngress.drop - 
[08:09:01.120] [bmv2] [D] [thread 42322] simple_switch target has been notified of a config swap
[08:09:01.122] [bmv2] [D] [thread 42322] Set default entry for table 'MyIngress.ethernet_exact': MyIngress.drop - 
[08:09:01.122] [bmv2] [D] [thread 42323] Entry 0 added to table 'MyIngress.ethernet_exact'
[08:09:01.122] [bmv2] [D] [thread 42323] Dumping entry 0
Match key:
* hdr.ethernet.dstAddr: EXACT     080000000555
Action entry: MyIngress.ethernet_forward - 2,

[08:09:01.123] [bmv2] [D] [thread 42322] Entry 1 added to table 'MyIngress.ethernet_exact'
[08:09:01.123] [bmv2] [D] [thread 42322] Dumping entry 1
Match key:
* hdr.ethernet.dstAddr: EXACT     080000000500
Action entry: MyIngress.ethernet_forward - 1,

[08:09:08.799] [bmv2] [D] [thread 42110] [10.0] [cxt 0] Processing packet received on port 1
[08:09:08.799] [bmv2] [D] [thread 42110] [10.0] [cxt 0] Parser 'parser': start
[08:09:08.799] [bmv2] [D] [thread 42110] [10.0] [cxt 0] Parser 'parser' entering state 'start'
[08:09:08.799] [bmv2] [D] [thread 42110] [10.0] [cxt 0] Extracting header 'ethernet'
[08:09:08.799] [bmv2] [D] [thread 42110] [10.0] [cxt 0] Parser state 'start' has no switch, going to default next state
[08:09:08.799] [bmv2] [T] [thread 42110] [10.0] [cxt 0] Bytes parsed: 14
[08:09:08.799] [bmv2] [D] [thread 42110] [10.0] [cxt 0] Parser 'parser': end
[08:09:08.799] [bmv2] [D] [thread 42110] [10.0] [cxt 0] Pipeline 'ingress': start
[08:09:08.799] [bmv2] [T] [thread 42110] [10.0] [cxt 0] switch.p4(86) Condition "hdr.ethernet.isValid()" (node_2) is true
[08:09:08.799] [bmv2] [T] [thread 42110] [10.0] [cxt 0] Applying table 'MyIngress.ethernet_exact'
[08:09:08.799] [bmv2] [D] [thread 42110] [10.0] [cxt 0] Looking up key:
* hdr.ethernet.dstAddr: 333300000002

[08:09:08.799] [bmv2] [D] [thread 42110] [10.0] [cxt 0] Table 'MyIngress.ethernet_exact': miss
[08:09:08.799] [bmv2] [D] [thread 42110] [10.0] [cxt 0] Action entry is MyIngress.drop - 
[08:09:08.799] [bmv2] [T] [thread 42110] [10.0] [cxt 0] Action MyIngress.drop
[08:09:08.799] [bmv2] [T] [thread 42110] [10.0] [cxt 0] switch.p4(65) Primitive mark_to_drop(standard_metadata)
[08:09:08.799] [bmv2] [D] [thread 42110] [10.0] [cxt 0] Pipeline 'ingress': end
[08:09:08.799] [bmv2] [D] [thread 42110] [10.0] [cxt 0] Egress port is 511
[08:09:08.799] [bmv2] [D] [thread 42110] [10.0] [cxt 0] Dropping packet at the end of ingress
[08:09:08.799] [bmv2] [D] [thread 42110] [11.0] [cxt 0] Processing packet received on port 1
[08:09:08.799] [bmv2] [D] [thread 42110] [11.0] [cxt 0] Parser 'parser': start
[08:09:08.799] [bmv2] [D] [thread 42110] [11.0] [cxt 0] Parser 'parser' entering state 'start'
[08:09:08.799] [bmv2] [D] [thread 42110] [11.0] [cxt 0] Extracting header 'ethernet'
[08:09:08.799] [bmv2] [D] [thread 42110] [11.0] [cxt 0] Parser state 'start' has no switch, going to default next state
[08:09:08.799] [bmv2] [T] [thread 42110] [11.0] [cxt 0] Bytes parsed: 14
[08:09:08.799] [bmv2] [D] [thread 42110] [11.0] [cxt 0] Parser 'parser': end
[08:09:08.799] [bmv2] [D] [thread 42110] [11.0] [cxt 0] Pipeline 'ingress': start
[08:09:08.799] [bmv2] [T] [thread 42110] [11.0] [cxt 0] switch.p4(86) Condition "hdr.ethernet.isValid()" (node_2) is true
[08:09:08.799] [bmv2] [T] [thread 42110] [11.0] [cxt 0] Applying table 'MyIngress.ethernet_exact'
[08:09:08.799] [bmv2] [D] [thread 42110] [11.0] [cxt 0] Looking up key:
* hdr.ethernet.dstAddr: 333300000002

[08:09:08.799] [bmv2] [D] [thread 42110] [11.0] [cxt 0] Table 'MyIngress.ethernet_exact': miss
[08:09:08.799] [bmv2] [D] [thread 42110] [11.0] [cxt 0] Action entry is MyIngress.drop - 
[08:09:08.799] [bmv2] [T] [thread 42110] [11.0] [cxt 0] Action MyIngress.drop
[08:09:08.799] [bmv2] [T] [thread 42110] [11.0] [cxt 0] switch.p4(65) Primitive mark_to_drop(standard_metadata)
[08:09:08.799] [bmv2] [D] [thread 42110] [11.0] [cxt 0] Pipeline 'ingress': end
[08:09:08.799] [bmv2] [D] [thread 42110] [11.0] [cxt 0] Egress port is 511
[08:09:08.799] [bmv2] [D] [thread 42110] [11.0] [cxt 0] Dropping packet at the end of ingress
[08:09:09.822] [bmv2] [D] [thread 42110] [12.0] [cxt 0] Processing packet received on port 2
[08:09:09.822] [bmv2] [D] [thread 42110] [12.0] [cxt 0] Parser 'parser': start
[08:09:09.822] [bmv2] [D] [thread 42110] [12.0] [cxt 0] Parser 'parser' entering state 'start'
[08:09:09.822] [bmv2] [D] [thread 42110] [12.0] [cxt 0] Extracting header 'ethernet'
[08:09:09.822] [bmv2] [D] [thread 42110] [12.0] [cxt 0] Parser state 'start' has no switch, going to default next state
[08:09:09.822] [bmv2] [T] [thread 42110] [12.0] [cxt 0] Bytes parsed: 14
[08:09:09.822] [bmv2] [D] [thread 42110] [12.0] [cxt 0] Parser 'parser': end
[08:09:09.822] [bmv2] [D] [thread 42110] [12.0] [cxt 0] Pipeline 'ingress': start
[08:09:09.822] [bmv2] [T] [thread 42110] [12.0] [cxt 0] switch.p4(86) Condition "hdr.ethernet.isValid()" (node_2) is true
[08:09:09.822] [bmv2] [T] [thread 42110] [12.0] [cxt 0] Applying table 'MyIngress.ethernet_exact'
[08:09:09.822] [bmv2] [D] [thread 42110] [12.0] [cxt 0] Looking up key:
* hdr.ethernet.dstAddr: 333300000002

[08:09:09.822] [bmv2] [D] [thread 42110] [12.0] [cxt 0] Table 'MyIngress.ethernet_exact': miss
[08:09:09.822] [bmv2] [D] [thread 42110] [12.0] [cxt 0] Action entry is MyIngress.drop - 
[08:09:09.822] [bmv2] [T] [thread 42110] [12.0] [cxt 0] Action MyIngress.drop
[08:09:09.822] [bmv2] [T] [thread 42110] [12.0] [cxt 0] switch.p4(65) Primitive mark_to_drop(standard_metadata)
[08:09:09.822] [bmv2] [D] [thread 42110] [12.0] [cxt 0] Pipeline 'ingress': end
[08:09:09.822] [bmv2] [D] [thread 42110] [12.0] [cxt 0] Egress port is 511
[08:09:09.822] [bmv2] [D] [thread 42110] [12.0] [cxt 0] Dropping packet at the end of ingress
[08:09:10.397] [bmv2] [D] [thread 42110] [13.0] [cxt 0] Processing packet received on port 1
[08:09:10.397] [bmv2] [D] [thread 42110] [13.0] [cxt 0] Parser 'parser': start
[08:09:10.397] [bmv2] [D] [thread 42110] [13.0] [cxt 0] Parser 'parser' entering state 'start'
[08:09:10.397] [bmv2] [D] [thread 42110] [13.0] [cxt 0] Extracting header 'ethernet'
[08:09:10.397] [bmv2] [D] [thread 42110] [13.0] [cxt 0] Parser state 'start' has no switch, going to default next state
[08:09:10.397] [bmv2] [T] [thread 42110] [13.0] [cxt 0] Bytes parsed: 14
[08:09:10.397] [bmv2] [D] [thread 42110] [13.0] [cxt 0] Parser 'parser': end
[08:09:10.397] [bmv2] [D] [thread 42110] [13.0] [cxt 0] Pipeline 'ingress': start
[08:09:10.397] [bmv2] [T] [thread 42110] [13.0] [cxt 0] switch.p4(86) Condition "hdr.ethernet.isValid()" (node_2) is true
[08:09:10.397] [bmv2] [T] [thread 42110] [13.0] [cxt 0] Applying table 'MyIngress.ethernet_exact'
[08:09:10.397] [bmv2] [D] [thread 42110] [13.0] [cxt 0] Looking up key:
* hdr.ethernet.dstAddr: 080000000555

[08:09:10.397] [bmv2] [D] [thread 42110] [13.0] [cxt 0] Table 'MyIngress.ethernet_exact': hit with handle 0
[08:09:10.397] [bmv2] [D] [thread 42110] [13.0] [cxt 0] Dumping entry 0
Match key:
* hdr.ethernet.dstAddr: EXACT     080000000555
Action entry: MyIngress.ethernet_forward - 2,

[08:09:10.397] [bmv2] [D] [thread 42110] [13.0] [cxt 0] Action entry is MyIngress.ethernet_forward - 2,
[08:09:10.397] [bmv2] [T] [thread 42110] [13.0] [cxt 0] Action MyIngress.ethernet_forward
[08:09:10.397] [bmv2] [T] [thread 42110] [13.0] [cxt 0] switch.p4(69) Primitive standard_metadata.egress_spec = port
[08:09:10.397] [bmv2] [D] [thread 42110] [13.0] [cxt 0] Pipeline 'ingress': end
[08:09:10.397] [bmv2] [D] [thread 42110] [13.0] [cxt 0] Egress port is 2
[08:09:10.397] [bmv2] [D] [thread 42113] [13.0] [cxt 0] Pipeline 'egress': start
[08:09:10.397] [bmv2] [D] [thread 42113] [13.0] [cxt 0] Pipeline 'egress': end
[08:09:10.397] [bmv2] [D] [thread 42113] [13.0] [cxt 0] Deparser 'deparser': start
[08:09:10.397] [bmv2] [D] [thread 42113] [13.0] [cxt 0] Deparsing header 'ethernet'
[08:09:10.397] [bmv2] [D] [thread 42113] [13.0] [cxt 0] Deparser 'deparser': end
[08:09:10.397] [bmv2] [D] [thread 42115] [13.0] [cxt 0] Transmitting packet of size 98 out of port 2
[08:09:10.398] [bmv2] [D] [thread 42110] [14.0] [cxt 0] Processing packet received on port 2
[08:09:10.398] [bmv2] [D] [thread 42110] [14.0] [cxt 0] Parser 'parser': start
[08:09:10.398] [bmv2] [D] [thread 42110] [14.0] [cxt 0] Parser 'parser' entering state 'start'
[08:09:10.398] [bmv2] [D] [thread 42110] [14.0] [cxt 0] Extracting header 'ethernet'
[08:09:10.398] [bmv2] [D] [thread 42110] [14.0] [cxt 0] Parser state 'start' has no switch, going to default next state
[08:09:10.398] [bmv2] [T] [thread 42110] [14.0] [cxt 0] Bytes parsed: 14
[08:09:10.398] [bmv2] [D] [thread 42110] [14.0] [cxt 0] Parser 'parser': end
[08:09:10.398] [bmv2] [D] [thread 42110] [14.0] [cxt 0] Pipeline 'ingress': start
[08:09:10.398] [bmv2] [T] [thread 42110] [14.0] [cxt 0] switch.p4(86) Condition "hdr.ethernet.isValid()" (node_2) is true
[08:09:10.398] [bmv2] [T] [thread 42110] [14.0] [cxt 0] Applying table 'MyIngress.ethernet_exact'
[08:09:10.398] [bmv2] [D] [thread 42110] [14.0] [cxt 0] Looking up key:
* hdr.ethernet.dstAddr: 080000000500

[08:09:10.398] [bmv2] [D] [thread 42110] [14.0] [cxt 0] Table 'MyIngress.ethernet_exact': hit with handle 1
[08:09:10.398] [bmv2] [D] [thread 42110] [14.0] [cxt 0] Dumping entry 1
Match key:
* hdr.ethernet.dstAddr: EXACT     080000000500
Action entry: MyIngress.ethernet_forward - 1,

[08:09:10.398] [bmv2] [D] [thread 42110] [14.0] [cxt 0] Action entry is MyIngress.ethernet_forward - 1,
[08:09:10.398] [bmv2] [T] [thread 42110] [14.0] [cxt 0] Action MyIngress.ethernet_forward
[08:09:10.398] [bmv2] [T] [thread 42110] [14.0] [cxt 0] switch.p4(69) Primitive standard_metadata.egress_spec = port
[08:09:10.398] [bmv2] [D] [thread 42110] [14.0] [cxt 0] Pipeline 'ingress': end
[08:09:10.398] [bmv2] [D] [thread 42110] [14.0] [cxt 0] Egress port is 1
[08:09:10.398] [bmv2] [D] [thread 42112] [14.0] [cxt 0] Pipeline 'egress': start
[08:09:10.398] [bmv2] [D] [thread 42112] [14.0] [cxt 0] Pipeline 'egress': end
[08:09:10.398] [bmv2] [D] [thread 42112] [14.0] [cxt 0] Deparser 'deparser': start
[08:09:10.398] [bmv2] [D] [thread 42112] [14.0] [cxt 0] Deparsing header 'ethernet'
[08:09:10.398] [bmv2] [D] [thread 42112] [14.0] [cxt 0] Deparser 'deparser': end
[08:09:10.398] [bmv2] [D] [thread 42115] [14.0] [cxt 0] Transmitting packet of size 98 out of port 1
[08:09:11.406] [bmv2] [D] [thread 42110] [15.0] [cxt 0] Processing packet received on port 1
[08:09:11.406] [bmv2] [D] [thread 42110] [15.0] [cxt 0] Parser 'parser': start
[08:09:11.406] [bmv2] [D] [thread 42110] [15.0] [cxt 0] Parser 'parser' entering state 'start'
[08:09:11.406] [bmv2] [D] [thread 42110] [15.0] [cxt 0] Extracting header 'ethernet'
[08:09:11.406] [bmv2] [D] [thread 42110] [15.0] [cxt 0] Parser state 'start' has no switch, going to default next state
[08:09:11.406] [bmv2] [T] [thread 42110] [15.0] [cxt 0] Bytes parsed: 14
[08:09:11.406] [bmv2] [D] [thread 42110] [15.0] [cxt 0] Parser 'parser': end
[08:09:11.406] [bmv2] [D] [thread 42110] [15.0] [cxt 0] Pipeline 'ingress': start
[08:09:11.406] [bmv2] [T] [thread 42110] [15.0] [cxt 0] switch.p4(86) Condition "hdr.ethernet.isValid()" (node_2) is true
[08:09:11.406] [bmv2] [T] [thread 42110] [15.0] [cxt 0] Applying table 'MyIngress.ethernet_exact'
[08:09:11.406] [bmv2] [D] [thread 42110] [15.0] [cxt 0] Looking up key:
* hdr.ethernet.dstAddr: 080000000555

[08:09:11.406] [bmv2] [D] [thread 42110] [15.0] [cxt 0] Table 'MyIngress.ethernet_exact': hit with handle 0
[08:09:11.406] [bmv2] [D] [thread 42110] [15.0] [cxt 0] Dumping entry 0
Match key:
* hdr.ethernet.dstAddr: EXACT     080000000555
Action entry: MyIngress.ethernet_forward - 2,

[08:09:11.406] [bmv2] [D] [thread 42110] [15.0] [cxt 0] Action entry is MyIngress.ethernet_forward - 2,
[08:09:11.406] [bmv2] [T] [thread 42110] [15.0] [cxt 0] Action MyIngress.ethernet_forward
[08:09:11.406] [bmv2] [T] [thread 42110] [15.0] [cxt 0] switch.p4(69) Primitive standard_metadata.egress_spec = port
[08:09:11.406] [bmv2] [D] [thread 42110] [15.0] [cxt 0] Pipeline 'ingress': end
[08:09:11.406] [bmv2] [D] [thread 42110] [15.0] [cxt 0] Egress port is 2
[08:09:11.406] [bmv2] [D] [thread 42113] [15.0] [cxt 0] Pipeline 'egress': start
[08:09:11.406] [bmv2] [D] [thread 42113] [15.0] [cxt 0] Pipeline 'egress': end
[08:09:11.406] [bmv2] [D] [thread 42113] [15.0] [cxt 0] Deparser 'deparser': start
[08:09:11.406] [bmv2] [D] [thread 42113] [15.0] [cxt 0] Deparsing header 'ethernet'
[08:09:11.406] [bmv2] [D] [thread 42113] [15.0] [cxt 0] Deparser 'deparser': end
[08:09:11.406] [bmv2] [D] [thread 42115] [15.0] [cxt 0] Transmitting packet of size 98 out of port 2
[08:09:11.406] [bmv2] [D] [thread 42110] [16.0] [cxt 0] Processing packet received on port 2
[08:09:11.407] [bmv2] [D] [thread 42110] [16.0] [cxt 0] Parser 'parser': start
[08:09:11.407] [bmv2] [D] [thread 42110] [16.0] [cxt 0] Parser 'parser' entering state 'start'
[08:09:11.407] [bmv2] [D] [thread 42110] [16.0] [cxt 0] Extracting header 'ethernet'
[08:09:11.407] [bmv2] [D] [thread 42110] [16.0] [cxt 0] Parser state 'start' has no switch, going to default next state
[08:09:11.407] [bmv2] [T] [thread 42110] [16.0] [cxt 0] Bytes parsed: 14
[08:09:11.407] [bmv2] [D] [thread 42110] [16.0] [cxt 0] Parser 'parser': end
[08:09:11.407] [bmv2] [D] [thread 42110] [16.0] [cxt 0] Pipeline 'ingress': start
[08:09:11.407] [bmv2] [T] [thread 42110] [16.0] [cxt 0] switch.p4(86) Condition "hdr.ethernet.isValid()" (node_2) is true
[08:09:11.407] [bmv2] [T] [thread 42110] [16.0] [cxt 0] Applying table 'MyIngress.ethernet_exact'
[08:09:11.407] [bmv2] [D] [thread 42110] [16.0] [cxt 0] Looking up key:
* hdr.ethernet.dstAddr: 080000000500

[08:09:11.407] [bmv2] [D] [thread 42110] [16.0] [cxt 0] Table 'MyIngress.ethernet_exact': hit with handle 1
[08:09:11.407] [bmv2] [D] [thread 42110] [16.0] [cxt 0] Dumping entry 1
Match key:
* hdr.ethernet.dstAddr: EXACT     080000000500
Action entry: MyIngress.ethernet_forward - 1,

[08:09:11.407] [bmv2] [D] [thread 42110] [16.0] [cxt 0] Action entry is MyIngress.ethernet_forward - 1,
[08:09:11.407] [bmv2] [T] [thread 42110] [16.0] [cxt 0] Action MyIngress.ethernet_forward
[08:09:11.407] [bmv2] [T] [thread 42110] [16.0] [cxt 0] switch.p4(69) Primitive standard_metadata.egress_spec = port
[08:09:11.407] [bmv2] [D] [thread 42110] [16.0] [cxt 0] Pipeline 'ingress': end
[08:09:11.407] [bmv2] [D] [thread 42110] [16.0] [cxt 0] Egress port is 1
[08:09:11.407] [bmv2] [D] [thread 42112] [16.0] [cxt 0] Pipeline 'egress': start
[08:09:11.407] [bmv2] [D] [thread 42112] [16.0] [cxt 0] Pipeline 'egress': end
[08:09:11.407] [bmv2] [D] [thread 42112] [16.0] [cxt 0] Deparser 'deparser': start
[08:09:11.407] [bmv2] [D] [thread 42112] [16.0] [cxt 0] Deparsing header 'ethernet'
[08:09:11.407] [bmv2] [D] [thread 42112] [16.0] [cxt 0] Deparser 'deparser': end
[08:09:11.407] [bmv2] [D] [thread 42115] [16.0] [cxt 0] Transmitting packet of size 98 out of port 1
[08:09:12.422] [bmv2] [D] [thread 42110] [17.0] [cxt 0] Processing packet received on port 1
[08:09:12.422] [bmv2] [D] [thread 42110] [17.0] [cxt 0] Parser 'parser': start
[08:09:12.422] [bmv2] [D] [thread 42110] [17.0] [cxt 0] Parser 'parser' entering state 'start'
[08:09:12.422] [bmv2] [D] [thread 42110] [17.0] [cxt 0] Extracting header 'ethernet'
[08:09:12.422] [bmv2] [D] [thread 42110] [17.0] [cxt 0] Parser state 'start' has no switch, going to default next state
[08:09:12.422] [bmv2] [T] [thread 42110] [17.0] [cxt 0] Bytes parsed: 14
[08:09:12.422] [bmv2] [D] [thread 42110] [17.0] [cxt 0] Parser 'parser': end
[08:09:12.422] [bmv2] [D] [thread 42110] [17.0] [cxt 0] Pipeline 'ingress': start
[08:09:12.422] [bmv2] [T] [thread 42110] [17.0] [cxt 0] switch.p4(86) Condition "hdr.ethernet.isValid()" (node_2) is true
[08:09:12.422] [bmv2] [T] [thread 42110] [17.0] [cxt 0] Applying table 'MyIngress.ethernet_exact'
[08:09:12.422] [bmv2] [D] [thread 42110] [17.0] [cxt 0] Looking up key:
* hdr.ethernet.dstAddr: 080000000555

[08:09:12.422] [bmv2] [D] [thread 42110] [17.0] [cxt 0] Table 'MyIngress.ethernet_exact': hit with handle 0
[08:09:12.422] [bmv2] [D] [thread 42110] [17.0] [cxt 0] Dumping entry 0
Match key:
* hdr.ethernet.dstAddr: EXACT     080000000555
Action entry: MyIngress.ethernet_forward - 2,

[08:09:12.422] [bmv2] [D] [thread 42110] [17.0] [cxt 0] Action entry is MyIngress.ethernet_forward - 2,
[08:09:12.422] [bmv2] [T] [thread 42110] [17.0] [cxt 0] Action MyIngress.ethernet_forward
[08:09:12.422] [bmv2] [T] [thread 42110] [17.0] [cxt 0] switch.p4(69) Primitive standard_metadata.egress_spec = port
[08:09:12.422] [bmv2] [D] [thread 42110] [17.0] [cxt 0] Pipeline 'ingress': end
[08:09:12.422] [bmv2] [D] [thread 42110] [17.0] [cxt 0] Egress port is 2
[08:09:12.422] [bmv2] [D] [thread 42113] [17.0] [cxt 0] Pipeline 'egress': start
[08:09:12.422] [bmv2] [D] [thread 42113] [17.0] [cxt 0] Pipeline 'egress': end
[08:09:12.422] [bmv2] [D] [thread 42113] [17.0] [cxt 0] Deparser 'deparser': start
[08:09:12.422] [bmv2] [D] [thread 42113] [17.0] [cxt 0] Deparsing header 'ethernet'
[08:09:12.422] [bmv2] [D] [thread 42113] [17.0] [cxt 0] Deparser 'deparser': end
[08:09:12.422] [bmv2] [D] [thread 42115] [17.0] [cxt 0] Transmitting packet of size 98 out of port 2
[08:09:12.422] [bmv2] [D] [thread 42110] [18.0] [cxt 0] Processing packet received on port 2
[08:09:12.422] [bmv2] [D] [thread 42110] [18.0] [cxt 0] Parser 'parser': start
[08:09:12.422] [bmv2] [D] [thread 42110] [18.0] [cxt 0] Parser 'parser' entering state 'start'
[08:09:12.422] [bmv2] [D] [thread 42110] [18.0] [cxt 0] Extracting header 'ethernet'
[08:09:12.422] [bmv2] [D] [thread 42110] [18.0] [cxt 0] Parser state 'start' has no switch, going to default next state
[08:09:12.422] [bmv2] [T] [thread 42110] [18.0] [cxt 0] Bytes parsed: 14
[08:09:12.422] [bmv2] [D] [thread 42110] [18.0] [cxt 0] Parser 'parser': end
[08:09:12.422] [bmv2] [D] [thread 42110] [18.0] [cxt 0] Pipeline 'ingress': start
[08:09:12.422] [bmv2] [T] [thread 42110] [18.0] [cxt 0] switch.p4(86) Condition "hdr.ethernet.isValid()" (node_2) is true
[08:09:12.422] [bmv2] [T] [thread 42110] [18.0] [cxt 0] Applying table 'MyIngress.ethernet_exact'
[08:09:12.422] [bmv2] [D] [thread 42110] [18.0] [cxt 0] Looking up key:
* hdr.ethernet.dstAddr: 080000000500

[08:09:12.423] [bmv2] [D] [thread 42110] [18.0] [cxt 0] Table 'MyIngress.ethernet_exact': hit with handle 1
[08:09:12.423] [bmv2] [D] [thread 42110] [18.0] [cxt 0] Dumping entry 1
Match key:
* hdr.ethernet.dstAddr: EXACT     080000000500
Action entry: MyIngress.ethernet_forward - 1,

[08:09:12.423] [bmv2] [D] [thread 42110] [18.0] [cxt 0] Action entry is MyIngress.ethernet_forward - 1,
[08:09:12.423] [bmv2] [T] [thread 42110] [18.0] [cxt 0] Action MyIngress.ethernet_forward
[08:09:12.423] [bmv2] [T] [thread 42110] [18.0] [cxt 0] switch.p4(69) Primitive standard_metadata.egress_spec = port
[08:09:12.423] [bmv2] [D] [thread 42110] [18.0] [cxt 0] Pipeline 'ingress': end
[08:09:12.423] [bmv2] [D] [thread 42110] [18.0] [cxt 0] Egress port is 1
[08:09:12.423] [bmv2] [D] [thread 42112] [18.0] [cxt 0] Pipeline 'egress': start
[08:09:12.423] [bmv2] [D] [thread 42112] [18.0] [cxt 0] Pipeline 'egress': end
[08:09:12.423] [bmv2] [D] [thread 42112] [18.0] [cxt 0] Deparser 'deparser': start
[08:09:12.423] [bmv2] [D] [thread 42112] [18.0] [cxt 0] Deparsing header 'ethernet'
[08:09:12.423] [bmv2] [D] [thread 42112] [18.0] [cxt 0] Deparser 'deparser': end
[08:09:12.423] [bmv2] [D] [thread 42115] [18.0] [cxt 0] Transmitting packet of size 98 out of port 1
[08:09:24.670] [bmv2] [D] [thread 42110] [19.0] [cxt 0] Processing packet received on port 1
[08:09:24.670] [bmv2] [D] [thread 42110] [19.0] [cxt 0] Parser 'parser': start
[08:09:24.670] [bmv2] [D] [thread 42110] [19.0] [cxt 0] Parser 'parser' entering state 'start'
[08:09:24.670] [bmv2] [D] [thread 42110] [19.0] [cxt 0] Extracting header 'ethernet'
[08:09:24.670] [bmv2] [D] [thread 42110] [19.0] [cxt 0] Parser state 'start' has no switch, going to default next state
[08:09:24.670] [bmv2] [T] [thread 42110] [19.0] [cxt 0] Bytes parsed: 14
[08:09:24.670] [bmv2] [D] [thread 42110] [19.0] [cxt 0] Parser 'parser': end
[08:09:24.670] [bmv2] [D] [thread 42110] [19.0] [cxt 0] Pipeline 'ingress': start
[08:09:24.670] [bmv2] [T] [thread 42110] [19.0] [cxt 0] switch.p4(86) Condition "hdr.ethernet.isValid()" (node_2) is true
[08:09:24.670] [bmv2] [T] [thread 42110] [19.0] [cxt 0] Applying table 'MyIngress.ethernet_exact'
[08:09:24.670] [bmv2] [D] [thread 42110] [19.0] [cxt 0] Looking up key:
* hdr.ethernet.dstAddr: 333300000002

[08:09:24.670] [bmv2] [D] [thread 42110] [19.0] [cxt 0] Table 'MyIngress.ethernet_exact': miss
[08:09:24.670] [bmv2] [D] [thread 42110] [19.0] [cxt 0] Action entry is MyIngress.drop - 
[08:09:24.670] [bmv2] [T] [thread 42110] [19.0] [cxt 0] Action MyIngress.drop
[08:09:24.670] [bmv2] [T] [thread 42110] [19.0] [cxt 0] switch.p4(65) Primitive mark_to_drop(standard_metadata)
[08:09:24.670] [bmv2] [D] [thread 42110] [19.0] [cxt 0] Pipeline 'ingress': end
[08:09:24.670] [bmv2] [D] [thread 42110] [19.0] [cxt 0] Egress port is 511
[08:09:24.670] [bmv2] [D] [thread 42110] [19.0] [cxt 0] Dropping packet at the end of ingress
[08:09:25.696] [bmv2] [D] [thread 42110] [20.0] [cxt 0] Processing packet received on port 1
[08:09:25.696] [bmv2] [D] [thread 42110] [20.0] [cxt 0] Parser 'parser': start
[08:09:25.696] [bmv2] [D] [thread 42110] [20.0] [cxt 0] Parser 'parser' entering state 'start'
[08:09:25.696] [bmv2] [D] [thread 42110] [20.0] [cxt 0] Extracting header 'ethernet'
[08:09:25.696] [bmv2] [D] [thread 42110] [20.0] [cxt 0] Parser state 'start' has no switch, going to default next state
[08:09:25.696] [bmv2] [T] [thread 42110] [20.0] [cxt 0] Bytes parsed: 14
[08:09:25.696] [bmv2] [D] [thread 42110] [20.0] [cxt 0] Parser 'parser': end
[08:09:25.696] [bmv2] [D] [thread 42110] [20.0] [cxt 0] Pipeline 'ingress': start
[08:09:25.696] [bmv2] [T] [thread 42110] [20.0] [cxt 0] switch.p4(86) Condition "hdr.ethernet.isValid()" (node_2) is true
[08:09:25.696] [bmv2] [T] [thread 42110] [20.0] [cxt 0] Applying table 'MyIngress.ethernet_exact'
[08:09:25.696] [bmv2] [D] [thread 42110] [20.0] [cxt 0] Looking up key:
* hdr.ethernet.dstAddr: 333300000002

[08:09:25.696] [bmv2] [D] [thread 42110] [20.0] [cxt 0] Table 'MyIngress.ethernet_exact': miss
[08:09:25.696] [bmv2] [D] [thread 42110] [20.0] [cxt 0] Action entry is MyIngress.drop - 
[08:09:25.696] [bmv2] [T] [thread 42110] [20.0] [cxt 0] Action MyIngress.drop
[08:09:25.696] [bmv2] [T] [thread 42110] [20.0] [cxt 0] switch.p4(65) Primitive mark_to_drop(standard_metadata)
[08:09:25.696] [bmv2] [D] [thread 42110] [20.0] [cxt 0] Pipeline 'ingress': end
[08:09:25.696] [bmv2] [D] [thread 42110] [20.0] [cxt 0] Egress port is 511
[08:09:25.696] [bmv2] [D] [thread 42110] [20.0] [cxt 0] Dropping packet at the end of ingress
[08:09:28.254] [bmv2] [D] [thread 42110] [21.0] [cxt 0] Processing packet received on port 2
[08:09:28.254] [bmv2] [D] [thread 42110] [21.0] [cxt 0] Parser 'parser': start
[08:09:28.254] [bmv2] [D] [thread 42110] [21.0] [cxt 0] Parser 'parser' entering state 'start'
[08:09:28.254] [bmv2] [D] [thread 42110] [21.0] [cxt 0] Extracting header 'ethernet'
[08:09:28.254] [bmv2] [D] [thread 42110] [21.0] [cxt 0] Parser state 'start' has no switch, going to default next state
[08:09:28.254] [bmv2] [T] [thread 42110] [21.0] [cxt 0] Bytes parsed: 14
[08:09:28.254] [bmv2] [D] [thread 42110] [21.0] [cxt 0] Parser 'parser': end
[08:09:28.254] [bmv2] [D] [thread 42110] [21.0] [cxt 0] Pipeline 'ingress': start
[08:09:28.254] [bmv2] [T] [thread 42110] [21.0] [cxt 0] switch.p4(86) Condition "hdr.ethernet.isValid()" (node_2) is true
[08:09:28.254] [bmv2] [T] [thread 42110] [21.0] [cxt 0] Applying table 'MyIngress.ethernet_exact'
[08:09:28.254] [bmv2] [D] [thread 42110] [21.0] [cxt 0] Looking up key:
* hdr.ethernet.dstAddr: 333300000002

[08:09:28.254] [bmv2] [D] [thread 42110] [21.0] [cxt 0] Table 'MyIngress.ethernet_exact': miss
[08:09:28.254] [bmv2] [D] [thread 42110] [21.0] [cxt 0] Action entry is MyIngress.drop - 
[08:09:28.254] [bmv2] [T] [thread 42110] [21.0] [cxt 0] Action MyIngress.drop
[08:09:28.254] [bmv2] [T] [thread 42110] [21.0] [cxt 0] switch.p4(65) Primitive mark_to_drop(standard_metadata)
[08:09:28.254] [bmv2] [D] [thread 42110] [21.0] [cxt 0] Pipeline 'ingress': end
[08:09:28.254] [bmv2] [D] [thread 42110] [21.0] [cxt 0] Egress port is 511
[08:09:28.254] [bmv2] [D] [thread 42110] [21.0] [cxt 0] Dropping packet at the end of ingress
open: No such file or directory
open: No such file or directory
open: No such file or directory
open: No such file or directory
open: No such file or directory
