Calling target program-options parser
[04:20:20.660] [bmv2] [D] [thread 6247] Set default default entry for table 'MyIngress.ipv4_lpm': MyIngress.drop - 
Adding interface s4-eth1 as port 1
[04:20:20.661] [bmv2] [D] [thread 6247] Adding interface s4-eth1 as port 1
Adding interface s4-eth2 as port 2
[04:20:20.673] [bmv2] [D] [thread 6247] Adding interface s4-eth2 as port 2
Server listening on 0.0.0.0:50054
[04:20:20.684] [bmv2] [I] [thread 6247] Starting Thrift server on port 9093
[04:20:20.685] [bmv2] [I] [thread 6247] Thrift server was started
[04:20:20.742] [bmv2] [D] [thread 6262] [0.0] [cxt 0] Processing packet received on port 2
[04:20:20.742] [bmv2] [D] [thread 6262] [0.0] [cxt 0] Parser 'parser': start
[04:20:20.742] [bmv2] [D] [thread 6262] [0.0] [cxt 0] Parser 'parser' entering state 'start'
[04:20:20.742] [bmv2] [D] [thread 6262] [0.0] [cxt 0] Extracting header 'ethernet'
[04:20:20.742] [bmv2] [D] [thread 6262] [0.0] [cxt 0] Parser state 'start': key is 86dd
[04:20:20.742] [bmv2] [T] [thread 6262] [0.0] [cxt 0] Bytes parsed: 14
[04:20:20.742] [bmv2] [D] [thread 6262] [0.0] [cxt 0] Parser 'parser': end
[04:20:20.742] [bmv2] [D] [thread 6262] [0.0] [cxt 0] Pipeline 'ingress': start
[04:20:20.742] [bmv2] [T] [thread 6262] [0.0] [cxt 0] basic.p4(114) Condition "hdr.ipv4.isValid()" (node_2) is false
[04:20:20.742] [bmv2] [D] [thread 6262] [0.0] [cxt 0] Pipeline 'ingress': end
[04:20:20.742] [bmv2] [D] [thread 6262] [0.0] [cxt 0] Egress port is 0
[04:20:20.742] [bmv2] [D] [thread 6262] [1.0] [cxt 0] Processing packet received on port 2
[04:20:20.742] [bmv2] [D] [thread 6262] [1.0] [cxt 0] Parser 'parser': start
[04:20:20.742] [bmv2] [D] [thread 6262] [1.0] [cxt 0] Parser 'parser' entering state 'start'
[04:20:20.742] [bmv2] [D] [thread 6262] [1.0] [cxt 0] Extracting header 'ethernet'
[04:20:20.742] [bmv2] [D] [thread 6262] [1.0] [cxt 0] Parser state 'start': key is 86dd
[04:20:20.742] [bmv2] [T] [thread 6262] [1.0] [cxt 0] Bytes parsed: 14
[04:20:20.742] [bmv2] [D] [thread 6262] [1.0] [cxt 0] Parser 'parser': end
[04:20:20.742] [bmv2] [D] [thread 6262] [1.0] [cxt 0] Pipeline 'ingress': start
[04:20:20.742] [bmv2] [T] [thread 6262] [1.0] [cxt 0] basic.p4(114) Condition "hdr.ipv4.isValid()" (node_2) is false
[04:20:20.742] [bmv2] [D] [thread 6262] [1.0] [cxt 0] Pipeline 'ingress': end
[04:20:20.742] [bmv2] [D] [thread 6262] [1.0] [cxt 0] Egress port is 0
[04:20:20.742] [bmv2] [D] [thread 6263] [0.0] [cxt 0] Pipeline 'egress': start
[04:20:20.742] [bmv2] [D] [thread 6263] [0.0] [cxt 0] Pipeline 'egress': end
[04:20:20.742] [bmv2] [D] [thread 6263] [0.0] [cxt 0] Deparser 'deparser': start
[04:20:20.742] [bmv2] [T] [thread 6263] [0.0] [cxt 0] Skipping checksum 'cksum' update because condition not met
[04:20:20.742] [bmv2] [D] [thread 6263] [0.0] [cxt 0] Deparsing header 'ethernet'
[04:20:20.742] [bmv2] [D] [thread 6263] [0.0] [cxt 0] Deparser 'deparser': end
[04:20:20.742] [bmv2] [D] [thread 6263] [1.0] [cxt 0] Pipeline 'egress': start
[04:20:20.742] [bmv2] [D] [thread 6263] [1.0] [cxt 0] Pipeline 'egress': end
[04:20:20.742] [bmv2] [D] [thread 6263] [1.0] [cxt 0] Deparser 'deparser': start
[04:20:20.742] [bmv2] [T] [thread 6263] [1.0] [cxt 0] Skipping checksum 'cksum' update because condition not met
[04:20:20.742] [bmv2] [D] [thread 6263] [1.0] [cxt 0] Deparsing header 'ethernet'
[04:20:20.742] [bmv2] [D] [thread 6263] [1.0] [cxt 0] Deparser 'deparser': end
[04:20:20.742] [bmv2] [D] [thread 6267] [0.0] [cxt 0] Transmitting packet of size 90 out of port 0
[04:20:20.743] [bmv2] [D] [thread 6267] [1.0] [cxt 0] Transmitting packet of size 70 out of port 0
[04:20:21.065] [bmv2] [D] [thread 6262] [2.0] [cxt 0] Processing packet received on port 1
[04:20:21.065] [bmv2] [D] [thread 6262] [2.0] [cxt 0] Parser 'parser': start
[04:20:21.065] [bmv2] [D] [thread 6262] [2.0] [cxt 0] Parser 'parser' entering state 'start'
[04:20:21.065] [bmv2] [D] [thread 6262] [2.0] [cxt 0] Extracting header 'ethernet'
[04:20:21.065] [bmv2] [D] [thread 6262] [2.0] [cxt 0] Parser state 'start': key is 86dd
[04:20:21.065] [bmv2] [T] [thread 6262] [2.0] [cxt 0] Bytes parsed: 14
[04:20:21.065] [bmv2] [D] [thread 6262] [2.0] [cxt 0] Parser 'parser': end
[04:20:21.065] [bmv2] [D] [thread 6262] [2.0] [cxt 0] Pipeline 'ingress': start
[04:20:21.065] [bmv2] [T] [thread 6262] [2.0] [cxt 0] basic.p4(114) Condition "hdr.ipv4.isValid()" (node_2) is false
[04:20:21.065] [bmv2] [D] [thread 6262] [2.0] [cxt 0] Pipeline 'ingress': end
[04:20:21.065] [bmv2] [D] [thread 6262] [2.0] [cxt 0] Egress port is 0
[04:20:21.065] [bmv2] [D] [thread 6263] [2.0] [cxt 0] Pipeline 'egress': start
[04:20:21.065] [bmv2] [D] [thread 6263] [2.0] [cxt 0] Pipeline 'egress': end
[04:20:21.065] [bmv2] [D] [thread 6263] [2.0] [cxt 0] Deparser 'deparser': start
[04:20:21.065] [bmv2] [T] [thread 6263] [2.0] [cxt 0] Skipping checksum 'cksum' update because condition not met
[04:20:21.065] [bmv2] [D] [thread 6263] [2.0] [cxt 0] Deparsing header 'ethernet'
[04:20:21.065] [bmv2] [D] [thread 6263] [2.0] [cxt 0] Deparser 'deparser': end
[04:20:21.065] [bmv2] [D] [thread 6267] [2.0] [cxt 0] Transmitting packet of size 90 out of port 0
[04:20:21.637] [bmv2] [D] [thread 6262] [3.0] [cxt 0] Processing packet received on port 2
[04:20:21.637] [bmv2] [D] [thread 6262] [3.0] [cxt 0] Parser 'parser': start
[04:20:21.637] [bmv2] [D] [thread 6262] [3.0] [cxt 0] Parser 'parser' entering state 'start'
[04:20:21.637] [bmv2] [D] [thread 6262] [3.0] [cxt 0] Extracting header 'ethernet'
[04:20:21.637] [bmv2] [D] [thread 6262] [3.0] [cxt 0] Parser state 'start': key is 86dd
[04:20:21.637] [bmv2] [T] [thread 6262] [3.0] [cxt 0] Bytes parsed: 14
[04:20:21.637] [bmv2] [D] [thread 6262] [3.0] [cxt 0] Parser 'parser': end
[04:20:21.637] [bmv2] [D] [thread 6262] [3.0] [cxt 0] Pipeline 'ingress': start
[04:20:21.637] [bmv2] [T] [thread 6262] [3.0] [cxt 0] basic.p4(114) Condition "hdr.ipv4.isValid()" (node_2) is false
[04:20:21.637] [bmv2] [D] [thread 6262] [3.0] [cxt 0] Pipeline 'ingress': end
[04:20:21.637] [bmv2] [D] [thread 6262] [3.0] [cxt 0] Egress port is 0
[04:20:21.638] [bmv2] [D] [thread 6263] [3.0] [cxt 0] Pipeline 'egress': start
[04:20:21.638] [bmv2] [D] [thread 6263] [3.0] [cxt 0] Pipeline 'egress': end
[04:20:21.638] [bmv2] [D] [thread 6263] [3.0] [cxt 0] Deparser 'deparser': start
[04:20:21.638] [bmv2] [T] [thread 6263] [3.0] [cxt 0] Skipping checksum 'cksum' update because condition not met
[04:20:21.638] [bmv2] [D] [thread 6263] [3.0] [cxt 0] Deparsing header 'ethernet'
[04:20:21.638] [bmv2] [D] [thread 6263] [3.0] [cxt 0] Deparser 'deparser': end
[04:20:21.638] [bmv2] [D] [thread 6267] [3.0] [cxt 0] Transmitting packet of size 90 out of port 0
[04:20:22.244] [bmv2] [W] [thread 6312] [P4Runtime] p4::tmp::P4DeviceConfig is deprecated
[04:20:22.245] [bmv2] [D] [thread 6312] Set default default entry for table 'MyIngress.ipv4_lpm': MyIngress.drop - 
[04:20:22.248] [bmv2] [D] [thread 6312] simple_switch target has been notified of a config swap
[04:20:22.251] [bmv2] [D] [thread 6312] Set default entry for table 'MyIngress.ipv4_lpm': MyIngress.drop - 
[04:20:22.252] [bmv2] [D] [thread 6313] Entry 0 added to table 'MyIngress.ipv4_lpm'
[04:20:22.253] [bmv2] [D] [thread 6313] Dumping entry 0
Match key:
* hdr.ipv4.dstAddr    : LPM       0a000101/32
Action entry: MyIngress.ipv4_forward - 80000000100,2,

[04:20:22.254] [bmv2] [D] [thread 6312] Entry 1 added to table 'MyIngress.ipv4_lpm'
[04:20:22.254] [bmv2] [D] [thread 6312] Dumping entry 1
Match key:
* hdr.ipv4.dstAddr    : LPM       0a000202/32
Action entry: MyIngress.ipv4_forward - 80000000100,2,

[04:20:22.255] [bmv2] [D] [thread 6313] Entry 2 added to table 'MyIngress.ipv4_lpm'
[04:20:22.255] [bmv2] [D] [thread 6313] Dumping entry 2
Match key:
* hdr.ipv4.dstAddr    : LPM       0a000303/32
Action entry: MyIngress.ipv4_forward - 80000000200,1,

[04:20:22.256] [bmv2] [D] [thread 6312] Entry 3 added to table 'MyIngress.ipv4_lpm'
[04:20:22.256] [bmv2] [D] [thread 6312] Dumping entry 3
Match key:
* hdr.ipv4.dstAddr    : LPM       0a000404/32
Action entry: MyIngress.ipv4_forward - 80000000200,1,

[04:20:23.760] [bmv2] [D] [thread 6262] [4.0] [cxt 0] Processing packet received on port 1
[04:20:23.760] [bmv2] [D] [thread 6262] [4.0] [cxt 0] Parser 'parser': start
[04:20:23.760] [bmv2] [D] [thread 6262] [4.0] [cxt 0] Parser 'parser' entering state 'start'
[04:20:23.760] [bmv2] [D] [thread 6262] [4.0] [cxt 0] Extracting header 'ethernet'
[04:20:23.760] [bmv2] [D] [thread 6262] [4.0] [cxt 0] Parser state 'start': key is 86dd
[04:20:23.760] [bmv2] [T] [thread 6262] [4.0] [cxt 0] Bytes parsed: 14
[04:20:23.760] [bmv2] [D] [thread 6262] [4.0] [cxt 0] Parser 'parser': end
[04:20:23.760] [bmv2] [D] [thread 6262] [4.0] [cxt 0] Pipeline 'ingress': start
[04:20:23.760] [bmv2] [T] [thread 6262] [4.0] [cxt 0] basic.p4(114) Condition "hdr.ipv4.isValid()" (node_2) is false
[04:20:23.760] [bmv2] [D] [thread 6262] [4.0] [cxt 0] Pipeline 'ingress': end
[04:20:23.760] [bmv2] [D] [thread 6262] [4.0] [cxt 0] Egress port is 0
[04:20:23.761] [bmv2] [D] [thread 6263] [4.0] [cxt 0] Pipeline 'egress': start
[04:20:23.761] [bmv2] [D] [thread 6263] [4.0] [cxt 0] Pipeline 'egress': end
[04:20:23.761] [bmv2] [D] [thread 6263] [4.0] [cxt 0] Deparser 'deparser': start
[04:20:23.761] [bmv2] [T] [thread 6263] [4.0] [cxt 0] Skipping checksum 'cksum' update because condition not met
[04:20:23.761] [bmv2] [D] [thread 6263] [4.0] [cxt 0] Deparsing header 'ethernet'
[04:20:23.761] [bmv2] [D] [thread 6263] [4.0] [cxt 0] Deparser 'deparser': end
[04:20:23.761] [bmv2] [D] [thread 6267] [4.0] [cxt 0] Transmitting packet of size 70 out of port 0
[04:20:24.197] [bmv2] [D] [thread 6262] [5.0] [cxt 0] Processing packet received on port 1
[04:20:24.197] [bmv2] [D] [thread 6262] [5.0] [cxt 0] Parser 'parser': start
[04:20:24.197] [bmv2] [D] [thread 6262] [5.0] [cxt 0] Parser 'parser' entering state 'start'
[04:20:24.197] [bmv2] [D] [thread 6262] [5.0] [cxt 0] Extracting header 'ethernet'
[04:20:24.197] [bmv2] [D] [thread 6262] [5.0] [cxt 0] Parser state 'start': key is 86dd
[04:20:24.197] [bmv2] [T] [thread 6262] [5.0] [cxt 0] Bytes parsed: 14
[04:20:24.197] [bmv2] [D] [thread 6262] [5.0] [cxt 0] Parser 'parser': end
[04:20:24.197] [bmv2] [D] [thread 6262] [5.0] [cxt 0] Pipeline 'ingress': start
[04:20:24.197] [bmv2] [T] [thread 6262] [5.0] [cxt 0] basic.p4(114) Condition "hdr.ipv4.isValid()" (node_2) is false
[04:20:24.197] [bmv2] [D] [thread 6262] [5.0] [cxt 0] Pipeline 'ingress': end
[04:20:24.197] [bmv2] [D] [thread 6262] [5.0] [cxt 0] Egress port is 0
[04:20:24.198] [bmv2] [D] [thread 6263] [5.0] [cxt 0] Pipeline 'egress': start
[04:20:24.198] [bmv2] [D] [thread 6263] [5.0] [cxt 0] Pipeline 'egress': end
[04:20:24.198] [bmv2] [D] [thread 6263] [5.0] [cxt 0] Deparser 'deparser': start
[04:20:24.198] [bmv2] [T] [thread 6263] [5.0] [cxt 0] Skipping checksum 'cksum' update because condition not met
[04:20:24.198] [bmv2] [D] [thread 6263] [5.0] [cxt 0] Deparsing header 'ethernet'
[04:20:24.198] [bmv2] [D] [thread 6263] [5.0] [cxt 0] Deparser 'deparser': end
[04:20:24.198] [bmv2] [D] [thread 6267] [5.0] [cxt 0] Transmitting packet of size 70 out of port 0
[04:20:24.582] [bmv2] [D] [thread 6262] [6.0] [cxt 0] Processing packet received on port 2
[04:20:24.582] [bmv2] [D] [thread 6262] [6.0] [cxt 0] Parser 'parser': start
[04:20:24.582] [bmv2] [D] [thread 6262] [6.0] [cxt 0] Parser 'parser' entering state 'start'
[04:20:24.582] [bmv2] [D] [thread 6262] [6.0] [cxt 0] Extracting header 'ethernet'
[04:20:24.582] [bmv2] [D] [thread 6262] [6.0] [cxt 0] Parser state 'start': key is 86dd
[04:20:24.582] [bmv2] [T] [thread 6262] [6.0] [cxt 0] Bytes parsed: 14
[04:20:24.582] [bmv2] [D] [thread 6262] [6.0] [cxt 0] Parser 'parser': end
[04:20:24.582] [bmv2] [D] [thread 6262] [6.0] [cxt 0] Pipeline 'ingress': start
[04:20:24.582] [bmv2] [T] [thread 6262] [6.0] [cxt 0] basic.p4(114) Condition "hdr.ipv4.isValid()" (node_2) is false
[04:20:24.582] [bmv2] [D] [thread 6262] [6.0] [cxt 0] Pipeline 'ingress': end
[04:20:24.582] [bmv2] [D] [thread 6262] [6.0] [cxt 0] Egress port is 0
[04:20:24.582] [bmv2] [D] [thread 6263] [6.0] [cxt 0] Pipeline 'egress': start
[04:20:24.582] [bmv2] [D] [thread 6263] [6.0] [cxt 0] Pipeline 'egress': end
[04:20:24.582] [bmv2] [D] [thread 6263] [6.0] [cxt 0] Deparser 'deparser': start
[04:20:24.582] [bmv2] [T] [thread 6263] [6.0] [cxt 0] Skipping checksum 'cksum' update because condition not met
[04:20:24.582] [bmv2] [D] [thread 6263] [6.0] [cxt 0] Deparsing header 'ethernet'
[04:20:24.582] [bmv2] [D] [thread 6263] [6.0] [cxt 0] Deparser 'deparser': end
[04:20:24.582] [bmv2] [D] [thread 6267] [6.0] [cxt 0] Transmitting packet of size 70 out of port 0
[04:20:25.606] [bmv2] [D] [thread 6262] [7.0] [cxt 0] Processing packet received on port 2
[04:20:25.606] [bmv2] [D] [thread 6262] [7.0] [cxt 0] Parser 'parser': start
[04:20:25.606] [bmv2] [D] [thread 6262] [7.0] [cxt 0] Parser 'parser' entering state 'start'
[04:20:25.606] [bmv2] [D] [thread 6262] [7.0] [cxt 0] Extracting header 'ethernet'
[04:20:25.606] [bmv2] [D] [thread 6262] [7.0] [cxt 0] Parser state 'start': key is 86dd
[04:20:25.606] [bmv2] [T] [thread 6262] [7.0] [cxt 0] Bytes parsed: 14
[04:20:25.606] [bmv2] [D] [thread 6262] [7.0] [cxt 0] Parser 'parser': end
[04:20:25.606] [bmv2] [D] [thread 6262] [7.0] [cxt 0] Pipeline 'ingress': start
[04:20:25.606] [bmv2] [T] [thread 6262] [7.0] [cxt 0] basic.p4(114) Condition "hdr.ipv4.isValid()" (node_2) is false
[04:20:25.606] [bmv2] [D] [thread 6262] [7.0] [cxt 0] Pipeline 'ingress': end
[04:20:25.606] [bmv2] [D] [thread 6262] [7.0] [cxt 0] Egress port is 0
[04:20:25.606] [bmv2] [D] [thread 6263] [7.0] [cxt 0] Pipeline 'egress': start
[04:20:25.606] [bmv2] [D] [thread 6263] [7.0] [cxt 0] Pipeline 'egress': end
[04:20:25.606] [bmv2] [D] [thread 6263] [7.0] [cxt 0] Deparser 'deparser': start
[04:20:25.606] [bmv2] [T] [thread 6263] [7.0] [cxt 0] Skipping checksum 'cksum' update because condition not met
[04:20:25.606] [bmv2] [D] [thread 6263] [7.0] [cxt 0] Deparsing header 'ethernet'
[04:20:25.606] [bmv2] [D] [thread 6263] [7.0] [cxt 0] Deparser 'deparser': end
[04:20:25.606] [bmv2] [D] [thread 6267] [7.0] [cxt 0] Transmitting packet of size 70 out of port 0
[04:20:31.749] [bmv2] [D] [thread 6262] [8.0] [cxt 0] Processing packet received on port 1
[04:20:31.749] [bmv2] [D] [thread 6262] [8.0] [cxt 0] Parser 'parser': start
[04:20:31.749] [bmv2] [D] [thread 6262] [8.0] [cxt 0] Parser 'parser' entering state 'start'
[04:20:31.749] [bmv2] [D] [thread 6262] [8.0] [cxt 0] Extracting header 'ethernet'
[04:20:31.749] [bmv2] [D] [thread 6262] [8.0] [cxt 0] Parser state 'start': key is 86dd
[04:20:31.749] [bmv2] [T] [thread 6262] [8.0] [cxt 0] Bytes parsed: 14
[04:20:31.749] [bmv2] [D] [thread 6262] [8.0] [cxt 0] Parser 'parser': end
[04:20:31.749] [bmv2] [D] [thread 6262] [8.0] [cxt 0] Pipeline 'ingress': start
[04:20:31.749] [bmv2] [T] [thread 6262] [8.0] [cxt 0] basic.p4(114) Condition "hdr.ipv4.isValid()" (node_2) is false
[04:20:31.749] [bmv2] [D] [thread 6262] [8.0] [cxt 0] Pipeline 'ingress': end
[04:20:31.749] [bmv2] [D] [thread 6262] [8.0] [cxt 0] Egress port is 0
[04:20:31.750] [bmv2] [D] [thread 6263] [8.0] [cxt 0] Pipeline 'egress': start
[04:20:31.750] [bmv2] [D] [thread 6263] [8.0] [cxt 0] Pipeline 'egress': end
[04:20:31.750] [bmv2] [D] [thread 6263] [8.0] [cxt 0] Deparser 'deparser': start
[04:20:31.750] [bmv2] [T] [thread 6263] [8.0] [cxt 0] Skipping checksum 'cksum' update because condition not met
[04:20:31.750] [bmv2] [D] [thread 6263] [8.0] [cxt 0] Deparsing header 'ethernet'
[04:20:31.750] [bmv2] [D] [thread 6263] [8.0] [cxt 0] Deparser 'deparser': end
[04:20:31.750] [bmv2] [D] [thread 6267] [8.0] [cxt 0] Transmitting packet of size 70 out of port 0
[04:20:32.266] [bmv2] [D] [thread 6262] [9.0] [cxt 0] Processing packet received on port 1
[04:20:32.266] [bmv2] [D] [thread 6262] [9.0] [cxt 0] Parser 'parser': start
[04:20:32.266] [bmv2] [D] [thread 6262] [9.0] [cxt 0] Parser 'parser' entering state 'start'
[04:20:32.266] [bmv2] [D] [thread 6262] [9.0] [cxt 0] Extracting header 'ethernet'
[04:20:32.266] [bmv2] [D] [thread 6262] [9.0] [cxt 0] Parser state 'start': key is 86dd
[04:20:32.266] [bmv2] [T] [thread 6262] [9.0] [cxt 0] Bytes parsed: 14
[04:20:32.266] [bmv2] [D] [thread 6262] [9.0] [cxt 0] Parser 'parser': end
[04:20:32.266] [bmv2] [D] [thread 6262] [9.0] [cxt 0] Pipeline 'ingress': start
[04:20:32.266] [bmv2] [T] [thread 6262] [9.0] [cxt 0] basic.p4(114) Condition "hdr.ipv4.isValid()" (node_2) is false
[04:20:32.266] [bmv2] [D] [thread 6262] [9.0] [cxt 0] Pipeline 'ingress': end
[04:20:32.266] [bmv2] [D] [thread 6262] [9.0] [cxt 0] Egress port is 0
[04:20:32.266] [bmv2] [D] [thread 6263] [9.0] [cxt 0] Pipeline 'egress': start
[04:20:32.266] [bmv2] [D] [thread 6263] [9.0] [cxt 0] Pipeline 'egress': end
[04:20:32.266] [bmv2] [D] [thread 6263] [9.0] [cxt 0] Deparser 'deparser': start
[04:20:32.266] [bmv2] [T] [thread 6263] [9.0] [cxt 0] Skipping checksum 'cksum' update because condition not met
[04:20:32.266] [bmv2] [D] [thread 6263] [9.0] [cxt 0] Deparsing header 'ethernet'
[04:20:32.266] [bmv2] [D] [thread 6263] [9.0] [cxt 0] Deparser 'deparser': end
[04:20:32.266] [bmv2] [D] [thread 6267] [9.0] [cxt 0] Transmitting packet of size 70 out of port 0
[04:20:33.285] [bmv2] [D] [thread 6262] [10.0] [cxt 0] Processing packet received on port 2
[04:20:33.285] [bmv2] [D] [thread 6262] [10.0] [cxt 0] Parser 'parser': start
[04:20:33.285] [bmv2] [D] [thread 6262] [10.0] [cxt 0] Parser 'parser' entering state 'start'
[04:20:33.285] [bmv2] [D] [thread 6262] [10.0] [cxt 0] Extracting header 'ethernet'
[04:20:33.285] [bmv2] [D] [thread 6262] [10.0] [cxt 0] Parser state 'start': key is 86dd
[04:20:33.285] [bmv2] [T] [thread 6262] [10.0] [cxt 0] Bytes parsed: 14
[04:20:33.285] [bmv2] [D] [thread 6262] [10.0] [cxt 0] Parser 'parser': end
[04:20:33.285] [bmv2] [D] [thread 6262] [10.0] [cxt 0] Pipeline 'ingress': start
[04:20:33.285] [bmv2] [T] [thread 6262] [10.0] [cxt 0] basic.p4(114) Condition "hdr.ipv4.isValid()" (node_2) is false
[04:20:33.285] [bmv2] [D] [thread 6262] [10.0] [cxt 0] Pipeline 'ingress': end
[04:20:33.285] [bmv2] [D] [thread 6262] [10.0] [cxt 0] Egress port is 0
[04:20:33.286] [bmv2] [D] [thread 6263] [10.0] [cxt 0] Pipeline 'egress': start
[04:20:33.286] [bmv2] [D] [thread 6263] [10.0] [cxt 0] Pipeline 'egress': end
[04:20:33.286] [bmv2] [D] [thread 6263] [10.0] [cxt 0] Deparser 'deparser': start
[04:20:33.286] [bmv2] [T] [thread 6263] [10.0] [cxt 0] Skipping checksum 'cksum' update because condition not met
[04:20:33.286] [bmv2] [D] [thread 6263] [10.0] [cxt 0] Deparsing header 'ethernet'
[04:20:33.286] [bmv2] [D] [thread 6263] [10.0] [cxt 0] Deparser 'deparser': end
[04:20:33.286] [bmv2] [D] [thread 6267] [10.0] [cxt 0] Transmitting packet of size 70 out of port 0
[04:20:34.822] [bmv2] [D] [thread 6262] [11.0] [cxt 0] Processing packet received on port 2
[04:20:34.822] [bmv2] [D] [thread 6262] [11.0] [cxt 0] Parser 'parser': start
[04:20:34.822] [bmv2] [D] [thread 6262] [11.0] [cxt 0] Parser 'parser' entering state 'start'
[04:20:34.822] [bmv2] [D] [thread 6262] [11.0] [cxt 0] Extracting header 'ethernet'
[04:20:34.822] [bmv2] [D] [thread 6262] [11.0] [cxt 0] Parser state 'start': key is 86dd
[04:20:34.822] [bmv2] [T] [thread 6262] [11.0] [cxt 0] Bytes parsed: 14
[04:20:34.822] [bmv2] [D] [thread 6262] [11.0] [cxt 0] Parser 'parser': end
[04:20:34.822] [bmv2] [D] [thread 6262] [11.0] [cxt 0] Pipeline 'ingress': start
[04:20:34.822] [bmv2] [T] [thread 6262] [11.0] [cxt 0] basic.p4(114) Condition "hdr.ipv4.isValid()" (node_2) is false
[04:20:34.822] [bmv2] [D] [thread 6262] [11.0] [cxt 0] Pipeline 'ingress': end
[04:20:34.822] [bmv2] [D] [thread 6262] [11.0] [cxt 0] Egress port is 0
[04:20:34.822] [bmv2] [D] [thread 6263] [11.0] [cxt 0] Pipeline 'egress': start
[04:20:34.822] [bmv2] [D] [thread 6263] [11.0] [cxt 0] Pipeline 'egress': end
[04:20:34.822] [bmv2] [D] [thread 6263] [11.0] [cxt 0] Deparser 'deparser': start
[04:20:34.822] [bmv2] [T] [thread 6263] [11.0] [cxt 0] Skipping checksum 'cksum' update because condition not met
[04:20:34.822] [bmv2] [D] [thread 6263] [11.0] [cxt 0] Deparsing header 'ethernet'
[04:20:34.822] [bmv2] [D] [thread 6263] [11.0] [cxt 0] Deparser 'deparser': end
[04:20:34.822] [bmv2] [D] [thread 6267] [11.0] [cxt 0] Transmitting packet of size 70 out of port 0
[04:20:47.622] [bmv2] [D] [thread 6262] [12.0] [cxt 0] Processing packet received on port 1
[04:20:47.622] [bmv2] [D] [thread 6262] [12.0] [cxt 0] Parser 'parser': start
[04:20:47.622] [bmv2] [D] [thread 6262] [12.0] [cxt 0] Parser 'parser' entering state 'start'
[04:20:47.622] [bmv2] [D] [thread 6262] [12.0] [cxt 0] Extracting header 'ethernet'
[04:20:47.622] [bmv2] [D] [thread 6262] [12.0] [cxt 0] Parser state 'start': key is 86dd
[04:20:47.622] [bmv2] [T] [thread 6262] [12.0] [cxt 0] Bytes parsed: 14
[04:20:47.622] [bmv2] [D] [thread 6262] [12.0] [cxt 0] Parser 'parser': end
[04:20:47.622] [bmv2] [D] [thread 6262] [12.0] [cxt 0] Pipeline 'ingress': start
[04:20:47.622] [bmv2] [T] [thread 6262] [12.0] [cxt 0] basic.p4(114) Condition "hdr.ipv4.isValid()" (node_2) is false
[04:20:47.622] [bmv2] [D] [thread 6262] [12.0] [cxt 0] Pipeline 'ingress': end
[04:20:47.622] [bmv2] [D] [thread 6262] [12.0] [cxt 0] Egress port is 0
[04:20:47.622] [bmv2] [D] [thread 6263] [12.0] [cxt 0] Pipeline 'egress': start
[04:20:47.622] [bmv2] [D] [thread 6263] [12.0] [cxt 0] Pipeline 'egress': end
[04:20:47.622] [bmv2] [D] [thread 6263] [12.0] [cxt 0] Deparser 'deparser': start
[04:20:47.622] [bmv2] [T] [thread 6263] [12.0] [cxt 0] Skipping checksum 'cksum' update because condition not met
[04:20:47.622] [bmv2] [D] [thread 6263] [12.0] [cxt 0] Deparsing header 'ethernet'
[04:20:47.622] [bmv2] [D] [thread 6263] [12.0] [cxt 0] Deparser 'deparser': end
[04:20:47.622] [bmv2] [D] [thread 6267] [12.0] [cxt 0] Transmitting packet of size 70 out of port 0
[04:20:48.134] [bmv2] [D] [thread 6262] [13.0] [cxt 0] Processing packet received on port 1
[04:20:48.134] [bmv2] [D] [thread 6262] [13.0] [cxt 0] Parser 'parser': start
[04:20:48.134] [bmv2] [D] [thread 6262] [13.0] [cxt 0] Parser 'parser' entering state 'start'
[04:20:48.134] [bmv2] [D] [thread 6262] [13.0] [cxt 0] Extracting header 'ethernet'
[04:20:48.134] [bmv2] [D] [thread 6262] [13.0] [cxt 0] Parser state 'start': key is 86dd
[04:20:48.134] [bmv2] [T] [thread 6262] [13.0] [cxt 0] Bytes parsed: 14
[04:20:48.134] [bmv2] [D] [thread 6262] [13.0] [cxt 0] Parser 'parser': end
[04:20:48.134] [bmv2] [D] [thread 6262] [13.0] [cxt 0] Pipeline 'ingress': start
[04:20:48.134] [bmv2] [T] [thread 6262] [13.0] [cxt 0] basic.p4(114) Condition "hdr.ipv4.isValid()" (node_2) is false
[04:20:48.134] [bmv2] [D] [thread 6262] [13.0] [cxt 0] Pipeline 'ingress': end
[04:20:48.134] [bmv2] [D] [thread 6262] [13.0] [cxt 0] Egress port is 0
[04:20:48.134] [bmv2] [D] [thread 6263] [13.0] [cxt 0] Pipeline 'egress': start
[04:20:48.134] [bmv2] [D] [thread 6263] [13.0] [cxt 0] Pipeline 'egress': end
[04:20:48.134] [bmv2] [D] [thread 6263] [13.0] [cxt 0] Deparser 'deparser': start
[04:20:48.134] [bmv2] [T] [thread 6263] [13.0] [cxt 0] Skipping checksum 'cksum' update because condition not met
[04:20:48.134] [bmv2] [D] [thread 6263] [13.0] [cxt 0] Deparsing header 'ethernet'
[04:20:48.134] [bmv2] [D] [thread 6263] [13.0] [cxt 0] Deparser 'deparser': end
[04:20:48.134] [bmv2] [D] [thread 6267] [13.0] [cxt 0] Transmitting packet of size 70 out of port 0
[04:20:50.185] [bmv2] [D] [thread 6262] [14.0] [cxt 0] Processing packet received on port 2
[04:20:50.185] [bmv2] [D] [thread 6262] [14.0] [cxt 0] Parser 'parser': start
[04:20:50.185] [bmv2] [D] [thread 6262] [14.0] [cxt 0] Parser 'parser' entering state 'start'
[04:20:50.185] [bmv2] [D] [thread 6262] [14.0] [cxt 0] Extracting header 'ethernet'
[04:20:50.185] [bmv2] [D] [thread 6262] [14.0] [cxt 0] Parser state 'start': key is 86dd
[04:20:50.185] [bmv2] [T] [thread 6262] [14.0] [cxt 0] Bytes parsed: 14
[04:20:50.185] [bmv2] [D] [thread 6262] [14.0] [cxt 0] Parser 'parser': end
[04:20:50.185] [bmv2] [D] [thread 6262] [14.0] [cxt 0] Pipeline 'ingress': start
[04:20:50.185] [bmv2] [T] [thread 6262] [14.0] [cxt 0] basic.p4(114) Condition "hdr.ipv4.isValid()" (node_2) is false
[04:20:50.185] [bmv2] [D] [thread 6262] [14.0] [cxt 0] Pipeline 'ingress': end
[04:20:50.185] [bmv2] [D] [thread 6262] [14.0] [cxt 0] Egress port is 0
[04:20:50.185] [bmv2] [D] [thread 6263] [14.0] [cxt 0] Pipeline 'egress': start
[04:20:50.185] [bmv2] [D] [thread 6263] [14.0] [cxt 0] Pipeline 'egress': end
[04:20:50.185] [bmv2] [D] [thread 6263] [14.0] [cxt 0] Deparser 'deparser': start
[04:20:50.185] [bmv2] [T] [thread 6263] [14.0] [cxt 0] Skipping checksum 'cksum' update because condition not met
[04:20:50.185] [bmv2] [D] [thread 6263] [14.0] [cxt 0] Deparsing header 'ethernet'
[04:20:50.185] [bmv2] [D] [thread 6263] [14.0] [cxt 0] Deparser 'deparser': end
[04:20:50.185] [bmv2] [D] [thread 6267] [14.0] [cxt 0] Transmitting packet of size 70 out of port 0
[04:20:53.765] [bmv2] [D] [thread 6262] [15.0] [cxt 0] Processing packet received on port 2
[04:20:53.765] [bmv2] [D] [thread 6262] [15.0] [cxt 0] Parser 'parser': start
[04:20:53.765] [bmv2] [D] [thread 6262] [15.0] [cxt 0] Parser 'parser' entering state 'start'
[04:20:53.765] [bmv2] [D] [thread 6262] [15.0] [cxt 0] Extracting header 'ethernet'
[04:20:53.765] [bmv2] [D] [thread 6262] [15.0] [cxt 0] Parser state 'start': key is 86dd
[04:20:53.765] [bmv2] [T] [thread 6262] [15.0] [cxt 0] Bytes parsed: 14
[04:20:53.765] [bmv2] [D] [thread 6262] [15.0] [cxt 0] Parser 'parser': end
[04:20:53.766] [bmv2] [D] [thread 6262] [15.0] [cxt 0] Pipeline 'ingress': start
[04:20:53.766] [bmv2] [T] [thread 6262] [15.0] [cxt 0] basic.p4(114) Condition "hdr.ipv4.isValid()" (node_2) is false
[04:20:53.766] [bmv2] [D] [thread 6262] [15.0] [cxt 0] Pipeline 'ingress': end
[04:20:53.766] [bmv2] [D] [thread 6262] [15.0] [cxt 0] Egress port is 0
[04:20:53.766] [bmv2] [D] [thread 6263] [15.0] [cxt 0] Pipeline 'egress': start
[04:20:53.766] [bmv2] [D] [thread 6263] [15.0] [cxt 0] Pipeline 'egress': end
[04:20:53.766] [bmv2] [D] [thread 6263] [15.0] [cxt 0] Deparser 'deparser': start
[04:20:53.766] [bmv2] [T] [thread 6263] [15.0] [cxt 0] Skipping checksum 'cksum' update because condition not met
[04:20:53.766] [bmv2] [D] [thread 6263] [15.0] [cxt 0] Deparsing header 'ethernet'
[04:20:53.766] [bmv2] [D] [thread 6263] [15.0] [cxt 0] Deparser 'deparser': end
[04:20:53.766] [bmv2] [D] [thread 6267] [15.0] [cxt 0] Transmitting packet of size 70 out of port 0
open: No such file or directory
open: No such file or directory
