Calling target program-options parser
[08:08:56.983] [bmv2] [D] [thread 42139] Set default default entry for table 'MyIngress.ethernet_exact': MyIngress.drop - 
Adding interface s5-eth1 as port 1
[08:08:56.984] [bmv2] [D] [thread 42139] Adding interface s5-eth1 as port 1
Adding interface s5-eth2 as port 2
[08:08:56.992] [bmv2] [D] [thread 42139] Adding interface s5-eth2 as port 2
Adding interface s5-eth3 as port 3
[08:08:57.002] [bmv2] [D] [thread 42139] Adding interface s5-eth3 as port 3
Server listening on 0.0.0.0:50055
[08:08:57.014] [bmv2] [I] [thread 42139] Starting Thrift server on port 9094
[08:08:57.014] [bmv2] [I] [thread 42139] Thrift server was started
[08:08:57.342] [bmv2] [D] [thread 42155] [0.0] [cxt 0] Processing packet received on port 1
[08:08:57.342] [bmv2] [D] [thread 42155] [0.0] [cxt 0] Parser 'parser': start
[08:08:57.342] [bmv2] [D] [thread 42155] [0.0] [cxt 0] Parser 'parser' entering state 'start'
[08:08:57.342] [bmv2] [D] [thread 42155] [0.0] [cxt 0] Extracting header 'ethernet'
[08:08:57.342] [bmv2] [D] [thread 42155] [0.0] [cxt 0] Parser state 'start' has no switch, going to default next state
[08:08:57.342] [bmv2] [T] [thread 42155] [0.0] [cxt 0] Bytes parsed: 14
[08:08:57.342] [bmv2] [D] [thread 42155] [0.0] [cxt 0] Parser 'parser': end
[08:08:57.342] [bmv2] [D] [thread 42155] [0.0] [cxt 0] Pipeline 'ingress': start
[08:08:57.342] [bmv2] [T] [thread 42155] [0.0] [cxt 0] switch.p4(86) Condition "hdr.ethernet.isValid()" (node_2) is true
[08:08:57.342] [bmv2] [T] [thread 42155] [0.0] [cxt 0] Applying table 'MyIngress.ethernet_exact'
[08:08:57.342] [bmv2] [D] [thread 42155] [0.0] [cxt 0] Looking up key:
* hdr.ethernet.dstAddr: 333300000016

[08:08:57.342] [bmv2] [D] [thread 42155] [0.0] [cxt 0] Table 'MyIngress.ethernet_exact': miss
[08:08:57.342] [bmv2] [D] [thread 42155] [0.0] [cxt 0] Action entry is MyIngress.drop - 
[08:08:57.342] [bmv2] [T] [thread 42155] [0.0] [cxt 0] Action MyIngress.drop
[08:08:57.342] [bmv2] [T] [thread 42155] [0.0] [cxt 0] switch.p4(65) Primitive mark_to_drop(standard_metadata)
[08:08:57.342] [bmv2] [D] [thread 42155] [0.0] [cxt 0] Pipeline 'ingress': end
[08:08:57.342] [bmv2] [D] [thread 42155] [0.0] [cxt 0] Egress port is 511
[08:08:57.342] [bmv2] [D] [thread 42155] [0.0] [cxt 0] Dropping packet at the end of ingress
[08:08:59.646] [bmv2] [D] [thread 42155] [1.0] [cxt 0] Processing packet received on port 2
[08:08:59.646] [bmv2] [D] [thread 42155] [1.0] [cxt 0] Parser 'parser': start
[08:08:59.646] [bmv2] [D] [thread 42155] [1.0] [cxt 0] Parser 'parser' entering state 'start'
[08:08:59.646] [bmv2] [D] [thread 42155] [1.0] [cxt 0] Extracting header 'ethernet'
[08:08:59.646] [bmv2] [D] [thread 42155] [1.0] [cxt 0] Parser state 'start' has no switch, going to default next state
[08:08:59.646] [bmv2] [T] [thread 42155] [1.0] [cxt 0] Bytes parsed: 14
[08:08:59.646] [bmv2] [D] [thread 42155] [1.0] [cxt 0] Parser 'parser': end
[08:08:59.646] [bmv2] [D] [thread 42155] [1.0] [cxt 0] Pipeline 'ingress': start
[08:08:59.646] [bmv2] [T] [thread 42155] [1.0] [cxt 0] switch.p4(86) Condition "hdr.ethernet.isValid()" (node_2) is true
[08:08:59.646] [bmv2] [T] [thread 42155] [1.0] [cxt 0] Applying table 'MyIngress.ethernet_exact'
[08:08:59.646] [bmv2] [D] [thread 42155] [1.0] [cxt 0] Looking up key:
* hdr.ethernet.dstAddr: 333300000002

[08:08:59.646] [bmv2] [D] [thread 42155] [1.0] [cxt 0] Table 'MyIngress.ethernet_exact': miss
[08:08:59.646] [bmv2] [D] [thread 42155] [1.0] [cxt 0] Action entry is MyIngress.drop - 
[08:08:59.646] [bmv2] [T] [thread 42155] [1.0] [cxt 0] Action MyIngress.drop
[08:08:59.646] [bmv2] [T] [thread 42155] [1.0] [cxt 0] switch.p4(65) Primitive mark_to_drop(standard_metadata)
[08:08:59.646] [bmv2] [D] [thread 42155] [1.0] [cxt 0] Pipeline 'ingress': end
[08:08:59.646] [bmv2] [D] [thread 42155] [1.0] [cxt 0] Egress port is 511
[08:08:59.646] [bmv2] [D] [thread 42155] [1.0] [cxt 0] Dropping packet at the end of ingress
[08:08:59.646] [bmv2] [D] [thread 42155] [2.0] [cxt 0] Processing packet received on port 3
[08:08:59.646] [bmv2] [D] [thread 42155] [2.0] [cxt 0] Parser 'parser': start
[08:08:59.646] [bmv2] [D] [thread 42155] [2.0] [cxt 0] Parser 'parser' entering state 'start'
[08:08:59.646] [bmv2] [D] [thread 42155] [2.0] [cxt 0] Extracting header 'ethernet'
[08:08:59.646] [bmv2] [D] [thread 42155] [2.0] [cxt 0] Parser state 'start' has no switch, going to default next state
[08:08:59.646] [bmv2] [T] [thread 42155] [2.0] [cxt 0] Bytes parsed: 14
[08:08:59.646] [bmv2] [D] [thread 42155] [2.0] [cxt 0] Parser 'parser': end
[08:08:59.646] [bmv2] [D] [thread 42155] [2.0] [cxt 0] Pipeline 'ingress': start
[08:08:59.646] [bmv2] [T] [thread 42155] [2.0] [cxt 0] switch.p4(86) Condition "hdr.ethernet.isValid()" (node_2) is true
[08:08:59.646] [bmv2] [T] [thread 42155] [2.0] [cxt 0] Applying table 'MyIngress.ethernet_exact'
[08:08:59.646] [bmv2] [D] [thread 42155] [2.0] [cxt 0] Looking up key:
* hdr.ethernet.dstAddr: 333300000002

[08:08:59.646] [bmv2] [D] [thread 42155] [2.0] [cxt 0] Table 'MyIngress.ethernet_exact': miss
[08:08:59.646] [bmv2] [D] [thread 42155] [2.0] [cxt 0] Action entry is MyIngress.drop - 
[08:08:59.646] [bmv2] [T] [thread 42155] [2.0] [cxt 0] Action MyIngress.drop
[08:08:59.646] [bmv2] [T] [thread 42155] [2.0] [cxt 0] switch.p4(65) Primitive mark_to_drop(standard_metadata)
[08:08:59.646] [bmv2] [D] [thread 42155] [2.0] [cxt 0] Pipeline 'ingress': end
[08:08:59.646] [bmv2] [D] [thread 42155] [2.0] [cxt 0] Egress port is 511
[08:08:59.646] [bmv2] [D] [thread 42155] [2.0] [cxt 0] Dropping packet at the end of ingress
[08:09:00.478] [bmv2] [D] [thread 42155] [3.0] [cxt 0] Processing packet received on port 3
[08:09:00.478] [bmv2] [D] [thread 42155] [3.0] [cxt 0] Parser 'parser': start
[08:09:00.478] [bmv2] [D] [thread 42155] [3.0] [cxt 0] Parser 'parser' entering state 'start'
[08:09:00.478] [bmv2] [D] [thread 42155] [3.0] [cxt 0] Extracting header 'ethernet'
[08:09:00.478] [bmv2] [D] [thread 42155] [3.0] [cxt 0] Parser state 'start' has no switch, going to default next state
[08:09:00.478] [bmv2] [T] [thread 42155] [3.0] [cxt 0] Bytes parsed: 14
[08:09:00.478] [bmv2] [D] [thread 42155] [3.0] [cxt 0] Parser 'parser': end
[08:09:00.478] [bmv2] [D] [thread 42155] [3.0] [cxt 0] Pipeline 'ingress': start
[08:09:00.478] [bmv2] [T] [thread 42155] [3.0] [cxt 0] switch.p4(86) Condition "hdr.ethernet.isValid()" (node_2) is true
[08:09:00.478] [bmv2] [T] [thread 42155] [3.0] [cxt 0] Applying table 'MyIngress.ethernet_exact'
[08:09:00.478] [bmv2] [D] [thread 42155] [3.0] [cxt 0] Looking up key:
* hdr.ethernet.dstAddr: 333300000002

[08:09:00.478] [bmv2] [D] [thread 42155] [3.0] [cxt 0] Table 'MyIngress.ethernet_exact': miss
[08:09:00.478] [bmv2] [D] [thread 42155] [3.0] [cxt 0] Action entry is MyIngress.drop - 
[08:09:00.478] [bmv2] [T] [thread 42155] [3.0] [cxt 0] Action MyIngress.drop
[08:09:00.478] [bmv2] [T] [thread 42155] [3.0] [cxt 0] switch.p4(65) Primitive mark_to_drop(standard_metadata)
[08:09:00.478] [bmv2] [D] [thread 42155] [3.0] [cxt 0] Pipeline 'ingress': end
[08:09:00.478] [bmv2] [D] [thread 42155] [3.0] [cxt 0] Egress port is 511
[08:09:00.478] [bmv2] [D] [thread 42155] [3.0] [cxt 0] Dropping packet at the end of ingress
[08:09:00.606] [bmv2] [D] [thread 42155] [4.0] [cxt 0] Processing packet received on port 1
[08:09:00.606] [bmv2] [D] [thread 42155] [4.0] [cxt 0] Parser 'parser': start
[08:09:00.606] [bmv2] [D] [thread 42155] [4.0] [cxt 0] Parser 'parser' entering state 'start'
[08:09:00.606] [bmv2] [D] [thread 42155] [4.0] [cxt 0] Extracting header 'ethernet'
[08:09:00.606] [bmv2] [D] [thread 42155] [4.0] [cxt 0] Parser state 'start' has no switch, going to default next state
[08:09:00.606] [bmv2] [T] [thread 42155] [4.0] [cxt 0] Bytes parsed: 14
[08:09:00.606] [bmv2] [D] [thread 42155] [4.0] [cxt 0] Parser 'parser': end
[08:09:00.606] [bmv2] [D] [thread 42155] [4.0] [cxt 0] Pipeline 'ingress': start
[08:09:00.606] [bmv2] [T] [thread 42155] [4.0] [cxt 0] switch.p4(86) Condition "hdr.ethernet.isValid()" (node_2) is true
[08:09:00.606] [bmv2] [T] [thread 42155] [4.0] [cxt 0] Applying table 'MyIngress.ethernet_exact'
[08:09:00.606] [bmv2] [D] [thread 42155] [4.0] [cxt 0] Looking up key:
* hdr.ethernet.dstAddr: 333300000002

[08:09:00.606] [bmv2] [D] [thread 42155] [4.0] [cxt 0] Table 'MyIngress.ethernet_exact': miss
[08:09:00.606] [bmv2] [D] [thread 42155] [4.0] [cxt 0] Action entry is MyIngress.drop - 
[08:09:00.606] [bmv2] [T] [thread 42155] [4.0] [cxt 0] Action MyIngress.drop
[08:09:00.606] [bmv2] [T] [thread 42155] [4.0] [cxt 0] switch.p4(65) Primitive mark_to_drop(standard_metadata)
[08:09:00.606] [bmv2] [D] [thread 42155] [4.0] [cxt 0] Pipeline 'ingress': end
[08:09:00.606] [bmv2] [D] [thread 42155] [4.0] [cxt 0] Egress port is 511
[08:09:00.606] [bmv2] [D] [thread 42155] [4.0] [cxt 0] Dropping packet at the end of ingress
[08:09:00.606] [bmv2] [D] [thread 42155] [5.0] [cxt 0] Processing packet received on port 2
[08:09:00.606] [bmv2] [D] [thread 42155] [5.0] [cxt 0] Parser 'parser': start
[08:09:00.606] [bmv2] [D] [thread 42155] [5.0] [cxt 0] Parser 'parser' entering state 'start'
[08:09:00.606] [bmv2] [D] [thread 42155] [5.0] [cxt 0] Extracting header 'ethernet'
[08:09:00.606] [bmv2] [D] [thread 42155] [5.0] [cxt 0] Parser state 'start' has no switch, going to default next state
[08:09:00.606] [bmv2] [T] [thread 42155] [5.0] [cxt 0] Bytes parsed: 14
[08:09:00.606] [bmv2] [D] [thread 42155] [5.0] [cxt 0] Parser 'parser': end
[08:09:00.606] [bmv2] [D] [thread 42155] [5.0] [cxt 0] Pipeline 'ingress': start
[08:09:00.606] [bmv2] [T] [thread 42155] [5.0] [cxt 0] switch.p4(86) Condition "hdr.ethernet.isValid()" (node_2) is true
[08:09:00.606] [bmv2] [T] [thread 42155] [5.0] [cxt 0] Applying table 'MyIngress.ethernet_exact'
[08:09:00.606] [bmv2] [D] [thread 42155] [5.0] [cxt 0] Looking up key:
* hdr.ethernet.dstAddr: 333300000002

[08:09:00.607] [bmv2] [D] [thread 42155] [5.0] [cxt 0] Table 'MyIngress.ethernet_exact': miss
[08:09:00.607] [bmv2] [D] [thread 42155] [5.0] [cxt 0] Action entry is MyIngress.drop - 
[08:09:00.607] [bmv2] [T] [thread 42155] [5.0] [cxt 0] Action MyIngress.drop
[08:09:00.607] [bmv2] [T] [thread 42155] [5.0] [cxt 0] switch.p4(65) Primitive mark_to_drop(standard_metadata)
[08:09:00.607] [bmv2] [D] [thread 42155] [5.0] [cxt 0] Pipeline 'ingress': end
[08:09:00.607] [bmv2] [D] [thread 42155] [5.0] [cxt 0] Egress port is 511
[08:09:00.607] [bmv2] [D] [thread 42155] [5.0] [cxt 0] Dropping packet at the end of ingress
[08:09:01.119] [bmv2] [D] [thread 42155] [6.0] [cxt 0] Processing packet received on port 1
[08:09:01.119] [bmv2] [D] [thread 42155] [6.0] [cxt 0] Parser 'parser': start
[08:09:01.119] [bmv2] [D] [thread 42155] [6.0] [cxt 0] Parser 'parser' entering state 'start'
[08:09:01.119] [bmv2] [D] [thread 42155] [6.0] [cxt 0] Extracting header 'ethernet'
[08:09:01.119] [bmv2] [D] [thread 42155] [6.0] [cxt 0] Parser state 'start' has no switch, going to default next state
[08:09:01.119] [bmv2] [T] [thread 42155] [6.0] [cxt 0] Bytes parsed: 14
[08:09:01.119] [bmv2] [D] [thread 42155] [6.0] [cxt 0] Parser 'parser': end
[08:09:01.119] [bmv2] [D] [thread 42155] [6.0] [cxt 0] Pipeline 'ingress': start
[08:09:01.119] [bmv2] [T] [thread 42155] [6.0] [cxt 0] switch.p4(86) Condition "hdr.ethernet.isValid()" (node_2) is true
[08:09:01.119] [bmv2] [T] [thread 42155] [6.0] [cxt 0] Applying table 'MyIngress.ethernet_exact'
[08:09:01.119] [bmv2] [D] [thread 42155] [6.0] [cxt 0] Looking up key:
* hdr.ethernet.dstAddr: 333300000002

[08:09:01.119] [bmv2] [D] [thread 42155] [6.0] [cxt 0] Table 'MyIngress.ethernet_exact': miss
[08:09:01.119] [bmv2] [D] [thread 42155] [6.0] [cxt 0] Action entry is MyIngress.drop - 
[08:09:01.119] [bmv2] [T] [thread 42155] [6.0] [cxt 0] Action MyIngress.drop
[08:09:01.119] [bmv2] [T] [thread 42155] [6.0] [cxt 0] switch.p4(65) Primitive mark_to_drop(standard_metadata)
[08:09:01.119] [bmv2] [D] [thread 42155] [6.0] [cxt 0] Pipeline 'ingress': end
[08:09:01.119] [bmv2] [D] [thread 42155] [6.0] [cxt 0] Egress port is 511
[08:09:01.119] [bmv2] [D] [thread 42155] [6.0] [cxt 0] Dropping packet at the end of ingress
[08:09:01.147] [bmv2] [W] [thread 42338] [P4Runtime] p4::tmp::P4DeviceConfig is deprecated
[08:09:01.148] [bmv2] [D] [thread 42338] Set default default entry for table 'MyIngress.ipv4_lpm': MyIngress.drop - 
[08:09:01.149] [bmv2] [D] [thread 42338] simple_switch target has been notified of a config swap
[08:09:01.150] [bmv2] [D] [thread 42338] Set default entry for table 'MyIngress.ipv4_lpm': MyIngress.drop - 
[08:09:01.151] [bmv2] [D] [thread 42339] Entry 0 added to table 'MyIngress.ipv4_lpm'
[08:09:01.152] [bmv2] [D] [thread 42339] Dumping entry 0
Match key:
* hdr.ipv4.dstAddr    : LPM       0a000101/32
Action entry: MyIngress.ipv4_forward - 80000000100,1,

[08:09:01.153] [bmv2] [D] [thread 42338] Entry 1 added to table 'MyIngress.ipv4_lpm'
[08:09:01.153] [bmv2] [D] [thread 42338] Dumping entry 1
Match key:
* hdr.ipv4.dstAddr    : LPM       0a000102/32
Action entry: MyIngress.ipv4_forward - 80000000200,1,

[08:09:01.154] [bmv2] [D] [thread 42339] Entry 2 added to table 'MyIngress.ipv4_lpm'
[08:09:01.154] [bmv2] [D] [thread 42339] Dumping entry 2
Match key:
* hdr.ipv4.dstAddr    : LPM       0a000303/32
Action entry: MyIngress.ipv4_forward - 80000000300,2,

[08:09:01.154] [bmv2] [D] [thread 42338] Entry 3 added to table 'MyIngress.ipv4_lpm'
[08:09:01.154] [bmv2] [D] [thread 42338] Dumping entry 3
Match key:
* hdr.ipv4.dstAddr    : LPM       0a000304/32
Action entry: MyIngress.ipv4_forward - 80000000400,2,

[08:09:01.155] [bmv2] [D] [thread 42339] Entry 4 added to table 'MyIngress.ipv4_lpm'
[08:09:01.155] [bmv2] [D] [thread 42339] Dumping entry 4
Match key:
* hdr.ipv4.dstAddr    : LPM       08080808/32
Action entry: MyIngress.ipv4_forward - 80000000500,3,

[08:09:01.156] [bmv2] [D] [thread 42338] Entry 5 added to table 'MyIngress.ipv4_lpm'
[08:09:01.156] [bmv2] [D] [thread 42338] Dumping entry 5
Match key:
* hdr.ipv4.dstAddr    : LPM       0a000606/32
Action entry: MyIngress.ipv4_forward - 80000000600,3,

[08:09:01.156] [bmv2] [D] [thread 42339] Entry 6 added to table 'MyIngress.ipv4_lpm'
[08:09:01.156] [bmv2] [D] [thread 42339] Dumping entry 6
Match key:
* hdr.ipv4.dstAddr    : LPM       0a000707/32
Action entry: MyIngress.ipv4_forward - 80000000700,3,

[08:09:01.157] [bmv2] [D] [thread 42338] Entry 7 added to table 'MyIngress.ipv4_lpm'
[08:09:01.157] [bmv2] [D] [thread 42338] Dumping entry 7
Match key:
* hdr.ipv4.dstAddr    : LPM       0a000808/32
Action entry: MyIngress.ipv4_forward - 80000000800,3,

[08:09:01.158] [bmv2] [D] [thread 42339] Entry 8 added to table 'MyIngress.ipv4_lpm'
[08:09:01.158] [bmv2] [D] [thread 42339] Dumping entry 8
Match key:
* hdr.ipv4.dstAddr    : LPM       0a000909/32
Action entry: MyIngress.ipv4_forward - 80000000900,3,

[08:09:04.536] [bmv2] [D] [thread 42155] [7.0] [cxt 0] Processing packet received on port 1
[08:09:04.536] [bmv2] [D] [thread 42155] [7.0] [cxt 0] Parser 'parser': start
[08:09:04.536] [bmv2] [D] [thread 42155] [7.0] [cxt 0] Parser 'parser' entering state 'start'
[08:09:04.536] [bmv2] [D] [thread 42155] [7.0] [cxt 0] Extracting header 'ethernet'
[08:09:04.536] [bmv2] [D] [thread 42155] [7.0] [cxt 0] Parser state 'start': key is 0800
[08:09:04.536] [bmv2] [T] [thread 42155] [7.0] [cxt 0] Bytes parsed: 14
[08:09:04.536] [bmv2] [D] [thread 42155] [7.0] [cxt 0] Parser 'parser' entering state 'parse_ipv4'
[08:09:04.536] [bmv2] [D] [thread 42155] [7.0] [cxt 0] Extracting header 'ipv4'
[08:09:04.536] [bmv2] [D] [thread 42155] [7.0] [cxt 0] Parser state 'parse_ipv4' has no switch, going to default next state
[08:09:04.536] [bmv2] [T] [thread 42155] [7.0] [cxt 0] Bytes parsed: 34
[08:09:04.536] [bmv2] [D] [thread 42155] [7.0] [cxt 0] Parser 'parser': end
[08:09:04.536] [bmv2] [D] [thread 42155] [7.0] [cxt 0] Pipeline 'ingress': start
[08:09:04.536] [bmv2] [T] [thread 42155] [7.0] [cxt 0] basic.p4(114) Condition "hdr.ipv4.isValid()" (node_2) is true
[08:09:04.536] [bmv2] [T] [thread 42155] [7.0] [cxt 0] Applying table 'MyIngress.ipv4_lpm'
[08:09:04.536] [bmv2] [D] [thread 42155] [7.0] [cxt 0] Looking up key:
* hdr.ipv4.dstAddr    : 0a000304

[08:09:04.536] [bmv2] [D] [thread 42155] [7.0] [cxt 0] Table 'MyIngress.ipv4_lpm': hit with handle 3
[08:09:04.536] [bmv2] [D] [thread 42155] [7.0] [cxt 0] Dumping entry 3
Match key:
* hdr.ipv4.dstAddr    : LPM       0a000304/32
Action entry: MyIngress.ipv4_forward - 80000000400,2,

[08:09:04.536] [bmv2] [D] [thread 42155] [7.0] [cxt 0] Action entry is MyIngress.ipv4_forward - 80000000400,2,
[08:09:04.536] [bmv2] [T] [thread 42155] [7.0] [cxt 0] Action MyIngress.ipv4_forward
[08:09:04.536] [bmv2] [T] [thread 42155] [7.0] [cxt 0] basic.p4(94) Primitive standard_metadata.egress_spec = port
[08:09:04.536] [bmv2] [T] [thread 42155] [7.0] [cxt 0] basic.p4(95) Primitive hdr.ethernet.srcAddr = hdr.ethernet.dstAddr
[08:09:04.536] [bmv2] [T] [thread 42155] [7.0] [cxt 0] basic.p4(96) Primitive hdr.ethernet.dstAddr = dstAddr
[08:09:04.536] [bmv2] [T] [thread 42155] [7.0] [cxt 0] basic.p4(97) Primitive hdr.ipv4.ttl = hdr.ipv4.ttl - 1
[08:09:04.536] [bmv2] [D] [thread 42155] [7.0] [cxt 0] Pipeline 'ingress': end
[08:09:04.536] [bmv2] [D] [thread 42155] [7.0] [cxt 0] Egress port is 2
[08:09:04.536] [bmv2] [D] [thread 42158] [7.0] [cxt 0] Pipeline 'egress': start
[08:09:04.536] [bmv2] [D] [thread 42158] [7.0] [cxt 0] Pipeline 'egress': end
[08:09:04.536] [bmv2] [D] [thread 42158] [7.0] [cxt 0] Deparser 'deparser': start
[08:09:04.536] [bmv2] [D] [thread 42158] [7.0] [cxt 0] Updating checksum 'cksum'
[08:09:04.536] [bmv2] [D] [thread 42158] [7.0] [cxt 0] Deparsing header 'ethernet'
[08:09:04.536] [bmv2] [D] [thread 42158] [7.0] [cxt 0] Deparsing header 'ipv4'
[08:09:04.536] [bmv2] [D] [thread 42158] [7.0] [cxt 0] Deparser 'deparser': end
[08:09:04.536] [bmv2] [D] [thread 42160] [7.0] [cxt 0] Transmitting packet of size 98 out of port 2
[08:09:04.538] [bmv2] [D] [thread 42155] [8.0] [cxt 0] Processing packet received on port 2
[08:09:04.538] [bmv2] [D] [thread 42155] [8.0] [cxt 0] Parser 'parser': start
[08:09:04.538] [bmv2] [D] [thread 42155] [8.0] [cxt 0] Parser 'parser' entering state 'start'
[08:09:04.538] [bmv2] [D] [thread 42155] [8.0] [cxt 0] Extracting header 'ethernet'
[08:09:04.539] [bmv2] [D] [thread 42155] [8.0] [cxt 0] Parser state 'start': key is 0800
[08:09:04.539] [bmv2] [T] [thread 42155] [8.0] [cxt 0] Bytes parsed: 14
[08:09:04.539] [bmv2] [D] [thread 42155] [8.0] [cxt 0] Parser 'parser' entering state 'parse_ipv4'
[08:09:04.539] [bmv2] [D] [thread 42155] [8.0] [cxt 0] Extracting header 'ipv4'
[08:09:04.539] [bmv2] [D] [thread 42155] [8.0] [cxt 0] Parser state 'parse_ipv4' has no switch, going to default next state
[08:09:04.539] [bmv2] [T] [thread 42155] [8.0] [cxt 0] Bytes parsed: 34
[08:09:04.539] [bmv2] [D] [thread 42155] [8.0] [cxt 0] Parser 'parser': end
[08:09:04.539] [bmv2] [D] [thread 42155] [8.0] [cxt 0] Pipeline 'ingress': start
[08:09:04.539] [bmv2] [T] [thread 42155] [8.0] [cxt 0] basic.p4(114) Condition "hdr.ipv4.isValid()" (node_2) is true
[08:09:04.539] [bmv2] [T] [thread 42155] [8.0] [cxt 0] Applying table 'MyIngress.ipv4_lpm'
[08:09:04.539] [bmv2] [D] [thread 42155] [8.0] [cxt 0] Looking up key:
* hdr.ipv4.dstAddr    : 0a000101

[08:09:04.539] [bmv2] [D] [thread 42155] [8.0] [cxt 0] Table 'MyIngress.ipv4_lpm': hit with handle 0
[08:09:04.539] [bmv2] [D] [thread 42155] [8.0] [cxt 0] Dumping entry 0
Match key:
* hdr.ipv4.dstAddr    : LPM       0a000101/32
Action entry: MyIngress.ipv4_forward - 80000000100,1,

[08:09:04.539] [bmv2] [D] [thread 42155] [8.0] [cxt 0] Action entry is MyIngress.ipv4_forward - 80000000100,1,
[08:09:04.539] [bmv2] [T] [thread 42155] [8.0] [cxt 0] Action MyIngress.ipv4_forward
[08:09:04.539] [bmv2] [T] [thread 42155] [8.0] [cxt 0] basic.p4(94) Primitive standard_metadata.egress_spec = port
[08:09:04.539] [bmv2] [T] [thread 42155] [8.0] [cxt 0] basic.p4(95) Primitive hdr.ethernet.srcAddr = hdr.ethernet.dstAddr
[08:09:04.539] [bmv2] [T] [thread 42155] [8.0] [cxt 0] basic.p4(96) Primitive hdr.ethernet.dstAddr = dstAddr
[08:09:04.539] [bmv2] [T] [thread 42155] [8.0] [cxt 0] basic.p4(97) Primitive hdr.ipv4.ttl = hdr.ipv4.ttl - 1
[08:09:04.539] [bmv2] [D] [thread 42155] [8.0] [cxt 0] Pipeline 'ingress': end
[08:09:04.539] [bmv2] [D] [thread 42155] [8.0] [cxt 0] Egress port is 1
[08:09:04.539] [bmv2] [D] [thread 42157] [8.0] [cxt 0] Pipeline 'egress': start
[08:09:04.539] [bmv2] [D] [thread 42157] [8.0] [cxt 0] Pipeline 'egress': end
[08:09:04.539] [bmv2] [D] [thread 42157] [8.0] [cxt 0] Deparser 'deparser': start
[08:09:04.539] [bmv2] [D] [thread 42157] [8.0] [cxt 0] Updating checksum 'cksum'
[08:09:04.539] [bmv2] [D] [thread 42157] [8.0] [cxt 0] Deparsing header 'ethernet'
[08:09:04.539] [bmv2] [D] [thread 42157] [8.0] [cxt 0] Deparsing header 'ipv4'
[08:09:04.539] [bmv2] [D] [thread 42157] [8.0] [cxt 0] Deparser 'deparser': end
[08:09:04.539] [bmv2] [D] [thread 42160] [8.0] [cxt 0] Transmitting packet of size 98 out of port 1
[08:09:05.536] [bmv2] [D] [thread 42155] [9.0] [cxt 0] Processing packet received on port 1
[08:09:05.536] [bmv2] [D] [thread 42155] [9.0] [cxt 0] Parser 'parser': start
[08:09:05.536] [bmv2] [D] [thread 42155] [9.0] [cxt 0] Parser 'parser' entering state 'start'
[08:09:05.536] [bmv2] [D] [thread 42155] [9.0] [cxt 0] Extracting header 'ethernet'
[08:09:05.536] [bmv2] [D] [thread 42155] [9.0] [cxt 0] Parser state 'start': key is 0800
[08:09:05.536] [bmv2] [T] [thread 42155] [9.0] [cxt 0] Bytes parsed: 14
[08:09:05.536] [bmv2] [D] [thread 42155] [9.0] [cxt 0] Parser 'parser' entering state 'parse_ipv4'
[08:09:05.536] [bmv2] [D] [thread 42155] [9.0] [cxt 0] Extracting header 'ipv4'
[08:09:05.536] [bmv2] [D] [thread 42155] [9.0] [cxt 0] Parser state 'parse_ipv4' has no switch, going to default next state
[08:09:05.536] [bmv2] [T] [thread 42155] [9.0] [cxt 0] Bytes parsed: 34
[08:09:05.536] [bmv2] [D] [thread 42155] [9.0] [cxt 0] Parser 'parser': end
[08:09:05.536] [bmv2] [D] [thread 42155] [9.0] [cxt 0] Pipeline 'ingress': start
[08:09:05.536] [bmv2] [T] [thread 42155] [9.0] [cxt 0] basic.p4(114) Condition "hdr.ipv4.isValid()" (node_2) is true
[08:09:05.536] [bmv2] [T] [thread 42155] [9.0] [cxt 0] Applying table 'MyIngress.ipv4_lpm'
[08:09:05.536] [bmv2] [D] [thread 42155] [9.0] [cxt 0] Looking up key:
* hdr.ipv4.dstAddr    : 0a000304

[08:09:05.536] [bmv2] [D] [thread 42155] [9.0] [cxt 0] Table 'MyIngress.ipv4_lpm': hit with handle 3
[08:09:05.536] [bmv2] [D] [thread 42155] [9.0] [cxt 0] Dumping entry 3
Match key:
* hdr.ipv4.dstAddr    : LPM       0a000304/32
Action entry: MyIngress.ipv4_forward - 80000000400,2,

[08:09:05.536] [bmv2] [D] [thread 42155] [9.0] [cxt 0] Action entry is MyIngress.ipv4_forward - 80000000400,2,
[08:09:05.536] [bmv2] [T] [thread 42155] [9.0] [cxt 0] Action MyIngress.ipv4_forward
[08:09:05.536] [bmv2] [T] [thread 42155] [9.0] [cxt 0] basic.p4(94) Primitive standard_metadata.egress_spec = port
[08:09:05.536] [bmv2] [T] [thread 42155] [9.0] [cxt 0] basic.p4(95) Primitive hdr.ethernet.srcAddr = hdr.ethernet.dstAddr
[08:09:05.536] [bmv2] [T] [thread 42155] [9.0] [cxt 0] basic.p4(96) Primitive hdr.ethernet.dstAddr = dstAddr
[08:09:05.536] [bmv2] [T] [thread 42155] [9.0] [cxt 0] basic.p4(97) Primitive hdr.ipv4.ttl = hdr.ipv4.ttl - 1
[08:09:05.536] [bmv2] [D] [thread 42155] [9.0] [cxt 0] Pipeline 'ingress': end
[08:09:05.536] [bmv2] [D] [thread 42155] [9.0] [cxt 0] Egress port is 2
[08:09:05.536] [bmv2] [D] [thread 42158] [9.0] [cxt 0] Pipeline 'egress': start
[08:09:05.536] [bmv2] [D] [thread 42158] [9.0] [cxt 0] Pipeline 'egress': end
[08:09:05.536] [bmv2] [D] [thread 42158] [9.0] [cxt 0] Deparser 'deparser': start
[08:09:05.536] [bmv2] [D] [thread 42158] [9.0] [cxt 0] Updating checksum 'cksum'
[08:09:05.536] [bmv2] [D] [thread 42158] [9.0] [cxt 0] Deparsing header 'ethernet'
[08:09:05.536] [bmv2] [D] [thread 42158] [9.0] [cxt 0] Deparsing header 'ipv4'
[08:09:05.536] [bmv2] [D] [thread 42158] [9.0] [cxt 0] Deparser 'deparser': end
[08:09:05.536] [bmv2] [D] [thread 42160] [9.0] [cxt 0] Transmitting packet of size 98 out of port 2
[08:09:05.538] [bmv2] [D] [thread 42155] [10.0] [cxt 0] Processing packet received on port 2
[08:09:05.538] [bmv2] [D] [thread 42155] [10.0] [cxt 0] Parser 'parser': start
[08:09:05.538] [bmv2] [D] [thread 42155] [10.0] [cxt 0] Parser 'parser' entering state 'start'
[08:09:05.538] [bmv2] [D] [thread 42155] [10.0] [cxt 0] Extracting header 'ethernet'
[08:09:05.539] [bmv2] [D] [thread 42155] [10.0] [cxt 0] Parser state 'start': key is 0800
[08:09:05.539] [bmv2] [T] [thread 42155] [10.0] [cxt 0] Bytes parsed: 14
[08:09:05.539] [bmv2] [D] [thread 42155] [10.0] [cxt 0] Parser 'parser' entering state 'parse_ipv4'
[08:09:05.539] [bmv2] [D] [thread 42155] [10.0] [cxt 0] Extracting header 'ipv4'
[08:09:05.539] [bmv2] [D] [thread 42155] [10.0] [cxt 0] Parser state 'parse_ipv4' has no switch, going to default next state
[08:09:05.539] [bmv2] [T] [thread 42155] [10.0] [cxt 0] Bytes parsed: 34
[08:09:05.539] [bmv2] [D] [thread 42155] [10.0] [cxt 0] Parser 'parser': end
[08:09:05.539] [bmv2] [D] [thread 42155] [10.0] [cxt 0] Pipeline 'ingress': start
[08:09:05.539] [bmv2] [T] [thread 42155] [10.0] [cxt 0] basic.p4(114) Condition "hdr.ipv4.isValid()" (node_2) is true
[08:09:05.539] [bmv2] [T] [thread 42155] [10.0] [cxt 0] Applying table 'MyIngress.ipv4_lpm'
[08:09:05.539] [bmv2] [D] [thread 42155] [10.0] [cxt 0] Looking up key:
* hdr.ipv4.dstAddr    : 0a000101

[08:09:05.539] [bmv2] [D] [thread 42155] [10.0] [cxt 0] Table 'MyIngress.ipv4_lpm': hit with handle 0
[08:09:05.539] [bmv2] [D] [thread 42155] [10.0] [cxt 0] Dumping entry 0
Match key:
* hdr.ipv4.dstAddr    : LPM       0a000101/32
Action entry: MyIngress.ipv4_forward - 80000000100,1,

[08:09:05.539] [bmv2] [D] [thread 42155] [10.0] [cxt 0] Action entry is MyIngress.ipv4_forward - 80000000100,1,
[08:09:05.539] [bmv2] [T] [thread 42155] [10.0] [cxt 0] Action MyIngress.ipv4_forward
[08:09:05.539] [bmv2] [T] [thread 42155] [10.0] [cxt 0] basic.p4(94) Primitive standard_metadata.egress_spec = port
[08:09:05.539] [bmv2] [T] [thread 42155] [10.0] [cxt 0] basic.p4(95) Primitive hdr.ethernet.srcAddr = hdr.ethernet.dstAddr
[08:09:05.539] [bmv2] [T] [thread 42155] [10.0] [cxt 0] basic.p4(96) Primitive hdr.ethernet.dstAddr = dstAddr
[08:09:05.539] [bmv2] [T] [thread 42155] [10.0] [cxt 0] basic.p4(97) Primitive hdr.ipv4.ttl = hdr.ipv4.ttl - 1
[08:09:05.539] [bmv2] [D] [thread 42155] [10.0] [cxt 0] Pipeline 'ingress': end
[08:09:05.539] [bmv2] [D] [thread 42155] [10.0] [cxt 0] Egress port is 1
[08:09:05.539] [bmv2] [D] [thread 42157] [10.0] [cxt 0] Pipeline 'egress': start
[08:09:05.539] [bmv2] [D] [thread 42157] [10.0] [cxt 0] Pipeline 'egress': end
[08:09:05.539] [bmv2] [D] [thread 42157] [10.0] [cxt 0] Deparser 'deparser': start
[08:09:05.539] [bmv2] [D] [thread 42157] [10.0] [cxt 0] Updating checksum 'cksum'
[08:09:05.539] [bmv2] [D] [thread 42157] [10.0] [cxt 0] Deparsing header 'ethernet'
[08:09:05.539] [bmv2] [D] [thread 42157] [10.0] [cxt 0] Deparsing header 'ipv4'
[08:09:05.539] [bmv2] [D] [thread 42157] [10.0] [cxt 0] Deparser 'deparser': end
[08:09:05.539] [bmv2] [D] [thread 42160] [10.0] [cxt 0] Transmitting packet of size 98 out of port 1
[08:09:07.262] [bmv2] [D] [thread 42155] [11.0] [cxt 0] Processing packet received on port 3
[08:09:07.262] [bmv2] [D] [thread 42155] [11.0] [cxt 0] Parser 'parser': start
[08:09:07.262] [bmv2] [D] [thread 42155] [11.0] [cxt 0] Parser 'parser' entering state 'start'
[08:09:07.262] [bmv2] [D] [thread 42155] [11.0] [cxt 0] Extracting header 'ethernet'
[08:09:07.262] [bmv2] [D] [thread 42155] [11.0] [cxt 0] Parser state 'start': key is 86dd
[08:09:07.262] [bmv2] [T] [thread 42155] [11.0] [cxt 0] Bytes parsed: 14
[08:09:07.262] [bmv2] [D] [thread 42155] [11.0] [cxt 0] Parser 'parser': end
[08:09:07.262] [bmv2] [D] [thread 42155] [11.0] [cxt 0] Pipeline 'ingress': start
[08:09:07.262] [bmv2] [T] [thread 42155] [11.0] [cxt 0] basic.p4(114) Condition "hdr.ipv4.isValid()" (node_2) is false
[08:09:07.262] [bmv2] [D] [thread 42155] [11.0] [cxt 0] Pipeline 'ingress': end
[08:09:07.262] [bmv2] [D] [thread 42155] [11.0] [cxt 0] Egress port is 0
[08:09:07.262] [bmv2] [D] [thread 42156] [11.0] [cxt 0] Pipeline 'egress': start
[08:09:07.262] [bmv2] [D] [thread 42156] [11.0] [cxt 0] Pipeline 'egress': end
[08:09:07.262] [bmv2] [D] [thread 42156] [11.0] [cxt 0] Deparser 'deparser': start
[08:09:07.262] [bmv2] [T] [thread 42156] [11.0] [cxt 0] Skipping checksum 'cksum' update because condition not met
[08:09:07.262] [bmv2] [D] [thread 42156] [11.0] [cxt 0] Deparsing header 'ethernet'
[08:09:07.262] [bmv2] [D] [thread 42156] [11.0] [cxt 0] Deparser 'deparser': end
[08:09:07.262] [bmv2] [D] [thread 42160] [11.0] [cxt 0] Transmitting packet of size 70 out of port 0
[08:09:07.774] [bmv2] [D] [thread 42155] [12.0] [cxt 0] Processing packet received on port 2
[08:09:07.774] [bmv2] [D] [thread 42155] [12.0] [cxt 0] Parser 'parser': start
[08:09:07.774] [bmv2] [D] [thread 42155] [12.0] [cxt 0] Parser 'parser' entering state 'start'
[08:09:07.774] [bmv2] [D] [thread 42155] [12.0] [cxt 0] Extracting header 'ethernet'
[08:09:07.774] [bmv2] [D] [thread 42155] [12.0] [cxt 0] Parser state 'start': key is 86dd
[08:09:07.774] [bmv2] [T] [thread 42155] [12.0] [cxt 0] Bytes parsed: 14
[08:09:07.774] [bmv2] [D] [thread 42155] [12.0] [cxt 0] Parser 'parser': end
[08:09:07.774] [bmv2] [D] [thread 42155] [12.0] [cxt 0] Pipeline 'ingress': start
[08:09:07.774] [bmv2] [T] [thread 42155] [12.0] [cxt 0] basic.p4(114) Condition "hdr.ipv4.isValid()" (node_2) is false
[08:09:07.774] [bmv2] [D] [thread 42155] [12.0] [cxt 0] Pipeline 'ingress': end
[08:09:07.774] [bmv2] [D] [thread 42155] [12.0] [cxt 0] Egress port is 0
[08:09:07.774] [bmv2] [D] [thread 42156] [12.0] [cxt 0] Pipeline 'egress': start
[08:09:07.774] [bmv2] [D] [thread 42156] [12.0] [cxt 0] Pipeline 'egress': end
[08:09:07.774] [bmv2] [D] [thread 42156] [12.0] [cxt 0] Deparser 'deparser': start
[08:09:07.774] [bmv2] [T] [thread 42156] [12.0] [cxt 0] Skipping checksum 'cksum' update because condition not met
[08:09:07.774] [bmv2] [D] [thread 42156] [12.0] [cxt 0] Deparsing header 'ethernet'
[08:09:07.774] [bmv2] [D] [thread 42156] [12.0] [cxt 0] Deparser 'deparser': end
[08:09:07.775] [bmv2] [D] [thread 42160] [12.0] [cxt 0] Transmitting packet of size 70 out of port 0
[08:09:08.286] [bmv2] [D] [thread 42155] [13.0] [cxt 0] Processing packet received on port 3
[08:09:08.286] [bmv2] [D] [thread 42155] [13.0] [cxt 0] Parser 'parser': start
[08:09:08.286] [bmv2] [D] [thread 42155] [13.0] [cxt 0] Parser 'parser' entering state 'start'
[08:09:08.286] [bmv2] [D] [thread 42155] [13.0] [cxt 0] Extracting header 'ethernet'
[08:09:08.286] [bmv2] [D] [thread 42155] [13.0] [cxt 0] Parser state 'start': key is 86dd
[08:09:08.286] [bmv2] [T] [thread 42155] [13.0] [cxt 0] Bytes parsed: 14
[08:09:08.286] [bmv2] [D] [thread 42155] [13.0] [cxt 0] Parser 'parser': end
[08:09:08.286] [bmv2] [D] [thread 42155] [13.0] [cxt 0] Pipeline 'ingress': start
[08:09:08.286] [bmv2] [T] [thread 42155] [13.0] [cxt 0] basic.p4(114) Condition "hdr.ipv4.isValid()" (node_2) is false
[08:09:08.286] [bmv2] [D] [thread 42155] [13.0] [cxt 0] Pipeline 'ingress': end
[08:09:08.286] [bmv2] [D] [thread 42155] [13.0] [cxt 0] Egress port is 0
[08:09:08.287] [bmv2] [D] [thread 42156] [13.0] [cxt 0] Pipeline 'egress': start
[08:09:08.287] [bmv2] [D] [thread 42156] [13.0] [cxt 0] Pipeline 'egress': end
[08:09:08.287] [bmv2] [D] [thread 42156] [13.0] [cxt 0] Deparser 'deparser': start
[08:09:08.287] [bmv2] [T] [thread 42156] [13.0] [cxt 0] Skipping checksum 'cksum' update because condition not met
[08:09:08.287] [bmv2] [D] [thread 42156] [13.0] [cxt 0] Deparsing header 'ethernet'
[08:09:08.287] [bmv2] [D] [thread 42156] [13.0] [cxt 0] Deparser 'deparser': end
[08:09:08.287] [bmv2] [D] [thread 42160] [13.0] [cxt 0] Transmitting packet of size 70 out of port 0
[08:09:09.310] [bmv2] [D] [thread 42155] [14.0] [cxt 0] Processing packet received on port 1
[08:09:09.310] [bmv2] [D] [thread 42155] [14.0] [cxt 0] Parser 'parser': start
[08:09:09.310] [bmv2] [D] [thread 42155] [14.0] [cxt 0] Parser 'parser' entering state 'start'
[08:09:09.310] [bmv2] [D] [thread 42155] [14.0] [cxt 0] Extracting header 'ethernet'
[08:09:09.310] [bmv2] [D] [thread 42155] [14.0] [cxt 0] Parser state 'start': key is 86dd
[08:09:09.310] [bmv2] [T] [thread 42155] [14.0] [cxt 0] Bytes parsed: 14
[08:09:09.310] [bmv2] [D] [thread 42155] [14.0] [cxt 0] Parser 'parser': end
[08:09:09.310] [bmv2] [D] [thread 42155] [14.0] [cxt 0] Pipeline 'ingress': start
[08:09:09.310] [bmv2] [T] [thread 42155] [14.0] [cxt 0] basic.p4(114) Condition "hdr.ipv4.isValid()" (node_2) is false
[08:09:09.310] [bmv2] [D] [thread 42155] [14.0] [cxt 0] Pipeline 'ingress': end
[08:09:09.310] [bmv2] [D] [thread 42155] [14.0] [cxt 0] Egress port is 0
[08:09:09.310] [bmv2] [D] [thread 42156] [14.0] [cxt 0] Pipeline 'egress': start
[08:09:09.310] [bmv2] [D] [thread 42156] [14.0] [cxt 0] Pipeline 'egress': end
[08:09:09.310] [bmv2] [D] [thread 42156] [14.0] [cxt 0] Deparser 'deparser': start
[08:09:09.310] [bmv2] [T] [thread 42156] [14.0] [cxt 0] Skipping checksum 'cksum' update because condition not met
[08:09:09.310] [bmv2] [D] [thread 42156] [14.0] [cxt 0] Deparsing header 'ethernet'
[08:09:09.310] [bmv2] [D] [thread 42156] [14.0] [cxt 0] Deparser 'deparser': end
[08:09:09.311] [bmv2] [D] [thread 42160] [14.0] [cxt 0] Transmitting packet of size 70 out of port 0
[08:09:09.822] [bmv2] [D] [thread 42155] [15.0] [cxt 0] Processing packet received on port 1
[08:09:09.822] [bmv2] [D] [thread 42155] [15.0] [cxt 0] Parser 'parser': start
[08:09:09.822] [bmv2] [D] [thread 42155] [15.0] [cxt 0] Parser 'parser' entering state 'start'
[08:09:09.822] [bmv2] [D] [thread 42155] [15.0] [cxt 0] Extracting header 'ethernet'
[08:09:09.823] [bmv2] [D] [thread 42155] [15.0] [cxt 0] Parser state 'start': key is 86dd
[08:09:09.823] [bmv2] [T] [thread 42155] [15.0] [cxt 0] Bytes parsed: 14
[08:09:09.823] [bmv2] [D] [thread 42155] [15.0] [cxt 0] Parser 'parser': end
[08:09:09.823] [bmv2] [D] [thread 42155] [15.0] [cxt 0] Pipeline 'ingress': start
[08:09:09.823] [bmv2] [T] [thread 42155] [15.0] [cxt 0] basic.p4(114) Condition "hdr.ipv4.isValid()" (node_2) is false
[08:09:09.823] [bmv2] [D] [thread 42155] [15.0] [cxt 0] Pipeline 'ingress': end
[08:09:09.823] [bmv2] [D] [thread 42155] [15.0] [cxt 0] Egress port is 0
[08:09:09.823] [bmv2] [D] [thread 42155] [16.0] [cxt 0] Processing packet received on port 2
[08:09:09.823] [bmv2] [D] [thread 42155] [16.0] [cxt 0] Parser 'parser': start
[08:09:09.823] [bmv2] [D] [thread 42155] [16.0] [cxt 0] Parser 'parser' entering state 'start'
[08:09:09.823] [bmv2] [D] [thread 42155] [16.0] [cxt 0] Extracting header 'ethernet'
[08:09:09.823] [bmv2] [D] [thread 42155] [16.0] [cxt 0] Parser state 'start': key is 86dd
[08:09:09.823] [bmv2] [T] [thread 42155] [16.0] [cxt 0] Bytes parsed: 14
[08:09:09.823] [bmv2] [D] [thread 42156] [15.0] [cxt 0] Pipeline 'egress': start
[08:09:09.823] [bmv2] [D] [thread 42156] [15.0] [cxt 0] Pipeline 'egress': end
[08:09:09.823] [bmv2] [D] [thread 42156] [15.0] [cxt 0] Deparser 'deparser': start
[08:09:09.823] [bmv2] [D] [thread 42155] [16.0] [cxt 0] Parser 'parser': end
[08:09:09.823] [bmv2] [T] [thread 42156] [15.0] [cxt 0] Skipping checksum 'cksum' update because condition not met
[08:09:09.823] [bmv2] [D] [thread 42156] [15.0] [cxt 0] Deparsing header 'ethernet'
[08:09:09.823] [bmv2] [D] [thread 42156] [15.0] [cxt 0] Deparser 'deparser': end
[08:09:09.823] [bmv2] [D] [thread 42155] [16.0] [cxt 0] Pipeline 'ingress': start
[08:09:09.823] [bmv2] [T] [thread 42155] [16.0] [cxt 0] basic.p4(114) Condition "hdr.ipv4.isValid()" (node_2) is false
[08:09:09.823] [bmv2] [D] [thread 42155] [16.0] [cxt 0] Pipeline 'ingress': end
[08:09:09.823] [bmv2] [D] [thread 42155] [16.0] [cxt 0] Egress port is 0
[08:09:09.823] [bmv2] [D] [thread 42160] [15.0] [cxt 0] Transmitting packet of size 70 out of port 0
[08:09:09.823] [bmv2] [D] [thread 42156] [16.0] [cxt 0] Pipeline 'egress': start
[08:09:09.823] [bmv2] [D] [thread 42156] [16.0] [cxt 0] Pipeline 'egress': end
[08:09:09.823] [bmv2] [D] [thread 42156] [16.0] [cxt 0] Deparser 'deparser': start
[08:09:09.823] [bmv2] [T] [thread 42156] [16.0] [cxt 0] Skipping checksum 'cksum' update because condition not met
[08:09:09.823] [bmv2] [D] [thread 42156] [16.0] [cxt 0] Deparsing header 'ethernet'
[08:09:09.823] [bmv2] [D] [thread 42156] [16.0] [cxt 0] Deparser 'deparser': end
[08:09:09.823] [bmv2] [D] [thread 42160] [16.0] [cxt 0] Transmitting packet of size 70 out of port 0
[08:09:10.396] [bmv2] [D] [thread 42155] [17.0] [cxt 0] Processing packet received on port 1
[08:09:10.396] [bmv2] [D] [thread 42155] [17.0] [cxt 0] Parser 'parser': start
[08:09:10.396] [bmv2] [D] [thread 42155] [17.0] [cxt 0] Parser 'parser' entering state 'start'
[08:09:10.396] [bmv2] [D] [thread 42155] [17.0] [cxt 0] Extracting header 'ethernet'
[08:09:10.396] [bmv2] [D] [thread 42155] [17.0] [cxt 0] Parser state 'start': key is 0800
[08:09:10.396] [bmv2] [T] [thread 42155] [17.0] [cxt 0] Bytes parsed: 14
[08:09:10.396] [bmv2] [D] [thread 42155] [17.0] [cxt 0] Parser 'parser' entering state 'parse_ipv4'
[08:09:10.396] [bmv2] [D] [thread 42155] [17.0] [cxt 0] Extracting header 'ipv4'
[08:09:10.396] [bmv2] [D] [thread 42155] [17.0] [cxt 0] Parser state 'parse_ipv4' has no switch, going to default next state
[08:09:10.396] [bmv2] [T] [thread 42155] [17.0] [cxt 0] Bytes parsed: 34
[08:09:10.396] [bmv2] [D] [thread 42155] [17.0] [cxt 0] Parser 'parser': end
[08:09:10.396] [bmv2] [D] [thread 42155] [17.0] [cxt 0] Pipeline 'ingress': start
[08:09:10.396] [bmv2] [T] [thread 42155] [17.0] [cxt 0] basic.p4(114) Condition "hdr.ipv4.isValid()" (node_2) is true
[08:09:10.396] [bmv2] [T] [thread 42155] [17.0] [cxt 0] Applying table 'MyIngress.ipv4_lpm'
[08:09:10.396] [bmv2] [D] [thread 42155] [17.0] [cxt 0] Looking up key:
* hdr.ipv4.dstAddr    : 08080808

[08:09:10.396] [bmv2] [D] [thread 42155] [17.0] [cxt 0] Table 'MyIngress.ipv4_lpm': hit with handle 4
[08:09:10.396] [bmv2] [D] [thread 42155] [17.0] [cxt 0] Dumping entry 4
Match key:
* hdr.ipv4.dstAddr    : LPM       08080808/32
Action entry: MyIngress.ipv4_forward - 80000000500,3,

[08:09:10.396] [bmv2] [D] [thread 42155] [17.0] [cxt 0] Action entry is MyIngress.ipv4_forward - 80000000500,3,
[08:09:10.396] [bmv2] [T] [thread 42155] [17.0] [cxt 0] Action MyIngress.ipv4_forward
[08:09:10.396] [bmv2] [T] [thread 42155] [17.0] [cxt 0] basic.p4(94) Primitive standard_metadata.egress_spec = port
[08:09:10.396] [bmv2] [T] [thread 42155] [17.0] [cxt 0] basic.p4(95) Primitive hdr.ethernet.srcAddr = hdr.ethernet.dstAddr
[08:09:10.396] [bmv2] [T] [thread 42155] [17.0] [cxt 0] basic.p4(96) Primitive hdr.ethernet.dstAddr = dstAddr
[08:09:10.396] [bmv2] [T] [thread 42155] [17.0] [cxt 0] basic.p4(97) Primitive hdr.ipv4.ttl = hdr.ipv4.ttl - 1
[08:09:10.396] [bmv2] [D] [thread 42155] [17.0] [cxt 0] Pipeline 'ingress': end
[08:09:10.396] [bmv2] [D] [thread 42155] [17.0] [cxt 0] Egress port is 3
[08:09:10.396] [bmv2] [D] [thread 42159] [17.0] [cxt 0] Pipeline 'egress': start
[08:09:10.396] [bmv2] [D] [thread 42159] [17.0] [cxt 0] Pipeline 'egress': end
[08:09:10.396] [bmv2] [D] [thread 42159] [17.0] [cxt 0] Deparser 'deparser': start
[08:09:10.396] [bmv2] [D] [thread 42159] [17.0] [cxt 0] Updating checksum 'cksum'
[08:09:10.396] [bmv2] [D] [thread 42159] [17.0] [cxt 0] Deparsing header 'ethernet'
[08:09:10.396] [bmv2] [D] [thread 42159] [17.0] [cxt 0] Deparsing header 'ipv4'
[08:09:10.396] [bmv2] [D] [thread 42159] [17.0] [cxt 0] Deparser 'deparser': end
[08:09:10.396] [bmv2] [D] [thread 42160] [17.0] [cxt 0] Transmitting packet of size 98 out of port 3
[08:09:10.399] [bmv2] [D] [thread 42155] [18.0] [cxt 0] Processing packet received on port 3
[08:09:10.399] [bmv2] [D] [thread 42155] [18.0] [cxt 0] Parser 'parser': start
[08:09:10.399] [bmv2] [D] [thread 42155] [18.0] [cxt 0] Parser 'parser' entering state 'start'
[08:09:10.399] [bmv2] [D] [thread 42155] [18.0] [cxt 0] Extracting header 'ethernet'
[08:09:10.399] [bmv2] [D] [thread 42155] [18.0] [cxt 0] Parser state 'start': key is 0800
[08:09:10.399] [bmv2] [T] [thread 42155] [18.0] [cxt 0] Bytes parsed: 14
[08:09:10.399] [bmv2] [D] [thread 42155] [18.0] [cxt 0] Parser 'parser' entering state 'parse_ipv4'
[08:09:10.399] [bmv2] [D] [thread 42155] [18.0] [cxt 0] Extracting header 'ipv4'
[08:09:10.399] [bmv2] [D] [thread 42155] [18.0] [cxt 0] Parser state 'parse_ipv4' has no switch, going to default next state
[08:09:10.399] [bmv2] [T] [thread 42155] [18.0] [cxt 0] Bytes parsed: 34
[08:09:10.399] [bmv2] [D] [thread 42155] [18.0] [cxt 0] Parser 'parser': end
[08:09:10.399] [bmv2] [D] [thread 42155] [18.0] [cxt 0] Pipeline 'ingress': start
[08:09:10.399] [bmv2] [T] [thread 42155] [18.0] [cxt 0] basic.p4(114) Condition "hdr.ipv4.isValid()" (node_2) is true
[08:09:10.399] [bmv2] [T] [thread 42155] [18.0] [cxt 0] Applying table 'MyIngress.ipv4_lpm'
[08:09:10.399] [bmv2] [D] [thread 42155] [18.0] [cxt 0] Looking up key:
* hdr.ipv4.dstAddr    : 0a000101

[08:09:10.399] [bmv2] [D] [thread 42155] [18.0] [cxt 0] Table 'MyIngress.ipv4_lpm': hit with handle 0
[08:09:10.399] [bmv2] [D] [thread 42155] [18.0] [cxt 0] Dumping entry 0
Match key:
* hdr.ipv4.dstAddr    : LPM       0a000101/32
Action entry: MyIngress.ipv4_forward - 80000000100,1,

[08:09:10.399] [bmv2] [D] [thread 42155] [18.0] [cxt 0] Action entry is MyIngress.ipv4_forward - 80000000100,1,
[08:09:10.399] [bmv2] [T] [thread 42155] [18.0] [cxt 0] Action MyIngress.ipv4_forward
[08:09:10.399] [bmv2] [T] [thread 42155] [18.0] [cxt 0] basic.p4(94) Primitive standard_metadata.egress_spec = port
[08:09:10.399] [bmv2] [T] [thread 42155] [18.0] [cxt 0] basic.p4(95) Primitive hdr.ethernet.srcAddr = hdr.ethernet.dstAddr
[08:09:10.399] [bmv2] [T] [thread 42155] [18.0] [cxt 0] basic.p4(96) Primitive hdr.ethernet.dstAddr = dstAddr
[08:09:10.399] [bmv2] [T] [thread 42155] [18.0] [cxt 0] basic.p4(97) Primitive hdr.ipv4.ttl = hdr.ipv4.ttl - 1
[08:09:10.399] [bmv2] [D] [thread 42155] [18.0] [cxt 0] Pipeline 'ingress': end
[08:09:10.399] [bmv2] [D] [thread 42155] [18.0] [cxt 0] Egress port is 1
[08:09:10.399] [bmv2] [D] [thread 42157] [18.0] [cxt 0] Pipeline 'egress': start
[08:09:10.399] [bmv2] [D] [thread 42157] [18.0] [cxt 0] Pipeline 'egress': end
[08:09:10.399] [bmv2] [D] [thread 42157] [18.0] [cxt 0] Deparser 'deparser': start
[08:09:10.399] [bmv2] [D] [thread 42157] [18.0] [cxt 0] Updating checksum 'cksum'
[08:09:10.399] [bmv2] [D] [thread 42157] [18.0] [cxt 0] Deparsing header 'ethernet'
[08:09:10.399] [bmv2] [D] [thread 42157] [18.0] [cxt 0] Deparsing header 'ipv4'
[08:09:10.399] [bmv2] [D] [thread 42157] [18.0] [cxt 0] Deparser 'deparser': end
[08:09:10.399] [bmv2] [D] [thread 42160] [18.0] [cxt 0] Transmitting packet of size 98 out of port 1
[08:09:11.405] [bmv2] [D] [thread 42155] [19.0] [cxt 0] Processing packet received on port 1
[08:09:11.405] [bmv2] [D] [thread 42155] [19.0] [cxt 0] Parser 'parser': start
[08:09:11.405] [bmv2] [D] [thread 42155] [19.0] [cxt 0] Parser 'parser' entering state 'start'
[08:09:11.405] [bmv2] [D] [thread 42155] [19.0] [cxt 0] Extracting header 'ethernet'
[08:09:11.405] [bmv2] [D] [thread 42155] [19.0] [cxt 0] Parser state 'start': key is 0800
[08:09:11.405] [bmv2] [T] [thread 42155] [19.0] [cxt 0] Bytes parsed: 14
[08:09:11.405] [bmv2] [D] [thread 42155] [19.0] [cxt 0] Parser 'parser' entering state 'parse_ipv4'
[08:09:11.405] [bmv2] [D] [thread 42155] [19.0] [cxt 0] Extracting header 'ipv4'
[08:09:11.405] [bmv2] [D] [thread 42155] [19.0] [cxt 0] Parser state 'parse_ipv4' has no switch, going to default next state
[08:09:11.405] [bmv2] [T] [thread 42155] [19.0] [cxt 0] Bytes parsed: 34
[08:09:11.405] [bmv2] [D] [thread 42155] [19.0] [cxt 0] Parser 'parser': end
[08:09:11.405] [bmv2] [D] [thread 42155] [19.0] [cxt 0] Pipeline 'ingress': start
[08:09:11.405] [bmv2] [T] [thread 42155] [19.0] [cxt 0] basic.p4(114) Condition "hdr.ipv4.isValid()" (node_2) is true
[08:09:11.405] [bmv2] [T] [thread 42155] [19.0] [cxt 0] Applying table 'MyIngress.ipv4_lpm'
[08:09:11.405] [bmv2] [D] [thread 42155] [19.0] [cxt 0] Looking up key:
* hdr.ipv4.dstAddr    : 08080808

[08:09:11.405] [bmv2] [D] [thread 42155] [19.0] [cxt 0] Table 'MyIngress.ipv4_lpm': hit with handle 4
[08:09:11.405] [bmv2] [D] [thread 42155] [19.0] [cxt 0] Dumping entry 4
Match key:
* hdr.ipv4.dstAddr    : LPM       08080808/32
Action entry: MyIngress.ipv4_forward - 80000000500,3,

[08:09:11.405] [bmv2] [D] [thread 42155] [19.0] [cxt 0] Action entry is MyIngress.ipv4_forward - 80000000500,3,
[08:09:11.405] [bmv2] [T] [thread 42155] [19.0] [cxt 0] Action MyIngress.ipv4_forward
[08:09:11.405] [bmv2] [T] [thread 42155] [19.0] [cxt 0] basic.p4(94) Primitive standard_metadata.egress_spec = port
[08:09:11.405] [bmv2] [T] [thread 42155] [19.0] [cxt 0] basic.p4(95) Primitive hdr.ethernet.srcAddr = hdr.ethernet.dstAddr
[08:09:11.405] [bmv2] [T] [thread 42155] [19.0] [cxt 0] basic.p4(96) Primitive hdr.ethernet.dstAddr = dstAddr
[08:09:11.405] [bmv2] [T] [thread 42155] [19.0] [cxt 0] basic.p4(97) Primitive hdr.ipv4.ttl = hdr.ipv4.ttl - 1
[08:09:11.405] [bmv2] [D] [thread 42155] [19.0] [cxt 0] Pipeline 'ingress': end
[08:09:11.405] [bmv2] [D] [thread 42155] [19.0] [cxt 0] Egress port is 3
[08:09:11.405] [bmv2] [D] [thread 42159] [19.0] [cxt 0] Pipeline 'egress': start
[08:09:11.405] [bmv2] [D] [thread 42159] [19.0] [cxt 0] Pipeline 'egress': end
[08:09:11.405] [bmv2] [D] [thread 42159] [19.0] [cxt 0] Deparser 'deparser': start
[08:09:11.405] [bmv2] [D] [thread 42159] [19.0] [cxt 0] Updating checksum 'cksum'
[08:09:11.405] [bmv2] [D] [thread 42159] [19.0] [cxt 0] Deparsing header 'ethernet'
[08:09:11.405] [bmv2] [D] [thread 42159] [19.0] [cxt 0] Deparsing header 'ipv4'
[08:09:11.405] [bmv2] [D] [thread 42159] [19.0] [cxt 0] Deparser 'deparser': end
[08:09:11.405] [bmv2] [D] [thread 42160] [19.0] [cxt 0] Transmitting packet of size 98 out of port 3
[08:09:11.407] [bmv2] [D] [thread 42155] [20.0] [cxt 0] Processing packet received on port 3
[08:09:11.407] [bmv2] [D] [thread 42155] [20.0] [cxt 0] Parser 'parser': start
[08:09:11.407] [bmv2] [D] [thread 42155] [20.0] [cxt 0] Parser 'parser' entering state 'start'
[08:09:11.407] [bmv2] [D] [thread 42155] [20.0] [cxt 0] Extracting header 'ethernet'
[08:09:11.407] [bmv2] [D] [thread 42155] [20.0] [cxt 0] Parser state 'start': key is 0800
[08:09:11.407] [bmv2] [T] [thread 42155] [20.0] [cxt 0] Bytes parsed: 14
[08:09:11.407] [bmv2] [D] [thread 42155] [20.0] [cxt 0] Parser 'parser' entering state 'parse_ipv4'
[08:09:11.407] [bmv2] [D] [thread 42155] [20.0] [cxt 0] Extracting header 'ipv4'
[08:09:11.407] [bmv2] [D] [thread 42155] [20.0] [cxt 0] Parser state 'parse_ipv4' has no switch, going to default next state
[08:09:11.407] [bmv2] [T] [thread 42155] [20.0] [cxt 0] Bytes parsed: 34
[08:09:11.407] [bmv2] [D] [thread 42155] [20.0] [cxt 0] Parser 'parser': end
[08:09:11.407] [bmv2] [D] [thread 42155] [20.0] [cxt 0] Pipeline 'ingress': start
[08:09:11.407] [bmv2] [T] [thread 42155] [20.0] [cxt 0] basic.p4(114) Condition "hdr.ipv4.isValid()" (node_2) is true
[08:09:11.407] [bmv2] [T] [thread 42155] [20.0] [cxt 0] Applying table 'MyIngress.ipv4_lpm'
[08:09:11.407] [bmv2] [D] [thread 42155] [20.0] [cxt 0] Looking up key:
* hdr.ipv4.dstAddr    : 0a000101

[08:09:11.407] [bmv2] [D] [thread 42155] [20.0] [cxt 0] Table 'MyIngress.ipv4_lpm': hit with handle 0
[08:09:11.407] [bmv2] [D] [thread 42155] [20.0] [cxt 0] Dumping entry 0
Match key:
* hdr.ipv4.dstAddr    : LPM       0a000101/32
Action entry: MyIngress.ipv4_forward - 80000000100,1,

[08:09:11.407] [bmv2] [D] [thread 42155] [20.0] [cxt 0] Action entry is MyIngress.ipv4_forward - 80000000100,1,
[08:09:11.407] [bmv2] [T] [thread 42155] [20.0] [cxt 0] Action MyIngress.ipv4_forward
[08:09:11.407] [bmv2] [T] [thread 42155] [20.0] [cxt 0] basic.p4(94) Primitive standard_metadata.egress_spec = port
[08:09:11.407] [bmv2] [T] [thread 42155] [20.0] [cxt 0] basic.p4(95) Primitive hdr.ethernet.srcAddr = hdr.ethernet.dstAddr
[08:09:11.407] [bmv2] [T] [thread 42155] [20.0] [cxt 0] basic.p4(96) Primitive hdr.ethernet.dstAddr = dstAddr
[08:09:11.407] [bmv2] [T] [thread 42155] [20.0] [cxt 0] basic.p4(97) Primitive hdr.ipv4.ttl = hdr.ipv4.ttl - 1
[08:09:11.407] [bmv2] [D] [thread 42155] [20.0] [cxt 0] Pipeline 'ingress': end
[08:09:11.407] [bmv2] [D] [thread 42155] [20.0] [cxt 0] Egress port is 1
[08:09:11.408] [bmv2] [D] [thread 42157] [20.0] [cxt 0] Pipeline 'egress': start
[08:09:11.408] [bmv2] [D] [thread 42157] [20.0] [cxt 0] Pipeline 'egress': end
[08:09:11.408] [bmv2] [D] [thread 42157] [20.0] [cxt 0] Deparser 'deparser': start
[08:09:11.408] [bmv2] [D] [thread 42157] [20.0] [cxt 0] Updating checksum 'cksum'
[08:09:11.408] [bmv2] [D] [thread 42157] [20.0] [cxt 0] Deparsing header 'ethernet'
[08:09:11.408] [bmv2] [D] [thread 42157] [20.0] [cxt 0] Deparsing header 'ipv4'
[08:09:11.408] [bmv2] [D] [thread 42157] [20.0] [cxt 0] Deparser 'deparser': end
[08:09:11.408] [bmv2] [D] [thread 42160] [20.0] [cxt 0] Transmitting packet of size 98 out of port 1
[08:09:12.421] [bmv2] [D] [thread 42155] [21.0] [cxt 0] Processing packet received on port 1
[08:09:12.421] [bmv2] [D] [thread 42155] [21.0] [cxt 0] Parser 'parser': start
[08:09:12.421] [bmv2] [D] [thread 42155] [21.0] [cxt 0] Parser 'parser' entering state 'start'
[08:09:12.421] [bmv2] [D] [thread 42155] [21.0] [cxt 0] Extracting header 'ethernet'
[08:09:12.421] [bmv2] [D] [thread 42155] [21.0] [cxt 0] Parser state 'start': key is 0800
[08:09:12.421] [bmv2] [T] [thread 42155] [21.0] [cxt 0] Bytes parsed: 14
[08:09:12.421] [bmv2] [D] [thread 42155] [21.0] [cxt 0] Parser 'parser' entering state 'parse_ipv4'
[08:09:12.421] [bmv2] [D] [thread 42155] [21.0] [cxt 0] Extracting header 'ipv4'
[08:09:12.421] [bmv2] [D] [thread 42155] [21.0] [cxt 0] Parser state 'parse_ipv4' has no switch, going to default next state
[08:09:12.421] [bmv2] [T] [thread 42155] [21.0] [cxt 0] Bytes parsed: 34
[08:09:12.421] [bmv2] [D] [thread 42155] [21.0] [cxt 0] Parser 'parser': end
[08:09:12.421] [bmv2] [D] [thread 42155] [21.0] [cxt 0] Pipeline 'ingress': start
[08:09:12.421] [bmv2] [T] [thread 42155] [21.0] [cxt 0] basic.p4(114) Condition "hdr.ipv4.isValid()" (node_2) is true
[08:09:12.421] [bmv2] [T] [thread 42155] [21.0] [cxt 0] Applying table 'MyIngress.ipv4_lpm'
[08:09:12.421] [bmv2] [D] [thread 42155] [21.0] [cxt 0] Looking up key:
* hdr.ipv4.dstAddr    : 08080808

[08:09:12.421] [bmv2] [D] [thread 42155] [21.0] [cxt 0] Table 'MyIngress.ipv4_lpm': hit with handle 4
[08:09:12.421] [bmv2] [D] [thread 42155] [21.0] [cxt 0] Dumping entry 4
Match key:
* hdr.ipv4.dstAddr    : LPM       08080808/32
Action entry: MyIngress.ipv4_forward - 80000000500,3,

[08:09:12.421] [bmv2] [D] [thread 42155] [21.0] [cxt 0] Action entry is MyIngress.ipv4_forward - 80000000500,3,
[08:09:12.421] [bmv2] [T] [thread 42155] [21.0] [cxt 0] Action MyIngress.ipv4_forward
[08:09:12.421] [bmv2] [T] [thread 42155] [21.0] [cxt 0] basic.p4(94) Primitive standard_metadata.egress_spec = port
[08:09:12.421] [bmv2] [T] [thread 42155] [21.0] [cxt 0] basic.p4(95) Primitive hdr.ethernet.srcAddr = hdr.ethernet.dstAddr
[08:09:12.421] [bmv2] [T] [thread 42155] [21.0] [cxt 0] basic.p4(96) Primitive hdr.ethernet.dstAddr = dstAddr
[08:09:12.421] [bmv2] [T] [thread 42155] [21.0] [cxt 0] basic.p4(97) Primitive hdr.ipv4.ttl = hdr.ipv4.ttl - 1
[08:09:12.421] [bmv2] [D] [thread 42155] [21.0] [cxt 0] Pipeline 'ingress': end
[08:09:12.421] [bmv2] [D] [thread 42155] [21.0] [cxt 0] Egress port is 3
[08:09:12.421] [bmv2] [D] [thread 42159] [21.0] [cxt 0] Pipeline 'egress': start
[08:09:12.421] [bmv2] [D] [thread 42159] [21.0] [cxt 0] Pipeline 'egress': end
[08:09:12.421] [bmv2] [D] [thread 42159] [21.0] [cxt 0] Deparser 'deparser': start
[08:09:12.421] [bmv2] [D] [thread 42159] [21.0] [cxt 0] Updating checksum 'cksum'
[08:09:12.421] [bmv2] [D] [thread 42159] [21.0] [cxt 0] Deparsing header 'ethernet'
[08:09:12.421] [bmv2] [D] [thread 42159] [21.0] [cxt 0] Deparsing header 'ipv4'
[08:09:12.421] [bmv2] [D] [thread 42159] [21.0] [cxt 0] Deparser 'deparser': end
[08:09:12.421] [bmv2] [D] [thread 42160] [21.0] [cxt 0] Transmitting packet of size 98 out of port 3
[08:09:12.423] [bmv2] [D] [thread 42155] [22.0] [cxt 0] Processing packet received on port 3
[08:09:12.423] [bmv2] [D] [thread 42155] [22.0] [cxt 0] Parser 'parser': start
[08:09:12.423] [bmv2] [D] [thread 42155] [22.0] [cxt 0] Parser 'parser' entering state 'start'
[08:09:12.423] [bmv2] [D] [thread 42155] [22.0] [cxt 0] Extracting header 'ethernet'
[08:09:12.423] [bmv2] [D] [thread 42155] [22.0] [cxt 0] Parser state 'start': key is 0800
[08:09:12.423] [bmv2] [T] [thread 42155] [22.0] [cxt 0] Bytes parsed: 14
[08:09:12.423] [bmv2] [D] [thread 42155] [22.0] [cxt 0] Parser 'parser' entering state 'parse_ipv4'
[08:09:12.423] [bmv2] [D] [thread 42155] [22.0] [cxt 0] Extracting header 'ipv4'
[08:09:12.423] [bmv2] [D] [thread 42155] [22.0] [cxt 0] Parser state 'parse_ipv4' has no switch, going to default next state
[08:09:12.423] [bmv2] [T] [thread 42155] [22.0] [cxt 0] Bytes parsed: 34
[08:09:12.423] [bmv2] [D] [thread 42155] [22.0] [cxt 0] Parser 'parser': end
[08:09:12.423] [bmv2] [D] [thread 42155] [22.0] [cxt 0] Pipeline 'ingress': start
[08:09:12.423] [bmv2] [T] [thread 42155] [22.0] [cxt 0] basic.p4(114) Condition "hdr.ipv4.isValid()" (node_2) is true
[08:09:12.423] [bmv2] [T] [thread 42155] [22.0] [cxt 0] Applying table 'MyIngress.ipv4_lpm'
[08:09:12.423] [bmv2] [D] [thread 42155] [22.0] [cxt 0] Looking up key:
* hdr.ipv4.dstAddr    : 0a000101

[08:09:12.423] [bmv2] [D] [thread 42155] [22.0] [cxt 0] Table 'MyIngress.ipv4_lpm': hit with handle 0
[08:09:12.423] [bmv2] [D] [thread 42155] [22.0] [cxt 0] Dumping entry 0
Match key:
* hdr.ipv4.dstAddr    : LPM       0a000101/32
Action entry: MyIngress.ipv4_forward - 80000000100,1,

[08:09:12.423] [bmv2] [D] [thread 42155] [22.0] [cxt 0] Action entry is MyIngress.ipv4_forward - 80000000100,1,
[08:09:12.423] [bmv2] [T] [thread 42155] [22.0] [cxt 0] Action MyIngress.ipv4_forward
[08:09:12.423] [bmv2] [T] [thread 42155] [22.0] [cxt 0] basic.p4(94) Primitive standard_metadata.egress_spec = port
[08:09:12.423] [bmv2] [T] [thread 42155] [22.0] [cxt 0] basic.p4(95) Primitive hdr.ethernet.srcAddr = hdr.ethernet.dstAddr
[08:09:12.423] [bmv2] [T] [thread 42155] [22.0] [cxt 0] basic.p4(96) Primitive hdr.ethernet.dstAddr = dstAddr
[08:09:12.423] [bmv2] [T] [thread 42155] [22.0] [cxt 0] basic.p4(97) Primitive hdr.ipv4.ttl = hdr.ipv4.ttl - 1
[08:09:12.423] [bmv2] [D] [thread 42155] [22.0] [cxt 0] Pipeline 'ingress': end
[08:09:12.423] [bmv2] [D] [thread 42155] [22.0] [cxt 0] Egress port is 1
[08:09:12.423] [bmv2] [D] [thread 42157] [22.0] [cxt 0] Pipeline 'egress': start
[08:09:12.423] [bmv2] [D] [thread 42157] [22.0] [cxt 0] Pipeline 'egress': end
[08:09:12.423] [bmv2] [D] [thread 42157] [22.0] [cxt 0] Deparser 'deparser': start
[08:09:12.423] [bmv2] [D] [thread 42157] [22.0] [cxt 0] Updating checksum 'cksum'
[08:09:12.423] [bmv2] [D] [thread 42157] [22.0] [cxt 0] Deparsing header 'ethernet'
[08:09:12.423] [bmv2] [D] [thread 42157] [22.0] [cxt 0] Deparsing header 'ipv4'
[08:09:12.423] [bmv2] [D] [thread 42157] [22.0] [cxt 0] Deparser 'deparser': end
[08:09:12.424] [bmv2] [D] [thread 42160] [22.0] [cxt 0] Transmitting packet of size 98 out of port 1
[08:09:22.623] [bmv2] [D] [thread 42155] [23.0] [cxt 0] Processing packet received on port 3
[08:09:22.623] [bmv2] [D] [thread 42155] [23.0] [cxt 0] Parser 'parser': start
[08:09:22.623] [bmv2] [D] [thread 42155] [23.0] [cxt 0] Parser 'parser' entering state 'start'
[08:09:22.623] [bmv2] [D] [thread 42155] [23.0] [cxt 0] Extracting header 'ethernet'
[08:09:22.624] [bmv2] [D] [thread 42155] [23.0] [cxt 0] Parser state 'start': key is 86dd
[08:09:22.624] [bmv2] [T] [thread 42155] [23.0] [cxt 0] Bytes parsed: 14
[08:09:22.624] [bmv2] [D] [thread 42155] [23.0] [cxt 0] Parser 'parser': end
[08:09:22.624] [bmv2] [D] [thread 42155] [23.0] [cxt 0] Pipeline 'ingress': start
[08:09:22.624] [bmv2] [T] [thread 42155] [23.0] [cxt 0] basic.p4(114) Condition "hdr.ipv4.isValid()" (node_2) is false
[08:09:22.624] [bmv2] [D] [thread 42155] [23.0] [cxt 0] Pipeline 'ingress': end
[08:09:22.624] [bmv2] [D] [thread 42155] [23.0] [cxt 0] Egress port is 0
[08:09:22.624] [bmv2] [D] [thread 42156] [23.0] [cxt 0] Pipeline 'egress': start
[08:09:22.624] [bmv2] [D] [thread 42156] [23.0] [cxt 0] Pipeline 'egress': end
[08:09:22.624] [bmv2] [D] [thread 42156] [23.0] [cxt 0] Deparser 'deparser': start
[08:09:22.624] [bmv2] [T] [thread 42156] [23.0] [cxt 0] Skipping checksum 'cksum' update because condition not met
[08:09:22.624] [bmv2] [D] [thread 42156] [23.0] [cxt 0] Deparsing header 'ethernet'
[08:09:22.624] [bmv2] [D] [thread 42156] [23.0] [cxt 0] Deparser 'deparser': end
[08:09:22.624] [bmv2] [D] [thread 42160] [23.0] [cxt 0] Transmitting packet of size 70 out of port 0
[08:09:24.158] [bmv2] [D] [thread 42155] [24.0] [cxt 0] Processing packet received on port 2
[08:09:24.158] [bmv2] [D] [thread 42155] [24.0] [cxt 0] Parser 'parser': start
[08:09:24.158] [bmv2] [D] [thread 42155] [24.0] [cxt 0] Parser 'parser' entering state 'start'
[08:09:24.158] [bmv2] [D] [thread 42155] [24.0] [cxt 0] Extracting header 'ethernet'
[08:09:24.158] [bmv2] [D] [thread 42155] [24.0] [cxt 0] Parser state 'start': key is 86dd
[08:09:24.158] [bmv2] [T] [thread 42155] [24.0] [cxt 0] Bytes parsed: 14
[08:09:24.158] [bmv2] [D] [thread 42155] [24.0] [cxt 0] Parser 'parser': end
[08:09:24.158] [bmv2] [D] [thread 42155] [24.0] [cxt 0] Pipeline 'ingress': start
[08:09:24.158] [bmv2] [T] [thread 42155] [24.0] [cxt 0] basic.p4(114) Condition "hdr.ipv4.isValid()" (node_2) is false
[08:09:24.158] [bmv2] [D] [thread 42155] [24.0] [cxt 0] Pipeline 'ingress': end
[08:09:24.158] [bmv2] [D] [thread 42155] [24.0] [cxt 0] Egress port is 0
[08:09:24.158] [bmv2] [D] [thread 42155] [25.0] [cxt 0] Processing packet received on port 3
[08:09:24.158] [bmv2] [D] [thread 42155] [25.0] [cxt 0] Parser 'parser': start
[08:09:24.158] [bmv2] [D] [thread 42155] [25.0] [cxt 0] Parser 'parser' entering state 'start'
[08:09:24.158] [bmv2] [D] [thread 42155] [25.0] [cxt 0] Extracting header 'ethernet'
[08:09:24.158] [bmv2] [D] [thread 42155] [25.0] [cxt 0] Parser state 'start': key is 86dd
[08:09:24.158] [bmv2] [T] [thread 42155] [25.0] [cxt 0] Bytes parsed: 14
[08:09:24.158] [bmv2] [D] [thread 42155] [25.0] [cxt 0] Parser 'parser': end
[08:09:24.158] [bmv2] [D] [thread 42155] [25.0] [cxt 0] Pipeline 'ingress': start
[08:09:24.158] [bmv2] [T] [thread 42155] [25.0] [cxt 0] basic.p4(114) Condition "hdr.ipv4.isValid()" (node_2) is false
[08:09:24.158] [bmv2] [D] [thread 42155] [25.0] [cxt 0] Pipeline 'ingress': end
[08:09:24.158] [bmv2] [D] [thread 42155] [25.0] [cxt 0] Egress port is 0
[08:09:24.158] [bmv2] [D] [thread 42156] [24.0] [cxt 0] Pipeline 'egress': start
[08:09:24.158] [bmv2] [D] [thread 42156] [24.0] [cxt 0] Pipeline 'egress': end
[08:09:24.158] [bmv2] [D] [thread 42156] [24.0] [cxt 0] Deparser 'deparser': start
[08:09:24.158] [bmv2] [T] [thread 42156] [24.0] [cxt 0] Skipping checksum 'cksum' update because condition not met
[08:09:24.158] [bmv2] [D] [thread 42156] [24.0] [cxt 0] Deparsing header 'ethernet'
[08:09:24.158] [bmv2] [D] [thread 42156] [24.0] [cxt 0] Deparser 'deparser': end
[08:09:24.158] [bmv2] [D] [thread 42160] [24.0] [cxt 0] Transmitting packet of size 70 out of port 0
[08:09:24.158] [bmv2] [D] [thread 42156] [25.0] [cxt 0] Pipeline 'egress': start
[08:09:24.158] [bmv2] [D] [thread 42156] [25.0] [cxt 0] Pipeline 'egress': end
[08:09:24.158] [bmv2] [D] [thread 42156] [25.0] [cxt 0] Deparser 'deparser': start
[08:09:24.158] [bmv2] [T] [thread 42156] [25.0] [cxt 0] Skipping checksum 'cksum' update because condition not met
[08:09:24.158] [bmv2] [D] [thread 42156] [25.0] [cxt 0] Deparsing header 'ethernet'
[08:09:24.158] [bmv2] [D] [thread 42156] [25.0] [cxt 0] Deparser 'deparser': end
[08:09:24.158] [bmv2] [D] [thread 42160] [25.0] [cxt 0] Transmitting packet of size 70 out of port 0
[08:09:26.206] [bmv2] [D] [thread 42155] [26.0] [cxt 0] Processing packet received on port 1
[08:09:26.206] [bmv2] [D] [thread 42155] [26.0] [cxt 0] Parser 'parser': start
[08:09:26.206] [bmv2] [D] [thread 42155] [26.0] [cxt 0] Parser 'parser' entering state 'start'
[08:09:26.206] [bmv2] [D] [thread 42155] [26.0] [cxt 0] Extracting header 'ethernet'
[08:09:26.206] [bmv2] [D] [thread 42155] [26.0] [cxt 0] Parser state 'start': key is 86dd
[08:09:26.206] [bmv2] [T] [thread 42155] [26.0] [cxt 0] Bytes parsed: 14
[08:09:26.206] [bmv2] [D] [thread 42155] [26.0] [cxt 0] Parser 'parser': end
[08:09:26.206] [bmv2] [D] [thread 42155] [26.0] [cxt 0] Pipeline 'ingress': start
[08:09:26.206] [bmv2] [T] [thread 42155] [26.0] [cxt 0] basic.p4(114) Condition "hdr.ipv4.isValid()" (node_2) is false
[08:09:26.206] [bmv2] [D] [thread 42155] [26.0] [cxt 0] Pipeline 'ingress': end
[08:09:26.206] [bmv2] [D] [thread 42155] [26.0] [cxt 0] Egress port is 0
[08:09:26.206] [bmv2] [D] [thread 42156] [26.0] [cxt 0] Pipeline 'egress': start
[08:09:26.206] [bmv2] [D] [thread 42156] [26.0] [cxt 0] Pipeline 'egress': end
[08:09:26.206] [bmv2] [D] [thread 42156] [26.0] [cxt 0] Deparser 'deparser': start
[08:09:26.207] [bmv2] [T] [thread 42156] [26.0] [cxt 0] Skipping checksum 'cksum' update because condition not met
[08:09:26.207] [bmv2] [D] [thread 42156] [26.0] [cxt 0] Deparsing header 'ethernet'
[08:09:26.207] [bmv2] [D] [thread 42156] [26.0] [cxt 0] Deparser 'deparser': end
[08:09:26.207] [bmv2] [D] [thread 42160] [26.0] [cxt 0] Transmitting packet of size 70 out of port 0
[08:09:26.718] [bmv2] [D] [thread 42155] [27.0] [cxt 0] Processing packet received on port 1
[08:09:26.719] [bmv2] [D] [thread 42155] [27.0] [cxt 0] Parser 'parser': start
[08:09:26.719] [bmv2] [D] [thread 42155] [27.0] [cxt 0] Parser 'parser' entering state 'start'
[08:09:26.719] [bmv2] [D] [thread 42155] [27.0] [cxt 0] Extracting header 'ethernet'
[08:09:26.719] [bmv2] [D] [thread 42155] [27.0] [cxt 0] Parser state 'start': key is 86dd
[08:09:26.719] [bmv2] [T] [thread 42155] [27.0] [cxt 0] Bytes parsed: 14
[08:09:26.719] [bmv2] [D] [thread 42155] [27.0] [cxt 0] Parser 'parser': end
[08:09:26.719] [bmv2] [D] [thread 42155] [27.0] [cxt 0] Pipeline 'ingress': start
[08:09:26.719] [bmv2] [T] [thread 42155] [27.0] [cxt 0] basic.p4(114) Condition "hdr.ipv4.isValid()" (node_2) is false
[08:09:26.719] [bmv2] [D] [thread 42155] [27.0] [cxt 0] Pipeline 'ingress': end
[08:09:26.719] [bmv2] [D] [thread 42155] [27.0] [cxt 0] Egress port is 0
[08:09:26.719] [bmv2] [D] [thread 42156] [27.0] [cxt 0] Pipeline 'egress': start
[08:09:26.719] [bmv2] [D] [thread 42156] [27.0] [cxt 0] Pipeline 'egress': end
[08:09:26.719] [bmv2] [D] [thread 42156] [27.0] [cxt 0] Deparser 'deparser': start
[08:09:26.719] [bmv2] [T] [thread 42156] [27.0] [cxt 0] Skipping checksum 'cksum' update because condition not met
[08:09:26.719] [bmv2] [D] [thread 42156] [27.0] [cxt 0] Deparsing header 'ethernet'
[08:09:26.719] [bmv2] [D] [thread 42156] [27.0] [cxt 0] Deparser 'deparser': end
[08:09:26.719] [bmv2] [D] [thread 42160] [27.0] [cxt 0] Transmitting packet of size 70 out of port 0
[08:09:28.254] [bmv2] [D] [thread 42155] [28.0] [cxt 0] Processing packet received on port 2
[08:09:28.254] [bmv2] [D] [thread 42155] [28.0] [cxt 0] Parser 'parser': start
[08:09:28.254] [bmv2] [D] [thread 42155] [28.0] [cxt 0] Parser 'parser' entering state 'start'
[08:09:28.254] [bmv2] [D] [thread 42155] [28.0] [cxt 0] Extracting header 'ethernet'
[08:09:28.254] [bmv2] [D] [thread 42155] [28.0] [cxt 0] Parser state 'start': key is 86dd
[08:09:28.254] [bmv2] [T] [thread 42155] [28.0] [cxt 0] Bytes parsed: 14
[08:09:28.254] [bmv2] [D] [thread 42155] [28.0] [cxt 0] Parser 'parser': end
[08:09:28.254] [bmv2] [D] [thread 42155] [28.0] [cxt 0] Pipeline 'ingress': start
[08:09:28.254] [bmv2] [T] [thread 42155] [28.0] [cxt 0] basic.p4(114) Condition "hdr.ipv4.isValid()" (node_2) is false
[08:09:28.254] [bmv2] [D] [thread 42155] [28.0] [cxt 0] Pipeline 'ingress': end
[08:09:28.254] [bmv2] [D] [thread 42155] [28.0] [cxt 0] Egress port is 0
[08:09:28.254] [bmv2] [D] [thread 42156] [28.0] [cxt 0] Pipeline 'egress': start
[08:09:28.254] [bmv2] [D] [thread 42156] [28.0] [cxt 0] Pipeline 'egress': end
[08:09:28.254] [bmv2] [D] [thread 42156] [28.0] [cxt 0] Deparser 'deparser': start
[08:09:28.254] [bmv2] [T] [thread 42156] [28.0] [cxt 0] Skipping checksum 'cksum' update because condition not met
[08:09:28.254] [bmv2] [D] [thread 42156] [28.0] [cxt 0] Deparsing header 'ethernet'
[08:09:28.254] [bmv2] [D] [thread 42156] [28.0] [cxt 0] Deparser 'deparser': end
[08:09:28.254] [bmv2] [D] [thread 42160] [28.0] [cxt 0] Transmitting packet of size 70 out of port 0
open: No such file or directory
open: No such file or directory
open: No such file or directory
open: No such file or directory
open: No such file or directory
open: No such file or directory
