Calling target program-options parser
[01:02:56.713] [bmv2] [D] [thread 23158] Set default default entry for table 'MyIngress.ethernet_exact': MyIngress.drop - 
Adding interface s6-eth1 as port 1
[01:02:56.714] [bmv2] [D] [thread 23158] Adding interface s6-eth1 as port 1
Adding interface s6-eth2 as port 2
[01:02:56.732] [bmv2] [D] [thread 23158] Adding interface s6-eth2 as port 2
Server listening on 0.0.0.0:50056
[01:02:56.753] [bmv2] [I] [thread 23158] Starting Thrift server on port 9095
[01:02:56.754] [bmv2] [I] [thread 23158] Thrift server was started
[01:02:58.869] [bmv2] [D] [thread 23174] [0.0] [cxt 0] Processing packet received on port 1
[01:02:58.869] [bmv2] [D] [thread 23174] [0.0] [cxt 0] Parser 'parser': start
[01:02:58.869] [bmv2] [D] [thread 23174] [0.0] [cxt 0] Parser 'parser' entering state 'start'
[01:02:58.869] [bmv2] [D] [thread 23174] [0.0] [cxt 0] Extracting header 'ethernet'
[01:02:58.870] [bmv2] [D] [thread 23174] [0.0] [cxt 0] Parser state 'start' has no switch, going to default next state
[01:02:58.870] [bmv2] [T] [thread 23174] [0.0] [cxt 0] Bytes parsed: 14
[01:02:58.870] [bmv2] [D] [thread 23174] [0.0] [cxt 0] Parser 'parser': end
[01:02:58.870] [bmv2] [D] [thread 23174] [0.0] [cxt 0] Pipeline 'ingress': start
[01:02:58.870] [bmv2] [T] [thread 23174] [0.0] [cxt 0] switch.p4(86) Condition "hdr.ethernet.isValid()" (node_2) is true
[01:02:58.870] [bmv2] [T] [thread 23174] [0.0] [cxt 0] Applying table 'MyIngress.ethernet_exact'
[01:02:58.870] [bmv2] [D] [thread 23174] [0.0] [cxt 0] Looking up key:
* hdr.ethernet.dstAddr: 333300000002

[01:02:58.870] [bmv2] [D] [thread 23174] [0.0] [cxt 0] Table 'MyIngress.ethernet_exact': miss
[01:02:58.870] [bmv2] [D] [thread 23174] [0.0] [cxt 0] Action entry is MyIngress.drop - 
[01:02:58.870] [bmv2] [T] [thread 23174] [0.0] [cxt 0] Action MyIngress.drop
[01:02:58.870] [bmv2] [T] [thread 23174] [0.0] [cxt 0] switch.p4(65) Primitive mark_to_drop(standard_metadata)
[01:02:58.870] [bmv2] [D] [thread 23174] [0.0] [cxt 0] Pipeline 'ingress': end
[01:02:58.870] [bmv2] [D] [thread 23174] [0.0] [cxt 0] Egress port is 511
[01:02:58.870] [bmv2] [D] [thread 23174] [0.0] [cxt 0] Dropping packet at the end of ingress
[01:02:58.998] [bmv2] [D] [thread 23174] [1.0] [cxt 0] Processing packet received on port 1
[01:02:58.998] [bmv2] [D] [thread 23174] [1.0] [cxt 0] Parser 'parser': start
[01:02:58.998] [bmv2] [D] [thread 23174] [1.0] [cxt 0] Parser 'parser' entering state 'start'
[01:02:58.998] [bmv2] [D] [thread 23174] [1.0] [cxt 0] Extracting header 'ethernet'
[01:02:58.998] [bmv2] [D] [thread 23174] [1.0] [cxt 0] Parser state 'start' has no switch, going to default next state
[01:02:58.998] [bmv2] [T] [thread 23174] [1.0] [cxt 0] Bytes parsed: 14
[01:02:58.998] [bmv2] [D] [thread 23174] [1.0] [cxt 0] Parser 'parser': end
[01:02:58.998] [bmv2] [D] [thread 23174] [1.0] [cxt 0] Pipeline 'ingress': start
[01:02:58.998] [bmv2] [T] [thread 23174] [1.0] [cxt 0] switch.p4(86) Condition "hdr.ethernet.isValid()" (node_2) is true
[01:02:58.998] [bmv2] [T] [thread 23174] [1.0] [cxt 0] Applying table 'MyIngress.ethernet_exact'
[01:02:58.998] [bmv2] [D] [thread 23174] [1.0] [cxt 0] Looking up key:
* hdr.ethernet.dstAddr: 333300000002

[01:02:58.998] [bmv2] [D] [thread 23174] [1.0] [cxt 0] Table 'MyIngress.ethernet_exact': miss
[01:02:58.998] [bmv2] [D] [thread 23174] [1.0] [cxt 0] Action entry is MyIngress.drop - 
[01:02:58.998] [bmv2] [T] [thread 23174] [1.0] [cxt 0] Action MyIngress.drop
[01:02:58.998] [bmv2] [T] [thread 23174] [1.0] [cxt 0] switch.p4(65) Primitive mark_to_drop(standard_metadata)
[01:02:58.998] [bmv2] [D] [thread 23174] [1.0] [cxt 0] Pipeline 'ingress': end
[01:02:58.998] [bmv2] [D] [thread 23174] [1.0] [cxt 0] Egress port is 511
[01:02:58.998] [bmv2] [D] [thread 23174] [1.0] [cxt 0] Dropping packet at the end of ingress
[01:02:59.322] [bmv2] [D] [thread 23174] [2.0] [cxt 0] Processing packet received on port 2
[01:02:59.322] [bmv2] [D] [thread 23174] [2.0] [cxt 0] Parser 'parser': start
[01:02:59.322] [bmv2] [D] [thread 23174] [2.0] [cxt 0] Parser 'parser' entering state 'start'
[01:02:59.322] [bmv2] [D] [thread 23174] [2.0] [cxt 0] Extracting header 'ethernet'
[01:02:59.322] [bmv2] [D] [thread 23174] [2.0] [cxt 0] Parser state 'start' has no switch, going to default next state
[01:02:59.322] [bmv2] [T] [thread 23174] [2.0] [cxt 0] Bytes parsed: 14
[01:02:59.322] [bmv2] [D] [thread 23174] [2.0] [cxt 0] Parser 'parser': end
[01:02:59.322] [bmv2] [D] [thread 23174] [2.0] [cxt 0] Pipeline 'ingress': start
[01:02:59.322] [bmv2] [T] [thread 23174] [2.0] [cxt 0] switch.p4(86) Condition "hdr.ethernet.isValid()" (node_2) is true
[01:02:59.322] [bmv2] [T] [thread 23174] [2.0] [cxt 0] Applying table 'MyIngress.ethernet_exact'
[01:02:59.322] [bmv2] [D] [thread 23174] [2.0] [cxt 0] Looking up key:
* hdr.ethernet.dstAddr: 333300000002

[01:02:59.322] [bmv2] [D] [thread 23174] [2.0] [cxt 0] Table 'MyIngress.ethernet_exact': miss
[01:02:59.322] [bmv2] [D] [thread 23174] [2.0] [cxt 0] Action entry is MyIngress.drop - 
[01:02:59.322] [bmv2] [T] [thread 23174] [2.0] [cxt 0] Action MyIngress.drop
[01:02:59.322] [bmv2] [T] [thread 23174] [2.0] [cxt 0] switch.p4(65) Primitive mark_to_drop(standard_metadata)
[01:02:59.322] [bmv2] [D] [thread 23174] [2.0] [cxt 0] Pipeline 'ingress': end
[01:02:59.322] [bmv2] [D] [thread 23174] [2.0] [cxt 0] Egress port is 511
[01:02:59.322] [bmv2] [D] [thread 23174] [2.0] [cxt 0] Dropping packet at the end of ingress
[01:03:00.400] [bmv2] [W] [thread 23342] [P4Runtime] p4::tmp::P4DeviceConfig is deprecated
[01:03:00.401] [bmv2] [D] [thread 23342] Set default default entry for table 'MyIngress.ipv4_lpm': MyIngress.drop - 
[01:03:00.401] [bmv2] [D] [thread 23342] simple_switch target has been notified of a config swap
[01:03:00.402] [bmv2] [D] [thread 23342] Set default entry for table 'MyIngress.ipv4_lpm': MyIngress.drop - 
[01:03:00.403] [bmv2] [D] [thread 23343] Entry 0 added to table 'MyIngress.ipv4_lpm'
[01:03:00.403] [bmv2] [D] [thread 23343] Dumping entry 0
Match key:
* hdr.ipv4.dstAddr    : LPM       0a000101/32
Action entry: MyIngress.ipv4_forward - 80000000100,1,

[01:03:00.404] [bmv2] [D] [thread 23342] Entry 1 added to table 'MyIngress.ipv4_lpm'
[01:03:00.404] [bmv2] [D] [thread 23342] Dumping entry 1
Match key:
* hdr.ipv4.dstAddr    : LPM       0a000102/32
Action entry: MyIngress.ipv4_forward - 80000000200,1,

[01:03:00.405] [bmv2] [D] [thread 23343] Entry 2 added to table 'MyIngress.ipv4_lpm'
[01:03:00.405] [bmv2] [D] [thread 23343] Dumping entry 2
Match key:
* hdr.ipv4.dstAddr    : LPM       0a000303/32
Action entry: MyIngress.ipv4_forward - 80000000333,2,

[01:03:00.406] [bmv2] [D] [thread 23342] Entry 3 added to table 'MyIngress.ipv4_lpm'
[01:03:00.406] [bmv2] [D] [thread 23342] Dumping entry 3
Match key:
* hdr.ipv4.dstAddr    : LPM       0a000304/32
Action entry: MyIngress.ipv4_forward - 80000000444,2,

[01:03:00.406] [bmv2] [D] [thread 23343] Entry 4 added to table 'MyIngress.ipv4_lpm'
[01:03:00.406] [bmv2] [D] [thread 23343] Dumping entry 4
Match key:
* hdr.ipv4.dstAddr    : LPM       08080808/32
Action entry: MyIngress.ipv4_forward - 80000000500,1,

[01:03:00.407] [bmv2] [D] [thread 23342] Entry 5 added to table 'MyIngress.ipv4_lpm'
[01:03:00.407] [bmv2] [D] [thread 23342] Dumping entry 5
Match key:
* hdr.ipv4.dstAddr    : LPM       0a000606/32
Action entry: MyIngress.ipv4_forward - 80000000600,1,

[01:03:00.408] [bmv2] [D] [thread 23343] Entry 6 added to table 'MyIngress.ipv4_lpm'
[01:03:00.408] [bmv2] [D] [thread 23343] Dumping entry 6
Match key:
* hdr.ipv4.dstAddr    : LPM       0a000707/32
Action entry: MyIngress.ipv4_forward - 80000000700,1,

[01:03:00.408] [bmv2] [D] [thread 23342] Entry 7 added to table 'MyIngress.ipv4_lpm'
[01:03:00.408] [bmv2] [D] [thread 23342] Dumping entry 7
Match key:
* hdr.ipv4.dstAddr    : LPM       0a000808/32
Action entry: MyIngress.ipv4_forward - 80000000800,1,

[01:03:00.409] [bmv2] [D] [thread 23343] Entry 8 added to table 'MyIngress.ipv4_lpm'
[01:03:00.409] [bmv2] [D] [thread 23343] Dumping entry 8
Match key:
* hdr.ipv4.dstAddr    : LPM       0a000909/32
Action entry: MyIngress.ipv4_forward - 80000000900,1,

[01:03:00.534] [bmv2] [D] [thread 23174] [3.0] [cxt 0] Processing packet received on port 2
[01:03:00.534] [bmv2] [D] [thread 23174] [3.0] [cxt 0] Parser 'parser': start
[01:03:00.534] [bmv2] [D] [thread 23174] [3.0] [cxt 0] Parser 'parser' entering state 'start'
[01:03:00.534] [bmv2] [D] [thread 23174] [3.0] [cxt 0] Extracting header 'ethernet'
[01:03:00.534] [bmv2] [D] [thread 23174] [3.0] [cxt 0] Parser state 'start': key is 86dd
[01:03:00.534] [bmv2] [T] [thread 23174] [3.0] [cxt 0] Bytes parsed: 14
[01:03:00.534] [bmv2] [D] [thread 23174] [3.0] [cxt 0] Parser 'parser': end
[01:03:00.534] [bmv2] [D] [thread 23174] [3.0] [cxt 0] Pipeline 'ingress': start
[01:03:00.534] [bmv2] [T] [thread 23174] [3.0] [cxt 0] basic.p4(114) Condition "hdr.ipv4.isValid()" (node_2) is false
[01:03:00.534] [bmv2] [D] [thread 23174] [3.0] [cxt 0] Pipeline 'ingress': end
[01:03:00.534] [bmv2] [D] [thread 23174] [3.0] [cxt 0] Egress port is 0
[01:03:00.535] [bmv2] [D] [thread 23175] [3.0] [cxt 0] Pipeline 'egress': start
[01:03:00.535] [bmv2] [D] [thread 23175] [3.0] [cxt 0] Pipeline 'egress': end
[01:03:00.535] [bmv2] [D] [thread 23175] [3.0] [cxt 0] Deparser 'deparser': start
[01:03:00.535] [bmv2] [T] [thread 23175] [3.0] [cxt 0] Skipping checksum 'cksum' update because condition not met
[01:03:00.535] [bmv2] [D] [thread 23175] [3.0] [cxt 0] Deparsing header 'ethernet'
[01:03:00.535] [bmv2] [D] [thread 23175] [3.0] [cxt 0] Deparser 'deparser': end
[01:03:00.535] [bmv2] [D] [thread 23179] [3.0] [cxt 0] Transmitting packet of size 70 out of port 0
[01:03:06.167] [bmv2] [D] [thread 23174] [4.0] [cxt 0] Processing packet received on port 1
[01:03:06.167] [bmv2] [D] [thread 23174] [4.0] [cxt 0] Parser 'parser': start
[01:03:06.167] [bmv2] [D] [thread 23174] [4.0] [cxt 0] Parser 'parser' entering state 'start'
[01:03:06.167] [bmv2] [D] [thread 23174] [4.0] [cxt 0] Extracting header 'ethernet'
[01:03:06.167] [bmv2] [D] [thread 23174] [4.0] [cxt 0] Parser state 'start': key is 86dd
[01:03:06.167] [bmv2] [T] [thread 23174] [4.0] [cxt 0] Bytes parsed: 14
[01:03:06.167] [bmv2] [D] [thread 23174] [4.0] [cxt 0] Parser 'parser': end
[01:03:06.167] [bmv2] [D] [thread 23174] [4.0] [cxt 0] Pipeline 'ingress': start
[01:03:06.167] [bmv2] [T] [thread 23174] [4.0] [cxt 0] basic.p4(114) Condition "hdr.ipv4.isValid()" (node_2) is false
[01:03:06.167] [bmv2] [D] [thread 23174] [4.0] [cxt 0] Pipeline 'ingress': end
[01:03:06.167] [bmv2] [D] [thread 23174] [4.0] [cxt 0] Egress port is 0
[01:03:06.167] [bmv2] [D] [thread 23174] [5.0] [cxt 0] Processing packet received on port 1
[01:03:06.167] [bmv2] [D] [thread 23174] [5.0] [cxt 0] Parser 'parser': start
[01:03:06.167] [bmv2] [D] [thread 23174] [5.0] [cxt 0] Parser 'parser' entering state 'start'
[01:03:06.167] [bmv2] [D] [thread 23174] [5.0] [cxt 0] Extracting header 'ethernet'
[01:03:06.167] [bmv2] [D] [thread 23174] [5.0] [cxt 0] Parser state 'start': key is 86dd
[01:03:06.167] [bmv2] [T] [thread 23174] [5.0] [cxt 0] Bytes parsed: 14
[01:03:06.167] [bmv2] [D] [thread 23174] [5.0] [cxt 0] Parser 'parser': end
[01:03:06.167] [bmv2] [D] [thread 23174] [5.0] [cxt 0] Pipeline 'ingress': start
[01:03:06.167] [bmv2] [T] [thread 23174] [5.0] [cxt 0] basic.p4(114) Condition "hdr.ipv4.isValid()" (node_2) is false
[01:03:06.167] [bmv2] [D] [thread 23174] [5.0] [cxt 0] Pipeline 'ingress': end
[01:03:06.167] [bmv2] [D] [thread 23174] [5.0] [cxt 0] Egress port is 0
[01:03:06.167] [bmv2] [D] [thread 23175] [4.0] [cxt 0] Pipeline 'egress': start
[01:03:06.167] [bmv2] [D] [thread 23175] [4.0] [cxt 0] Pipeline 'egress': end
[01:03:06.167] [bmv2] [D] [thread 23175] [4.0] [cxt 0] Deparser 'deparser': start
[01:03:06.167] [bmv2] [T] [thread 23175] [4.0] [cxt 0] Skipping checksum 'cksum' update because condition not met
[01:03:06.167] [bmv2] [D] [thread 23175] [4.0] [cxt 0] Deparsing header 'ethernet'
[01:03:06.167] [bmv2] [D] [thread 23175] [4.0] [cxt 0] Deparser 'deparser': end
[01:03:06.168] [bmv2] [D] [thread 23175] [5.0] [cxt 0] Pipeline 'egress': start
[01:03:06.168] [bmv2] [D] [thread 23175] [5.0] [cxt 0] Pipeline 'egress': end
[01:03:06.168] [bmv2] [D] [thread 23175] [5.0] [cxt 0] Deparser 'deparser': start
[01:03:06.168] [bmv2] [T] [thread 23175] [5.0] [cxt 0] Skipping checksum 'cksum' update because condition not met
[01:03:06.168] [bmv2] [D] [thread 23175] [5.0] [cxt 0] Deparsing header 'ethernet'
[01:03:06.168] [bmv2] [D] [thread 23175] [5.0] [cxt 0] Deparser 'deparser': end
[01:03:06.168] [bmv2] [D] [thread 23179] [4.0] [cxt 0] Transmitting packet of size 70 out of port 0
[01:03:06.168] [bmv2] [D] [thread 23179] [5.0] [cxt 0] Transmitting packet of size 70 out of port 0
[01:03:07.190] [bmv2] [D] [thread 23174] [6.0] [cxt 0] Processing packet received on port 2
[01:03:07.190] [bmv2] [D] [thread 23174] [6.0] [cxt 0] Parser 'parser': start
[01:03:07.190] [bmv2] [D] [thread 23174] [6.0] [cxt 0] Parser 'parser' entering state 'start'
[01:03:07.190] [bmv2] [D] [thread 23174] [6.0] [cxt 0] Extracting header 'ethernet'
[01:03:07.190] [bmv2] [D] [thread 23174] [6.0] [cxt 0] Parser state 'start': key is 86dd
[01:03:07.190] [bmv2] [T] [thread 23174] [6.0] [cxt 0] Bytes parsed: 14
[01:03:07.190] [bmv2] [D] [thread 23174] [6.0] [cxt 0] Parser 'parser': end
[01:03:07.190] [bmv2] [D] [thread 23174] [6.0] [cxt 0] Pipeline 'ingress': start
[01:03:07.190] [bmv2] [T] [thread 23174] [6.0] [cxt 0] basic.p4(114) Condition "hdr.ipv4.isValid()" (node_2) is false
[01:03:07.190] [bmv2] [D] [thread 23174] [6.0] [cxt 0] Pipeline 'ingress': end
[01:03:07.190] [bmv2] [D] [thread 23174] [6.0] [cxt 0] Egress port is 0
[01:03:07.190] [bmv2] [D] [thread 23175] [6.0] [cxt 0] Pipeline 'egress': start
[01:03:07.190] [bmv2] [D] [thread 23175] [6.0] [cxt 0] Pipeline 'egress': end
[01:03:07.190] [bmv2] [D] [thread 23175] [6.0] [cxt 0] Deparser 'deparser': start
[01:03:07.190] [bmv2] [T] [thread 23175] [6.0] [cxt 0] Skipping checksum 'cksum' update because condition not met
[01:03:07.190] [bmv2] [D] [thread 23175] [6.0] [cxt 0] Deparsing header 'ethernet'
[01:03:07.190] [bmv2] [D] [thread 23175] [6.0] [cxt 0] Deparser 'deparser': end
[01:03:07.190] [bmv2] [D] [thread 23179] [6.0] [cxt 0] Transmitting packet of size 70 out of port 0
[01:03:09.237] [bmv2] [D] [thread 23174] [7.0] [cxt 0] Processing packet received on port 2
[01:03:09.237] [bmv2] [D] [thread 23174] [7.0] [cxt 0] Parser 'parser': start
[01:03:09.237] [bmv2] [D] [thread 23174] [7.0] [cxt 0] Parser 'parser' entering state 'start'
[01:03:09.237] [bmv2] [D] [thread 23174] [7.0] [cxt 0] Extracting header 'ethernet'
[01:03:09.237] [bmv2] [D] [thread 23174] [7.0] [cxt 0] Parser state 'start': key is 86dd
[01:03:09.237] [bmv2] [T] [thread 23174] [7.0] [cxt 0] Bytes parsed: 14
[01:03:09.237] [bmv2] [D] [thread 23174] [7.0] [cxt 0] Parser 'parser': end
[01:03:09.237] [bmv2] [D] [thread 23174] [7.0] [cxt 0] Pipeline 'ingress': start
[01:03:09.237] [bmv2] [T] [thread 23174] [7.0] [cxt 0] basic.p4(114) Condition "hdr.ipv4.isValid()" (node_2) is false
[01:03:09.238] [bmv2] [D] [thread 23174] [7.0] [cxt 0] Pipeline 'ingress': end
[01:03:09.238] [bmv2] [D] [thread 23174] [7.0] [cxt 0] Egress port is 0
[01:03:09.238] [bmv2] [D] [thread 23175] [7.0] [cxt 0] Pipeline 'egress': start
[01:03:09.238] [bmv2] [D] [thread 23175] [7.0] [cxt 0] Pipeline 'egress': end
[01:03:09.238] [bmv2] [D] [thread 23175] [7.0] [cxt 0] Deparser 'deparser': start
[01:03:09.238] [bmv2] [T] [thread 23175] [7.0] [cxt 0] Skipping checksum 'cksum' update because condition not met
[01:03:09.238] [bmv2] [D] [thread 23175] [7.0] [cxt 0] Deparsing header 'ethernet'
[01:03:09.238] [bmv2] [D] [thread 23175] [7.0] [cxt 0] Deparser 'deparser': end
[01:03:09.238] [bmv2] [D] [thread 23179] [7.0] [cxt 0] Transmitting packet of size 70 out of port 0
[01:03:19.989] [bmv2] [D] [thread 23174] [8.0] [cxt 0] Processing packet received on port 1
[01:03:19.989] [bmv2] [D] [thread 23174] [8.0] [cxt 0] Parser 'parser': start
[01:03:19.989] [bmv2] [D] [thread 23174] [8.0] [cxt 0] Parser 'parser' entering state 'start'
[01:03:19.989] [bmv2] [D] [thread 23174] [8.0] [cxt 0] Extracting header 'ethernet'
[01:03:19.989] [bmv2] [D] [thread 23174] [8.0] [cxt 0] Parser state 'start': key is 86dd
[01:03:19.989] [bmv2] [T] [thread 23174] [8.0] [cxt 0] Bytes parsed: 14
[01:03:19.989] [bmv2] [D] [thread 23174] [8.0] [cxt 0] Parser 'parser': end
[01:03:19.989] [bmv2] [D] [thread 23174] [8.0] [cxt 0] Pipeline 'ingress': start
[01:03:19.989] [bmv2] [T] [thread 23174] [8.0] [cxt 0] basic.p4(114) Condition "hdr.ipv4.isValid()" (node_2) is false
[01:03:19.989] [bmv2] [D] [thread 23174] [8.0] [cxt 0] Pipeline 'ingress': end
[01:03:19.989] [bmv2] [D] [thread 23174] [8.0] [cxt 0] Egress port is 0
[01:03:19.989] [bmv2] [D] [thread 23175] [8.0] [cxt 0] Pipeline 'egress': start
[01:03:19.989] [bmv2] [D] [thread 23175] [8.0] [cxt 0] Pipeline 'egress': end
[01:03:19.989] [bmv2] [D] [thread 23175] [8.0] [cxt 0] Deparser 'deparser': start
[01:03:19.989] [bmv2] [T] [thread 23175] [8.0] [cxt 0] Skipping checksum 'cksum' update because condition not met
[01:03:19.989] [bmv2] [D] [thread 23175] [8.0] [cxt 0] Deparsing header 'ethernet'
[01:03:19.989] [bmv2] [D] [thread 23175] [8.0] [cxt 0] Deparser 'deparser': end
[01:03:19.989] [bmv2] [D] [thread 23179] [8.0] [cxt 0] Transmitting packet of size 70 out of port 0
[01:03:20.508] [bmv2] [D] [thread 23174] [9.0] [cxt 0] Processing packet received on port 1
[01:03:20.508] [bmv2] [D] [thread 23174] [9.0] [cxt 0] Parser 'parser': start
[01:03:20.508] [bmv2] [D] [thread 23174] [9.0] [cxt 0] Parser 'parser' entering state 'start'
[01:03:20.508] [bmv2] [D] [thread 23174] [9.0] [cxt 0] Extracting header 'ethernet'
[01:03:20.508] [bmv2] [D] [thread 23174] [9.0] [cxt 0] Parser state 'start': key is 86dd
[01:03:20.508] [bmv2] [T] [thread 23174] [9.0] [cxt 0] Bytes parsed: 14
[01:03:20.508] [bmv2] [D] [thread 23174] [9.0] [cxt 0] Parser 'parser': end
[01:03:20.508] [bmv2] [D] [thread 23174] [9.0] [cxt 0] Pipeline 'ingress': start
[01:03:20.508] [bmv2] [T] [thread 23174] [9.0] [cxt 0] basic.p4(114) Condition "hdr.ipv4.isValid()" (node_2) is false
[01:03:20.508] [bmv2] [D] [thread 23174] [9.0] [cxt 0] Pipeline 'ingress': end
[01:03:20.508] [bmv2] [D] [thread 23174] [9.0] [cxt 0] Egress port is 0
[01:03:20.508] [bmv2] [D] [thread 23175] [9.0] [cxt 0] Pipeline 'egress': start
[01:03:20.508] [bmv2] [D] [thread 23175] [9.0] [cxt 0] Pipeline 'egress': end
[01:03:20.508] [bmv2] [D] [thread 23175] [9.0] [cxt 0] Deparser 'deparser': start
[01:03:20.508] [bmv2] [T] [thread 23175] [9.0] [cxt 0] Skipping checksum 'cksum' update because condition not met
[01:03:20.508] [bmv2] [D] [thread 23175] [9.0] [cxt 0] Deparsing header 'ethernet'
[01:03:20.508] [bmv2] [D] [thread 23175] [9.0] [cxt 0] Deparser 'deparser': end
[01:03:20.508] [bmv2] [D] [thread 23179] [9.0] [cxt 0] Transmitting packet of size 70 out of port 0
[01:03:23.574] [bmv2] [D] [thread 23174] [10.0] [cxt 0] Processing packet received on port 2
[01:03:23.574] [bmv2] [D] [thread 23174] [10.0] [cxt 0] Parser 'parser': start
[01:03:23.574] [bmv2] [D] [thread 23174] [10.0] [cxt 0] Parser 'parser' entering state 'start'
[01:03:23.574] [bmv2] [D] [thread 23174] [10.0] [cxt 0] Extracting header 'ethernet'
[01:03:23.574] [bmv2] [D] [thread 23174] [10.0] [cxt 0] Parser state 'start': key is 86dd
[01:03:23.574] [bmv2] [T] [thread 23174] [10.0] [cxt 0] Bytes parsed: 14
[01:03:23.574] [bmv2] [D] [thread 23174] [10.0] [cxt 0] Parser 'parser': end
[01:03:23.574] [bmv2] [D] [thread 23174] [10.0] [cxt 0] Pipeline 'ingress': start
[01:03:23.574] [bmv2] [T] [thread 23174] [10.0] [cxt 0] basic.p4(114) Condition "hdr.ipv4.isValid()" (node_2) is false
[01:03:23.574] [bmv2] [D] [thread 23174] [10.0] [cxt 0] Pipeline 'ingress': end
[01:03:23.574] [bmv2] [D] [thread 23174] [10.0] [cxt 0] Egress port is 0
[01:03:23.574] [bmv2] [D] [thread 23175] [10.0] [cxt 0] Pipeline 'egress': start
[01:03:23.574] [bmv2] [D] [thread 23175] [10.0] [cxt 0] Pipeline 'egress': end
[01:03:23.574] [bmv2] [D] [thread 23175] [10.0] [cxt 0] Deparser 'deparser': start
[01:03:23.574] [bmv2] [T] [thread 23175] [10.0] [cxt 0] Skipping checksum 'cksum' update because condition not met
[01:03:23.574] [bmv2] [D] [thread 23175] [10.0] [cxt 0] Deparsing header 'ethernet'
[01:03:23.574] [bmv2] [D] [thread 23175] [10.0] [cxt 0] Deparser 'deparser': end
[01:03:23.575] [bmv2] [D] [thread 23179] [10.0] [cxt 0] Transmitting packet of size 70 out of port 0
[01:03:25.622] [bmv2] [D] [thread 23174] [11.0] [cxt 0] Processing packet received on port 2
[01:03:25.622] [bmv2] [D] [thread 23174] [11.0] [cxt 0] Parser 'parser': start
[01:03:25.622] [bmv2] [D] [thread 23174] [11.0] [cxt 0] Parser 'parser' entering state 'start'
[01:03:25.622] [bmv2] [D] [thread 23174] [11.0] [cxt 0] Extracting header 'ethernet'
[01:03:25.622] [bmv2] [D] [thread 23174] [11.0] [cxt 0] Parser state 'start': key is 86dd
[01:03:25.622] [bmv2] [T] [thread 23174] [11.0] [cxt 0] Bytes parsed: 14
[01:03:25.622] [bmv2] [D] [thread 23174] [11.0] [cxt 0] Parser 'parser': end
[01:03:25.622] [bmv2] [D] [thread 23174] [11.0] [cxt 0] Pipeline 'ingress': start
[01:03:25.622] [bmv2] [T] [thread 23174] [11.0] [cxt 0] basic.p4(114) Condition "hdr.ipv4.isValid()" (node_2) is false
[01:03:25.622] [bmv2] [D] [thread 23174] [11.0] [cxt 0] Pipeline 'ingress': end
[01:03:25.622] [bmv2] [D] [thread 23174] [11.0] [cxt 0] Egress port is 0
[01:03:25.623] [bmv2] [D] [thread 23175] [11.0] [cxt 0] Pipeline 'egress': start
[01:03:25.623] [bmv2] [D] [thread 23175] [11.0] [cxt 0] Pipeline 'egress': end
[01:03:25.623] [bmv2] [D] [thread 23175] [11.0] [cxt 0] Deparser 'deparser': start
[01:03:25.623] [bmv2] [T] [thread 23175] [11.0] [cxt 0] Skipping checksum 'cksum' update because condition not met
[01:03:25.623] [bmv2] [D] [thread 23175] [11.0] [cxt 0] Deparsing header 'ethernet'
[01:03:25.623] [bmv2] [D] [thread 23175] [11.0] [cxt 0] Deparser 'deparser': end
[01:03:25.623] [bmv2] [D] [thread 23179] [11.0] [cxt 0] Transmitting packet of size 70 out of port 0
[01:03:48.149] [bmv2] [D] [thread 23174] [12.0] [cxt 0] Processing packet received on port 1
[01:03:48.149] [bmv2] [D] [thread 23174] [12.0] [cxt 0] Parser 'parser': start
[01:03:48.149] [bmv2] [D] [thread 23174] [12.0] [cxt 0] Parser 'parser' entering state 'start'
[01:03:48.149] [bmv2] [D] [thread 23174] [12.0] [cxt 0] Extracting header 'ethernet'
[01:03:48.149] [bmv2] [D] [thread 23174] [12.0] [cxt 0] Parser state 'start': key is 86dd
[01:03:48.149] [bmv2] [T] [thread 23174] [12.0] [cxt 0] Bytes parsed: 14
[01:03:48.149] [bmv2] [D] [thread 23174] [12.0] [cxt 0] Parser 'parser': end
[01:03:48.149] [bmv2] [D] [thread 23174] [12.0] [cxt 0] Pipeline 'ingress': start
[01:03:48.149] [bmv2] [T] [thread 23174] [12.0] [cxt 0] basic.p4(114) Condition "hdr.ipv4.isValid()" (node_2) is false
[01:03:48.149] [bmv2] [D] [thread 23174] [12.0] [cxt 0] Pipeline 'ingress': end
[01:03:48.149] [bmv2] [D] [thread 23174] [12.0] [cxt 0] Egress port is 0
[01:03:48.149] [bmv2] [D] [thread 23175] [12.0] [cxt 0] Pipeline 'egress': start
[01:03:48.149] [bmv2] [D] [thread 23175] [12.0] [cxt 0] Pipeline 'egress': end
[01:03:48.149] [bmv2] [D] [thread 23175] [12.0] [cxt 0] Deparser 'deparser': start
[01:03:48.149] [bmv2] [T] [thread 23175] [12.0] [cxt 0] Skipping checksum 'cksum' update because condition not met
[01:03:48.149] [bmv2] [D] [thread 23175] [12.0] [cxt 0] Deparsing header 'ethernet'
[01:03:48.149] [bmv2] [D] [thread 23175] [12.0] [cxt 0] Deparser 'deparser': end
[01:03:48.149] [bmv2] [D] [thread 23179] [12.0] [cxt 0] Transmitting packet of size 70 out of port 0
[01:03:49.173] [bmv2] [D] [thread 23174] [13.0] [cxt 0] Processing packet received on port 1
[01:03:49.173] [bmv2] [D] [thread 23174] [13.0] [cxt 0] Parser 'parser': start
[01:03:49.173] [bmv2] [D] [thread 23174] [13.0] [cxt 0] Parser 'parser' entering state 'start'
[01:03:49.173] [bmv2] [D] [thread 23174] [13.0] [cxt 0] Extracting header 'ethernet'
[01:03:49.173] [bmv2] [D] [thread 23174] [13.0] [cxt 0] Parser state 'start': key is 86dd
[01:03:49.173] [bmv2] [T] [thread 23174] [13.0] [cxt 0] Bytes parsed: 14
[01:03:49.173] [bmv2] [D] [thread 23174] [13.0] [cxt 0] Parser 'parser': end
[01:03:49.173] [bmv2] [D] [thread 23174] [13.0] [cxt 0] Pipeline 'ingress': start
[01:03:49.173] [bmv2] [T] [thread 23174] [13.0] [cxt 0] basic.p4(114) Condition "hdr.ipv4.isValid()" (node_2) is false
[01:03:49.173] [bmv2] [D] [thread 23174] [13.0] [cxt 0] Pipeline 'ingress': end
[01:03:49.173] [bmv2] [D] [thread 23174] [13.0] [cxt 0] Egress port is 0
[01:03:49.174] [bmv2] [D] [thread 23175] [13.0] [cxt 0] Pipeline 'egress': start
[01:03:49.174] [bmv2] [D] [thread 23175] [13.0] [cxt 0] Pipeline 'egress': end
[01:03:49.174] [bmv2] [D] [thread 23175] [13.0] [cxt 0] Deparser 'deparser': start
[01:03:49.174] [bmv2] [T] [thread 23175] [13.0] [cxt 0] Skipping checksum 'cksum' update because condition not met
[01:03:49.174] [bmv2] [D] [thread 23175] [13.0] [cxt 0] Deparsing header 'ethernet'
[01:03:49.174] [bmv2] [D] [thread 23175] [13.0] [cxt 0] Deparser 'deparser': end
[01:03:49.174] [bmv2] [D] [thread 23179] [13.0] [cxt 0] Transmitting packet of size 70 out of port 0
[01:03:56.853] [bmv2] [D] [thread 23174] [14.0] [cxt 0] Processing packet received on port 2
[01:03:56.853] [bmv2] [D] [thread 23174] [14.0] [cxt 0] Parser 'parser': start
[01:03:56.853] [bmv2] [D] [thread 23174] [14.0] [cxt 0] Parser 'parser' entering state 'start'
[01:03:56.853] [bmv2] [D] [thread 23174] [14.0] [cxt 0] Extracting header 'ethernet'
[01:03:56.853] [bmv2] [D] [thread 23174] [14.0] [cxt 0] Parser state 'start': key is 86dd
[01:03:56.853] [bmv2] [T] [thread 23174] [14.0] [cxt 0] Bytes parsed: 14
[01:03:56.853] [bmv2] [D] [thread 23174] [14.0] [cxt 0] Parser 'parser': end
[01:03:56.854] [bmv2] [D] [thread 23174] [14.0] [cxt 0] Pipeline 'ingress': start
[01:03:56.854] [bmv2] [T] [thread 23174] [14.0] [cxt 0] basic.p4(114) Condition "hdr.ipv4.isValid()" (node_2) is false
[01:03:56.854] [bmv2] [D] [thread 23174] [14.0] [cxt 0] Pipeline 'ingress': end
[01:03:56.854] [bmv2] [D] [thread 23174] [14.0] [cxt 0] Egress port is 0
[01:03:56.854] [bmv2] [D] [thread 23175] [14.0] [cxt 0] Pipeline 'egress': start
[01:03:56.854] [bmv2] [D] [thread 23175] [14.0] [cxt 0] Pipeline 'egress': end
[01:03:56.854] [bmv2] [D] [thread 23175] [14.0] [cxt 0] Deparser 'deparser': start
[01:03:56.854] [bmv2] [T] [thread 23175] [14.0] [cxt 0] Skipping checksum 'cksum' update because condition not met
[01:03:56.854] [bmv2] [D] [thread 23175] [14.0] [cxt 0] Deparsing header 'ethernet'
[01:03:56.854] [bmv2] [D] [thread 23175] [14.0] [cxt 0] Deparser 'deparser': end
[01:03:56.854] [bmv2] [D] [thread 23179] [14.0] [cxt 0] Transmitting packet of size 70 out of port 0
open: No such file or directory
open: No such file or directory
open: No such file or directory
open: No such file or directory
open: No such file or directory
open: No such file or directory
open: No such file or directory
open: No such file or directory
