Calling target program-options parser
[07:14:04.249] [bmv2] [D] [thread 8244] Set default default entry for table 'MyIngress.ethernet_exact': MyIngress.drop - 
Adding interface s7-eth1 as port 1
[07:14:04.250] [bmv2] [D] [thread 8244] Adding interface s7-eth1 as port 1
Adding interface s7-eth2 as port 2
[07:14:04.262] [bmv2] [D] [thread 8244] Adding interface s7-eth2 as port 2
Adding interface s7-eth3 as port 3
[07:14:04.280] [bmv2] [D] [thread 8244] Adding interface s7-eth3 as port 3
Server listening on 0.0.0.0:50057
[07:14:04.297] [bmv2] [I] [thread 8244] Starting Thrift server on port 9096
[07:14:04.297] [bmv2] [I] [thread 8244] Thrift server was started
[07:14:06.022] [bmv2] [D] [thread 8259] [0.0] [cxt 0] Processing packet received on port 2
[07:14:06.022] [bmv2] [D] [thread 8259] [0.0] [cxt 0] Parser 'parser': start
[07:14:06.022] [bmv2] [D] [thread 8259] [0.0] [cxt 0] Parser 'parser' entering state 'start'
[07:14:06.022] [bmv2] [D] [thread 8259] [0.0] [cxt 0] Extracting header 'ethernet'
[07:14:06.022] [bmv2] [D] [thread 8259] [0.0] [cxt 0] Parser state 'start' has no switch, going to default next state
[07:14:06.022] [bmv2] [T] [thread 8259] [0.0] [cxt 0] Bytes parsed: 14
[07:14:06.022] [bmv2] [D] [thread 8259] [0.0] [cxt 0] Parser 'parser': end
[07:14:06.022] [bmv2] [D] [thread 8259] [0.0] [cxt 0] Pipeline 'ingress': start
[07:14:06.022] [bmv2] [T] [thread 8259] [0.0] [cxt 0] switch.p4(86) Condition "hdr.ethernet.isValid()" (node_2) is true
[07:14:06.022] [bmv2] [T] [thread 8259] [0.0] [cxt 0] Applying table 'MyIngress.ethernet_exact'
[07:14:06.022] [bmv2] [D] [thread 8259] [0.0] [cxt 0] Looking up key:
* hdr.ethernet.dstAddr: 333300000002

[07:14:06.022] [bmv2] [D] [thread 8259] [0.0] [cxt 0] Table 'MyIngress.ethernet_exact': miss
[07:14:06.022] [bmv2] [D] [thread 8259] [0.0] [cxt 0] Action entry is MyIngress.drop - 
[07:14:06.022] [bmv2] [T] [thread 8259] [0.0] [cxt 0] Action MyIngress.drop
[07:14:06.022] [bmv2] [T] [thread 8259] [0.0] [cxt 0] switch.p4(65) Primitive mark_to_drop(standard_metadata)
[07:14:06.022] [bmv2] [D] [thread 8259] [0.0] [cxt 0] Pipeline 'ingress': end
[07:14:06.022] [bmv2] [D] [thread 8259] [0.0] [cxt 0] Egress port is 511
[07:14:06.022] [bmv2] [D] [thread 8259] [0.0] [cxt 0] Dropping packet at the end of ingress
[07:14:06.342] [bmv2] [D] [thread 8259] [1.0] [cxt 0] Processing packet received on port 1
[07:14:06.342] [bmv2] [D] [thread 8259] [1.0] [cxt 0] Parser 'parser': start
[07:14:06.342] [bmv2] [D] [thread 8259] [1.0] [cxt 0] Parser 'parser' entering state 'start'
[07:14:06.342] [bmv2] [D] [thread 8259] [1.0] [cxt 0] Extracting header 'ethernet'
[07:14:06.342] [bmv2] [D] [thread 8259] [1.0] [cxt 0] Parser state 'start' has no switch, going to default next state
[07:14:06.342] [bmv2] [T] [thread 8259] [1.0] [cxt 0] Bytes parsed: 14
[07:14:06.342] [bmv2] [D] [thread 8259] [1.0] [cxt 0] Parser 'parser': end
[07:14:06.342] [bmv2] [D] [thread 8259] [1.0] [cxt 0] Pipeline 'ingress': start
[07:14:06.342] [bmv2] [T] [thread 8259] [1.0] [cxt 0] switch.p4(86) Condition "hdr.ethernet.isValid()" (node_2) is true
[07:14:06.342] [bmv2] [T] [thread 8259] [1.0] [cxt 0] Applying table 'MyIngress.ethernet_exact'
[07:14:06.342] [bmv2] [D] [thread 8259] [1.0] [cxt 0] Looking up key:
* hdr.ethernet.dstAddr: 333300000002

[07:14:06.342] [bmv2] [D] [thread 8259] [1.0] [cxt 0] Table 'MyIngress.ethernet_exact': miss
[07:14:06.342] [bmv2] [D] [thread 8259] [1.0] [cxt 0] Action entry is MyIngress.drop - 
[07:14:06.342] [bmv2] [T] [thread 8259] [1.0] [cxt 0] Action MyIngress.drop
[07:14:06.342] [bmv2] [T] [thread 8259] [1.0] [cxt 0] switch.p4(65) Primitive mark_to_drop(standard_metadata)
[07:14:06.342] [bmv2] [D] [thread 8259] [1.0] [cxt 0] Pipeline 'ingress': end
[07:14:06.342] [bmv2] [D] [thread 8259] [1.0] [cxt 0] Egress port is 511
[07:14:06.342] [bmv2] [D] [thread 8259] [1.0] [cxt 0] Dropping packet at the end of ingress
[07:14:06.406] [bmv2] [D] [thread 8259] [2.0] [cxt 0] Processing packet received on port 3
[07:14:06.406] [bmv2] [D] [thread 8259] [2.0] [cxt 0] Parser 'parser': start
[07:14:06.406] [bmv2] [D] [thread 8259] [2.0] [cxt 0] Parser 'parser' entering state 'start'
[07:14:06.406] [bmv2] [D] [thread 8259] [2.0] [cxt 0] Extracting header 'ethernet'
[07:14:06.406] [bmv2] [D] [thread 8259] [2.0] [cxt 0] Parser state 'start' has no switch, going to default next state
[07:14:06.406] [bmv2] [T] [thread 8259] [2.0] [cxt 0] Bytes parsed: 14
[07:14:06.406] [bmv2] [D] [thread 8259] [2.0] [cxt 0] Parser 'parser': end
[07:14:06.406] [bmv2] [D] [thread 8259] [2.0] [cxt 0] Pipeline 'ingress': start
[07:14:06.406] [bmv2] [T] [thread 8259] [2.0] [cxt 0] switch.p4(86) Condition "hdr.ethernet.isValid()" (node_2) is true
[07:14:06.406] [bmv2] [T] [thread 8259] [2.0] [cxt 0] Applying table 'MyIngress.ethernet_exact'
[07:14:06.406] [bmv2] [D] [thread 8259] [2.0] [cxt 0] Looking up key:
* hdr.ethernet.dstAddr: 333300000002

[07:14:06.406] [bmv2] [D] [thread 8259] [2.0] [cxt 0] Table 'MyIngress.ethernet_exact': miss
[07:14:06.406] [bmv2] [D] [thread 8259] [2.0] [cxt 0] Action entry is MyIngress.drop - 
[07:14:06.406] [bmv2] [T] [thread 8259] [2.0] [cxt 0] Action MyIngress.drop
[07:14:06.406] [bmv2] [T] [thread 8259] [2.0] [cxt 0] switch.p4(65) Primitive mark_to_drop(standard_metadata)
[07:14:06.406] [bmv2] [D] [thread 8259] [2.0] [cxt 0] Pipeline 'ingress': end
[07:14:06.406] [bmv2] [D] [thread 8259] [2.0] [cxt 0] Egress port is 511
[07:14:06.406] [bmv2] [D] [thread 8259] [2.0] [cxt 0] Dropping packet at the end of ingress
[07:14:06.486] [bmv2] [D] [thread 8259] [3.0] [cxt 0] Processing packet received on port 3
[07:14:06.486] [bmv2] [D] [thread 8259] [3.0] [cxt 0] Parser 'parser': start
[07:14:06.486] [bmv2] [D] [thread 8259] [3.0] [cxt 0] Parser 'parser' entering state 'start'
[07:14:06.486] [bmv2] [D] [thread 8259] [3.0] [cxt 0] Extracting header 'ethernet'
[07:14:06.486] [bmv2] [D] [thread 8259] [3.0] [cxt 0] Parser state 'start' has no switch, going to default next state
[07:14:06.486] [bmv2] [T] [thread 8259] [3.0] [cxt 0] Bytes parsed: 14
[07:14:06.486] [bmv2] [D] [thread 8259] [3.0] [cxt 0] Parser 'parser': end
[07:14:06.486] [bmv2] [D] [thread 8259] [3.0] [cxt 0] Pipeline 'ingress': start
[07:14:06.486] [bmv2] [T] [thread 8259] [3.0] [cxt 0] switch.p4(86) Condition "hdr.ethernet.isValid()" (node_2) is true
[07:14:06.486] [bmv2] [T] [thread 8259] [3.0] [cxt 0] Applying table 'MyIngress.ethernet_exact'
[07:14:06.486] [bmv2] [D] [thread 8259] [3.0] [cxt 0] Looking up key:
* hdr.ethernet.dstAddr: 333300000002

[07:14:06.486] [bmv2] [D] [thread 8259] [3.0] [cxt 0] Table 'MyIngress.ethernet_exact': miss
[07:14:06.486] [bmv2] [D] [thread 8259] [3.0] [cxt 0] Action entry is MyIngress.drop - 
[07:14:06.486] [bmv2] [T] [thread 8259] [3.0] [cxt 0] Action MyIngress.drop
[07:14:06.486] [bmv2] [T] [thread 8259] [3.0] [cxt 0] switch.p4(65) Primitive mark_to_drop(standard_metadata)
[07:14:06.486] [bmv2] [D] [thread 8259] [3.0] [cxt 0] Pipeline 'ingress': end
[07:14:06.486] [bmv2] [D] [thread 8259] [3.0] [cxt 0] Egress port is 511
[07:14:06.486] [bmv2] [D] [thread 8259] [3.0] [cxt 0] Dropping packet at the end of ingress
[07:14:06.854] [bmv2] [D] [thread 8259] [4.0] [cxt 0] Processing packet received on port 2
[07:14:06.854] [bmv2] [D] [thread 8259] [4.0] [cxt 0] Parser 'parser': start
[07:14:06.854] [bmv2] [D] [thread 8259] [4.0] [cxt 0] Parser 'parser' entering state 'start'
[07:14:06.854] [bmv2] [D] [thread 8259] [4.0] [cxt 0] Extracting header 'ethernet'
[07:14:06.854] [bmv2] [D] [thread 8259] [4.0] [cxt 0] Parser state 'start' has no switch, going to default next state
[07:14:06.854] [bmv2] [T] [thread 8259] [4.0] [cxt 0] Bytes parsed: 14
[07:14:06.854] [bmv2] [D] [thread 8259] [4.0] [cxt 0] Parser 'parser': end
[07:14:06.854] [bmv2] [D] [thread 8259] [4.0] [cxt 0] Pipeline 'ingress': start
[07:14:06.854] [bmv2] [T] [thread 8259] [4.0] [cxt 0] switch.p4(86) Condition "hdr.ethernet.isValid()" (node_2) is true
[07:14:06.854] [bmv2] [T] [thread 8259] [4.0] [cxt 0] Applying table 'MyIngress.ethernet_exact'
[07:14:06.854] [bmv2] [D] [thread 8259] [4.0] [cxt 0] Looking up key:
* hdr.ethernet.dstAddr: 333300000002

[07:14:06.854] [bmv2] [D] [thread 8259] [4.0] [cxt 0] Table 'MyIngress.ethernet_exact': miss
[07:14:06.854] [bmv2] [D] [thread 8259] [4.0] [cxt 0] Action entry is MyIngress.drop - 
[07:14:06.854] [bmv2] [T] [thread 8259] [4.0] [cxt 0] Action MyIngress.drop
[07:14:06.854] [bmv2] [T] [thread 8259] [4.0] [cxt 0] switch.p4(65) Primitive mark_to_drop(standard_metadata)
[07:14:06.854] [bmv2] [D] [thread 8259] [4.0] [cxt 0] Pipeline 'ingress': end
[07:14:06.854] [bmv2] [D] [thread 8259] [4.0] [cxt 0] Egress port is 511
[07:14:06.854] [bmv2] [D] [thread 8259] [4.0] [cxt 0] Dropping packet at the end of ingress
[07:14:07.366] [bmv2] [D] [thread 8259] [5.0] [cxt 0] Processing packet received on port 1
[07:14:07.366] [bmv2] [D] [thread 8259] [5.0] [cxt 0] Parser 'parser': start
[07:14:07.366] [bmv2] [D] [thread 8259] [5.0] [cxt 0] Parser 'parser' entering state 'start'
[07:14:07.366] [bmv2] [D] [thread 8259] [5.0] [cxt 0] Extracting header 'ethernet'
[07:14:07.366] [bmv2] [D] [thread 8259] [5.0] [cxt 0] Parser state 'start' has no switch, going to default next state
[07:14:07.366] [bmv2] [T] [thread 8259] [5.0] [cxt 0] Bytes parsed: 14
[07:14:07.366] [bmv2] [D] [thread 8259] [5.0] [cxt 0] Parser 'parser': end
[07:14:07.366] [bmv2] [D] [thread 8259] [5.0] [cxt 0] Pipeline 'ingress': start
[07:14:07.366] [bmv2] [T] [thread 8259] [5.0] [cxt 0] switch.p4(86) Condition "hdr.ethernet.isValid()" (node_2) is true
[07:14:07.366] [bmv2] [T] [thread 8259] [5.0] [cxt 0] Applying table 'MyIngress.ethernet_exact'
[07:14:07.366] [bmv2] [D] [thread 8259] [5.0] [cxt 0] Looking up key:
* hdr.ethernet.dstAddr: 333300000002

[07:14:07.366] [bmv2] [D] [thread 8259] [5.0] [cxt 0] Table 'MyIngress.ethernet_exact': miss
[07:14:07.366] [bmv2] [D] [thread 8259] [5.0] [cxt 0] Action entry is MyIngress.drop - 
[07:14:07.366] [bmv2] [T] [thread 8259] [5.0] [cxt 0] Action MyIngress.drop
[07:14:07.366] [bmv2] [T] [thread 8259] [5.0] [cxt 0] switch.p4(65) Primitive mark_to_drop(standard_metadata)
[07:14:07.366] [bmv2] [D] [thread 8259] [5.0] [cxt 0] Pipeline 'ingress': end
[07:14:07.366] [bmv2] [D] [thread 8259] [5.0] [cxt 0] Egress port is 511
[07:14:07.366] [bmv2] [D] [thread 8259] [5.0] [cxt 0] Dropping packet at the end of ingress
[07:14:07.489] [bmv2] [W] [thread 8411] [P4Runtime] p4::tmp::P4DeviceConfig is deprecated
[07:14:07.490] [bmv2] [D] [thread 8411] Set default default entry for table 'MyIngress.ipv4_lpm': MyIngress.drop - 
[07:14:07.491] [bmv2] [D] [thread 8411] simple_switch target has been notified of a config swap
[07:14:07.492] [bmv2] [D] [thread 8411] Set default entry for table 'MyIngress.ipv4_lpm': MyIngress.drop - 
[07:14:07.493] [bmv2] [D] [thread 8412] Entry 0 added to table 'MyIngress.ipv4_lpm'
[07:14:07.493] [bmv2] [D] [thread 8412] Dumping entry 0
Match key:
* hdr.ipv4.dstAddr    : LPM       0a000101/32
Action entry: MyIngress.ipv4_forward - 80000000100,1,

[07:14:07.494] [bmv2] [D] [thread 8411] Entry 1 added to table 'MyIngress.ipv4_lpm'
[07:14:07.494] [bmv2] [D] [thread 8411] Dumping entry 1
Match key:
* hdr.ipv4.dstAddr    : LPM       0a000202/32
Action entry: MyIngress.ipv4_forward - 80000000200,1,

[07:14:07.495] [bmv2] [D] [thread 8412] Entry 2 added to table 'MyIngress.ipv4_lpm'
[07:14:07.495] [bmv2] [D] [thread 8412] Dumping entry 2
Match key:
* hdr.ipv4.dstAddr    : LPM       0a000303/32
Action entry: MyIngress.ipv4_forward - 80000000300,1,

[07:14:07.496] [bmv2] [D] [thread 8411] Entry 3 added to table 'MyIngress.ipv4_lpm'
[07:14:07.496] [bmv2] [D] [thread 8411] Dumping entry 3
Match key:
* hdr.ipv4.dstAddr    : LPM       0a000404/32
Action entry: MyIngress.ipv4_forward - 80000000400,1,

[07:14:07.497] [bmv2] [D] [thread 8412] Entry 4 added to table 'MyIngress.ipv4_lpm'
[07:14:07.497] [bmv2] [D] [thread 8412] Dumping entry 4
Match key:
* hdr.ipv4.dstAddr    : LPM       08080808/32
Action entry: MyIngress.ipv4_forward - 80000000555,2,

[07:14:07.497] [bmv2] [D] [thread 8411] Entry 5 added to table 'MyIngress.ipv4_lpm'
[07:14:07.497] [bmv2] [D] [thread 8411] Dumping entry 5
Match key:
* hdr.ipv4.dstAddr    : LPM       0a000606/32
Action entry: MyIngress.ipv4_forward - 80000000600,3,

[07:14:07.498] [bmv2] [D] [thread 8412] Entry 6 added to table 'MyIngress.ipv4_lpm'
[07:14:07.498] [bmv2] [D] [thread 8412] Dumping entry 6
Match key:
* hdr.ipv4.dstAddr    : LPM       0a000707/32
Action entry: MyIngress.ipv4_forward - 80000000700,3,

[07:14:07.499] [bmv2] [D] [thread 8411] Entry 7 added to table 'MyIngress.ipv4_lpm'
[07:14:07.499] [bmv2] [D] [thread 8411] Dumping entry 7
Match key:
* hdr.ipv4.dstAddr    : LPM       0a000808/32
Action entry: MyIngress.ipv4_forward - 80000000800,3,

[07:14:07.499] [bmv2] [D] [thread 8412] Entry 8 added to table 'MyIngress.ipv4_lpm'
[07:14:07.499] [bmv2] [D] [thread 8412] Dumping entry 8
Match key:
* hdr.ipv4.dstAddr    : LPM       0a000909/32
Action entry: MyIngress.ipv4_forward - 80000000900,3,

[07:14:13.515] [bmv2] [D] [thread 8259] [6.0] [cxt 0] Processing packet received on port 3
[07:14:13.515] [bmv2] [D] [thread 8259] [6.0] [cxt 0] Parser 'parser': start
[07:14:13.515] [bmv2] [D] [thread 8259] [6.0] [cxt 0] Parser 'parser' entering state 'start'
[07:14:13.515] [bmv2] [D] [thread 8259] [6.0] [cxt 0] Extracting header 'ethernet'
[07:14:13.515] [bmv2] [D] [thread 8259] [6.0] [cxt 0] Parser state 'start': key is 86dd
[07:14:13.515] [bmv2] [T] [thread 8259] [6.0] [cxt 0] Bytes parsed: 14
[07:14:13.515] [bmv2] [D] [thread 8259] [6.0] [cxt 0] Parser 'parser': end
[07:14:13.516] [bmv2] [D] [thread 8259] [6.0] [cxt 0] Pipeline 'ingress': start
[07:14:13.516] [bmv2] [T] [thread 8259] [6.0] [cxt 0] basic.p4(114) Condition "hdr.ipv4.isValid()" (node_2) is false
[07:14:13.516] [bmv2] [D] [thread 8259] [6.0] [cxt 0] Pipeline 'ingress': end
[07:14:13.516] [bmv2] [D] [thread 8259] [6.0] [cxt 0] Egress port is 0
[07:14:13.516] [bmv2] [D] [thread 8260] [6.0] [cxt 0] Pipeline 'egress': start
[07:14:13.516] [bmv2] [D] [thread 8260] [6.0] [cxt 0] Pipeline 'egress': end
[07:14:13.516] [bmv2] [D] [thread 8260] [6.0] [cxt 0] Deparser 'deparser': start
[07:14:13.516] [bmv2] [T] [thread 8260] [6.0] [cxt 0] Skipping checksum 'cksum' update because condition not met
[07:14:13.516] [bmv2] [D] [thread 8260] [6.0] [cxt 0] Deparsing header 'ethernet'
[07:14:13.516] [bmv2] [D] [thread 8260] [6.0] [cxt 0] Deparser 'deparser': end
[07:14:13.516] [bmv2] [D] [thread 8264] [6.0] [cxt 0] Transmitting packet of size 70 out of port 0
[07:14:14.022] [bmv2] [D] [thread 8259] [7.0] [cxt 0] Processing packet received on port 2
[07:14:14.022] [bmv2] [D] [thread 8259] [7.0] [cxt 0] Parser 'parser': start
[07:14:14.022] [bmv2] [D] [thread 8259] [7.0] [cxt 0] Parser 'parser' entering state 'start'
[07:14:14.022] [bmv2] [D] [thread 8259] [7.0] [cxt 0] Extracting header 'ethernet'
[07:14:14.022] [bmv2] [D] [thread 8259] [7.0] [cxt 0] Parser state 'start': key is 86dd
[07:14:14.022] [bmv2] [T] [thread 8259] [7.0] [cxt 0] Bytes parsed: 14
[07:14:14.022] [bmv2] [D] [thread 8259] [7.0] [cxt 0] Parser 'parser': end
[07:14:14.022] [bmv2] [D] [thread 8259] [7.0] [cxt 0] Pipeline 'ingress': start
[07:14:14.022] [bmv2] [T] [thread 8259] [7.0] [cxt 0] basic.p4(114) Condition "hdr.ipv4.isValid()" (node_2) is false
[07:14:14.022] [bmv2] [D] [thread 8259] [7.0] [cxt 0] Pipeline 'ingress': end
[07:14:14.022] [bmv2] [D] [thread 8259] [7.0] [cxt 0] Egress port is 0
[07:14:14.022] [bmv2] [D] [thread 8260] [7.0] [cxt 0] Pipeline 'egress': start
[07:14:14.022] [bmv2] [D] [thread 8260] [7.0] [cxt 0] Pipeline 'egress': end
[07:14:14.022] [bmv2] [D] [thread 8260] [7.0] [cxt 0] Deparser 'deparser': start
[07:14:14.022] [bmv2] [T] [thread 8260] [7.0] [cxt 0] Skipping checksum 'cksum' update because condition not met
[07:14:14.022] [bmv2] [D] [thread 8260] [7.0] [cxt 0] Deparsing header 'ethernet'
[07:14:14.022] [bmv2] [D] [thread 8260] [7.0] [cxt 0] Deparser 'deparser': end
[07:14:14.022] [bmv2] [D] [thread 8264] [7.0] [cxt 0] Transmitting packet of size 70 out of port 0
[07:14:14.022] [bmv2] [D] [thread 8259] [8.0] [cxt 0] Processing packet received on port 3
[07:14:14.022] [bmv2] [D] [thread 8259] [8.0] [cxt 0] Parser 'parser': start
[07:14:14.022] [bmv2] [D] [thread 8259] [8.0] [cxt 0] Parser 'parser' entering state 'start'
[07:14:14.022] [bmv2] [D] [thread 8259] [8.0] [cxt 0] Extracting header 'ethernet'
[07:14:14.022] [bmv2] [D] [thread 8259] [8.0] [cxt 0] Parser state 'start': key is 86dd
[07:14:14.022] [bmv2] [T] [thread 8259] [8.0] [cxt 0] Bytes parsed: 14
[07:14:14.022] [bmv2] [D] [thread 8259] [8.0] [cxt 0] Parser 'parser': end
[07:14:14.022] [bmv2] [D] [thread 8259] [8.0] [cxt 0] Pipeline 'ingress': start
[07:14:14.022] [bmv2] [T] [thread 8259] [8.0] [cxt 0] basic.p4(114) Condition "hdr.ipv4.isValid()" (node_2) is false
[07:14:14.022] [bmv2] [D] [thread 8259] [8.0] [cxt 0] Pipeline 'ingress': end
[07:14:14.022] [bmv2] [D] [thread 8259] [8.0] [cxt 0] Egress port is 0
[07:14:14.023] [bmv2] [D] [thread 8260] [8.0] [cxt 0] Pipeline 'egress': start
[07:14:14.023] [bmv2] [D] [thread 8260] [8.0] [cxt 0] Pipeline 'egress': end
[07:14:14.023] [bmv2] [D] [thread 8260] [8.0] [cxt 0] Deparser 'deparser': start
[07:14:14.023] [bmv2] [T] [thread 8260] [8.0] [cxt 0] Skipping checksum 'cksum' update because condition not met
[07:14:14.023] [bmv2] [D] [thread 8260] [8.0] [cxt 0] Deparsing header 'ethernet'
[07:14:14.023] [bmv2] [D] [thread 8260] [8.0] [cxt 0] Deparser 'deparser': end
[07:14:14.023] [bmv2] [D] [thread 8264] [8.0] [cxt 0] Transmitting packet of size 70 out of port 0
[07:14:15.047] [bmv2] [D] [thread 8259] [9.0] [cxt 0] Processing packet received on port 1
[07:14:15.047] [bmv2] [D] [thread 8259] [9.0] [cxt 0] Parser 'parser': start
[07:14:15.047] [bmv2] [D] [thread 8259] [9.0] [cxt 0] Parser 'parser' entering state 'start'
[07:14:15.047] [bmv2] [D] [thread 8259] [9.0] [cxt 0] Extracting header 'ethernet'
[07:14:15.047] [bmv2] [D] [thread 8259] [9.0] [cxt 0] Parser state 'start': key is 86dd
[07:14:15.047] [bmv2] [T] [thread 8259] [9.0] [cxt 0] Bytes parsed: 14
[07:14:15.047] [bmv2] [D] [thread 8259] [9.0] [cxt 0] Parser 'parser': end
[07:14:15.047] [bmv2] [D] [thread 8259] [9.0] [cxt 0] Pipeline 'ingress': start
[07:14:15.047] [bmv2] [T] [thread 8259] [9.0] [cxt 0] basic.p4(114) Condition "hdr.ipv4.isValid()" (node_2) is false
[07:14:15.047] [bmv2] [D] [thread 8259] [9.0] [cxt 0] Pipeline 'ingress': end
[07:14:15.047] [bmv2] [D] [thread 8259] [9.0] [cxt 0] Egress port is 0
[07:14:15.047] [bmv2] [D] [thread 8259] [10.0] [cxt 0] Processing packet received on port 2
[07:14:15.047] [bmv2] [D] [thread 8259] [10.0] [cxt 0] Parser 'parser': start
[07:14:15.047] [bmv2] [D] [thread 8259] [10.0] [cxt 0] Parser 'parser' entering state 'start'
[07:14:15.047] [bmv2] [D] [thread 8259] [10.0] [cxt 0] Extracting header 'ethernet'
[07:14:15.047] [bmv2] [D] [thread 8259] [10.0] [cxt 0] Parser state 'start': key is 86dd
[07:14:15.047] [bmv2] [T] [thread 8259] [10.0] [cxt 0] Bytes parsed: 14
[07:14:15.047] [bmv2] [D] [thread 8259] [10.0] [cxt 0] Parser 'parser': end
[07:14:15.047] [bmv2] [D] [thread 8259] [10.0] [cxt 0] Pipeline 'ingress': start
[07:14:15.047] [bmv2] [T] [thread 8259] [10.0] [cxt 0] basic.p4(114) Condition "hdr.ipv4.isValid()" (node_2) is false
[07:14:15.047] [bmv2] [D] [thread 8259] [10.0] [cxt 0] Pipeline 'ingress': end
[07:14:15.047] [bmv2] [D] [thread 8259] [10.0] [cxt 0] Egress port is 0
[07:14:15.047] [bmv2] [D] [thread 8260] [9.0] [cxt 0] Pipeline 'egress': start
[07:14:15.047] [bmv2] [D] [thread 8260] [9.0] [cxt 0] Pipeline 'egress': end
[07:14:15.047] [bmv2] [D] [thread 8260] [9.0] [cxt 0] Deparser 'deparser': start
[07:14:15.047] [bmv2] [T] [thread 8260] [9.0] [cxt 0] Skipping checksum 'cksum' update because condition not met
[07:14:15.047] [bmv2] [D] [thread 8260] [9.0] [cxt 0] Deparsing header 'ethernet'
[07:14:15.047] [bmv2] [D] [thread 8260] [9.0] [cxt 0] Deparser 'deparser': end
[07:14:15.047] [bmv2] [D] [thread 8260] [10.0] [cxt 0] Pipeline 'egress': start
[07:14:15.047] [bmv2] [D] [thread 8260] [10.0] [cxt 0] Pipeline 'egress': end
[07:14:15.047] [bmv2] [D] [thread 8260] [10.0] [cxt 0] Deparser 'deparser': start
[07:14:15.047] [bmv2] [T] [thread 8260] [10.0] [cxt 0] Skipping checksum 'cksum' update because condition not met
[07:14:15.047] [bmv2] [D] [thread 8260] [10.0] [cxt 0] Deparsing header 'ethernet'
[07:14:15.047] [bmv2] [D] [thread 8260] [10.0] [cxt 0] Deparser 'deparser': end
[07:14:15.047] [bmv2] [D] [thread 8264] [9.0] [cxt 0] Transmitting packet of size 70 out of port 0
[07:14:15.048] [bmv2] [D] [thread 8264] [10.0] [cxt 0] Transmitting packet of size 70 out of port 0
[07:14:16.581] [bmv2] [D] [thread 8259] [11.0] [cxt 0] Processing packet received on port 1
[07:14:16.581] [bmv2] [D] [thread 8259] [11.0] [cxt 0] Parser 'parser': start
[07:14:16.581] [bmv2] [D] [thread 8259] [11.0] [cxt 0] Parser 'parser' entering state 'start'
[07:14:16.581] [bmv2] [D] [thread 8259] [11.0] [cxt 0] Extracting header 'ethernet'
[07:14:16.581] [bmv2] [D] [thread 8259] [11.0] [cxt 0] Parser state 'start': key is 86dd
[07:14:16.581] [bmv2] [T] [thread 8259] [11.0] [cxt 0] Bytes parsed: 14
[07:14:16.581] [bmv2] [D] [thread 8259] [11.0] [cxt 0] Parser 'parser': end
[07:14:16.581] [bmv2] [D] [thread 8259] [11.0] [cxt 0] Pipeline 'ingress': start
[07:14:16.581] [bmv2] [T] [thread 8259] [11.0] [cxt 0] basic.p4(114) Condition "hdr.ipv4.isValid()" (node_2) is false
[07:14:16.581] [bmv2] [D] [thread 8259] [11.0] [cxt 0] Pipeline 'ingress': end
[07:14:16.581] [bmv2] [D] [thread 8259] [11.0] [cxt 0] Egress port is 0
[07:14:16.582] [bmv2] [D] [thread 8260] [11.0] [cxt 0] Pipeline 'egress': start
[07:14:16.582] [bmv2] [D] [thread 8260] [11.0] [cxt 0] Pipeline 'egress': end
[07:14:16.582] [bmv2] [D] [thread 8260] [11.0] [cxt 0] Deparser 'deparser': start
[07:14:16.582] [bmv2] [T] [thread 8260] [11.0] [cxt 0] Skipping checksum 'cksum' update because condition not met
[07:14:16.582] [bmv2] [D] [thread 8260] [11.0] [cxt 0] Deparsing header 'ethernet'
[07:14:16.582] [bmv2] [D] [thread 8260] [11.0] [cxt 0] Deparser 'deparser': end
[07:14:16.582] [bmv2] [D] [thread 8264] [11.0] [cxt 0] Transmitting packet of size 70 out of port 0
[07:14:27.334] [bmv2] [D] [thread 8259] [12.0] [cxt 0] Processing packet received on port 3
[07:14:27.334] [bmv2] [D] [thread 8259] [12.0] [cxt 0] Parser 'parser': start
[07:14:27.334] [bmv2] [D] [thread 8259] [12.0] [cxt 0] Parser 'parser' entering state 'start'
[07:14:27.334] [bmv2] [D] [thread 8259] [12.0] [cxt 0] Extracting header 'ethernet'
[07:14:27.334] [bmv2] [D] [thread 8259] [12.0] [cxt 0] Parser state 'start': key is 86dd
[07:14:27.334] [bmv2] [T] [thread 8259] [12.0] [cxt 0] Bytes parsed: 14
[07:14:27.334] [bmv2] [D] [thread 8259] [12.0] [cxt 0] Parser 'parser': end
[07:14:27.334] [bmv2] [D] [thread 8259] [12.0] [cxt 0] Pipeline 'ingress': start
[07:14:27.334] [bmv2] [T] [thread 8259] [12.0] [cxt 0] basic.p4(114) Condition "hdr.ipv4.isValid()" (node_2) is false
[07:14:27.334] [bmv2] [D] [thread 8259] [12.0] [cxt 0] Pipeline 'ingress': end
[07:14:27.334] [bmv2] [D] [thread 8259] [12.0] [cxt 0] Egress port is 0
[07:14:27.334] [bmv2] [D] [thread 8260] [12.0] [cxt 0] Pipeline 'egress': start
[07:14:27.334] [bmv2] [D] [thread 8260] [12.0] [cxt 0] Pipeline 'egress': end
[07:14:27.334] [bmv2] [D] [thread 8260] [12.0] [cxt 0] Deparser 'deparser': start
[07:14:27.334] [bmv2] [T] [thread 8260] [12.0] [cxt 0] Skipping checksum 'cksum' update because condition not met
[07:14:27.334] [bmv2] [D] [thread 8260] [12.0] [cxt 0] Deparsing header 'ethernet'
[07:14:27.334] [bmv2] [D] [thread 8260] [12.0] [cxt 0] Deparser 'deparser': end
[07:14:27.334] [bmv2] [D] [thread 8264] [12.0] [cxt 0] Transmitting packet of size 70 out of port 0
[07:14:29.382] [bmv2] [D] [thread 8259] [13.0] [cxt 0] Processing packet received on port 2
[07:14:29.382] [bmv2] [D] [thread 8259] [13.0] [cxt 0] Parser 'parser': start
[07:14:29.382] [bmv2] [D] [thread 8259] [13.0] [cxt 0] Parser 'parser' entering state 'start'
[07:14:29.382] [bmv2] [D] [thread 8259] [13.0] [cxt 0] Extracting header 'ethernet'
[07:14:29.382] [bmv2] [D] [thread 8259] [13.0] [cxt 0] Parser state 'start': key is 86dd
[07:14:29.382] [bmv2] [T] [thread 8259] [13.0] [cxt 0] Bytes parsed: 14
[07:14:29.382] [bmv2] [D] [thread 8259] [13.0] [cxt 0] Parser 'parser': end
[07:14:29.382] [bmv2] [D] [thread 8259] [13.0] [cxt 0] Pipeline 'ingress': start
[07:14:29.382] [bmv2] [T] [thread 8259] [13.0] [cxt 0] basic.p4(114) Condition "hdr.ipv4.isValid()" (node_2) is false
[07:14:29.382] [bmv2] [D] [thread 8259] [13.0] [cxt 0] Pipeline 'ingress': end
[07:14:29.382] [bmv2] [D] [thread 8259] [13.0] [cxt 0] Egress port is 0
[07:14:29.382] [bmv2] [D] [thread 8259] [14.0] [cxt 0] Processing packet received on port 3
[07:14:29.382] [bmv2] [D] [thread 8259] [14.0] [cxt 0] Parser 'parser': start
[07:14:29.382] [bmv2] [D] [thread 8259] [14.0] [cxt 0] Parser 'parser' entering state 'start'
[07:14:29.382] [bmv2] [D] [thread 8259] [14.0] [cxt 0] Extracting header 'ethernet'
[07:14:29.382] [bmv2] [D] [thread 8259] [14.0] [cxt 0] Parser state 'start': key is 86dd
[07:14:29.382] [bmv2] [T] [thread 8259] [14.0] [cxt 0] Bytes parsed: 14
[07:14:29.382] [bmv2] [D] [thread 8259] [14.0] [cxt 0] Parser 'parser': end
[07:14:29.382] [bmv2] [D] [thread 8259] [14.0] [cxt 0] Pipeline 'ingress': start
[07:14:29.382] [bmv2] [T] [thread 8259] [14.0] [cxt 0] basic.p4(114) Condition "hdr.ipv4.isValid()" (node_2) is false
[07:14:29.382] [bmv2] [D] [thread 8259] [14.0] [cxt 0] Pipeline 'ingress': end
[07:14:29.382] [bmv2] [D] [thread 8259] [14.0] [cxt 0] Egress port is 0
[07:14:29.382] [bmv2] [D] [thread 8260] [13.0] [cxt 0] Pipeline 'egress': start
[07:14:29.382] [bmv2] [D] [thread 8260] [13.0] [cxt 0] Pipeline 'egress': end
[07:14:29.382] [bmv2] [D] [thread 8260] [13.0] [cxt 0] Deparser 'deparser': start
[07:14:29.382] [bmv2] [T] [thread 8260] [13.0] [cxt 0] Skipping checksum 'cksum' update because condition not met
[07:14:29.382] [bmv2] [D] [thread 8260] [13.0] [cxt 0] Deparsing header 'ethernet'
[07:14:29.382] [bmv2] [D] [thread 8260] [13.0] [cxt 0] Deparser 'deparser': end
[07:14:29.382] [bmv2] [D] [thread 8260] [14.0] [cxt 0] Pipeline 'egress': start
[07:14:29.382] [bmv2] [D] [thread 8260] [14.0] [cxt 0] Pipeline 'egress': end
[07:14:29.382] [bmv2] [D] [thread 8260] [14.0] [cxt 0] Deparser 'deparser': start
[07:14:29.382] [bmv2] [T] [thread 8260] [14.0] [cxt 0] Skipping checksum 'cksum' update because condition not met
[07:14:29.382] [bmv2] [D] [thread 8260] [14.0] [cxt 0] Deparsing header 'ethernet'
[07:14:29.382] [bmv2] [D] [thread 8260] [14.0] [cxt 0] Deparser 'deparser': end
[07:14:29.382] [bmv2] [D] [thread 8264] [13.0] [cxt 0] Transmitting packet of size 70 out of port 0
[07:14:29.382] [bmv2] [D] [thread 8264] [14.0] [cxt 0] Transmitting packet of size 70 out of port 0
[07:14:32.454] [bmv2] [D] [thread 8259] [15.0] [cxt 0] Processing packet received on port 1
[07:14:32.454] [bmv2] [D] [thread 8259] [15.0] [cxt 0] Parser 'parser': start
[07:14:32.454] [bmv2] [D] [thread 8259] [15.0] [cxt 0] Parser 'parser' entering state 'start'
[07:14:32.454] [bmv2] [D] [thread 8259] [15.0] [cxt 0] Extracting header 'ethernet'
[07:14:32.454] [bmv2] [D] [thread 8259] [15.0] [cxt 0] Parser state 'start': key is 86dd
[07:14:32.454] [bmv2] [T] [thread 8259] [15.0] [cxt 0] Bytes parsed: 14
[07:14:32.454] [bmv2] [D] [thread 8259] [15.0] [cxt 0] Parser 'parser': end
[07:14:32.454] [bmv2] [D] [thread 8259] [15.0] [cxt 0] Pipeline 'ingress': start
[07:14:32.454] [bmv2] [T] [thread 8259] [15.0] [cxt 0] basic.p4(114) Condition "hdr.ipv4.isValid()" (node_2) is false
[07:14:32.454] [bmv2] [D] [thread 8259] [15.0] [cxt 0] Pipeline 'ingress': end
[07:14:32.454] [bmv2] [D] [thread 8259] [15.0] [cxt 0] Egress port is 0
[07:14:32.455] [bmv2] [D] [thread 8259] [16.0] [cxt 0] Processing packet received on port 2
[07:14:32.455] [bmv2] [D] [thread 8259] [16.0] [cxt 0] Parser 'parser': start
[07:14:32.455] [bmv2] [D] [thread 8259] [16.0] [cxt 0] Parser 'parser' entering state 'start'
[07:14:32.455] [bmv2] [D] [thread 8259] [16.0] [cxt 0] Extracting header 'ethernet'
[07:14:32.455] [bmv2] [D] [thread 8259] [16.0] [cxt 0] Parser state 'start': key is 86dd
[07:14:32.455] [bmv2] [T] [thread 8259] [16.0] [cxt 0] Bytes parsed: 14
[07:14:32.455] [bmv2] [D] [thread 8259] [16.0] [cxt 0] Parser 'parser': end
[07:14:32.455] [bmv2] [D] [thread 8259] [16.0] [cxt 0] Pipeline 'ingress': start
[07:14:32.455] [bmv2] [T] [thread 8259] [16.0] [cxt 0] basic.p4(114) Condition "hdr.ipv4.isValid()" (node_2) is false
[07:14:32.455] [bmv2] [D] [thread 8260] [15.0] [cxt 0] Pipeline 'egress': start
[07:14:32.455] [bmv2] [D] [thread 8260] [15.0] [cxt 0] Pipeline 'egress': end
[07:14:32.455] [bmv2] [D] [thread 8260] [15.0] [cxt 0] Deparser 'deparser': start
[07:14:32.455] [bmv2] [T] [thread 8260] [15.0] [cxt 0] Skipping checksum 'cksum' update because condition not met
[07:14:32.455] [bmv2] [D] [thread 8260] [15.0] [cxt 0] Deparsing header 'ethernet'
[07:14:32.455] [bmv2] [D] [thread 8260] [15.0] [cxt 0] Deparser 'deparser': end
[07:14:32.455] [bmv2] [D] [thread 8264] [15.0] [cxt 0] Transmitting packet of size 70 out of port 0
[07:14:32.455] [bmv2] [D] [thread 8259] [16.0] [cxt 0] Pipeline 'ingress': end
[07:14:32.455] [bmv2] [D] [thread 8259] [16.0] [cxt 0] Egress port is 0
[07:14:32.455] [bmv2] [D] [thread 8260] [16.0] [cxt 0] Pipeline 'egress': start
[07:14:32.455] [bmv2] [D] [thread 8260] [16.0] [cxt 0] Pipeline 'egress': end
[07:14:32.455] [bmv2] [D] [thread 8260] [16.0] [cxt 0] Deparser 'deparser': start
[07:14:32.455] [bmv2] [T] [thread 8260] [16.0] [cxt 0] Skipping checksum 'cksum' update because condition not met
[07:14:32.455] [bmv2] [D] [thread 8260] [16.0] [cxt 0] Deparsing header 'ethernet'
[07:14:32.455] [bmv2] [D] [thread 8260] [16.0] [cxt 0] Deparser 'deparser': end
[07:14:32.455] [bmv2] [D] [thread 8264] [16.0] [cxt 0] Transmitting packet of size 70 out of port 0
[07:14:33.990] [bmv2] [D] [thread 8259] [17.0] [cxt 0] Processing packet received on port 1
[07:14:33.990] [bmv2] [D] [thread 8259] [17.0] [cxt 0] Parser 'parser': start
[07:14:33.990] [bmv2] [D] [thread 8259] [17.0] [cxt 0] Parser 'parser' entering state 'start'
[07:14:33.990] [bmv2] [D] [thread 8259] [17.0] [cxt 0] Extracting header 'ethernet'
[07:14:33.990] [bmv2] [D] [thread 8259] [17.0] [cxt 0] Parser state 'start': key is 86dd
[07:14:33.990] [bmv2] [T] [thread 8259] [17.0] [cxt 0] Bytes parsed: 14
[07:14:33.990] [bmv2] [D] [thread 8259] [17.0] [cxt 0] Parser 'parser': end
[07:14:33.990] [bmv2] [D] [thread 8259] [17.0] [cxt 0] Pipeline 'ingress': start
[07:14:33.990] [bmv2] [T] [thread 8259] [17.0] [cxt 0] basic.p4(114) Condition "hdr.ipv4.isValid()" (node_2) is false
[07:14:33.990] [bmv2] [D] [thread 8259] [17.0] [cxt 0] Pipeline 'ingress': end
[07:14:33.990] [bmv2] [D] [thread 8259] [17.0] [cxt 0] Egress port is 0
[07:14:33.990] [bmv2] [D] [thread 8260] [17.0] [cxt 0] Pipeline 'egress': start
[07:14:33.990] [bmv2] [D] [thread 8260] [17.0] [cxt 0] Pipeline 'egress': end
[07:14:33.990] [bmv2] [D] [thread 8260] [17.0] [cxt 0] Deparser 'deparser': start
[07:14:33.990] [bmv2] [T] [thread 8260] [17.0] [cxt 0] Skipping checksum 'cksum' update because condition not met
[07:14:33.990] [bmv2] [D] [thread 8260] [17.0] [cxt 0] Deparsing header 'ethernet'
[07:14:33.990] [bmv2] [D] [thread 8260] [17.0] [cxt 0] Deparser 'deparser': end
[07:14:33.990] [bmv2] [D] [thread 8264] [17.0] [cxt 0] Transmitting packet of size 70 out of port 0
[07:14:54.983] [bmv2] [D] [thread 8259] [18.0] [cxt 0] Processing packet received on port 3
[07:14:54.983] [bmv2] [D] [thread 8259] [18.0] [cxt 0] Parser 'parser': start
[07:14:54.983] [bmv2] [D] [thread 8259] [18.0] [cxt 0] Parser 'parser' entering state 'start'
[07:14:54.983] [bmv2] [D] [thread 8259] [18.0] [cxt 0] Extracting header 'ethernet'
[07:14:54.983] [bmv2] [D] [thread 8259] [18.0] [cxt 0] Parser state 'start': key is 86dd
[07:14:54.983] [bmv2] [T] [thread 8259] [18.0] [cxt 0] Bytes parsed: 14
[07:14:54.983] [bmv2] [D] [thread 8259] [18.0] [cxt 0] Parser 'parser': end
[07:14:54.983] [bmv2] [D] [thread 8259] [18.0] [cxt 0] Pipeline 'ingress': start
[07:14:54.983] [bmv2] [T] [thread 8259] [18.0] [cxt 0] basic.p4(114) Condition "hdr.ipv4.isValid()" (node_2) is false
[07:14:54.983] [bmv2] [D] [thread 8259] [18.0] [cxt 0] Pipeline 'ingress': end
[07:14:54.983] [bmv2] [D] [thread 8259] [18.0] [cxt 0] Egress port is 0
[07:14:54.983] [bmv2] [D] [thread 8260] [18.0] [cxt 0] Pipeline 'egress': start
[07:14:54.983] [bmv2] [D] [thread 8260] [18.0] [cxt 0] Pipeline 'egress': end
[07:14:54.983] [bmv2] [D] [thread 8260] [18.0] [cxt 0] Deparser 'deparser': start
[07:14:54.984] [bmv2] [T] [thread 8260] [18.0] [cxt 0] Skipping checksum 'cksum' update because condition not met
[07:14:54.984] [bmv2] [D] [thread 8260] [18.0] [cxt 0] Deparsing header 'ethernet'
[07:14:54.984] [bmv2] [D] [thread 8260] [18.0] [cxt 0] Deparser 'deparser': end
[07:14:54.984] [bmv2] [D] [thread 8264] [18.0] [cxt 0] Transmitting packet of size 70 out of port 0
[07:14:58.054] [bmv2] [D] [thread 8259] [19.0] [cxt 0] Processing packet received on port 3
[07:14:58.054] [bmv2] [D] [thread 8259] [19.0] [cxt 0] Parser 'parser': start
[07:14:58.054] [bmv2] [D] [thread 8259] [19.0] [cxt 0] Parser 'parser' entering state 'start'
[07:14:58.054] [bmv2] [D] [thread 8259] [19.0] [cxt 0] Extracting header 'ethernet'
[07:14:58.054] [bmv2] [D] [thread 8259] [19.0] [cxt 0] Parser state 'start': key is 86dd
[07:14:58.054] [bmv2] [T] [thread 8259] [19.0] [cxt 0] Bytes parsed: 14
[07:14:58.054] [bmv2] [D] [thread 8259] [19.0] [cxt 0] Parser 'parser': end
[07:14:58.054] [bmv2] [D] [thread 8259] [19.0] [cxt 0] Pipeline 'ingress': start
[07:14:58.054] [bmv2] [T] [thread 8259] [19.0] [cxt 0] basic.p4(114) Condition "hdr.ipv4.isValid()" (node_2) is false
[07:14:58.054] [bmv2] [D] [thread 8259] [19.0] [cxt 0] Pipeline 'ingress': end
[07:14:58.054] [bmv2] [D] [thread 8259] [19.0] [cxt 0] Egress port is 0
[07:14:58.054] [bmv2] [D] [thread 8260] [19.0] [cxt 0] Pipeline 'egress': start
[07:14:58.054] [bmv2] [D] [thread 8260] [19.0] [cxt 0] Pipeline 'egress': end
[07:14:58.054] [bmv2] [D] [thread 8260] [19.0] [cxt 0] Deparser 'deparser': start
[07:14:58.054] [bmv2] [T] [thread 8260] [19.0] [cxt 0] Skipping checksum 'cksum' update because condition not met
[07:14:58.054] [bmv2] [D] [thread 8260] [19.0] [cxt 0] Deparsing header 'ethernet'
[07:14:58.054] [bmv2] [D] [thread 8260] [19.0] [cxt 0] Deparser 'deparser': end
[07:14:58.054] [bmv2] [D] [thread 8264] [19.0] [cxt 0] Transmitting packet of size 70 out of port 0
[07:15:01.638] [bmv2] [D] [thread 8259] [20.0] [cxt 0] Processing packet received on port 2
[07:15:01.638] [bmv2] [D] [thread 8259] [20.0] [cxt 0] Parser 'parser': start
[07:15:01.638] [bmv2] [D] [thread 8259] [20.0] [cxt 0] Parser 'parser' entering state 'start'
[07:15:01.638] [bmv2] [D] [thread 8259] [20.0] [cxt 0] Extracting header 'ethernet'
[07:15:01.638] [bmv2] [D] [thread 8259] [20.0] [cxt 0] Parser state 'start': key is 86dd
[07:15:01.638] [bmv2] [T] [thread 8259] [20.0] [cxt 0] Bytes parsed: 14
[07:15:01.638] [bmv2] [D] [thread 8259] [20.0] [cxt 0] Parser 'parser': end
[07:15:01.638] [bmv2] [D] [thread 8259] [20.0] [cxt 0] Pipeline 'ingress': start
[07:15:01.638] [bmv2] [T] [thread 8259] [20.0] [cxt 0] basic.p4(114) Condition "hdr.ipv4.isValid()" (node_2) is false
[07:15:01.638] [bmv2] [D] [thread 8259] [20.0] [cxt 0] Pipeline 'ingress': end
[07:15:01.638] [bmv2] [D] [thread 8259] [20.0] [cxt 0] Egress port is 0
[07:15:01.638] [bmv2] [D] [thread 8260] [20.0] [cxt 0] Pipeline 'egress': start
[07:15:01.638] [bmv2] [D] [thread 8260] [20.0] [cxt 0] Pipeline 'egress': end
[07:15:01.638] [bmv2] [D] [thread 8260] [20.0] [cxt 0] Deparser 'deparser': start
[07:15:01.638] [bmv2] [T] [thread 8260] [20.0] [cxt 0] Skipping checksum 'cksum' update because condition not met
[07:15:01.638] [bmv2] [D] [thread 8260] [20.0] [cxt 0] Deparsing header 'ethernet'
[07:15:01.638] [bmv2] [D] [thread 8260] [20.0] [cxt 0] Deparser 'deparser': end
[07:15:01.638] [bmv2] [D] [thread 8264] [20.0] [cxt 0] Transmitting packet of size 70 out of port 0
[07:15:08.294] [bmv2] [D] [thread 8259] [21.0] [cxt 0] Processing packet received on port 1
[07:15:08.294] [bmv2] [D] [thread 8259] [21.0] [cxt 0] Parser 'parser': start
[07:15:08.294] [bmv2] [D] [thread 8259] [21.0] [cxt 0] Parser 'parser' entering state 'start'
[07:15:08.294] [bmv2] [D] [thread 8259] [21.0] [cxt 0] Extracting header 'ethernet'
[07:15:08.294] [bmv2] [D] [thread 8259] [21.0] [cxt 0] Parser state 'start': key is 86dd
[07:15:08.294] [bmv2] [T] [thread 8259] [21.0] [cxt 0] Bytes parsed: 14
[07:15:08.294] [bmv2] [D] [thread 8259] [21.0] [cxt 0] Parser 'parser': end
[07:15:08.294] [bmv2] [D] [thread 8259] [21.0] [cxt 0] Pipeline 'ingress': start
[07:15:08.294] [bmv2] [T] [thread 8259] [21.0] [cxt 0] basic.p4(114) Condition "hdr.ipv4.isValid()" (node_2) is false
[07:15:08.294] [bmv2] [D] [thread 8259] [21.0] [cxt 0] Pipeline 'ingress': end
[07:15:08.294] [bmv2] [D] [thread 8259] [21.0] [cxt 0] Egress port is 0
[07:15:08.294] [bmv2] [D] [thread 8259] [22.0] [cxt 0] Processing packet received on port 2
[07:15:08.294] [bmv2] [D] [thread 8259] [22.0] [cxt 0] Parser 'parser': start
[07:15:08.294] [bmv2] [D] [thread 8259] [22.0] [cxt 0] Parser 'parser' entering state 'start'
[07:15:08.294] [bmv2] [D] [thread 8259] [22.0] [cxt 0] Extracting header 'ethernet'
[07:15:08.294] [bmv2] [D] [thread 8259] [22.0] [cxt 0] Parser state 'start': key is 86dd
[07:15:08.294] [bmv2] [T] [thread 8259] [22.0] [cxt 0] Bytes parsed: 14
[07:15:08.294] [bmv2] [D] [thread 8259] [22.0] [cxt 0] Parser 'parser': end
[07:15:08.294] [bmv2] [D] [thread 8259] [22.0] [cxt 0] Pipeline 'ingress': start
[07:15:08.294] [bmv2] [T] [thread 8259] [22.0] [cxt 0] basic.p4(114) Condition "hdr.ipv4.isValid()" (node_2) is false
[07:15:08.294] [bmv2] [D] [thread 8259] [22.0] [cxt 0] Pipeline 'ingress': end
[07:15:08.294] [bmv2] [D] [thread 8259] [22.0] [cxt 0] Egress port is 0
[07:15:08.294] [bmv2] [D] [thread 8260] [21.0] [cxt 0] Pipeline 'egress': start
[07:15:08.294] [bmv2] [D] [thread 8260] [21.0] [cxt 0] Pipeline 'egress': end
[07:15:08.294] [bmv2] [D] [thread 8260] [21.0] [cxt 0] Deparser 'deparser': start
[07:15:08.294] [bmv2] [T] [thread 8260] [21.0] [cxt 0] Skipping checksum 'cksum' update because condition not met
[07:15:08.294] [bmv2] [D] [thread 8260] [21.0] [cxt 0] Deparsing header 'ethernet'
[07:15:08.294] [bmv2] [D] [thread 8260] [21.0] [cxt 0] Deparser 'deparser': end
[07:15:08.294] [bmv2] [D] [thread 8260] [22.0] [cxt 0] Pipeline 'egress': start
[07:15:08.294] [bmv2] [D] [thread 8260] [22.0] [cxt 0] Pipeline 'egress': end
[07:15:08.294] [bmv2] [D] [thread 8260] [22.0] [cxt 0] Deparser 'deparser': start
[07:15:08.294] [bmv2] [T] [thread 8260] [22.0] [cxt 0] Skipping checksum 'cksum' update because condition not met
[07:15:08.294] [bmv2] [D] [thread 8260] [22.0] [cxt 0] Deparsing header 'ethernet'
[07:15:08.294] [bmv2] [D] [thread 8260] [22.0] [cxt 0] Deparser 'deparser': end
[07:15:08.294] [bmv2] [D] [thread 8264] [21.0] [cxt 0] Transmitting packet of size 70 out of port 0
[07:15:08.294] [bmv2] [D] [thread 8264] [22.0] [cxt 0] Transmitting packet of size 70 out of port 0
[07:15:12.390] [bmv2] [D] [thread 8259] [23.0] [cxt 0] Processing packet received on port 1
[07:15:12.390] [bmv2] [D] [thread 8259] [23.0] [cxt 0] Parser 'parser': start
[07:15:12.390] [bmv2] [D] [thread 8259] [23.0] [cxt 0] Parser 'parser' entering state 'start'
[07:15:12.390] [bmv2] [D] [thread 8259] [23.0] [cxt 0] Extracting header 'ethernet'
[07:15:12.390] [bmv2] [D] [thread 8259] [23.0] [cxt 0] Parser state 'start': key is 86dd
[07:15:12.390] [bmv2] [T] [thread 8259] [23.0] [cxt 0] Bytes parsed: 14
[07:15:12.390] [bmv2] [D] [thread 8259] [23.0] [cxt 0] Parser 'parser': end
[07:15:12.390] [bmv2] [D] [thread 8259] [23.0] [cxt 0] Pipeline 'ingress': start
[07:15:12.390] [bmv2] [T] [thread 8259] [23.0] [cxt 0] basic.p4(114) Condition "hdr.ipv4.isValid()" (node_2) is false
[07:15:12.390] [bmv2] [D] [thread 8259] [23.0] [cxt 0] Pipeline 'ingress': end
[07:15:12.390] [bmv2] [D] [thread 8259] [23.0] [cxt 0] Egress port is 0
[07:15:12.390] [bmv2] [D] [thread 8260] [23.0] [cxt 0] Pipeline 'egress': start
[07:15:12.390] [bmv2] [D] [thread 8260] [23.0] [cxt 0] Pipeline 'egress': end
[07:15:12.390] [bmv2] [D] [thread 8260] [23.0] [cxt 0] Deparser 'deparser': start
[07:15:12.390] [bmv2] [T] [thread 8260] [23.0] [cxt 0] Skipping checksum 'cksum' update because condition not met
[07:15:12.390] [bmv2] [D] [thread 8260] [23.0] [cxt 0] Deparsing header 'ethernet'
[07:15:12.390] [bmv2] [D] [thread 8260] [23.0] [cxt 0] Deparser 'deparser': end
[07:15:12.390] [bmv2] [D] [thread 8264] [23.0] [cxt 0] Transmitting packet of size 70 out of port 0
[07:15:49.267] [bmv2] [D] [thread 8259] [24.0] [cxt 0] Processing packet received on port 3
[07:15:49.267] [bmv2] [D] [thread 8259] [24.0] [cxt 0] Parser 'parser': start
[07:15:49.267] [bmv2] [D] [thread 8259] [24.0] [cxt 0] Parser 'parser' entering state 'start'
[07:15:49.267] [bmv2] [D] [thread 8259] [24.0] [cxt 0] Extracting header 'ethernet'
[07:15:49.267] [bmv2] [D] [thread 8259] [24.0] [cxt 0] Parser state 'start': key is 86dd
[07:15:49.267] [bmv2] [T] [thread 8259] [24.0] [cxt 0] Bytes parsed: 14
[07:15:49.267] [bmv2] [D] [thread 8259] [24.0] [cxt 0] Parser 'parser': end
[07:15:49.267] [bmv2] [D] [thread 8259] [24.0] [cxt 0] Pipeline 'ingress': start
[07:15:49.267] [bmv2] [T] [thread 8259] [24.0] [cxt 0] basic.p4(114) Condition "hdr.ipv4.isValid()" (node_2) is false
[07:15:49.267] [bmv2] [D] [thread 8259] [24.0] [cxt 0] Pipeline 'ingress': end
[07:15:49.267] [bmv2] [D] [thread 8259] [24.0] [cxt 0] Egress port is 0
[07:15:49.267] [bmv2] [D] [thread 8260] [24.0] [cxt 0] Pipeline 'egress': start
[07:15:49.267] [bmv2] [D] [thread 8260] [24.0] [cxt 0] Pipeline 'egress': end
[07:15:49.267] [bmv2] [D] [thread 8260] [24.0] [cxt 0] Deparser 'deparser': start
[07:15:49.267] [bmv2] [T] [thread 8260] [24.0] [cxt 0] Skipping checksum 'cksum' update because condition not met
[07:15:49.267] [bmv2] [D] [thread 8260] [24.0] [cxt 0] Deparsing header 'ethernet'
[07:15:49.267] [bmv2] [D] [thread 8260] [24.0] [cxt 0] Deparser 'deparser': end
[07:15:49.268] [bmv2] [D] [thread 8264] [24.0] [cxt 0] Transmitting packet of size 70 out of port 0
[07:15:57.450] [bmv2] [D] [thread 8259] [25.0] [cxt 0] Processing packet received on port 3
[07:15:57.450] [bmv2] [D] [thread 8259] [25.0] [cxt 0] Parser 'parser': start
[07:15:57.450] [bmv2] [D] [thread 8259] [25.0] [cxt 0] Parser 'parser' entering state 'start'
[07:15:57.450] [bmv2] [D] [thread 8259] [25.0] [cxt 0] Extracting header 'ethernet'
[07:15:57.450] [bmv2] [D] [thread 8259] [25.0] [cxt 0] Parser state 'start': key is 86dd
[07:15:57.450] [bmv2] [T] [thread 8259] [25.0] [cxt 0] Bytes parsed: 14
[07:15:57.450] [bmv2] [D] [thread 8259] [25.0] [cxt 0] Parser 'parser': end
[07:15:57.450] [bmv2] [D] [thread 8259] [25.0] [cxt 0] Pipeline 'ingress': start
[07:15:57.450] [bmv2] [T] [thread 8259] [25.0] [cxt 0] basic.p4(114) Condition "hdr.ipv4.isValid()" (node_2) is false
[07:15:57.450] [bmv2] [D] [thread 8259] [25.0] [cxt 0] Pipeline 'ingress': end
[07:15:57.450] [bmv2] [D] [thread 8259] [25.0] [cxt 0] Egress port is 0
[07:15:57.450] [bmv2] [D] [thread 8260] [25.0] [cxt 0] Pipeline 'egress': start
[07:15:57.450] [bmv2] [D] [thread 8260] [25.0] [cxt 0] Pipeline 'egress': end
[07:15:57.450] [bmv2] [D] [thread 8260] [25.0] [cxt 0] Deparser 'deparser': start
[07:15:57.450] [bmv2] [T] [thread 8260] [25.0] [cxt 0] Skipping checksum 'cksum' update because condition not met
[07:15:57.450] [bmv2] [D] [thread 8260] [25.0] [cxt 0] Deparsing header 'ethernet'
[07:15:57.450] [bmv2] [D] [thread 8260] [25.0] [cxt 0] Deparser 'deparser': end
[07:15:57.450] [bmv2] [D] [thread 8264] [25.0] [cxt 0] Transmitting packet of size 70 out of port 0
[07:16:05.638] [bmv2] [D] [thread 8259] [26.0] [cxt 0] Processing packet received on port 2
[07:16:05.638] [bmv2] [D] [thread 8259] [26.0] [cxt 0] Parser 'parser': start
[07:16:05.638] [bmv2] [D] [thread 8259] [26.0] [cxt 0] Parser 'parser' entering state 'start'
[07:16:05.638] [bmv2] [D] [thread 8259] [26.0] [cxt 0] Extracting header 'ethernet'
[07:16:05.638] [bmv2] [D] [thread 8259] [26.0] [cxt 0] Parser state 'start': key is 86dd
[07:16:05.638] [bmv2] [T] [thread 8259] [26.0] [cxt 0] Bytes parsed: 14
[07:16:05.638] [bmv2] [D] [thread 8259] [26.0] [cxt 0] Parser 'parser': end
[07:16:05.638] [bmv2] [D] [thread 8259] [26.0] [cxt 0] Pipeline 'ingress': start
[07:16:05.638] [bmv2] [T] [thread 8259] [26.0] [cxt 0] basic.p4(114) Condition "hdr.ipv4.isValid()" (node_2) is false
[07:16:05.638] [bmv2] [D] [thread 8259] [26.0] [cxt 0] Pipeline 'ingress': end
[07:16:05.638] [bmv2] [D] [thread 8259] [26.0] [cxt 0] Egress port is 0
[07:16:05.638] [bmv2] [D] [thread 8260] [26.0] [cxt 0] Pipeline 'egress': start
[07:16:05.638] [bmv2] [D] [thread 8260] [26.0] [cxt 0] Pipeline 'egress': end
[07:16:05.638] [bmv2] [D] [thread 8260] [26.0] [cxt 0] Deparser 'deparser': start
[07:16:05.638] [bmv2] [T] [thread 8260] [26.0] [cxt 0] Skipping checksum 'cksum' update because condition not met
[07:16:05.638] [bmv2] [D] [thread 8260] [26.0] [cxt 0] Deparsing header 'ethernet'
[07:16:05.638] [bmv2] [D] [thread 8260] [26.0] [cxt 0] Deparser 'deparser': end
[07:16:05.638] [bmv2] [D] [thread 8264] [26.0] [cxt 0] Transmitting packet of size 70 out of port 0
[07:16:13.830] [bmv2] [D] [thread 8259] [27.0] [cxt 0] Processing packet received on port 1
[07:16:13.830] [bmv2] [D] [thread 8259] [27.0] [cxt 0] Parser 'parser': start
[07:16:13.830] [bmv2] [D] [thread 8259] [27.0] [cxt 0] Parser 'parser' entering state 'start'
[07:16:13.830] [bmv2] [D] [thread 8259] [27.0] [cxt 0] Extracting header 'ethernet'
[07:16:13.830] [bmv2] [D] [thread 8259] [27.0] [cxt 0] Parser state 'start': key is 86dd
[07:16:13.830] [bmv2] [T] [thread 8259] [27.0] [cxt 0] Bytes parsed: 14
[07:16:13.830] [bmv2] [D] [thread 8259] [27.0] [cxt 0] Parser 'parser': end
[07:16:13.830] [bmv2] [D] [thread 8259] [27.0] [cxt 0] Pipeline 'ingress': start
[07:16:13.830] [bmv2] [T] [thread 8259] [27.0] [cxt 0] basic.p4(114) Condition "hdr.ipv4.isValid()" (node_2) is false
[07:16:13.830] [bmv2] [D] [thread 8259] [27.0] [cxt 0] Pipeline 'ingress': end
[07:16:13.830] [bmv2] [D] [thread 8259] [27.0] [cxt 0] Egress port is 0
[07:16:13.830] [bmv2] [D] [thread 8260] [27.0] [cxt 0] Pipeline 'egress': start
[07:16:13.830] [bmv2] [D] [thread 8260] [27.0] [cxt 0] Pipeline 'egress': end
[07:16:13.830] [bmv2] [D] [thread 8260] [27.0] [cxt 0] Deparser 'deparser': start
[07:16:13.830] [bmv2] [T] [thread 8260] [27.0] [cxt 0] Skipping checksum 'cksum' update because condition not met
[07:16:13.830] [bmv2] [D] [thread 8260] [27.0] [cxt 0] Deparsing header 'ethernet'
[07:16:13.830] [bmv2] [D] [thread 8260] [27.0] [cxt 0] Deparser 'deparser': end
[07:16:13.830] [bmv2] [D] [thread 8264] [27.0] [cxt 0] Transmitting packet of size 70 out of port 0
[07:16:17.926] [bmv2] [D] [thread 8259] [28.0] [cxt 0] Processing packet received on port 2
[07:16:17.926] [bmv2] [D] [thread 8259] [28.0] [cxt 0] Parser 'parser': start
[07:16:17.926] [bmv2] [D] [thread 8259] [28.0] [cxt 0] Parser 'parser' entering state 'start'
[07:16:17.926] [bmv2] [D] [thread 8259] [28.0] [cxt 0] Extracting header 'ethernet'
[07:16:17.926] [bmv2] [D] [thread 8259] [28.0] [cxt 0] Parser state 'start': key is 86dd
[07:16:17.926] [bmv2] [T] [thread 8259] [28.0] [cxt 0] Bytes parsed: 14
[07:16:17.926] [bmv2] [D] [thread 8259] [28.0] [cxt 0] Parser 'parser': end
[07:16:17.926] [bmv2] [D] [thread 8259] [28.0] [cxt 0] Pipeline 'ingress': start
[07:16:17.926] [bmv2] [T] [thread 8259] [28.0] [cxt 0] basic.p4(114) Condition "hdr.ipv4.isValid()" (node_2) is false
[07:16:17.926] [bmv2] [D] [thread 8259] [28.0] [cxt 0] Pipeline 'ingress': end
[07:16:17.926] [bmv2] [D] [thread 8259] [28.0] [cxt 0] Egress port is 0
[07:16:17.926] [bmv2] [D] [thread 8260] [28.0] [cxt 0] Pipeline 'egress': start
[07:16:17.926] [bmv2] [D] [thread 8260] [28.0] [cxt 0] Pipeline 'egress': end
[07:16:17.926] [bmv2] [D] [thread 8260] [28.0] [cxt 0] Deparser 'deparser': start
[07:16:17.926] [bmv2] [T] [thread 8260] [28.0] [cxt 0] Skipping checksum 'cksum' update because condition not met
[07:16:17.926] [bmv2] [D] [thread 8260] [28.0] [cxt 0] Deparsing header 'ethernet'
[07:16:17.926] [bmv2] [D] [thread 8260] [28.0] [cxt 0] Deparser 'deparser': end
[07:16:17.926] [bmv2] [D] [thread 8264] [28.0] [cxt 0] Transmitting packet of size 70 out of port 0
[07:16:26.118] [bmv2] [D] [thread 8259] [29.0] [cxt 0] Processing packet received on port 1
[07:16:26.118] [bmv2] [D] [thread 8259] [29.0] [cxt 0] Parser 'parser': start
[07:16:26.118] [bmv2] [D] [thread 8259] [29.0] [cxt 0] Parser 'parser' entering state 'start'
[07:16:26.118] [bmv2] [D] [thread 8259] [29.0] [cxt 0] Extracting header 'ethernet'
[07:16:26.118] [bmv2] [D] [thread 8259] [29.0] [cxt 0] Parser state 'start': key is 86dd
[07:16:26.118] [bmv2] [T] [thread 8259] [29.0] [cxt 0] Bytes parsed: 14
[07:16:26.118] [bmv2] [D] [thread 8259] [29.0] [cxt 0] Parser 'parser': end
[07:16:26.118] [bmv2] [D] [thread 8259] [29.0] [cxt 0] Pipeline 'ingress': start
[07:16:26.118] [bmv2] [T] [thread 8259] [29.0] [cxt 0] basic.p4(114) Condition "hdr.ipv4.isValid()" (node_2) is false
[07:16:26.118] [bmv2] [D] [thread 8259] [29.0] [cxt 0] Pipeline 'ingress': end
[07:16:26.118] [bmv2] [D] [thread 8259] [29.0] [cxt 0] Egress port is 0
[07:16:26.118] [bmv2] [D] [thread 8260] [29.0] [cxt 0] Pipeline 'egress': start
[07:16:26.118] [bmv2] [D] [thread 8260] [29.0] [cxt 0] Pipeline 'egress': end
[07:16:26.118] [bmv2] [D] [thread 8260] [29.0] [cxt 0] Deparser 'deparser': start
[07:16:26.118] [bmv2] [T] [thread 8260] [29.0] [cxt 0] Skipping checksum 'cksum' update because condition not met
[07:16:26.118] [bmv2] [D] [thread 8260] [29.0] [cxt 0] Deparsing header 'ethernet'
[07:16:26.118] [bmv2] [D] [thread 8260] [29.0] [cxt 0] Deparser 'deparser': end
[07:16:26.118] [bmv2] [D] [thread 8264] [29.0] [cxt 0] Transmitting packet of size 70 out of port 0
[07:17:35.750] [bmv2] [D] [thread 8259] [30.0] [cxt 0] Processing packet received on port 3
[07:17:35.750] [bmv2] [D] [thread 8259] [30.0] [cxt 0] Parser 'parser': start
[07:17:35.750] [bmv2] [D] [thread 8259] [30.0] [cxt 0] Parser 'parser' entering state 'start'
[07:17:35.750] [bmv2] [D] [thread 8259] [30.0] [cxt 0] Extracting header 'ethernet'
[07:17:35.750] [bmv2] [D] [thread 8259] [30.0] [cxt 0] Parser state 'start': key is 86dd
[07:17:35.750] [bmv2] [T] [thread 8259] [30.0] [cxt 0] Bytes parsed: 14
[07:17:35.750] [bmv2] [D] [thread 8259] [30.0] [cxt 0] Parser 'parser': end
[07:17:35.750] [bmv2] [D] [thread 8259] [30.0] [cxt 0] Pipeline 'ingress': start
[07:17:35.750] [bmv2] [T] [thread 8259] [30.0] [cxt 0] basic.p4(114) Condition "hdr.ipv4.isValid()" (node_2) is false
[07:17:35.750] [bmv2] [D] [thread 8259] [30.0] [cxt 0] Pipeline 'ingress': end
[07:17:35.750] [bmv2] [D] [thread 8259] [30.0] [cxt 0] Egress port is 0
[07:17:35.750] [bmv2] [D] [thread 8260] [30.0] [cxt 0] Pipeline 'egress': start
[07:17:35.750] [bmv2] [D] [thread 8260] [30.0] [cxt 0] Pipeline 'egress': end
[07:17:35.750] [bmv2] [D] [thread 8260] [30.0] [cxt 0] Deparser 'deparser': start
[07:17:35.750] [bmv2] [T] [thread 8260] [30.0] [cxt 0] Skipping checksum 'cksum' update because condition not met
[07:17:35.750] [bmv2] [D] [thread 8260] [30.0] [cxt 0] Deparsing header 'ethernet'
[07:17:35.750] [bmv2] [D] [thread 8260] [30.0] [cxt 0] Deparser 'deparser': end
[07:17:35.750] [bmv2] [D] [thread 8264] [30.0] [cxt 0] Transmitting packet of size 70 out of port 0
[07:17:52.134] [bmv2] [D] [thread 8259] [31.0] [cxt 0] Processing packet received on port 3
[07:17:52.134] [bmv2] [D] [thread 8259] [31.0] [cxt 0] Parser 'parser': start
[07:17:52.134] [bmv2] [D] [thread 8259] [31.0] [cxt 0] Parser 'parser' entering state 'start'
[07:17:52.134] [bmv2] [D] [thread 8259] [31.0] [cxt 0] Extracting header 'ethernet'
[07:17:52.134] [bmv2] [D] [thread 8259] [31.0] [cxt 0] Parser state 'start': key is 86dd
[07:17:52.134] [bmv2] [T] [thread 8259] [31.0] [cxt 0] Bytes parsed: 14
[07:17:52.134] [bmv2] [D] [thread 8259] [31.0] [cxt 0] Parser 'parser': end
[07:17:52.134] [bmv2] [D] [thread 8259] [31.0] [cxt 0] Pipeline 'ingress': start
[07:17:52.134] [bmv2] [T] [thread 8259] [31.0] [cxt 0] basic.p4(114) Condition "hdr.ipv4.isValid()" (node_2) is false
[07:17:52.134] [bmv2] [D] [thread 8259] [31.0] [cxt 0] Pipeline 'ingress': end
[07:17:52.134] [bmv2] [D] [thread 8259] [31.0] [cxt 0] Egress port is 0
[07:17:52.134] [bmv2] [D] [thread 8260] [31.0] [cxt 0] Pipeline 'egress': start
[07:17:52.134] [bmv2] [D] [thread 8260] [31.0] [cxt 0] Pipeline 'egress': end
[07:17:52.134] [bmv2] [D] [thread 8260] [31.0] [cxt 0] Deparser 'deparser': start
[07:17:52.134] [bmv2] [T] [thread 8260] [31.0] [cxt 0] Skipping checksum 'cksum' update because condition not met
[07:17:52.134] [bmv2] [D] [thread 8260] [31.0] [cxt 0] Deparsing header 'ethernet'
[07:17:52.134] [bmv2] [D] [thread 8260] [31.0] [cxt 0] Deparser 'deparser': end
[07:17:52.134] [bmv2] [D] [thread 8264] [31.0] [cxt 0] Transmitting packet of size 70 out of port 0
[07:18:07.145] [bmv2] [D] [thread 8259] [32.0] [cxt 0] Processing packet received on port 3
[07:18:07.145] [bmv2] [D] [thread 8259] [32.0] [cxt 0] Parser 'parser': start
[07:18:07.145] [bmv2] [D] [thread 8259] [32.0] [cxt 0] Parser 'parser' entering state 'start'
[07:18:07.145] [bmv2] [D] [thread 8259] [32.0] [cxt 0] Extracting header 'ethernet'
[07:18:07.145] [bmv2] [D] [thread 8259] [32.0] [cxt 0] Parser state 'start': key is 0800
[07:18:07.145] [bmv2] [T] [thread 8259] [32.0] [cxt 0] Bytes parsed: 14
[07:18:07.145] [bmv2] [D] [thread 8259] [32.0] [cxt 0] Parser 'parser' entering state 'parse_ipv4'
[07:18:07.145] [bmv2] [D] [thread 8259] [32.0] [cxt 0] Extracting header 'ipv4'
[07:18:07.145] [bmv2] [D] [thread 8259] [32.0] [cxt 0] Parser state 'parse_ipv4' has no switch, going to default next state
[07:18:07.145] [bmv2] [T] [thread 8259] [32.0] [cxt 0] Bytes parsed: 34
[07:18:07.145] [bmv2] [D] [thread 8259] [32.0] [cxt 0] Parser 'parser': end
[07:18:07.145] [bmv2] [D] [thread 8259] [32.0] [cxt 0] Pipeline 'ingress': start
[07:18:07.145] [bmv2] [T] [thread 8259] [32.0] [cxt 0] basic.p4(114) Condition "hdr.ipv4.isValid()" (node_2) is true
[07:18:07.145] [bmv2] [T] [thread 8259] [32.0] [cxt 0] Applying table 'MyIngress.ipv4_lpm'
[07:18:07.145] [bmv2] [D] [thread 8259] [32.0] [cxt 0] Looking up key:
* hdr.ipv4.dstAddr    : 0a000303

[07:18:07.145] [bmv2] [D] [thread 8259] [32.0] [cxt 0] Table 'MyIngress.ipv4_lpm': hit with handle 2
[07:18:07.145] [bmv2] [D] [thread 8259] [32.0] [cxt 0] Dumping entry 2
Match key:
* hdr.ipv4.dstAddr    : LPM       0a000303/32
Action entry: MyIngress.ipv4_forward - 80000000300,1,

[07:18:07.145] [bmv2] [D] [thread 8259] [32.0] [cxt 0] Action entry is MyIngress.ipv4_forward - 80000000300,1,
[07:18:07.145] [bmv2] [T] [thread 8259] [32.0] [cxt 0] Action MyIngress.ipv4_forward
[07:18:07.145] [bmv2] [T] [thread 8259] [32.0] [cxt 0] basic.p4(94) Primitive standard_metadata.egress_spec = port
[07:18:07.145] [bmv2] [T] [thread 8259] [32.0] [cxt 0] basic.p4(95) Primitive hdr.ethernet.srcAddr = hdr.ethernet.dstAddr
[07:18:07.145] [bmv2] [T] [thread 8259] [32.0] [cxt 0] basic.p4(96) Primitive hdr.ethernet.dstAddr = dstAddr
[07:18:07.145] [bmv2] [T] [thread 8259] [32.0] [cxt 0] basic.p4(97) Primitive hdr.ipv4.ttl = hdr.ipv4.ttl - 1
[07:18:07.145] [bmv2] [D] [thread 8259] [32.0] [cxt 0] Pipeline 'ingress': end
[07:18:07.145] [bmv2] [D] [thread 8259] [32.0] [cxt 0] Egress port is 1
[07:18:07.145] [bmv2] [D] [thread 8261] [32.0] [cxt 0] Pipeline 'egress': start
[07:18:07.145] [bmv2] [D] [thread 8261] [32.0] [cxt 0] Pipeline 'egress': end
[07:18:07.145] [bmv2] [D] [thread 8261] [32.0] [cxt 0] Deparser 'deparser': start
[07:18:07.145] [bmv2] [D] [thread 8261] [32.0] [cxt 0] Updating checksum 'cksum'
[07:18:07.145] [bmv2] [D] [thread 8261] [32.0] [cxt 0] Deparsing header 'ethernet'
[07:18:07.145] [bmv2] [D] [thread 8261] [32.0] [cxt 0] Deparsing header 'ipv4'
[07:18:07.145] [bmv2] [D] [thread 8261] [32.0] [cxt 0] Deparser 'deparser': end
[07:18:07.145] [bmv2] [D] [thread 8264] [32.0] [cxt 0] Transmitting packet of size 98 out of port 1
[07:18:08.251] [bmv2] [D] [thread 8259] [33.0] [cxt 0] Processing packet received on port 3
[07:18:08.251] [bmv2] [D] [thread 8259] [33.0] [cxt 0] Parser 'parser': start
[07:18:08.251] [bmv2] [D] [thread 8259] [33.0] [cxt 0] Parser 'parser' entering state 'start'
[07:18:08.251] [bmv2] [D] [thread 8259] [33.0] [cxt 0] Extracting header 'ethernet'
[07:18:08.251] [bmv2] [D] [thread 8259] [33.0] [cxt 0] Parser state 'start': key is 0800
[07:18:08.251] [bmv2] [T] [thread 8259] [33.0] [cxt 0] Bytes parsed: 14
[07:18:08.251] [bmv2] [D] [thread 8259] [33.0] [cxt 0] Parser 'parser' entering state 'parse_ipv4'
[07:18:08.251] [bmv2] [D] [thread 8259] [33.0] [cxt 0] Extracting header 'ipv4'
[07:18:08.251] [bmv2] [D] [thread 8259] [33.0] [cxt 0] Parser state 'parse_ipv4' has no switch, going to default next state
[07:18:08.251] [bmv2] [T] [thread 8259] [33.0] [cxt 0] Bytes parsed: 34
[07:18:08.251] [bmv2] [D] [thread 8259] [33.0] [cxt 0] Parser 'parser': end
[07:18:08.251] [bmv2] [D] [thread 8259] [33.0] [cxt 0] Pipeline 'ingress': start
[07:18:08.251] [bmv2] [T] [thread 8259] [33.0] [cxt 0] basic.p4(114) Condition "hdr.ipv4.isValid()" (node_2) is true
[07:18:08.251] [bmv2] [T] [thread 8259] [33.0] [cxt 0] Applying table 'MyIngress.ipv4_lpm'
[07:18:08.251] [bmv2] [D] [thread 8259] [33.0] [cxt 0] Looking up key:
* hdr.ipv4.dstAddr    : 0a000303

[07:18:08.251] [bmv2] [D] [thread 8259] [33.0] [cxt 0] Table 'MyIngress.ipv4_lpm': hit with handle 2
[07:18:08.251] [bmv2] [D] [thread 8259] [33.0] [cxt 0] Dumping entry 2
Match key:
* hdr.ipv4.dstAddr    : LPM       0a000303/32
Action entry: MyIngress.ipv4_forward - 80000000300,1,

[07:18:08.251] [bmv2] [D] [thread 8259] [33.0] [cxt 0] Action entry is MyIngress.ipv4_forward - 80000000300,1,
[07:18:08.251] [bmv2] [T] [thread 8259] [33.0] [cxt 0] Action MyIngress.ipv4_forward
[07:18:08.251] [bmv2] [T] [thread 8259] [33.0] [cxt 0] basic.p4(94) Primitive standard_metadata.egress_spec = port
[07:18:08.251] [bmv2] [T] [thread 8259] [33.0] [cxt 0] basic.p4(95) Primitive hdr.ethernet.srcAddr = hdr.ethernet.dstAddr
[07:18:08.251] [bmv2] [T] [thread 8259] [33.0] [cxt 0] basic.p4(96) Primitive hdr.ethernet.dstAddr = dstAddr
[07:18:08.251] [bmv2] [T] [thread 8259] [33.0] [cxt 0] basic.p4(97) Primitive hdr.ipv4.ttl = hdr.ipv4.ttl - 1
[07:18:08.251] [bmv2] [D] [thread 8259] [33.0] [cxt 0] Pipeline 'ingress': end
[07:18:08.251] [bmv2] [D] [thread 8259] [33.0] [cxt 0] Egress port is 1
[07:18:08.251] [bmv2] [D] [thread 8261] [33.0] [cxt 0] Pipeline 'egress': start
[07:18:08.251] [bmv2] [D] [thread 8261] [33.0] [cxt 0] Pipeline 'egress': end
[07:18:08.251] [bmv2] [D] [thread 8261] [33.0] [cxt 0] Deparser 'deparser': start
[07:18:08.251] [bmv2] [D] [thread 8261] [33.0] [cxt 0] Updating checksum 'cksum'
[07:18:08.251] [bmv2] [D] [thread 8261] [33.0] [cxt 0] Deparsing header 'ethernet'
[07:18:08.251] [bmv2] [D] [thread 8261] [33.0] [cxt 0] Deparsing header 'ipv4'
[07:18:08.251] [bmv2] [D] [thread 8261] [33.0] [cxt 0] Deparser 'deparser': end
[07:18:08.252] [bmv2] [D] [thread 8264] [33.0] [cxt 0] Transmitting packet of size 98 out of port 1
[07:18:09.287] [bmv2] [D] [thread 8259] [34.0] [cxt 0] Processing packet received on port 3
[07:18:09.287] [bmv2] [D] [thread 8259] [34.0] [cxt 0] Parser 'parser': start
[07:18:09.287] [bmv2] [D] [thread 8259] [34.0] [cxt 0] Parser 'parser' entering state 'start'
[07:18:09.287] [bmv2] [D] [thread 8259] [34.0] [cxt 0] Extracting header 'ethernet'
[07:18:09.287] [bmv2] [D] [thread 8259] [34.0] [cxt 0] Parser state 'start': key is 0800
[07:18:09.287] [bmv2] [T] [thread 8259] [34.0] [cxt 0] Bytes parsed: 14
[07:18:09.287] [bmv2] [D] [thread 8259] [34.0] [cxt 0] Parser 'parser' entering state 'parse_ipv4'
[07:18:09.287] [bmv2] [D] [thread 8259] [34.0] [cxt 0] Extracting header 'ipv4'
[07:18:09.287] [bmv2] [D] [thread 8259] [34.0] [cxt 0] Parser state 'parse_ipv4' has no switch, going to default next state
[07:18:09.287] [bmv2] [T] [thread 8259] [34.0] [cxt 0] Bytes parsed: 34
[07:18:09.287] [bmv2] [D] [thread 8259] [34.0] [cxt 0] Parser 'parser': end
[07:18:09.287] [bmv2] [D] [thread 8259] [34.0] [cxt 0] Pipeline 'ingress': start
[07:18:09.287] [bmv2] [T] [thread 8259] [34.0] [cxt 0] basic.p4(114) Condition "hdr.ipv4.isValid()" (node_2) is true
[07:18:09.287] [bmv2] [T] [thread 8259] [34.0] [cxt 0] Applying table 'MyIngress.ipv4_lpm'
[07:18:09.287] [bmv2] [D] [thread 8259] [34.0] [cxt 0] Looking up key:
* hdr.ipv4.dstAddr    : 0a000303

[07:18:09.287] [bmv2] [D] [thread 8259] [34.0] [cxt 0] Table 'MyIngress.ipv4_lpm': hit with handle 2
[07:18:09.287] [bmv2] [D] [thread 8259] [34.0] [cxt 0] Dumping entry 2
Match key:
* hdr.ipv4.dstAddr    : LPM       0a000303/32
Action entry: MyIngress.ipv4_forward - 80000000300,1,

[07:18:09.287] [bmv2] [D] [thread 8259] [34.0] [cxt 0] Action entry is MyIngress.ipv4_forward - 80000000300,1,
[07:18:09.287] [bmv2] [T] [thread 8259] [34.0] [cxt 0] Action MyIngress.ipv4_forward
[07:18:09.287] [bmv2] [T] [thread 8259] [34.0] [cxt 0] basic.p4(94) Primitive standard_metadata.egress_spec = port
[07:18:09.287] [bmv2] [T] [thread 8259] [34.0] [cxt 0] basic.p4(95) Primitive hdr.ethernet.srcAddr = hdr.ethernet.dstAddr
[07:18:09.287] [bmv2] [T] [thread 8259] [34.0] [cxt 0] basic.p4(96) Primitive hdr.ethernet.dstAddr = dstAddr
[07:18:09.287] [bmv2] [T] [thread 8259] [34.0] [cxt 0] basic.p4(97) Primitive hdr.ipv4.ttl = hdr.ipv4.ttl - 1
[07:18:09.287] [bmv2] [D] [thread 8259] [34.0] [cxt 0] Pipeline 'ingress': end
[07:18:09.287] [bmv2] [D] [thread 8259] [34.0] [cxt 0] Egress port is 1
[07:18:09.288] [bmv2] [D] [thread 8261] [34.0] [cxt 0] Pipeline 'egress': start
[07:18:09.288] [bmv2] [D] [thread 8261] [34.0] [cxt 0] Pipeline 'egress': end
[07:18:09.288] [bmv2] [D] [thread 8261] [34.0] [cxt 0] Deparser 'deparser': start
[07:18:09.288] [bmv2] [D] [thread 8261] [34.0] [cxt 0] Updating checksum 'cksum'
[07:18:09.288] [bmv2] [D] [thread 8261] [34.0] [cxt 0] Deparsing header 'ethernet'
[07:18:09.288] [bmv2] [D] [thread 8261] [34.0] [cxt 0] Deparsing header 'ipv4'
[07:18:09.288] [bmv2] [D] [thread 8261] [34.0] [cxt 0] Deparser 'deparser': end
[07:18:09.288] [bmv2] [D] [thread 8264] [34.0] [cxt 0] Transmitting packet of size 98 out of port 1
[07:18:10.311] [bmv2] [D] [thread 8259] [35.0] [cxt 0] Processing packet received on port 3
[07:18:10.311] [bmv2] [D] [thread 8259] [35.0] [cxt 0] Parser 'parser': start
[07:18:10.311] [bmv2] [D] [thread 8259] [35.0] [cxt 0] Parser 'parser' entering state 'start'
[07:18:10.311] [bmv2] [D] [thread 8259] [35.0] [cxt 0] Extracting header 'ethernet'
[07:18:10.311] [bmv2] [D] [thread 8259] [35.0] [cxt 0] Parser state 'start': key is 0800
[07:18:10.311] [bmv2] [T] [thread 8259] [35.0] [cxt 0] Bytes parsed: 14
[07:18:10.311] [bmv2] [D] [thread 8259] [35.0] [cxt 0] Parser 'parser' entering state 'parse_ipv4'
[07:18:10.311] [bmv2] [D] [thread 8259] [35.0] [cxt 0] Extracting header 'ipv4'
[07:18:10.311] [bmv2] [D] [thread 8259] [35.0] [cxt 0] Parser state 'parse_ipv4' has no switch, going to default next state
[07:18:10.311] [bmv2] [T] [thread 8259] [35.0] [cxt 0] Bytes parsed: 34
[07:18:10.311] [bmv2] [D] [thread 8259] [35.0] [cxt 0] Parser 'parser': end
[07:18:10.311] [bmv2] [D] [thread 8259] [35.0] [cxt 0] Pipeline 'ingress': start
[07:18:10.311] [bmv2] [T] [thread 8259] [35.0] [cxt 0] basic.p4(114) Condition "hdr.ipv4.isValid()" (node_2) is true
[07:18:10.311] [bmv2] [T] [thread 8259] [35.0] [cxt 0] Applying table 'MyIngress.ipv4_lpm'
[07:18:10.311] [bmv2] [D] [thread 8259] [35.0] [cxt 0] Looking up key:
* hdr.ipv4.dstAddr    : 0a000303

[07:18:10.311] [bmv2] [D] [thread 8259] [35.0] [cxt 0] Table 'MyIngress.ipv4_lpm': hit with handle 2
[07:18:10.311] [bmv2] [D] [thread 8259] [35.0] [cxt 0] Dumping entry 2
Match key:
* hdr.ipv4.dstAddr    : LPM       0a000303/32
Action entry: MyIngress.ipv4_forward - 80000000300,1,

[07:18:10.311] [bmv2] [D] [thread 8259] [35.0] [cxt 0] Action entry is MyIngress.ipv4_forward - 80000000300,1,
[07:18:10.311] [bmv2] [T] [thread 8259] [35.0] [cxt 0] Action MyIngress.ipv4_forward
[07:18:10.311] [bmv2] [T] [thread 8259] [35.0] [cxt 0] basic.p4(94) Primitive standard_metadata.egress_spec = port
[07:18:10.311] [bmv2] [T] [thread 8259] [35.0] [cxt 0] basic.p4(95) Primitive hdr.ethernet.srcAddr = hdr.ethernet.dstAddr
[07:18:10.311] [bmv2] [T] [thread 8259] [35.0] [cxt 0] basic.p4(96) Primitive hdr.ethernet.dstAddr = dstAddr
[07:18:10.311] [bmv2] [T] [thread 8259] [35.0] [cxt 0] basic.p4(97) Primitive hdr.ipv4.ttl = hdr.ipv4.ttl - 1
[07:18:10.311] [bmv2] [D] [thread 8259] [35.0] [cxt 0] Pipeline 'ingress': end
[07:18:10.311] [bmv2] [D] [thread 8259] [35.0] [cxt 0] Egress port is 1
[07:18:10.311] [bmv2] [D] [thread 8261] [35.0] [cxt 0] Pipeline 'egress': start
[07:18:10.311] [bmv2] [D] [thread 8261] [35.0] [cxt 0] Pipeline 'egress': end
[07:18:10.311] [bmv2] [D] [thread 8261] [35.0] [cxt 0] Deparser 'deparser': start
[07:18:10.311] [bmv2] [D] [thread 8261] [35.0] [cxt 0] Updating checksum 'cksum'
[07:18:10.311] [bmv2] [D] [thread 8261] [35.0] [cxt 0] Deparsing header 'ethernet'
[07:18:10.311] [bmv2] [D] [thread 8261] [35.0] [cxt 0] Deparsing header 'ipv4'
[07:18:10.311] [bmv2] [D] [thread 8261] [35.0] [cxt 0] Deparser 'deparser': end
[07:18:10.311] [bmv2] [D] [thread 8264] [35.0] [cxt 0] Transmitting packet of size 98 out of port 1
[07:18:11.338] [bmv2] [D] [thread 8259] [36.0] [cxt 0] Processing packet received on port 3
[07:18:11.339] [bmv2] [D] [thread 8259] [36.0] [cxt 0] Parser 'parser': start
[07:18:11.339] [bmv2] [D] [thread 8259] [36.0] [cxt 0] Parser 'parser' entering state 'start'
[07:18:11.339] [bmv2] [D] [thread 8259] [36.0] [cxt 0] Extracting header 'ethernet'
[07:18:11.339] [bmv2] [D] [thread 8259] [36.0] [cxt 0] Parser state 'start': key is 0800
[07:18:11.339] [bmv2] [T] [thread 8259] [36.0] [cxt 0] Bytes parsed: 14
[07:18:11.339] [bmv2] [D] [thread 8259] [36.0] [cxt 0] Parser 'parser' entering state 'parse_ipv4'
[07:18:11.339] [bmv2] [D] [thread 8259] [36.0] [cxt 0] Extracting header 'ipv4'
[07:18:11.339] [bmv2] [D] [thread 8259] [36.0] [cxt 0] Parser state 'parse_ipv4' has no switch, going to default next state
[07:18:11.339] [bmv2] [T] [thread 8259] [36.0] [cxt 0] Bytes parsed: 34
[07:18:11.339] [bmv2] [D] [thread 8259] [36.0] [cxt 0] Parser 'parser': end
[07:18:11.339] [bmv2] [D] [thread 8259] [36.0] [cxt 0] Pipeline 'ingress': start
[07:18:11.339] [bmv2] [T] [thread 8259] [36.0] [cxt 0] basic.p4(114) Condition "hdr.ipv4.isValid()" (node_2) is true
[07:18:11.339] [bmv2] [T] [thread 8259] [36.0] [cxt 0] Applying table 'MyIngress.ipv4_lpm'
[07:18:11.339] [bmv2] [D] [thread 8259] [36.0] [cxt 0] Looking up key:
* hdr.ipv4.dstAddr    : 0a000303

[07:18:11.339] [bmv2] [D] [thread 8259] [36.0] [cxt 0] Table 'MyIngress.ipv4_lpm': hit with handle 2
[07:18:11.339] [bmv2] [D] [thread 8259] [36.0] [cxt 0] Dumping entry 2
Match key:
* hdr.ipv4.dstAddr    : LPM       0a000303/32
Action entry: MyIngress.ipv4_forward - 80000000300,1,

[07:18:11.339] [bmv2] [D] [thread 8259] [36.0] [cxt 0] Action entry is MyIngress.ipv4_forward - 80000000300,1,
[07:18:11.339] [bmv2] [T] [thread 8259] [36.0] [cxt 0] Action MyIngress.ipv4_forward
[07:18:11.339] [bmv2] [T] [thread 8259] [36.0] [cxt 0] basic.p4(94) Primitive standard_metadata.egress_spec = port
[07:18:11.339] [bmv2] [T] [thread 8259] [36.0] [cxt 0] basic.p4(95) Primitive hdr.ethernet.srcAddr = hdr.ethernet.dstAddr
[07:18:11.339] [bmv2] [T] [thread 8259] [36.0] [cxt 0] basic.p4(96) Primitive hdr.ethernet.dstAddr = dstAddr
[07:18:11.339] [bmv2] [T] [thread 8259] [36.0] [cxt 0] basic.p4(97) Primitive hdr.ipv4.ttl = hdr.ipv4.ttl - 1
[07:18:11.339] [bmv2] [D] [thread 8259] [36.0] [cxt 0] Pipeline 'ingress': end
[07:18:11.339] [bmv2] [D] [thread 8259] [36.0] [cxt 0] Egress port is 1
[07:18:11.339] [bmv2] [D] [thread 8261] [36.0] [cxt 0] Pipeline 'egress': start
[07:18:11.339] [bmv2] [D] [thread 8261] [36.0] [cxt 0] Pipeline 'egress': end
[07:18:11.339] [bmv2] [D] [thread 8261] [36.0] [cxt 0] Deparser 'deparser': start
[07:18:11.339] [bmv2] [D] [thread 8261] [36.0] [cxt 0] Updating checksum 'cksum'
[07:18:11.339] [bmv2] [D] [thread 8261] [36.0] [cxt 0] Deparsing header 'ethernet'
[07:18:11.339] [bmv2] [D] [thread 8261] [36.0] [cxt 0] Deparsing header 'ipv4'
[07:18:11.339] [bmv2] [D] [thread 8261] [36.0] [cxt 0] Deparser 'deparser': end
[07:18:11.339] [bmv2] [D] [thread 8264] [36.0] [cxt 0] Transmitting packet of size 98 out of port 1
[07:18:12.361] [bmv2] [D] [thread 8259] [37.0] [cxt 0] Processing packet received on port 3
[07:18:12.361] [bmv2] [D] [thread 8259] [37.0] [cxt 0] Parser 'parser': start
[07:18:12.361] [bmv2] [D] [thread 8259] [37.0] [cxt 0] Parser 'parser' entering state 'start'
[07:18:12.361] [bmv2] [D] [thread 8259] [37.0] [cxt 0] Extracting header 'ethernet'
[07:18:12.361] [bmv2] [D] [thread 8259] [37.0] [cxt 0] Parser state 'start': key is 0800
[07:18:12.361] [bmv2] [T] [thread 8259] [37.0] [cxt 0] Bytes parsed: 14
[07:18:12.361] [bmv2] [D] [thread 8259] [37.0] [cxt 0] Parser 'parser' entering state 'parse_ipv4'
[07:18:12.361] [bmv2] [D] [thread 8259] [37.0] [cxt 0] Extracting header 'ipv4'
[07:18:12.361] [bmv2] [D] [thread 8259] [37.0] [cxt 0] Parser state 'parse_ipv4' has no switch, going to default next state
[07:18:12.361] [bmv2] [T] [thread 8259] [37.0] [cxt 0] Bytes parsed: 34
[07:18:12.361] [bmv2] [D] [thread 8259] [37.0] [cxt 0] Parser 'parser': end
[07:18:12.361] [bmv2] [D] [thread 8259] [37.0] [cxt 0] Pipeline 'ingress': start
[07:18:12.361] [bmv2] [T] [thread 8259] [37.0] [cxt 0] basic.p4(114) Condition "hdr.ipv4.isValid()" (node_2) is true
[07:18:12.361] [bmv2] [T] [thread 8259] [37.0] [cxt 0] Applying table 'MyIngress.ipv4_lpm'
[07:18:12.361] [bmv2] [D] [thread 8259] [37.0] [cxt 0] Looking up key:
* hdr.ipv4.dstAddr    : 0a000303

[07:18:12.361] [bmv2] [D] [thread 8259] [37.0] [cxt 0] Table 'MyIngress.ipv4_lpm': hit with handle 2
[07:18:12.361] [bmv2] [D] [thread 8259] [37.0] [cxt 0] Dumping entry 2
Match key:
* hdr.ipv4.dstAddr    : LPM       0a000303/32
Action entry: MyIngress.ipv4_forward - 80000000300,1,

[07:18:12.361] [bmv2] [D] [thread 8259] [37.0] [cxt 0] Action entry is MyIngress.ipv4_forward - 80000000300,1,
[07:18:12.361] [bmv2] [T] [thread 8259] [37.0] [cxt 0] Action MyIngress.ipv4_forward
[07:18:12.361] [bmv2] [T] [thread 8259] [37.0] [cxt 0] basic.p4(94) Primitive standard_metadata.egress_spec = port
[07:18:12.361] [bmv2] [T] [thread 8259] [37.0] [cxt 0] basic.p4(95) Primitive hdr.ethernet.srcAddr = hdr.ethernet.dstAddr
[07:18:12.361] [bmv2] [T] [thread 8259] [37.0] [cxt 0] basic.p4(96) Primitive hdr.ethernet.dstAddr = dstAddr
[07:18:12.361] [bmv2] [T] [thread 8259] [37.0] [cxt 0] basic.p4(97) Primitive hdr.ipv4.ttl = hdr.ipv4.ttl - 1
[07:18:12.361] [bmv2] [D] [thread 8259] [37.0] [cxt 0] Pipeline 'ingress': end
[07:18:12.361] [bmv2] [D] [thread 8259] [37.0] [cxt 0] Egress port is 1
[07:18:12.361] [bmv2] [D] [thread 8261] [37.0] [cxt 0] Pipeline 'egress': start
[07:18:12.361] [bmv2] [D] [thread 8261] [37.0] [cxt 0] Pipeline 'egress': end
[07:18:12.361] [bmv2] [D] [thread 8261] [37.0] [cxt 0] Deparser 'deparser': start
[07:18:12.361] [bmv2] [D] [thread 8261] [37.0] [cxt 0] Updating checksum 'cksum'
[07:18:12.361] [bmv2] [D] [thread 8261] [37.0] [cxt 0] Deparsing header 'ethernet'
[07:18:12.361] [bmv2] [D] [thread 8261] [37.0] [cxt 0] Deparsing header 'ipv4'
[07:18:12.361] [bmv2] [D] [thread 8261] [37.0] [cxt 0] Deparser 'deparser': end
[07:18:12.361] [bmv2] [D] [thread 8264] [37.0] [cxt 0] Transmitting packet of size 98 out of port 1
[07:18:13.388] [bmv2] [D] [thread 8259] [38.0] [cxt 0] Processing packet received on port 3
[07:18:13.388] [bmv2] [D] [thread 8259] [38.0] [cxt 0] Parser 'parser': start
[07:18:13.388] [bmv2] [D] [thread 8259] [38.0] [cxt 0] Parser 'parser' entering state 'start'
[07:18:13.388] [bmv2] [D] [thread 8259] [38.0] [cxt 0] Extracting header 'ethernet'
[07:18:13.388] [bmv2] [D] [thread 8259] [38.0] [cxt 0] Parser state 'start': key is 0800
[07:18:13.388] [bmv2] [T] [thread 8259] [38.0] [cxt 0] Bytes parsed: 14
[07:18:13.388] [bmv2] [D] [thread 8259] [38.0] [cxt 0] Parser 'parser' entering state 'parse_ipv4'
[07:18:13.388] [bmv2] [D] [thread 8259] [38.0] [cxt 0] Extracting header 'ipv4'
[07:18:13.388] [bmv2] [D] [thread 8259] [38.0] [cxt 0] Parser state 'parse_ipv4' has no switch, going to default next state
[07:18:13.388] [bmv2] [T] [thread 8259] [38.0] [cxt 0] Bytes parsed: 34
[07:18:13.388] [bmv2] [D] [thread 8259] [38.0] [cxt 0] Parser 'parser': end
[07:18:13.388] [bmv2] [D] [thread 8259] [38.0] [cxt 0] Pipeline 'ingress': start
[07:18:13.388] [bmv2] [T] [thread 8259] [38.0] [cxt 0] basic.p4(114) Condition "hdr.ipv4.isValid()" (node_2) is true
[07:18:13.388] [bmv2] [T] [thread 8259] [38.0] [cxt 0] Applying table 'MyIngress.ipv4_lpm'
[07:18:13.388] [bmv2] [D] [thread 8259] [38.0] [cxt 0] Looking up key:
* hdr.ipv4.dstAddr    : 0a000303

[07:18:13.388] [bmv2] [D] [thread 8259] [38.0] [cxt 0] Table 'MyIngress.ipv4_lpm': hit with handle 2
[07:18:13.388] [bmv2] [D] [thread 8259] [38.0] [cxt 0] Dumping entry 2
Match key:
* hdr.ipv4.dstAddr    : LPM       0a000303/32
Action entry: MyIngress.ipv4_forward - 80000000300,1,

[07:18:13.388] [bmv2] [D] [thread 8259] [38.0] [cxt 0] Action entry is MyIngress.ipv4_forward - 80000000300,1,
[07:18:13.388] [bmv2] [T] [thread 8259] [38.0] [cxt 0] Action MyIngress.ipv4_forward
[07:18:13.388] [bmv2] [T] [thread 8259] [38.0] [cxt 0] basic.p4(94) Primitive standard_metadata.egress_spec = port
[07:18:13.388] [bmv2] [T] [thread 8259] [38.0] [cxt 0] basic.p4(95) Primitive hdr.ethernet.srcAddr = hdr.ethernet.dstAddr
[07:18:13.388] [bmv2] [T] [thread 8259] [38.0] [cxt 0] basic.p4(96) Primitive hdr.ethernet.dstAddr = dstAddr
[07:18:13.388] [bmv2] [T] [thread 8259] [38.0] [cxt 0] basic.p4(97) Primitive hdr.ipv4.ttl = hdr.ipv4.ttl - 1
[07:18:13.388] [bmv2] [D] [thread 8259] [38.0] [cxt 0] Pipeline 'ingress': end
[07:18:13.388] [bmv2] [D] [thread 8259] [38.0] [cxt 0] Egress port is 1
[07:18:13.388] [bmv2] [D] [thread 8261] [38.0] [cxt 0] Pipeline 'egress': start
[07:18:13.388] [bmv2] [D] [thread 8261] [38.0] [cxt 0] Pipeline 'egress': end
[07:18:13.388] [bmv2] [D] [thread 8261] [38.0] [cxt 0] Deparser 'deparser': start
[07:18:13.388] [bmv2] [D] [thread 8261] [38.0] [cxt 0] Updating checksum 'cksum'
[07:18:13.388] [bmv2] [D] [thread 8261] [38.0] [cxt 0] Deparsing header 'ethernet'
[07:18:13.388] [bmv2] [D] [thread 8261] [38.0] [cxt 0] Deparsing header 'ipv4'
[07:18:13.388] [bmv2] [D] [thread 8261] [38.0] [cxt 0] Deparser 'deparser': end
[07:18:13.388] [bmv2] [D] [thread 8264] [38.0] [cxt 0] Transmitting packet of size 98 out of port 1
[07:18:14.418] [bmv2] [D] [thread 8259] [39.0] [cxt 0] Processing packet received on port 3
[07:18:14.418] [bmv2] [D] [thread 8259] [39.0] [cxt 0] Parser 'parser': start
[07:18:14.418] [bmv2] [D] [thread 8259] [39.0] [cxt 0] Parser 'parser' entering state 'start'
[07:18:14.418] [bmv2] [D] [thread 8259] [39.0] [cxt 0] Extracting header 'ethernet'
[07:18:14.418] [bmv2] [D] [thread 8259] [39.0] [cxt 0] Parser state 'start': key is 0800
[07:18:14.418] [bmv2] [T] [thread 8259] [39.0] [cxt 0] Bytes parsed: 14
[07:18:14.418] [bmv2] [D] [thread 8259] [39.0] [cxt 0] Parser 'parser' entering state 'parse_ipv4'
[07:18:14.418] [bmv2] [D] [thread 8259] [39.0] [cxt 0] Extracting header 'ipv4'
[07:18:14.418] [bmv2] [D] [thread 8259] [39.0] [cxt 0] Parser state 'parse_ipv4' has no switch, going to default next state
[07:18:14.418] [bmv2] [T] [thread 8259] [39.0] [cxt 0] Bytes parsed: 34
[07:18:14.418] [bmv2] [D] [thread 8259] [39.0] [cxt 0] Parser 'parser': end
[07:18:14.418] [bmv2] [D] [thread 8259] [39.0] [cxt 0] Pipeline 'ingress': start
[07:18:14.418] [bmv2] [T] [thread 8259] [39.0] [cxt 0] basic.p4(114) Condition "hdr.ipv4.isValid()" (node_2) is true
[07:18:14.418] [bmv2] [T] [thread 8259] [39.0] [cxt 0] Applying table 'MyIngress.ipv4_lpm'
[07:18:14.418] [bmv2] [D] [thread 8259] [39.0] [cxt 0] Looking up key:
* hdr.ipv4.dstAddr    : 0a000303

[07:18:14.418] [bmv2] [D] [thread 8259] [39.0] [cxt 0] Table 'MyIngress.ipv4_lpm': hit with handle 2
[07:18:14.418] [bmv2] [D] [thread 8259] [39.0] [cxt 0] Dumping entry 2
Match key:
* hdr.ipv4.dstAddr    : LPM       0a000303/32
Action entry: MyIngress.ipv4_forward - 80000000300,1,

[07:18:14.418] [bmv2] [D] [thread 8259] [39.0] [cxt 0] Action entry is MyIngress.ipv4_forward - 80000000300,1,
[07:18:14.418] [bmv2] [T] [thread 8259] [39.0] [cxt 0] Action MyIngress.ipv4_forward
[07:18:14.418] [bmv2] [T] [thread 8259] [39.0] [cxt 0] basic.p4(94) Primitive standard_metadata.egress_spec = port
[07:18:14.418] [bmv2] [T] [thread 8259] [39.0] [cxt 0] basic.p4(95) Primitive hdr.ethernet.srcAddr = hdr.ethernet.dstAddr
[07:18:14.418] [bmv2] [T] [thread 8259] [39.0] [cxt 0] basic.p4(96) Primitive hdr.ethernet.dstAddr = dstAddr
[07:18:14.418] [bmv2] [T] [thread 8259] [39.0] [cxt 0] basic.p4(97) Primitive hdr.ipv4.ttl = hdr.ipv4.ttl - 1
[07:18:14.418] [bmv2] [D] [thread 8259] [39.0] [cxt 0] Pipeline 'ingress': end
[07:18:14.418] [bmv2] [D] [thread 8259] [39.0] [cxt 0] Egress port is 1
[07:18:14.418] [bmv2] [D] [thread 8261] [39.0] [cxt 0] Pipeline 'egress': start
[07:18:14.418] [bmv2] [D] [thread 8261] [39.0] [cxt 0] Pipeline 'egress': end
[07:18:14.418] [bmv2] [D] [thread 8261] [39.0] [cxt 0] Deparser 'deparser': start
[07:18:14.418] [bmv2] [D] [thread 8261] [39.0] [cxt 0] Updating checksum 'cksum'
[07:18:14.418] [bmv2] [D] [thread 8261] [39.0] [cxt 0] Deparsing header 'ethernet'
[07:18:14.418] [bmv2] [D] [thread 8261] [39.0] [cxt 0] Deparsing header 'ipv4'
[07:18:14.418] [bmv2] [D] [thread 8261] [39.0] [cxt 0] Deparser 'deparser': end
[07:18:14.418] [bmv2] [D] [thread 8264] [39.0] [cxt 0] Transmitting packet of size 98 out of port 1
[07:18:15.440] [bmv2] [D] [thread 8259] [40.0] [cxt 0] Processing packet received on port 3
[07:18:15.440] [bmv2] [D] [thread 8259] [40.0] [cxt 0] Parser 'parser': start
[07:18:15.440] [bmv2] [D] [thread 8259] [40.0] [cxt 0] Parser 'parser' entering state 'start'
[07:18:15.440] [bmv2] [D] [thread 8259] [40.0] [cxt 0] Extracting header 'ethernet'
[07:18:15.440] [bmv2] [D] [thread 8259] [40.0] [cxt 0] Parser state 'start': key is 0800
[07:18:15.440] [bmv2] [T] [thread 8259] [40.0] [cxt 0] Bytes parsed: 14
[07:18:15.440] [bmv2] [D] [thread 8259] [40.0] [cxt 0] Parser 'parser' entering state 'parse_ipv4'
[07:18:15.440] [bmv2] [D] [thread 8259] [40.0] [cxt 0] Extracting header 'ipv4'
[07:18:15.440] [bmv2] [D] [thread 8259] [40.0] [cxt 0] Parser state 'parse_ipv4' has no switch, going to default next state
[07:18:15.440] [bmv2] [T] [thread 8259] [40.0] [cxt 0] Bytes parsed: 34
[07:18:15.440] [bmv2] [D] [thread 8259] [40.0] [cxt 0] Parser 'parser': end
[07:18:15.440] [bmv2] [D] [thread 8259] [40.0] [cxt 0] Pipeline 'ingress': start
[07:18:15.440] [bmv2] [T] [thread 8259] [40.0] [cxt 0] basic.p4(114) Condition "hdr.ipv4.isValid()" (node_2) is true
[07:18:15.440] [bmv2] [T] [thread 8259] [40.0] [cxt 0] Applying table 'MyIngress.ipv4_lpm'
[07:18:15.440] [bmv2] [D] [thread 8259] [40.0] [cxt 0] Looking up key:
* hdr.ipv4.dstAddr    : 0a000303

[07:18:15.440] [bmv2] [D] [thread 8259] [40.0] [cxt 0] Table 'MyIngress.ipv4_lpm': hit with handle 2
[07:18:15.440] [bmv2] [D] [thread 8259] [40.0] [cxt 0] Dumping entry 2
Match key:
* hdr.ipv4.dstAddr    : LPM       0a000303/32
Action entry: MyIngress.ipv4_forward - 80000000300,1,

[07:18:15.440] [bmv2] [D] [thread 8259] [40.0] [cxt 0] Action entry is MyIngress.ipv4_forward - 80000000300,1,
[07:18:15.440] [bmv2] [T] [thread 8259] [40.0] [cxt 0] Action MyIngress.ipv4_forward
[07:18:15.440] [bmv2] [T] [thread 8259] [40.0] [cxt 0] basic.p4(94) Primitive standard_metadata.egress_spec = port
[07:18:15.440] [bmv2] [T] [thread 8259] [40.0] [cxt 0] basic.p4(95) Primitive hdr.ethernet.srcAddr = hdr.ethernet.dstAddr
[07:18:15.440] [bmv2] [T] [thread 8259] [40.0] [cxt 0] basic.p4(96) Primitive hdr.ethernet.dstAddr = dstAddr
[07:18:15.440] [bmv2] [T] [thread 8259] [40.0] [cxt 0] basic.p4(97) Primitive hdr.ipv4.ttl = hdr.ipv4.ttl - 1
[07:18:15.440] [bmv2] [D] [thread 8259] [40.0] [cxt 0] Pipeline 'ingress': end
[07:18:15.440] [bmv2] [D] [thread 8259] [40.0] [cxt 0] Egress port is 1
[07:18:15.440] [bmv2] [D] [thread 8261] [40.0] [cxt 0] Pipeline 'egress': start
[07:18:15.440] [bmv2] [D] [thread 8261] [40.0] [cxt 0] Pipeline 'egress': end
[07:18:15.440] [bmv2] [D] [thread 8261] [40.0] [cxt 0] Deparser 'deparser': start
[07:18:15.440] [bmv2] [D] [thread 8261] [40.0] [cxt 0] Updating checksum 'cksum'
[07:18:15.440] [bmv2] [D] [thread 8261] [40.0] [cxt 0] Deparsing header 'ethernet'
[07:18:15.440] [bmv2] [D] [thread 8261] [40.0] [cxt 0] Deparsing header 'ipv4'
[07:18:15.440] [bmv2] [D] [thread 8261] [40.0] [cxt 0] Deparser 'deparser': end
[07:18:15.440] [bmv2] [D] [thread 8264] [40.0] [cxt 0] Transmitting packet of size 98 out of port 1
[07:18:16.454] [bmv2] [D] [thread 8259] [41.0] [cxt 0] Processing packet received on port 3
[07:18:16.454] [bmv2] [D] [thread 8259] [41.0] [cxt 0] Parser 'parser': start
[07:18:16.454] [bmv2] [D] [thread 8259] [41.0] [cxt 0] Parser 'parser' entering state 'start'
[07:18:16.455] [bmv2] [D] [thread 8259] [41.0] [cxt 0] Extracting header 'ethernet'
[07:18:16.455] [bmv2] [D] [thread 8259] [41.0] [cxt 0] Parser state 'start': key is 0800
[07:18:16.455] [bmv2] [T] [thread 8259] [41.0] [cxt 0] Bytes parsed: 14
[07:18:16.455] [bmv2] [D] [thread 8259] [41.0] [cxt 0] Parser 'parser' entering state 'parse_ipv4'
[07:18:16.455] [bmv2] [D] [thread 8259] [41.0] [cxt 0] Extracting header 'ipv4'
[07:18:16.455] [bmv2] [D] [thread 8259] [41.0] [cxt 0] Parser state 'parse_ipv4' has no switch, going to default next state
[07:18:16.455] [bmv2] [T] [thread 8259] [41.0] [cxt 0] Bytes parsed: 34
[07:18:16.455] [bmv2] [D] [thread 8259] [41.0] [cxt 0] Parser 'parser': end
[07:18:16.455] [bmv2] [D] [thread 8259] [41.0] [cxt 0] Pipeline 'ingress': start
[07:18:16.455] [bmv2] [T] [thread 8259] [41.0] [cxt 0] basic.p4(114) Condition "hdr.ipv4.isValid()" (node_2) is true
[07:18:16.455] [bmv2] [T] [thread 8259] [41.0] [cxt 0] Applying table 'MyIngress.ipv4_lpm'
[07:18:16.455] [bmv2] [D] [thread 8259] [41.0] [cxt 0] Looking up key:
* hdr.ipv4.dstAddr    : 0a000303

[07:18:16.455] [bmv2] [D] [thread 8259] [41.0] [cxt 0] Table 'MyIngress.ipv4_lpm': hit with handle 2
[07:18:16.455] [bmv2] [D] [thread 8259] [41.0] [cxt 0] Dumping entry 2
Match key:
* hdr.ipv4.dstAddr    : LPM       0a000303/32
Action entry: MyIngress.ipv4_forward - 80000000300,1,

[07:18:16.455] [bmv2] [D] [thread 8259] [41.0] [cxt 0] Action entry is MyIngress.ipv4_forward - 80000000300,1,
[07:18:16.455] [bmv2] [T] [thread 8259] [41.0] [cxt 0] Action MyIngress.ipv4_forward
[07:18:16.455] [bmv2] [T] [thread 8259] [41.0] [cxt 0] basic.p4(94) Primitive standard_metadata.egress_spec = port
[07:18:16.455] [bmv2] [T] [thread 8259] [41.0] [cxt 0] basic.p4(95) Primitive hdr.ethernet.srcAddr = hdr.ethernet.dstAddr
[07:18:16.455] [bmv2] [T] [thread 8259] [41.0] [cxt 0] basic.p4(96) Primitive hdr.ethernet.dstAddr = dstAddr
[07:18:16.455] [bmv2] [T] [thread 8259] [41.0] [cxt 0] basic.p4(97) Primitive hdr.ipv4.ttl = hdr.ipv4.ttl - 1
[07:18:16.455] [bmv2] [D] [thread 8259] [41.0] [cxt 0] Pipeline 'ingress': end
[07:18:16.455] [bmv2] [D] [thread 8259] [41.0] [cxt 0] Egress port is 1
[07:18:16.455] [bmv2] [D] [thread 8261] [41.0] [cxt 0] Pipeline 'egress': start
[07:18:16.455] [bmv2] [D] [thread 8261] [41.0] [cxt 0] Pipeline 'egress': end
[07:18:16.455] [bmv2] [D] [thread 8261] [41.0] [cxt 0] Deparser 'deparser': start
[07:18:16.455] [bmv2] [D] [thread 8261] [41.0] [cxt 0] Updating checksum 'cksum'
[07:18:16.455] [bmv2] [D] [thread 8261] [41.0] [cxt 0] Deparsing header 'ethernet'
[07:18:16.455] [bmv2] [D] [thread 8261] [41.0] [cxt 0] Deparsing header 'ipv4'
[07:18:16.455] [bmv2] [D] [thread 8261] [41.0] [cxt 0] Deparser 'deparser': end
[07:18:16.455] [bmv2] [D] [thread 8264] [41.0] [cxt 0] Transmitting packet of size 98 out of port 1
[07:18:16.710] [bmv2] [D] [thread 8259] [42.0] [cxt 0] Processing packet received on port 2
[07:18:16.710] [bmv2] [D] [thread 8259] [42.0] [cxt 0] Parser 'parser': start
[07:18:16.710] [bmv2] [D] [thread 8259] [42.0] [cxt 0] Parser 'parser' entering state 'start'
[07:18:16.710] [bmv2] [D] [thread 8259] [42.0] [cxt 0] Extracting header 'ethernet'
[07:18:16.710] [bmv2] [D] [thread 8259] [42.0] [cxt 0] Parser state 'start': key is 86dd
[07:18:16.710] [bmv2] [T] [thread 8259] [42.0] [cxt 0] Bytes parsed: 14
[07:18:16.710] [bmv2] [D] [thread 8259] [42.0] [cxt 0] Parser 'parser': end
[07:18:16.710] [bmv2] [D] [thread 8259] [42.0] [cxt 0] Pipeline 'ingress': start
[07:18:16.710] [bmv2] [T] [thread 8259] [42.0] [cxt 0] basic.p4(114) Condition "hdr.ipv4.isValid()" (node_2) is false
[07:18:16.710] [bmv2] [D] [thread 8259] [42.0] [cxt 0] Pipeline 'ingress': end
[07:18:16.710] [bmv2] [D] [thread 8259] [42.0] [cxt 0] Egress port is 0
[07:18:16.710] [bmv2] [D] [thread 8260] [42.0] [cxt 0] Pipeline 'egress': start
[07:18:16.710] [bmv2] [D] [thread 8260] [42.0] [cxt 0] Pipeline 'egress': end
[07:18:16.710] [bmv2] [D] [thread 8260] [42.0] [cxt 0] Deparser 'deparser': start
[07:18:16.710] [bmv2] [T] [thread 8260] [42.0] [cxt 0] Skipping checksum 'cksum' update because condition not met
[07:18:16.710] [bmv2] [D] [thread 8260] [42.0] [cxt 0] Deparsing header 'ethernet'
[07:18:16.710] [bmv2] [D] [thread 8260] [42.0] [cxt 0] Deparser 'deparser': end
[07:18:16.710] [bmv2] [D] [thread 8264] [42.0] [cxt 0] Transmitting packet of size 70 out of port 0
[07:18:28.998] [bmv2] [D] [thread 8259] [43.0] [cxt 0] Processing packet received on port 1
[07:18:28.998] [bmv2] [D] [thread 8259] [43.0] [cxt 0] Parser 'parser': start
[07:18:28.998] [bmv2] [D] [thread 8259] [43.0] [cxt 0] Parser 'parser' entering state 'start'
[07:18:28.998] [bmv2] [D] [thread 8259] [43.0] [cxt 0] Extracting header 'ethernet'
[07:18:28.998] [bmv2] [D] [thread 8259] [43.0] [cxt 0] Parser state 'start': key is 86dd
[07:18:28.998] [bmv2] [T] [thread 8259] [43.0] [cxt 0] Bytes parsed: 14
[07:18:28.998] [bmv2] [D] [thread 8259] [43.0] [cxt 0] Parser 'parser': end
[07:18:28.998] [bmv2] [D] [thread 8259] [43.0] [cxt 0] Pipeline 'ingress': start
[07:18:28.998] [bmv2] [T] [thread 8259] [43.0] [cxt 0] basic.p4(114) Condition "hdr.ipv4.isValid()" (node_2) is false
[07:18:28.998] [bmv2] [D] [thread 8259] [43.0] [cxt 0] Pipeline 'ingress': end
[07:18:28.998] [bmv2] [D] [thread 8259] [43.0] [cxt 0] Egress port is 0
[07:18:28.998] [bmv2] [D] [thread 8260] [43.0] [cxt 0] Pipeline 'egress': start
[07:18:28.998] [bmv2] [D] [thread 8260] [43.0] [cxt 0] Pipeline 'egress': end
[07:18:28.998] [bmv2] [D] [thread 8260] [43.0] [cxt 0] Deparser 'deparser': start
[07:18:28.998] [bmv2] [T] [thread 8260] [43.0] [cxt 0] Skipping checksum 'cksum' update because condition not met
[07:18:28.998] [bmv2] [D] [thread 8260] [43.0] [cxt 0] Deparsing header 'ethernet'
[07:18:28.998] [bmv2] [D] [thread 8260] [43.0] [cxt 0] Deparser 'deparser': end
[07:18:28.998] [bmv2] [D] [thread 8264] [43.0] [cxt 0] Transmitting packet of size 70 out of port 0
[07:18:41.286] [bmv2] [D] [thread 8259] [44.0] [cxt 0] Processing packet received on port 2
[07:18:41.286] [bmv2] [D] [thread 8259] [44.0] [cxt 0] Parser 'parser': start
[07:18:41.286] [bmv2] [D] [thread 8259] [44.0] [cxt 0] Parser 'parser' entering state 'start'
[07:18:41.286] [bmv2] [D] [thread 8259] [44.0] [cxt 0] Extracting header 'ethernet'
[07:18:41.286] [bmv2] [D] [thread 8259] [44.0] [cxt 0] Parser state 'start': key is 86dd
[07:18:41.286] [bmv2] [T] [thread 8259] [44.0] [cxt 0] Bytes parsed: 14
[07:18:41.286] [bmv2] [D] [thread 8259] [44.0] [cxt 0] Parser 'parser': end
[07:18:41.286] [bmv2] [D] [thread 8259] [44.0] [cxt 0] Pipeline 'ingress': start
[07:18:41.286] [bmv2] [T] [thread 8259] [44.0] [cxt 0] basic.p4(114) Condition "hdr.ipv4.isValid()" (node_2) is false
[07:18:41.286] [bmv2] [D] [thread 8259] [44.0] [cxt 0] Pipeline 'ingress': end
[07:18:41.286] [bmv2] [D] [thread 8259] [44.0] [cxt 0] Egress port is 0
[07:18:41.286] [bmv2] [D] [thread 8260] [44.0] [cxt 0] Pipeline 'egress': start
[07:18:41.286] [bmv2] [D] [thread 8260] [44.0] [cxt 0] Pipeline 'egress': end
[07:18:41.286] [bmv2] [D] [thread 8260] [44.0] [cxt 0] Deparser 'deparser': start
[07:18:41.286] [bmv2] [T] [thread 8260] [44.0] [cxt 0] Skipping checksum 'cksum' update because condition not met
[07:18:41.286] [bmv2] [D] [thread 8260] [44.0] [cxt 0] Deparsing header 'ethernet'
[07:18:41.286] [bmv2] [D] [thread 8260] [44.0] [cxt 0] Deparser 'deparser': end
[07:18:41.286] [bmv2] [D] [thread 8264] [44.0] [cxt 0] Transmitting packet of size 70 out of port 0
[07:18:45.393] [bmv2] [D] [thread 8259] [45.0] [cxt 0] Processing packet received on port 1
[07:18:45.393] [bmv2] [D] [thread 8259] [45.0] [cxt 0] Parser 'parser': start
[07:18:45.393] [bmv2] [D] [thread 8259] [45.0] [cxt 0] Parser 'parser' entering state 'start'
[07:18:45.393] [bmv2] [D] [thread 8259] [45.0] [cxt 0] Extracting header 'ethernet'
[07:18:45.393] [bmv2] [D] [thread 8259] [45.0] [cxt 0] Parser state 'start': key is 86dd
[07:18:45.393] [bmv2] [T] [thread 8259] [45.0] [cxt 0] Bytes parsed: 14
[07:18:45.393] [bmv2] [D] [thread 8259] [45.0] [cxt 0] Parser 'parser': end
[07:18:45.393] [bmv2] [D] [thread 8259] [45.0] [cxt 0] Pipeline 'ingress': start
[07:18:45.393] [bmv2] [T] [thread 8259] [45.0] [cxt 0] basic.p4(114) Condition "hdr.ipv4.isValid()" (node_2) is false
[07:18:45.393] [bmv2] [D] [thread 8259] [45.0] [cxt 0] Pipeline 'ingress': end
[07:18:45.393] [bmv2] [D] [thread 8259] [45.0] [cxt 0] Egress port is 0
[07:18:45.394] [bmv2] [D] [thread 8260] [45.0] [cxt 0] Pipeline 'egress': start
[07:18:45.394] [bmv2] [D] [thread 8260] [45.0] [cxt 0] Pipeline 'egress': end
[07:18:45.394] [bmv2] [D] [thread 8260] [45.0] [cxt 0] Deparser 'deparser': start
[07:18:45.394] [bmv2] [T] [thread 8260] [45.0] [cxt 0] Skipping checksum 'cksum' update because condition not met
[07:18:45.394] [bmv2] [D] [thread 8260] [45.0] [cxt 0] Deparsing header 'ethernet'
[07:18:45.394] [bmv2] [D] [thread 8260] [45.0] [cxt 0] Deparser 'deparser': end
[07:18:45.394] [bmv2] [D] [thread 8264] [45.0] [cxt 0] Transmitting packet of size 70 out of port 0
open: No such file or directory
open: No such file or directory
open: No such file or directory
open: No such file or directory
open: No such file or directory
open: No such file or directory
open: No such file or directory
open: No such file or directory
open: No such file or directory
open: No such file or directory
open: No such file or directory
open: No such file or directory
open: No such file or directory
