Calling target program-options parser
[07:14:05.318] [bmv2] [D] [thread 8288] Set default default entry for table 'MyIngress.ethernet_exact': MyIngress.drop - 
Adding interface s9-eth1 as port 1
[07:14:05.318] [bmv2] [D] [thread 8288] Adding interface s9-eth1 as port 1
Adding interface s9-eth2 as port 2
[07:14:05.326] [bmv2] [D] [thread 8288] Adding interface s9-eth2 as port 2
Adding interface s9-eth3 as port 3
[07:14:05.339] [bmv2] [D] [thread 8288] Adding interface s9-eth3 as port 3
Server listening on 0.0.0.0:50059
[07:14:05.347] [bmv2] [I] [thread 8288] Starting Thrift server on port 9098
[07:14:05.347] [bmv2] [I] [thread 8288] Thrift server was started
[07:14:05.969] [bmv2] [D] [thread 8304] [0.0] [cxt 0] Processing packet received on port 1
[07:14:05.969] [bmv2] [D] [thread 8304] [0.0] [cxt 0] Parser 'parser': start
[07:14:05.969] [bmv2] [D] [thread 8304] [0.0] [cxt 0] Parser 'parser' entering state 'start'
[07:14:05.969] [bmv2] [D] [thread 8304] [0.0] [cxt 0] Extracting header 'ethernet'
[07:14:05.969] [bmv2] [D] [thread 8304] [0.0] [cxt 0] Parser state 'start' has no switch, going to default next state
[07:14:05.969] [bmv2] [T] [thread 8304] [0.0] [cxt 0] Bytes parsed: 14
[07:14:05.969] [bmv2] [D] [thread 8304] [0.0] [cxt 0] Parser 'parser': end
[07:14:05.969] [bmv2] [D] [thread 8304] [0.0] [cxt 0] Pipeline 'ingress': start
[07:14:05.969] [bmv2] [T] [thread 8304] [0.0] [cxt 0] switch.p4(86) Condition "hdr.ethernet.isValid()" (node_2) is true
[07:14:05.969] [bmv2] [T] [thread 8304] [0.0] [cxt 0] Applying table 'MyIngress.ethernet_exact'
[07:14:05.969] [bmv2] [D] [thread 8304] [0.0] [cxt 0] Looking up key:
* hdr.ethernet.dstAddr: 333300000002

[07:14:05.969] [bmv2] [D] [thread 8304] [0.0] [cxt 0] Table 'MyIngress.ethernet_exact': miss
[07:14:05.969] [bmv2] [D] [thread 8304] [0.0] [cxt 0] Action entry is MyIngress.drop - 
[07:14:05.969] [bmv2] [T] [thread 8304] [0.0] [cxt 0] Action MyIngress.drop
[07:14:05.969] [bmv2] [T] [thread 8304] [0.0] [cxt 0] switch.p4(65) Primitive mark_to_drop(standard_metadata)
[07:14:05.969] [bmv2] [D] [thread 8304] [0.0] [cxt 0] Pipeline 'ingress': end
[07:14:05.969] [bmv2] [D] [thread 8304] [0.0] [cxt 0] Egress port is 511
[07:14:05.969] [bmv2] [D] [thread 8304] [0.0] [cxt 0] Dropping packet at the end of ingress
[07:14:06.086] [bmv2] [D] [thread 8304] [1.0] [cxt 0] Processing packet received on port 1
[07:14:06.086] [bmv2] [D] [thread 8304] [1.0] [cxt 0] Parser 'parser': start
[07:14:06.086] [bmv2] [D] [thread 8304] [1.0] [cxt 0] Parser 'parser' entering state 'start'
[07:14:06.086] [bmv2] [D] [thread 8304] [1.0] [cxt 0] Extracting header 'ethernet'
[07:14:06.086] [bmv2] [D] [thread 8304] [1.0] [cxt 0] Parser state 'start' has no switch, going to default next state
[07:14:06.086] [bmv2] [T] [thread 8304] [1.0] [cxt 0] Bytes parsed: 14
[07:14:06.086] [bmv2] [D] [thread 8304] [1.0] [cxt 0] Parser 'parser': end
[07:14:06.086] [bmv2] [D] [thread 8304] [1.0] [cxt 0] Pipeline 'ingress': start
[07:14:06.086] [bmv2] [T] [thread 8304] [1.0] [cxt 0] switch.p4(86) Condition "hdr.ethernet.isValid()" (node_2) is true
[07:14:06.086] [bmv2] [T] [thread 8304] [1.0] [cxt 0] Applying table 'MyIngress.ethernet_exact'
[07:14:06.086] [bmv2] [D] [thread 8304] [1.0] [cxt 0] Looking up key:
* hdr.ethernet.dstAddr: 333300000002

[07:14:06.086] [bmv2] [D] [thread 8304] [1.0] [cxt 0] Table 'MyIngress.ethernet_exact': miss
[07:14:06.086] [bmv2] [D] [thread 8304] [1.0] [cxt 0] Action entry is MyIngress.drop - 
[07:14:06.086] [bmv2] [T] [thread 8304] [1.0] [cxt 0] Action MyIngress.drop
[07:14:06.086] [bmv2] [T] [thread 8304] [1.0] [cxt 0] switch.p4(65) Primitive mark_to_drop(standard_metadata)
[07:14:06.086] [bmv2] [D] [thread 8304] [1.0] [cxt 0] Pipeline 'ingress': end
[07:14:06.086] [bmv2] [D] [thread 8304] [1.0] [cxt 0] Egress port is 511
[07:14:06.086] [bmv2] [D] [thread 8304] [1.0] [cxt 0] Dropping packet at the end of ingress
[07:14:06.213] [bmv2] [D] [thread 8304] [2.0] [cxt 0] Processing packet received on port 2
[07:14:06.214] [bmv2] [D] [thread 8304] [2.0] [cxt 0] Parser 'parser': start
[07:14:06.214] [bmv2] [D] [thread 8304] [2.0] [cxt 0] Parser 'parser' entering state 'start'
[07:14:06.214] [bmv2] [D] [thread 8304] [2.0] [cxt 0] Extracting header 'ethernet'
[07:14:06.214] [bmv2] [D] [thread 8304] [2.0] [cxt 0] Parser state 'start' has no switch, going to default next state
[07:14:06.214] [bmv2] [T] [thread 8304] [2.0] [cxt 0] Bytes parsed: 14
[07:14:06.214] [bmv2] [D] [thread 8304] [2.0] [cxt 0] Parser 'parser': end
[07:14:06.214] [bmv2] [D] [thread 8304] [2.0] [cxt 0] Pipeline 'ingress': start
[07:14:06.214] [bmv2] [T] [thread 8304] [2.0] [cxt 0] switch.p4(86) Condition "hdr.ethernet.isValid()" (node_2) is true
[07:14:06.214] [bmv2] [T] [thread 8304] [2.0] [cxt 0] Applying table 'MyIngress.ethernet_exact'
[07:14:06.214] [bmv2] [D] [thread 8304] [2.0] [cxt 0] Looking up key:
* hdr.ethernet.dstAddr: 333300000002

[07:14:06.214] [bmv2] [D] [thread 8304] [2.0] [cxt 0] Table 'MyIngress.ethernet_exact': miss
[07:14:06.214] [bmv2] [D] [thread 8304] [2.0] [cxt 0] Action entry is MyIngress.drop - 
[07:14:06.214] [bmv2] [T] [thread 8304] [2.0] [cxt 0] Action MyIngress.drop
[07:14:06.214] [bmv2] [T] [thread 8304] [2.0] [cxt 0] switch.p4(65) Primitive mark_to_drop(standard_metadata)
[07:14:06.214] [bmv2] [D] [thread 8304] [2.0] [cxt 0] Pipeline 'ingress': end
[07:14:06.214] [bmv2] [D] [thread 8304] [2.0] [cxt 0] Egress port is 511
[07:14:06.214] [bmv2] [D] [thread 8304] [2.0] [cxt 0] Dropping packet at the end of ingress
[07:14:06.854] [bmv2] [D] [thread 8304] [3.0] [cxt 0] Processing packet received on port 3
[07:14:06.854] [bmv2] [D] [thread 8304] [3.0] [cxt 0] Parser 'parser': start
[07:14:06.854] [bmv2] [D] [thread 8304] [3.0] [cxt 0] Parser 'parser' entering state 'start'
[07:14:06.854] [bmv2] [D] [thread 8304] [3.0] [cxt 0] Extracting header 'ethernet'
[07:14:06.854] [bmv2] [D] [thread 8304] [3.0] [cxt 0] Parser state 'start' has no switch, going to default next state
[07:14:06.854] [bmv2] [T] [thread 8304] [3.0] [cxt 0] Bytes parsed: 14
[07:14:06.854] [bmv2] [D] [thread 8304] [3.0] [cxt 0] Parser 'parser': end
[07:14:06.854] [bmv2] [D] [thread 8304] [3.0] [cxt 0] Pipeline 'ingress': start
[07:14:06.854] [bmv2] [T] [thread 8304] [3.0] [cxt 0] switch.p4(86) Condition "hdr.ethernet.isValid()" (node_2) is true
[07:14:06.854] [bmv2] [T] [thread 8304] [3.0] [cxt 0] Applying table 'MyIngress.ethernet_exact'
[07:14:06.854] [bmv2] [D] [thread 8304] [3.0] [cxt 0] Looking up key:
* hdr.ethernet.dstAddr: 333300000002

[07:14:06.854] [bmv2] [D] [thread 8304] [3.0] [cxt 0] Table 'MyIngress.ethernet_exact': miss
[07:14:06.854] [bmv2] [D] [thread 8304] [3.0] [cxt 0] Action entry is MyIngress.drop - 
[07:14:06.854] [bmv2] [T] [thread 8304] [3.0] [cxt 0] Action MyIngress.drop
[07:14:06.854] [bmv2] [T] [thread 8304] [3.0] [cxt 0] switch.p4(65) Primitive mark_to_drop(standard_metadata)
[07:14:06.854] [bmv2] [D] [thread 8304] [3.0] [cxt 0] Pipeline 'ingress': end
[07:14:06.854] [bmv2] [D] [thread 8304] [3.0] [cxt 0] Egress port is 511
[07:14:06.854] [bmv2] [D] [thread 8304] [3.0] [cxt 0] Dropping packet at the end of ingress
[07:14:07.527] [bmv2] [W] [thread 8429] [P4Runtime] p4::tmp::P4DeviceConfig is deprecated
[07:14:07.529] [bmv2] [D] [thread 8429] Set default default entry for table 'MyIngress.ipv4_lpm': MyIngress.drop - 
[07:14:07.529] [bmv2] [D] [thread 8429] Set default default entry for table 'tbl_read_reg': MyIngress.read_reg - 
[07:14:07.529] [bmv2] [D] [thread 8429] Set default default entry for table 'MyIngress.forward_balanced': MyIngress.drop - 
[07:14:07.529] [bmv2] [D] [thread 8429] Set default default entry for table 'tbl_write_reg': MyIngress.write_reg - 
[07:14:07.530] [bmv2] [D] [thread 8429] simple_switch target has been notified of a config swap
[07:14:07.533] [bmv2] [D] [thread 8430] Set default entry for table 'MyIngress.ipv4_lpm': MyIngress.drop - 
[07:14:07.535] [bmv2] [D] [thread 8429] Entry 0 added to table 'MyIngress.ipv4_lpm'
[07:14:07.535] [bmv2] [D] [thread 8429] Dumping entry 0
Match key:
* hdr.ipv4.dstAddr    : LPM       0a000606/32
Action entry: NoAction - 

[07:14:07.536] [bmv2] [D] [thread 8430] Entry 1 added to table 'MyIngress.ipv4_lpm'
[07:14:07.536] [bmv2] [D] [thread 8430] Dumping entry 1
Match key:
* hdr.ipv4.dstAddr    : LPM       0a000707/32
Action entry: NoAction - 

[07:14:07.537] [bmv2] [D] [thread 8429] Entry 2 added to table 'MyIngress.ipv4_lpm'
[07:14:07.537] [bmv2] [D] [thread 8429] Dumping entry 2
Match key:
* hdr.ipv4.dstAddr    : LPM       08080808/32
Action entry: MyIngress.forward - 80000000500,a000606,1,

[07:14:07.538] [bmv2] [D] [thread 8430] Entry 3 added to table 'MyIngress.ipv4_lpm'
[07:14:07.538] [bmv2] [D] [thread 8430] Dumping entry 3
Match key:
* hdr.ipv4.dstAddr    : LPM       0a000404/32
Action entry: MyIngress.forward - 80000000400,a000606,1,

[07:14:07.538] [bmv2] [D] [thread 8429] Entry 4 added to table 'MyIngress.ipv4_lpm'
[07:14:07.538] [bmv2] [D] [thread 8429] Dumping entry 4
Match key:
* hdr.ipv4.dstAddr    : LPM       0a000303/32
Action entry: MyIngress.forward - 80000000300,a000606,1,

[07:14:07.539] [bmv2] [D] [thread 8430] Entry 5 added to table 'MyIngress.ipv4_lpm'
[07:14:07.539] [bmv2] [D] [thread 8430] Dumping entry 5
Match key:
* hdr.ipv4.dstAddr    : LPM       0a000202/32
Action entry: MyIngress.forward - 80000000200,a000606,1,

[07:14:07.540] [bmv2] [D] [thread 8429] Entry 6 added to table 'MyIngress.ipv4_lpm'
[07:14:07.540] [bmv2] [D] [thread 8429] Dumping entry 6
Match key:
* hdr.ipv4.dstAddr    : LPM       0a000101/32
Action entry: MyIngress.forward - 80000000100,a000606,1,

[07:14:07.540] [bmv2] [D] [thread 8430] Entry 0 added to table 'MyIngress.forward_balanced'
[07:14:07.540] [bmv2] [D] [thread 8430] Dumping entry 0
Match key:
* reg_val             : EXACT     00
Action entry: MyIngress.forward_inward - 80000000666,a000606,

[07:14:07.541] [bmv2] [D] [thread 8429] Entry 1 added to table 'MyIngress.forward_balanced'
[07:14:07.541] [bmv2] [D] [thread 8429] Dumping entry 1
Match key:
* reg_val             : EXACT     01
Action entry: MyIngress.forward_inward - 80000000777,a000707,

[07:14:13.516] [bmv2] [D] [thread 8304] [4.0] [cxt 0] Processing packet received on port 1
[07:14:13.516] [bmv2] [D] [thread 8304] [4.0] [cxt 0] Parser 'parser': start
[07:14:13.516] [bmv2] [D] [thread 8304] [4.0] [cxt 0] Parser 'parser' entering state 'start'
[07:14:13.516] [bmv2] [D] [thread 8304] [4.0] [cxt 0] Extracting header 'ethernet'
[07:14:13.516] [bmv2] [D] [thread 8304] [4.0] [cxt 0] Parser state 'start': key is 86dd
[07:14:13.516] [bmv2] [T] [thread 8304] [4.0] [cxt 0] Bytes parsed: 14
[07:14:13.516] [bmv2] [D] [thread 8304] [4.0] [cxt 0] Parser 'parser': end
[07:14:13.516] [bmv2] [D] [thread 8304] [4.0] [cxt 0] Pipeline 'ingress': start
[07:14:13.516] [bmv2] [T] [thread 8304] [4.0] [cxt 0] load_balancer.p4(147) Condition "hdr.ipv4.isValid()" (node_2) is false
[07:14:13.516] [bmv2] [D] [thread 8304] [4.0] [cxt 0] Pipeline 'ingress': end
[07:14:13.516] [bmv2] [D] [thread 8304] [4.0] [cxt 0] Egress port is 0
[07:14:13.516] [bmv2] [D] [thread 8305] [4.0] [cxt 0] Pipeline 'egress': start
[07:14:13.516] [bmv2] [D] [thread 8305] [4.0] [cxt 0] Pipeline 'egress': end
[07:14:13.516] [bmv2] [D] [thread 8305] [4.0] [cxt 0] Deparser 'deparser': start
[07:14:13.516] [bmv2] [T] [thread 8305] [4.0] [cxt 0] Skipping checksum 'cksum' update because condition not met
[07:14:13.516] [bmv2] [D] [thread 8305] [4.0] [cxt 0] Deparsing header 'ethernet'
[07:14:13.516] [bmv2] [D] [thread 8305] [4.0] [cxt 0] Deparser 'deparser': end
[07:14:13.516] [bmv2] [D] [thread 8309] [4.0] [cxt 0] Transmitting packet of size 70 out of port 0
[07:14:14.022] [bmv2] [D] [thread 8304] [5.0] [cxt 0] Processing packet received on port 2
[07:14:14.022] [bmv2] [D] [thread 8304] [5.0] [cxt 0] Parser 'parser': start
[07:14:14.022] [bmv2] [D] [thread 8304] [5.0] [cxt 0] Parser 'parser' entering state 'start'
[07:14:14.022] [bmv2] [D] [thread 8304] [5.0] [cxt 0] Extracting header 'ethernet'
[07:14:14.022] [bmv2] [D] [thread 8304] [5.0] [cxt 0] Parser state 'start': key is 86dd
[07:14:14.022] [bmv2] [T] [thread 8304] [5.0] [cxt 0] Bytes parsed: 14
[07:14:14.022] [bmv2] [D] [thread 8304] [5.0] [cxt 0] Parser 'parser': end
[07:14:14.022] [bmv2] [D] [thread 8304] [5.0] [cxt 0] Pipeline 'ingress': start
[07:14:14.022] [bmv2] [T] [thread 8304] [5.0] [cxt 0] load_balancer.p4(147) Condition "hdr.ipv4.isValid()" (node_2) is false
[07:14:14.022] [bmv2] [D] [thread 8304] [5.0] [cxt 0] Pipeline 'ingress': end
[07:14:14.022] [bmv2] [D] [thread 8304] [5.0] [cxt 0] Egress port is 0
[07:14:14.022] [bmv2] [D] [thread 8304] [6.0] [cxt 0] Processing packet received on port 1
[07:14:14.022] [bmv2] [D] [thread 8304] [6.0] [cxt 0] Parser 'parser': start
[07:14:14.022] [bmv2] [D] [thread 8304] [6.0] [cxt 0] Parser 'parser' entering state 'start'
[07:14:14.022] [bmv2] [D] [thread 8304] [6.0] [cxt 0] Extracting header 'ethernet'
[07:14:14.022] [bmv2] [D] [thread 8304] [6.0] [cxt 0] Parser state 'start': key is 86dd
[07:14:14.022] [bmv2] [T] [thread 8304] [6.0] [cxt 0] Bytes parsed: 14
[07:14:14.022] [bmv2] [D] [thread 8304] [6.0] [cxt 0] Parser 'parser': end
[07:14:14.022] [bmv2] [D] [thread 8304] [6.0] [cxt 0] Pipeline 'ingress': start
[07:14:14.022] [bmv2] [T] [thread 8304] [6.0] [cxt 0] load_balancer.p4(147) Condition "hdr.ipv4.isValid()" (node_2) is false
[07:14:14.022] [bmv2] [D] [thread 8304] [6.0] [cxt 0] Pipeline 'ingress': end
[07:14:14.022] [bmv2] [D] [thread 8304] [6.0] [cxt 0] Egress port is 0
[07:14:14.022] [bmv2] [D] [thread 8305] [5.0] [cxt 0] Pipeline 'egress': start
[07:14:14.022] [bmv2] [D] [thread 8305] [5.0] [cxt 0] Pipeline 'egress': end
[07:14:14.022] [bmv2] [D] [thread 8305] [5.0] [cxt 0] Deparser 'deparser': start
[07:14:14.022] [bmv2] [T] [thread 8305] [5.0] [cxt 0] Skipping checksum 'cksum' update because condition not met
[07:14:14.022] [bmv2] [D] [thread 8305] [5.0] [cxt 0] Deparsing header 'ethernet'
[07:14:14.022] [bmv2] [D] [thread 8305] [5.0] [cxt 0] Deparser 'deparser': end
[07:14:14.022] [bmv2] [D] [thread 8305] [6.0] [cxt 0] Pipeline 'egress': start
[07:14:14.022] [bmv2] [D] [thread 8305] [6.0] [cxt 0] Pipeline 'egress': end
[07:14:14.022] [bmv2] [D] [thread 8305] [6.0] [cxt 0] Deparser 'deparser': start
[07:14:14.022] [bmv2] [T] [thread 8305] [6.0] [cxt 0] Skipping checksum 'cksum' update because condition not met
[07:14:14.022] [bmv2] [D] [thread 8305] [6.0] [cxt 0] Deparsing header 'ethernet'
[07:14:14.022] [bmv2] [D] [thread 8305] [6.0] [cxt 0] Deparser 'deparser': end
[07:14:14.022] [bmv2] [D] [thread 8309] [5.0] [cxt 0] Transmitting packet of size 70 out of port 0
[07:14:14.022] [bmv2] [D] [thread 8309] [6.0] [cxt 0] Transmitting packet of size 70 out of port 0
[07:14:15.558] [bmv2] [D] [thread 8304] [7.0] [cxt 0] Processing packet received on port 3
[07:14:15.558] [bmv2] [D] [thread 8304] [7.0] [cxt 0] Parser 'parser': start
[07:14:15.558] [bmv2] [D] [thread 8304] [7.0] [cxt 0] Parser 'parser' entering state 'start'
[07:14:15.558] [bmv2] [D] [thread 8304] [7.0] [cxt 0] Extracting header 'ethernet'
[07:14:15.558] [bmv2] [D] [thread 8304] [7.0] [cxt 0] Parser state 'start': key is 86dd
[07:14:15.558] [bmv2] [T] [thread 8304] [7.0] [cxt 0] Bytes parsed: 14
[07:14:15.558] [bmv2] [D] [thread 8304] [7.0] [cxt 0] Parser 'parser': end
[07:14:15.558] [bmv2] [D] [thread 8304] [7.0] [cxt 0] Pipeline 'ingress': start
[07:14:15.558] [bmv2] [T] [thread 8304] [7.0] [cxt 0] load_balancer.p4(147) Condition "hdr.ipv4.isValid()" (node_2) is false
[07:14:15.558] [bmv2] [D] [thread 8304] [7.0] [cxt 0] Pipeline 'ingress': end
[07:14:15.558] [bmv2] [D] [thread 8304] [7.0] [cxt 0] Egress port is 0
[07:14:15.558] [bmv2] [D] [thread 8305] [7.0] [cxt 0] Pipeline 'egress': start
[07:14:15.558] [bmv2] [D] [thread 8305] [7.0] [cxt 0] Pipeline 'egress': end
[07:14:15.558] [bmv2] [D] [thread 8305] [7.0] [cxt 0] Deparser 'deparser': start
[07:14:15.558] [bmv2] [T] [thread 8305] [7.0] [cxt 0] Skipping checksum 'cksum' update because condition not met
[07:14:15.558] [bmv2] [D] [thread 8305] [7.0] [cxt 0] Deparsing header 'ethernet'
[07:14:15.558] [bmv2] [D] [thread 8305] [7.0] [cxt 0] Deparser 'deparser': end
[07:14:15.558] [bmv2] [D] [thread 8309] [7.0] [cxt 0] Transmitting packet of size 70 out of port 0
[07:14:27.846] [bmv2] [D] [thread 8304] [8.0] [cxt 0] Processing packet received on port 1
[07:14:27.846] [bmv2] [D] [thread 8304] [8.0] [cxt 0] Parser 'parser': start
[07:14:27.846] [bmv2] [D] [thread 8304] [8.0] [cxt 0] Parser 'parser' entering state 'start'
[07:14:27.846] [bmv2] [D] [thread 8304] [8.0] [cxt 0] Extracting header 'ethernet'
[07:14:27.846] [bmv2] [D] [thread 8304] [8.0] [cxt 0] Parser state 'start': key is 86dd
[07:14:27.846] [bmv2] [T] [thread 8304] [8.0] [cxt 0] Bytes parsed: 14
[07:14:27.846] [bmv2] [D] [thread 8304] [8.0] [cxt 0] Parser 'parser': end
[07:14:27.846] [bmv2] [D] [thread 8304] [8.0] [cxt 0] Pipeline 'ingress': start
[07:14:27.846] [bmv2] [T] [thread 8304] [8.0] [cxt 0] load_balancer.p4(147) Condition "hdr.ipv4.isValid()" (node_2) is false
[07:14:27.846] [bmv2] [D] [thread 8304] [8.0] [cxt 0] Pipeline 'ingress': end
[07:14:27.846] [bmv2] [D] [thread 8304] [8.0] [cxt 0] Egress port is 0
[07:14:27.846] [bmv2] [D] [thread 8305] [8.0] [cxt 0] Pipeline 'egress': start
[07:14:27.846] [bmv2] [D] [thread 8305] [8.0] [cxt 0] Pipeline 'egress': end
[07:14:27.846] [bmv2] [D] [thread 8305] [8.0] [cxt 0] Deparser 'deparser': start
[07:14:27.846] [bmv2] [T] [thread 8305] [8.0] [cxt 0] Skipping checksum 'cksum' update because condition not met
[07:14:27.846] [bmv2] [D] [thread 8305] [8.0] [cxt 0] Deparsing header 'ethernet'
[07:14:27.846] [bmv2] [D] [thread 8305] [8.0] [cxt 0] Deparser 'deparser': end
[07:14:27.846] [bmv2] [D] [thread 8309] [8.0] [cxt 0] Transmitting packet of size 70 out of port 0
[07:14:28.869] [bmv2] [D] [thread 8304] [9.0] [cxt 0] Processing packet received on port 1
[07:14:28.869] [bmv2] [D] [thread 8304] [9.0] [cxt 0] Parser 'parser': start
[07:14:28.869] [bmv2] [D] [thread 8304] [9.0] [cxt 0] Parser 'parser' entering state 'start'
[07:14:28.869] [bmv2] [D] [thread 8304] [9.0] [cxt 0] Extracting header 'ethernet'
[07:14:28.869] [bmv2] [D] [thread 8304] [9.0] [cxt 0] Parser state 'start': key is 86dd
[07:14:28.869] [bmv2] [T] [thread 8304] [9.0] [cxt 0] Bytes parsed: 14
[07:14:28.869] [bmv2] [D] [thread 8304] [9.0] [cxt 0] Parser 'parser': end
[07:14:28.869] [bmv2] [D] [thread 8304] [9.0] [cxt 0] Pipeline 'ingress': start
[07:14:28.869] [bmv2] [T] [thread 8304] [9.0] [cxt 0] load_balancer.p4(147) Condition "hdr.ipv4.isValid()" (node_2) is false
[07:14:28.869] [bmv2] [D] [thread 8304] [9.0] [cxt 0] Pipeline 'ingress': end
[07:14:28.869] [bmv2] [D] [thread 8304] [9.0] [cxt 0] Egress port is 0
[07:14:28.869] [bmv2] [D] [thread 8304] [10.0] [cxt 0] Processing packet received on port 2
[07:14:28.869] [bmv2] [D] [thread 8304] [10.0] [cxt 0] Parser 'parser': start
[07:14:28.869] [bmv2] [D] [thread 8304] [10.0] [cxt 0] Parser 'parser' entering state 'start'
[07:14:28.869] [bmv2] [D] [thread 8304] [10.0] [cxt 0] Extracting header 'ethernet'
[07:14:28.869] [bmv2] [D] [thread 8304] [10.0] [cxt 0] Parser state 'start': key is 86dd
[07:14:28.869] [bmv2] [T] [thread 8304] [10.0] [cxt 0] Bytes parsed: 14
[07:14:28.869] [bmv2] [D] [thread 8304] [10.0] [cxt 0] Parser 'parser': end
[07:14:28.869] [bmv2] [D] [thread 8304] [10.0] [cxt 0] Pipeline 'ingress': start
[07:14:28.869] [bmv2] [T] [thread 8304] [10.0] [cxt 0] load_balancer.p4(147) Condition "hdr.ipv4.isValid()" (node_2) is false
[07:14:28.869] [bmv2] [D] [thread 8304] [10.0] [cxt 0] Pipeline 'ingress': end
[07:14:28.869] [bmv2] [D] [thread 8304] [10.0] [cxt 0] Egress port is 0
[07:14:28.870] [bmv2] [D] [thread 8305] [9.0] [cxt 0] Pipeline 'egress': start
[07:14:28.870] [bmv2] [D] [thread 8305] [9.0] [cxt 0] Pipeline 'egress': end
[07:14:28.870] [bmv2] [D] [thread 8305] [9.0] [cxt 0] Deparser 'deparser': start
[07:14:28.870] [bmv2] [T] [thread 8305] [9.0] [cxt 0] Skipping checksum 'cksum' update because condition not met
[07:14:28.870] [bmv2] [D] [thread 8305] [9.0] [cxt 0] Deparsing header 'ethernet'
[07:14:28.870] [bmv2] [D] [thread 8305] [9.0] [cxt 0] Deparser 'deparser': end
[07:14:28.870] [bmv2] [D] [thread 8305] [10.0] [cxt 0] Pipeline 'egress': start
[07:14:28.870] [bmv2] [D] [thread 8305] [10.0] [cxt 0] Pipeline 'egress': end
[07:14:28.870] [bmv2] [D] [thread 8305] [10.0] [cxt 0] Deparser 'deparser': start
[07:14:28.870] [bmv2] [T] [thread 8305] [10.0] [cxt 0] Skipping checksum 'cksum' update because condition not met
[07:14:28.870] [bmv2] [D] [thread 8305] [10.0] [cxt 0] Deparsing header 'ethernet'
[07:14:28.870] [bmv2] [D] [thread 8305] [10.0] [cxt 0] Deparser 'deparser': end
[07:14:28.870] [bmv2] [D] [thread 8309] [9.0] [cxt 0] Transmitting packet of size 70 out of port 0
[07:14:28.870] [bmv2] [D] [thread 8309] [10.0] [cxt 0] Transmitting packet of size 70 out of port 0
[07:14:33.478] [bmv2] [D] [thread 8304] [11.0] [cxt 0] Processing packet received on port 3
[07:14:33.478] [bmv2] [D] [thread 8304] [11.0] [cxt 0] Parser 'parser': start
[07:14:33.478] [bmv2] [D] [thread 8304] [11.0] [cxt 0] Parser 'parser' entering state 'start'
[07:14:33.478] [bmv2] [D] [thread 8304] [11.0] [cxt 0] Extracting header 'ethernet'
[07:14:33.478] [bmv2] [D] [thread 8304] [11.0] [cxt 0] Parser state 'start': key is 86dd
[07:14:33.478] [bmv2] [T] [thread 8304] [11.0] [cxt 0] Bytes parsed: 14
[07:14:33.478] [bmv2] [D] [thread 8304] [11.0] [cxt 0] Parser 'parser': end
[07:14:33.478] [bmv2] [D] [thread 8304] [11.0] [cxt 0] Pipeline 'ingress': start
[07:14:33.478] [bmv2] [T] [thread 8304] [11.0] [cxt 0] load_balancer.p4(147) Condition "hdr.ipv4.isValid()" (node_2) is false
[07:14:33.478] [bmv2] [D] [thread 8304] [11.0] [cxt 0] Pipeline 'ingress': end
[07:14:33.478] [bmv2] [D] [thread 8304] [11.0] [cxt 0] Egress port is 0
[07:14:33.478] [bmv2] [D] [thread 8305] [11.0] [cxt 0] Pipeline 'egress': start
[07:14:33.478] [bmv2] [D] [thread 8305] [11.0] [cxt 0] Pipeline 'egress': end
[07:14:33.478] [bmv2] [D] [thread 8305] [11.0] [cxt 0] Deparser 'deparser': start
[07:14:33.478] [bmv2] [T] [thread 8305] [11.0] [cxt 0] Skipping checksum 'cksum' update because condition not met
[07:14:33.478] [bmv2] [D] [thread 8305] [11.0] [cxt 0] Deparsing header 'ethernet'
[07:14:33.478] [bmv2] [D] [thread 8305] [11.0] [cxt 0] Deparser 'deparser': end
[07:14:33.478] [bmv2] [D] [thread 8309] [11.0] [cxt 0] Transmitting packet of size 70 out of port 0
[07:14:57.030] [bmv2] [D] [thread 8304] [12.0] [cxt 0] Processing packet received on port 1
[07:14:57.030] [bmv2] [D] [thread 8304] [12.0] [cxt 0] Parser 'parser': start
[07:14:57.030] [bmv2] [D] [thread 8304] [12.0] [cxt 0] Parser 'parser' entering state 'start'
[07:14:57.030] [bmv2] [D] [thread 8304] [12.0] [cxt 0] Extracting header 'ethernet'
[07:14:57.030] [bmv2] [D] [thread 8304] [12.0] [cxt 0] Parser state 'start': key is 86dd
[07:14:57.030] [bmv2] [T] [thread 8304] [12.0] [cxt 0] Bytes parsed: 14
[07:14:57.030] [bmv2] [D] [thread 8304] [12.0] [cxt 0] Parser 'parser': end
[07:14:57.030] [bmv2] [D] [thread 8304] [12.0] [cxt 0] Pipeline 'ingress': start
[07:14:57.030] [bmv2] [T] [thread 8304] [12.0] [cxt 0] load_balancer.p4(147) Condition "hdr.ipv4.isValid()" (node_2) is false
[07:14:57.030] [bmv2] [D] [thread 8304] [12.0] [cxt 0] Pipeline 'ingress': end
[07:14:57.030] [bmv2] [D] [thread 8304] [12.0] [cxt 0] Egress port is 0
[07:14:57.030] [bmv2] [D] [thread 8305] [12.0] [cxt 0] Pipeline 'egress': start
[07:14:57.030] [bmv2] [D] [thread 8305] [12.0] [cxt 0] Pipeline 'egress': end
[07:14:57.030] [bmv2] [D] [thread 8305] [12.0] [cxt 0] Deparser 'deparser': start
[07:14:57.030] [bmv2] [T] [thread 8305] [12.0] [cxt 0] Skipping checksum 'cksum' update because condition not met
[07:14:57.030] [bmv2] [D] [thread 8305] [12.0] [cxt 0] Deparsing header 'ethernet'
[07:14:57.030] [bmv2] [D] [thread 8305] [12.0] [cxt 0] Deparser 'deparser': end
[07:14:57.030] [bmv2] [D] [thread 8309] [12.0] [cxt 0] Transmitting packet of size 70 out of port 0
[07:14:59.082] [bmv2] [D] [thread 8304] [13.0] [cxt 0] Processing packet received on port 2
[07:14:59.082] [bmv2] [D] [thread 8304] [13.0] [cxt 0] Parser 'parser': start
[07:14:59.082] [bmv2] [D] [thread 8304] [13.0] [cxt 0] Parser 'parser' entering state 'start'
[07:14:59.082] [bmv2] [D] [thread 8304] [13.0] [cxt 0] Extracting header 'ethernet'
[07:14:59.082] [bmv2] [D] [thread 8304] [13.0] [cxt 0] Parser state 'start': key is 86dd
[07:14:59.082] [bmv2] [T] [thread 8304] [13.0] [cxt 0] Bytes parsed: 14
[07:14:59.083] [bmv2] [D] [thread 8304] [13.0] [cxt 0] Parser 'parser': end
[07:14:59.083] [bmv2] [D] [thread 8304] [13.0] [cxt 0] Pipeline 'ingress': start
[07:14:59.083] [bmv2] [T] [thread 8304] [13.0] [cxt 0] load_balancer.p4(147) Condition "hdr.ipv4.isValid()" (node_2) is false
[07:14:59.083] [bmv2] [D] [thread 8304] [13.0] [cxt 0] Pipeline 'ingress': end
[07:14:59.083] [bmv2] [D] [thread 8304] [13.0] [cxt 0] Egress port is 0
[07:14:59.083] [bmv2] [D] [thread 8305] [13.0] [cxt 0] Pipeline 'egress': start
[07:14:59.083] [bmv2] [D] [thread 8305] [13.0] [cxt 0] Pipeline 'egress': end
[07:14:59.083] [bmv2] [D] [thread 8305] [13.0] [cxt 0] Deparser 'deparser': start
[07:14:59.083] [bmv2] [T] [thread 8305] [13.0] [cxt 0] Skipping checksum 'cksum' update because condition not met
[07:14:59.083] [bmv2] [D] [thread 8305] [13.0] [cxt 0] Deparsing header 'ethernet'
[07:14:59.083] [bmv2] [D] [thread 8305] [13.0] [cxt 0] Deparser 'deparser': end
[07:14:59.083] [bmv2] [D] [thread 8309] [13.0] [cxt 0] Transmitting packet of size 70 out of port 0
[07:15:00.102] [bmv2] [D] [thread 8304] [14.0] [cxt 0] Processing packet received on port 1
[07:15:00.102] [bmv2] [D] [thread 8304] [14.0] [cxt 0] Parser 'parser': start
[07:15:00.102] [bmv2] [D] [thread 8304] [14.0] [cxt 0] Parser 'parser' entering state 'start'
[07:15:00.102] [bmv2] [D] [thread 8304] [14.0] [cxt 0] Extracting header 'ethernet'
[07:15:00.102] [bmv2] [D] [thread 8304] [14.0] [cxt 0] Parser state 'start': key is 86dd
[07:15:00.102] [bmv2] [T] [thread 8304] [14.0] [cxt 0] Bytes parsed: 14
[07:15:00.102] [bmv2] [D] [thread 8304] [14.0] [cxt 0] Parser 'parser': end
[07:15:00.102] [bmv2] [D] [thread 8304] [14.0] [cxt 0] Pipeline 'ingress': start
[07:15:00.102] [bmv2] [T] [thread 8304] [14.0] [cxt 0] load_balancer.p4(147) Condition "hdr.ipv4.isValid()" (node_2) is false
[07:15:00.102] [bmv2] [D] [thread 8304] [14.0] [cxt 0] Pipeline 'ingress': end
[07:15:00.102] [bmv2] [D] [thread 8304] [14.0] [cxt 0] Egress port is 0
[07:15:00.102] [bmv2] [D] [thread 8305] [14.0] [cxt 0] Pipeline 'egress': start
[07:15:00.102] [bmv2] [D] [thread 8305] [14.0] [cxt 0] Pipeline 'egress': end
[07:15:00.102] [bmv2] [D] [thread 8305] [14.0] [cxt 0] Deparser 'deparser': start
[07:15:00.102] [bmv2] [T] [thread 8305] [14.0] [cxt 0] Skipping checksum 'cksum' update because condition not met
[07:15:00.102] [bmv2] [D] [thread 8305] [14.0] [cxt 0] Deparsing header 'ethernet'
[07:15:00.102] [bmv2] [D] [thread 8305] [14.0] [cxt 0] Deparser 'deparser': end
[07:15:00.103] [bmv2] [D] [thread 8309] [14.0] [cxt 0] Transmitting packet of size 70 out of port 0
[07:15:12.390] [bmv2] [D] [thread 8304] [15.0] [cxt 0] Processing packet received on port 3
[07:15:12.390] [bmv2] [D] [thread 8304] [15.0] [cxt 0] Parser 'parser': start
[07:15:12.390] [bmv2] [D] [thread 8304] [15.0] [cxt 0] Parser 'parser' entering state 'start'
[07:15:12.390] [bmv2] [D] [thread 8304] [15.0] [cxt 0] Extracting header 'ethernet'
[07:15:12.390] [bmv2] [D] [thread 8304] [15.0] [cxt 0] Parser state 'start': key is 86dd
[07:15:12.390] [bmv2] [T] [thread 8304] [15.0] [cxt 0] Bytes parsed: 14
[07:15:12.390] [bmv2] [D] [thread 8304] [15.0] [cxt 0] Parser 'parser': end
[07:15:12.390] [bmv2] [D] [thread 8304] [15.0] [cxt 0] Pipeline 'ingress': start
[07:15:12.390] [bmv2] [T] [thread 8304] [15.0] [cxt 0] load_balancer.p4(147) Condition "hdr.ipv4.isValid()" (node_2) is false
[07:15:12.390] [bmv2] [D] [thread 8304] [15.0] [cxt 0] Pipeline 'ingress': end
[07:15:12.390] [bmv2] [D] [thread 8304] [15.0] [cxt 0] Egress port is 0
[07:15:12.390] [bmv2] [D] [thread 8305] [15.0] [cxt 0] Pipeline 'egress': start
[07:15:12.390] [bmv2] [D] [thread 8305] [15.0] [cxt 0] Pipeline 'egress': end
[07:15:12.390] [bmv2] [D] [thread 8305] [15.0] [cxt 0] Deparser 'deparser': start
[07:15:12.390] [bmv2] [T] [thread 8305] [15.0] [cxt 0] Skipping checksum 'cksum' update because condition not met
[07:15:12.390] [bmv2] [D] [thread 8305] [15.0] [cxt 0] Deparsing header 'ethernet'
[07:15:12.390] [bmv2] [D] [thread 8305] [15.0] [cxt 0] Deparser 'deparser': end
[07:15:12.390] [bmv2] [D] [thread 8309] [15.0] [cxt 0] Transmitting packet of size 70 out of port 0
[07:15:57.450] [bmv2] [D] [thread 8304] [16.0] [cxt 0] Processing packet received on port 1
[07:15:57.450] [bmv2] [D] [thread 8304] [16.0] [cxt 0] Parser 'parser': start
[07:15:57.450] [bmv2] [D] [thread 8304] [16.0] [cxt 0] Parser 'parser' entering state 'start'
[07:15:57.450] [bmv2] [D] [thread 8304] [16.0] [cxt 0] Extracting header 'ethernet'
[07:15:57.450] [bmv2] [D] [thread 8304] [16.0] [cxt 0] Parser state 'start': key is 86dd
[07:15:57.450] [bmv2] [T] [thread 8304] [16.0] [cxt 0] Bytes parsed: 14
[07:15:57.450] [bmv2] [D] [thread 8304] [16.0] [cxt 0] Parser 'parser': end
[07:15:57.450] [bmv2] [D] [thread 8304] [16.0] [cxt 0] Pipeline 'ingress': start
[07:15:57.450] [bmv2] [T] [thread 8304] [16.0] [cxt 0] load_balancer.p4(147) Condition "hdr.ipv4.isValid()" (node_2) is false
[07:15:57.450] [bmv2] [D] [thread 8304] [16.0] [cxt 0] Pipeline 'ingress': end
[07:15:57.450] [bmv2] [D] [thread 8304] [16.0] [cxt 0] Egress port is 0
[07:15:57.450] [bmv2] [D] [thread 8305] [16.0] [cxt 0] Pipeline 'egress': start
[07:15:57.450] [bmv2] [D] [thread 8305] [16.0] [cxt 0] Pipeline 'egress': end
[07:15:57.450] [bmv2] [D] [thread 8305] [16.0] [cxt 0] Deparser 'deparser': start
[07:15:57.450] [bmv2] [T] [thread 8305] [16.0] [cxt 0] Skipping checksum 'cksum' update because condition not met
[07:15:57.450] [bmv2] [D] [thread 8305] [16.0] [cxt 0] Deparsing header 'ethernet'
[07:15:57.450] [bmv2] [D] [thread 8305] [16.0] [cxt 0] Deparser 'deparser': end
[07:15:57.450] [bmv2] [D] [thread 8309] [16.0] [cxt 0] Transmitting packet of size 70 out of port 0
[07:16:01.542] [bmv2] [D] [thread 8304] [17.0] [cxt 0] Processing packet received on port 2
[07:16:01.542] [bmv2] [D] [thread 8304] [17.0] [cxt 0] Parser 'parser': start
[07:16:01.542] [bmv2] [D] [thread 8304] [17.0] [cxt 0] Parser 'parser' entering state 'start'
[07:16:01.542] [bmv2] [D] [thread 8304] [17.0] [cxt 0] Extracting header 'ethernet'
[07:16:01.542] [bmv2] [D] [thread 8304] [17.0] [cxt 0] Parser state 'start': key is 86dd
[07:16:01.542] [bmv2] [T] [thread 8304] [17.0] [cxt 0] Bytes parsed: 14
[07:16:01.542] [bmv2] [D] [thread 8304] [17.0] [cxt 0] Parser 'parser': end
[07:16:01.542] [bmv2] [D] [thread 8304] [17.0] [cxt 0] Pipeline 'ingress': start
[07:16:01.542] [bmv2] [T] [thread 8304] [17.0] [cxt 0] load_balancer.p4(147) Condition "hdr.ipv4.isValid()" (node_2) is false
[07:16:01.542] [bmv2] [D] [thread 8304] [17.0] [cxt 0] Pipeline 'ingress': end
[07:16:01.542] [bmv2] [D] [thread 8304] [17.0] [cxt 0] Egress port is 0
[07:16:01.543] [bmv2] [D] [thread 8305] [17.0] [cxt 0] Pipeline 'egress': start
[07:16:01.543] [bmv2] [D] [thread 8305] [17.0] [cxt 0] Pipeline 'egress': end
[07:16:01.543] [bmv2] [D] [thread 8305] [17.0] [cxt 0] Deparser 'deparser': start
[07:16:01.543] [bmv2] [T] [thread 8305] [17.0] [cxt 0] Skipping checksum 'cksum' update because condition not met
[07:16:01.543] [bmv2] [D] [thread 8305] [17.0] [cxt 0] Deparsing header 'ethernet'
[07:16:01.543] [bmv2] [D] [thread 8305] [17.0] [cxt 0] Deparser 'deparser': end
[07:16:01.543] [bmv2] [D] [thread 8309] [17.0] [cxt 0] Transmitting packet of size 70 out of port 0
[07:16:05.638] [bmv2] [D] [thread 8304] [18.0] [cxt 0] Processing packet received on port 1
[07:16:05.638] [bmv2] [D] [thread 8304] [18.0] [cxt 0] Parser 'parser': start
[07:16:05.638] [bmv2] [D] [thread 8304] [18.0] [cxt 0] Parser 'parser' entering state 'start'
[07:16:05.638] [bmv2] [D] [thread 8304] [18.0] [cxt 0] Extracting header 'ethernet'
[07:16:05.638] [bmv2] [D] [thread 8304] [18.0] [cxt 0] Parser state 'start': key is 86dd
[07:16:05.638] [bmv2] [T] [thread 8304] [18.0] [cxt 0] Bytes parsed: 14
[07:16:05.638] [bmv2] [D] [thread 8304] [18.0] [cxt 0] Parser 'parser': end
[07:16:05.638] [bmv2] [D] [thread 8304] [18.0] [cxt 0] Pipeline 'ingress': start
[07:16:05.638] [bmv2] [T] [thread 8304] [18.0] [cxt 0] load_balancer.p4(147) Condition "hdr.ipv4.isValid()" (node_2) is false
[07:16:05.638] [bmv2] [D] [thread 8304] [18.0] [cxt 0] Pipeline 'ingress': end
[07:16:05.638] [bmv2] [D] [thread 8304] [18.0] [cxt 0] Egress port is 0
[07:16:05.638] [bmv2] [D] [thread 8305] [18.0] [cxt 0] Pipeline 'egress': start
[07:16:05.638] [bmv2] [D] [thread 8305] [18.0] [cxt 0] Pipeline 'egress': end
[07:16:05.638] [bmv2] [D] [thread 8305] [18.0] [cxt 0] Deparser 'deparser': start
[07:16:05.638] [bmv2] [T] [thread 8305] [18.0] [cxt 0] Skipping checksum 'cksum' update because condition not met
[07:16:05.638] [bmv2] [D] [thread 8305] [18.0] [cxt 0] Deparsing header 'ethernet'
[07:16:05.638] [bmv2] [D] [thread 8305] [18.0] [cxt 0] Deparser 'deparser': end
[07:16:05.638] [bmv2] [D] [thread 8309] [18.0] [cxt 0] Transmitting packet of size 70 out of port 0
[07:16:30.219] [bmv2] [D] [thread 8304] [19.0] [cxt 0] Processing packet received on port 3
[07:16:30.219] [bmv2] [D] [thread 8304] [19.0] [cxt 0] Parser 'parser': start
[07:16:30.219] [bmv2] [D] [thread 8304] [19.0] [cxt 0] Parser 'parser' entering state 'start'
[07:16:30.219] [bmv2] [D] [thread 8304] [19.0] [cxt 0] Extracting header 'ethernet'
[07:16:30.219] [bmv2] [D] [thread 8304] [19.0] [cxt 0] Parser state 'start': key is 86dd
[07:16:30.219] [bmv2] [T] [thread 8304] [19.0] [cxt 0] Bytes parsed: 14
[07:16:30.219] [bmv2] [D] [thread 8304] [19.0] [cxt 0] Parser 'parser': end
[07:16:30.219] [bmv2] [D] [thread 8304] [19.0] [cxt 0] Pipeline 'ingress': start
[07:16:30.219] [bmv2] [T] [thread 8304] [19.0] [cxt 0] load_balancer.p4(147) Condition "hdr.ipv4.isValid()" (node_2) is false
[07:16:30.219] [bmv2] [D] [thread 8304] [19.0] [cxt 0] Pipeline 'ingress': end
[07:16:30.219] [bmv2] [D] [thread 8304] [19.0] [cxt 0] Egress port is 0
[07:16:30.219] [bmv2] [D] [thread 8305] [19.0] [cxt 0] Pipeline 'egress': start
[07:16:30.219] [bmv2] [D] [thread 8305] [19.0] [cxt 0] Pipeline 'egress': end
[07:16:30.219] [bmv2] [D] [thread 8305] [19.0] [cxt 0] Deparser 'deparser': start
[07:16:30.219] [bmv2] [T] [thread 8305] [19.0] [cxt 0] Skipping checksum 'cksum' update because condition not met
[07:16:30.219] [bmv2] [D] [thread 8305] [19.0] [cxt 0] Deparsing header 'ethernet'
[07:16:30.219] [bmv2] [D] [thread 8305] [19.0] [cxt 0] Deparser 'deparser': end
[07:16:30.219] [bmv2] [D] [thread 8309] [19.0] [cxt 0] Transmitting packet of size 70 out of port 0
[07:18:00.326] [bmv2] [D] [thread 8304] [20.0] [cxt 0] Processing packet received on port 1
[07:18:00.326] [bmv2] [D] [thread 8304] [20.0] [cxt 0] Parser 'parser': start
[07:18:00.326] [bmv2] [D] [thread 8304] [20.0] [cxt 0] Parser 'parser' entering state 'start'
[07:18:00.326] [bmv2] [D] [thread 8304] [20.0] [cxt 0] Extracting header 'ethernet'
[07:18:00.326] [bmv2] [D] [thread 8304] [20.0] [cxt 0] Parser state 'start': key is 86dd
[07:18:00.326] [bmv2] [T] [thread 8304] [20.0] [cxt 0] Bytes parsed: 14
[07:18:00.326] [bmv2] [D] [thread 8304] [20.0] [cxt 0] Parser 'parser': end
[07:18:00.326] [bmv2] [D] [thread 8304] [20.0] [cxt 0] Pipeline 'ingress': start
[07:18:00.326] [bmv2] [T] [thread 8304] [20.0] [cxt 0] load_balancer.p4(147) Condition "hdr.ipv4.isValid()" (node_2) is false
[07:18:00.326] [bmv2] [D] [thread 8304] [20.0] [cxt 0] Pipeline 'ingress': end
[07:18:00.326] [bmv2] [D] [thread 8304] [20.0] [cxt 0] Egress port is 0
[07:18:00.326] [bmv2] [D] [thread 8305] [20.0] [cxt 0] Pipeline 'egress': start
[07:18:00.326] [bmv2] [D] [thread 8305] [20.0] [cxt 0] Pipeline 'egress': end
[07:18:00.326] [bmv2] [D] [thread 8305] [20.0] [cxt 0] Deparser 'deparser': start
[07:18:00.326] [bmv2] [T] [thread 8305] [20.0] [cxt 0] Skipping checksum 'cksum' update because condition not met
[07:18:00.326] [bmv2] [D] [thread 8305] [20.0] [cxt 0] Deparsing header 'ethernet'
[07:18:00.326] [bmv2] [D] [thread 8305] [20.0] [cxt 0] Deparser 'deparser': end
[07:18:00.326] [bmv2] [D] [thread 8309] [20.0] [cxt 0] Transmitting packet of size 70 out of port 0
[07:18:07.143] [bmv2] [D] [thread 8304] [21.0] [cxt 0] Processing packet received on port 2
[07:18:07.143] [bmv2] [D] [thread 8304] [21.0] [cxt 0] Parser 'parser': start
[07:18:07.143] [bmv2] [D] [thread 8304] [21.0] [cxt 0] Parser 'parser' entering state 'start'
[07:18:07.143] [bmv2] [D] [thread 8304] [21.0] [cxt 0] Extracting header 'ethernet'
[07:18:07.143] [bmv2] [D] [thread 8304] [21.0] [cxt 0] Parser state 'start': key is 0800
[07:18:07.144] [bmv2] [T] [thread 8304] [21.0] [cxt 0] Bytes parsed: 14
[07:18:07.144] [bmv2] [D] [thread 8304] [21.0] [cxt 0] Parser 'parser' entering state 'parse_ipv4'
[07:18:07.144] [bmv2] [D] [thread 8304] [21.0] [cxt 0] Extracting header 'ipv4'
[07:18:07.144] [bmv2] [D] [thread 8304] [21.0] [cxt 0] Parser state 'parse_ipv4' has no switch, going to default next state
[07:18:07.144] [bmv2] [T] [thread 8304] [21.0] [cxt 0] Bytes parsed: 34
[07:18:07.144] [bmv2] [D] [thread 8304] [21.0] [cxt 0] Parser 'parser': end
[07:18:07.144] [bmv2] [D] [thread 8304] [21.0] [cxt 0] Pipeline 'ingress': start
[07:18:07.144] [bmv2] [T] [thread 8304] [21.0] [cxt 0] load_balancer.p4(147) Condition "hdr.ipv4.isValid()" (node_2) is true
[07:18:07.144] [bmv2] [T] [thread 8304] [21.0] [cxt 0] Applying table 'MyIngress.ipv4_lpm'
[07:18:07.144] [bmv2] [D] [thread 8304] [21.0] [cxt 0] Looking up key:
* hdr.ipv4.dstAddr    : 0a000303

[07:18:07.144] [bmv2] [D] [thread 8304] [21.0] [cxt 0] Table 'MyIngress.ipv4_lpm': hit with handle 4
[07:18:07.144] [bmv2] [D] [thread 8304] [21.0] [cxt 0] Dumping entry 4
Match key:
* hdr.ipv4.dstAddr    : LPM       0a000303/32
Action entry: MyIngress.forward - 80000000300,a000606,1,

[07:18:07.144] [bmv2] [D] [thread 8304] [21.0] [cxt 0] Action entry is MyIngress.forward - 80000000300,a000606,1,
[07:18:07.144] [bmv2] [T] [thread 8304] [21.0] [cxt 0] Action MyIngress.forward
[07:18:07.144] [bmv2] [T] [thread 8304] [21.0] [cxt 0] load_balancer.p4(105) Primitive standard_metadata.egress_spec = port
[07:18:07.144] [bmv2] [T] [thread 8304] [21.0] [cxt 0] load_balancer.p4(106) Primitive hdr.ethernet.srcAddr = hdr.ethernet.dstAddr
[07:18:07.144] [bmv2] [T] [thread 8304] [21.0] [cxt 0] load_balancer.p4(107) Primitive hdr.ethernet.dstAddr = dstAddr
[07:18:07.144] [bmv2] [T] [thread 8304] [21.0] [cxt 0] load_balancer.p4(108) Primitive hdr.ipv4.srcAddr = srcIpAddr
[07:18:07.144] [bmv2] [T] [thread 8304] [21.0] [cxt 0] load_balancer.p4(109) Primitive hdr.ipv4.ttl = hdr.ipv4.ttl - 1
[07:18:07.144] [bmv2] [D] [thread 8304] [21.0] [cxt 0] Pipeline 'ingress': end
[07:18:07.144] [bmv2] [D] [thread 8304] [21.0] [cxt 0] Egress port is 1
[07:18:07.144] [bmv2] [D] [thread 8306] [21.0] [cxt 0] Pipeline 'egress': start
[07:18:07.144] [bmv2] [D] [thread 8306] [21.0] [cxt 0] Pipeline 'egress': end
[07:18:07.144] [bmv2] [D] [thread 8306] [21.0] [cxt 0] Deparser 'deparser': start
[07:18:07.144] [bmv2] [D] [thread 8306] [21.0] [cxt 0] Updating checksum 'cksum'
[07:18:07.144] [bmv2] [D] [thread 8306] [21.0] [cxt 0] Deparsing header 'ethernet'
[07:18:07.144] [bmv2] [D] [thread 8306] [21.0] [cxt 0] Deparsing header 'ipv4'
[07:18:07.144] [bmv2] [D] [thread 8306] [21.0] [cxt 0] Deparser 'deparser': end
[07:18:07.144] [bmv2] [D] [thread 8309] [21.0] [cxt 0] Transmitting packet of size 98 out of port 1
[07:18:08.250] [bmv2] [D] [thread 8304] [22.0] [cxt 0] Processing packet received on port 2
[07:18:08.250] [bmv2] [D] [thread 8304] [22.0] [cxt 0] Parser 'parser': start
[07:18:08.250] [bmv2] [D] [thread 8304] [22.0] [cxt 0] Parser 'parser' entering state 'start'
[07:18:08.250] [bmv2] [D] [thread 8304] [22.0] [cxt 0] Extracting header 'ethernet'
[07:18:08.250] [bmv2] [D] [thread 8304] [22.0] [cxt 0] Parser state 'start': key is 0800
[07:18:08.250] [bmv2] [T] [thread 8304] [22.0] [cxt 0] Bytes parsed: 14
[07:18:08.250] [bmv2] [D] [thread 8304] [22.0] [cxt 0] Parser 'parser' entering state 'parse_ipv4'
[07:18:08.250] [bmv2] [D] [thread 8304] [22.0] [cxt 0] Extracting header 'ipv4'
[07:18:08.250] [bmv2] [D] [thread 8304] [22.0] [cxt 0] Parser state 'parse_ipv4' has no switch, going to default next state
[07:18:08.250] [bmv2] [T] [thread 8304] [22.0] [cxt 0] Bytes parsed: 34
[07:18:08.250] [bmv2] [D] [thread 8304] [22.0] [cxt 0] Parser 'parser': end
[07:18:08.250] [bmv2] [D] [thread 8304] [22.0] [cxt 0] Pipeline 'ingress': start
[07:18:08.250] [bmv2] [T] [thread 8304] [22.0] [cxt 0] load_balancer.p4(147) Condition "hdr.ipv4.isValid()" (node_2) is true
[07:18:08.250] [bmv2] [T] [thread 8304] [22.0] [cxt 0] Applying table 'MyIngress.ipv4_lpm'
[07:18:08.250] [bmv2] [D] [thread 8304] [22.0] [cxt 0] Looking up key:
* hdr.ipv4.dstAddr    : 0a000303

[07:18:08.250] [bmv2] [D] [thread 8304] [22.0] [cxt 0] Table 'MyIngress.ipv4_lpm': hit with handle 4
[07:18:08.250] [bmv2] [D] [thread 8304] [22.0] [cxt 0] Dumping entry 4
Match key:
* hdr.ipv4.dstAddr    : LPM       0a000303/32
Action entry: MyIngress.forward - 80000000300,a000606,1,

[07:18:08.250] [bmv2] [D] [thread 8304] [22.0] [cxt 0] Action entry is MyIngress.forward - 80000000300,a000606,1,
[07:18:08.250] [bmv2] [T] [thread 8304] [22.0] [cxt 0] Action MyIngress.forward
[07:18:08.250] [bmv2] [T] [thread 8304] [22.0] [cxt 0] load_balancer.p4(105) Primitive standard_metadata.egress_spec = port
[07:18:08.250] [bmv2] [T] [thread 8304] [22.0] [cxt 0] load_balancer.p4(106) Primitive hdr.ethernet.srcAddr = hdr.ethernet.dstAddr
[07:18:08.250] [bmv2] [T] [thread 8304] [22.0] [cxt 0] load_balancer.p4(107) Primitive hdr.ethernet.dstAddr = dstAddr
[07:18:08.250] [bmv2] [T] [thread 8304] [22.0] [cxt 0] load_balancer.p4(108) Primitive hdr.ipv4.srcAddr = srcIpAddr
[07:18:08.250] [bmv2] [T] [thread 8304] [22.0] [cxt 0] load_balancer.p4(109) Primitive hdr.ipv4.ttl = hdr.ipv4.ttl - 1
[07:18:08.250] [bmv2] [D] [thread 8304] [22.0] [cxt 0] Pipeline 'ingress': end
[07:18:08.250] [bmv2] [D] [thread 8304] [22.0] [cxt 0] Egress port is 1
[07:18:08.250] [bmv2] [D] [thread 8306] [22.0] [cxt 0] Pipeline 'egress': start
[07:18:08.250] [bmv2] [D] [thread 8306] [22.0] [cxt 0] Pipeline 'egress': end
[07:18:08.250] [bmv2] [D] [thread 8306] [22.0] [cxt 0] Deparser 'deparser': start
[07:18:08.250] [bmv2] [D] [thread 8306] [22.0] [cxt 0] Updating checksum 'cksum'
[07:18:08.250] [bmv2] [D] [thread 8306] [22.0] [cxt 0] Deparsing header 'ethernet'
[07:18:08.250] [bmv2] [D] [thread 8306] [22.0] [cxt 0] Deparsing header 'ipv4'
[07:18:08.250] [bmv2] [D] [thread 8306] [22.0] [cxt 0] Deparser 'deparser': end
[07:18:08.251] [bmv2] [D] [thread 8309] [22.0] [cxt 0] Transmitting packet of size 98 out of port 1
[07:18:09.286] [bmv2] [D] [thread 8304] [23.0] [cxt 0] Processing packet received on port 2
[07:18:09.286] [bmv2] [D] [thread 8304] [23.0] [cxt 0] Parser 'parser': start
[07:18:09.286] [bmv2] [D] [thread 8304] [23.0] [cxt 0] Parser 'parser' entering state 'start'
[07:18:09.286] [bmv2] [D] [thread 8304] [23.0] [cxt 0] Extracting header 'ethernet'
[07:18:09.286] [bmv2] [D] [thread 8304] [23.0] [cxt 0] Parser state 'start': key is 0800
[07:18:09.286] [bmv2] [T] [thread 8304] [23.0] [cxt 0] Bytes parsed: 14
[07:18:09.286] [bmv2] [D] [thread 8304] [23.0] [cxt 0] Parser 'parser' entering state 'parse_ipv4'
[07:18:09.286] [bmv2] [D] [thread 8304] [23.0] [cxt 0] Extracting header 'ipv4'
[07:18:09.286] [bmv2] [D] [thread 8304] [23.0] [cxt 0] Parser state 'parse_ipv4' has no switch, going to default next state
[07:18:09.286] [bmv2] [T] [thread 8304] [23.0] [cxt 0] Bytes parsed: 34
[07:18:09.286] [bmv2] [D] [thread 8304] [23.0] [cxt 0] Parser 'parser': end
[07:18:09.286] [bmv2] [D] [thread 8304] [23.0] [cxt 0] Pipeline 'ingress': start
[07:18:09.286] [bmv2] [T] [thread 8304] [23.0] [cxt 0] load_balancer.p4(147) Condition "hdr.ipv4.isValid()" (node_2) is true
[07:18:09.286] [bmv2] [T] [thread 8304] [23.0] [cxt 0] Applying table 'MyIngress.ipv4_lpm'
[07:18:09.286] [bmv2] [D] [thread 8304] [23.0] [cxt 0] Looking up key:
* hdr.ipv4.dstAddr    : 0a000303

[07:18:09.286] [bmv2] [D] [thread 8304] [23.0] [cxt 0] Table 'MyIngress.ipv4_lpm': hit with handle 4
[07:18:09.286] [bmv2] [D] [thread 8304] [23.0] [cxt 0] Dumping entry 4
Match key:
* hdr.ipv4.dstAddr    : LPM       0a000303/32
Action entry: MyIngress.forward - 80000000300,a000606,1,

[07:18:09.286] [bmv2] [D] [thread 8304] [23.0] [cxt 0] Action entry is MyIngress.forward - 80000000300,a000606,1,
[07:18:09.286] [bmv2] [T] [thread 8304] [23.0] [cxt 0] Action MyIngress.forward
[07:18:09.286] [bmv2] [T] [thread 8304] [23.0] [cxt 0] load_balancer.p4(105) Primitive standard_metadata.egress_spec = port
[07:18:09.286] [bmv2] [T] [thread 8304] [23.0] [cxt 0] load_balancer.p4(106) Primitive hdr.ethernet.srcAddr = hdr.ethernet.dstAddr
[07:18:09.286] [bmv2] [T] [thread 8304] [23.0] [cxt 0] load_balancer.p4(107) Primitive hdr.ethernet.dstAddr = dstAddr
[07:18:09.286] [bmv2] [T] [thread 8304] [23.0] [cxt 0] load_balancer.p4(108) Primitive hdr.ipv4.srcAddr = srcIpAddr
[07:18:09.286] [bmv2] [T] [thread 8304] [23.0] [cxt 0] load_balancer.p4(109) Primitive hdr.ipv4.ttl = hdr.ipv4.ttl - 1
[07:18:09.286] [bmv2] [D] [thread 8304] [23.0] [cxt 0] Pipeline 'ingress': end
[07:18:09.286] [bmv2] [D] [thread 8304] [23.0] [cxt 0] Egress port is 1
[07:18:09.286] [bmv2] [D] [thread 8306] [23.0] [cxt 0] Pipeline 'egress': start
[07:18:09.286] [bmv2] [D] [thread 8306] [23.0] [cxt 0] Pipeline 'egress': end
[07:18:09.287] [bmv2] [D] [thread 8306] [23.0] [cxt 0] Deparser 'deparser': start
[07:18:09.287] [bmv2] [D] [thread 8306] [23.0] [cxt 0] Updating checksum 'cksum'
[07:18:09.287] [bmv2] [D] [thread 8306] [23.0] [cxt 0] Deparsing header 'ethernet'
[07:18:09.287] [bmv2] [D] [thread 8306] [23.0] [cxt 0] Deparsing header 'ipv4'
[07:18:09.287] [bmv2] [D] [thread 8306] [23.0] [cxt 0] Deparser 'deparser': end
[07:18:09.287] [bmv2] [D] [thread 8309] [23.0] [cxt 0] Transmitting packet of size 98 out of port 1
[07:18:10.310] [bmv2] [D] [thread 8304] [24.0] [cxt 0] Processing packet received on port 2
[07:18:10.310] [bmv2] [D] [thread 8304] [24.0] [cxt 0] Parser 'parser': start
[07:18:10.310] [bmv2] [D] [thread 8304] [24.0] [cxt 0] Parser 'parser' entering state 'start'
[07:18:10.310] [bmv2] [D] [thread 8304] [24.0] [cxt 0] Extracting header 'ethernet'
[07:18:10.310] [bmv2] [D] [thread 8304] [24.0] [cxt 0] Parser state 'start': key is 0800
[07:18:10.310] [bmv2] [T] [thread 8304] [24.0] [cxt 0] Bytes parsed: 14
[07:18:10.310] [bmv2] [D] [thread 8304] [24.0] [cxt 0] Parser 'parser' entering state 'parse_ipv4'
[07:18:10.310] [bmv2] [D] [thread 8304] [24.0] [cxt 0] Extracting header 'ipv4'
[07:18:10.310] [bmv2] [D] [thread 8304] [24.0] [cxt 0] Parser state 'parse_ipv4' has no switch, going to default next state
[07:18:10.310] [bmv2] [T] [thread 8304] [24.0] [cxt 0] Bytes parsed: 34
[07:18:10.310] [bmv2] [D] [thread 8304] [24.0] [cxt 0] Parser 'parser': end
[07:18:10.310] [bmv2] [D] [thread 8304] [24.0] [cxt 0] Pipeline 'ingress': start
[07:18:10.310] [bmv2] [T] [thread 8304] [24.0] [cxt 0] load_balancer.p4(147) Condition "hdr.ipv4.isValid()" (node_2) is true
[07:18:10.310] [bmv2] [T] [thread 8304] [24.0] [cxt 0] Applying table 'MyIngress.ipv4_lpm'
[07:18:10.310] [bmv2] [D] [thread 8304] [24.0] [cxt 0] Looking up key:
* hdr.ipv4.dstAddr    : 0a000303

[07:18:10.310] [bmv2] [D] [thread 8304] [24.0] [cxt 0] Table 'MyIngress.ipv4_lpm': hit with handle 4
[07:18:10.310] [bmv2] [D] [thread 8304] [24.0] [cxt 0] Dumping entry 4
Match key:
* hdr.ipv4.dstAddr    : LPM       0a000303/32
Action entry: MyIngress.forward - 80000000300,a000606,1,

[07:18:10.310] [bmv2] [D] [thread 8304] [24.0] [cxt 0] Action entry is MyIngress.forward - 80000000300,a000606,1,
[07:18:10.310] [bmv2] [T] [thread 8304] [24.0] [cxt 0] Action MyIngress.forward
[07:18:10.310] [bmv2] [T] [thread 8304] [24.0] [cxt 0] load_balancer.p4(105) Primitive standard_metadata.egress_spec = port
[07:18:10.310] [bmv2] [T] [thread 8304] [24.0] [cxt 0] load_balancer.p4(106) Primitive hdr.ethernet.srcAddr = hdr.ethernet.dstAddr
[07:18:10.310] [bmv2] [T] [thread 8304] [24.0] [cxt 0] load_balancer.p4(107) Primitive hdr.ethernet.dstAddr = dstAddr
[07:18:10.310] [bmv2] [T] [thread 8304] [24.0] [cxt 0] load_balancer.p4(108) Primitive hdr.ipv4.srcAddr = srcIpAddr
[07:18:10.310] [bmv2] [T] [thread 8304] [24.0] [cxt 0] load_balancer.p4(109) Primitive hdr.ipv4.ttl = hdr.ipv4.ttl - 1
[07:18:10.310] [bmv2] [D] [thread 8304] [24.0] [cxt 0] Pipeline 'ingress': end
[07:18:10.310] [bmv2] [D] [thread 8304] [24.0] [cxt 0] Egress port is 1
[07:18:10.310] [bmv2] [D] [thread 8306] [24.0] [cxt 0] Pipeline 'egress': start
[07:18:10.310] [bmv2] [D] [thread 8306] [24.0] [cxt 0] Pipeline 'egress': end
[07:18:10.310] [bmv2] [D] [thread 8306] [24.0] [cxt 0] Deparser 'deparser': start
[07:18:10.310] [bmv2] [D] [thread 8306] [24.0] [cxt 0] Updating checksum 'cksum'
[07:18:10.310] [bmv2] [D] [thread 8306] [24.0] [cxt 0] Deparsing header 'ethernet'
[07:18:10.310] [bmv2] [D] [thread 8306] [24.0] [cxt 0] Deparsing header 'ipv4'
[07:18:10.310] [bmv2] [D] [thread 8306] [24.0] [cxt 0] Deparser 'deparser': end
[07:18:10.310] [bmv2] [D] [thread 8309] [24.0] [cxt 0] Transmitting packet of size 98 out of port 1
[07:18:11.337] [bmv2] [D] [thread 8304] [25.0] [cxt 0] Processing packet received on port 2
[07:18:11.337] [bmv2] [D] [thread 8304] [25.0] [cxt 0] Parser 'parser': start
[07:18:11.337] [bmv2] [D] [thread 8304] [25.0] [cxt 0] Parser 'parser' entering state 'start'
[07:18:11.337] [bmv2] [D] [thread 8304] [25.0] [cxt 0] Extracting header 'ethernet'
[07:18:11.337] [bmv2] [D] [thread 8304] [25.0] [cxt 0] Parser state 'start': key is 0800
[07:18:11.337] [bmv2] [T] [thread 8304] [25.0] [cxt 0] Bytes parsed: 14
[07:18:11.337] [bmv2] [D] [thread 8304] [25.0] [cxt 0] Parser 'parser' entering state 'parse_ipv4'
[07:18:11.337] [bmv2] [D] [thread 8304] [25.0] [cxt 0] Extracting header 'ipv4'
[07:18:11.337] [bmv2] [D] [thread 8304] [25.0] [cxt 0] Parser state 'parse_ipv4' has no switch, going to default next state
[07:18:11.337] [bmv2] [T] [thread 8304] [25.0] [cxt 0] Bytes parsed: 34
[07:18:11.337] [bmv2] [D] [thread 8304] [25.0] [cxt 0] Parser 'parser': end
[07:18:11.337] [bmv2] [D] [thread 8304] [25.0] [cxt 0] Pipeline 'ingress': start
[07:18:11.337] [bmv2] [T] [thread 8304] [25.0] [cxt 0] load_balancer.p4(147) Condition "hdr.ipv4.isValid()" (node_2) is true
[07:18:11.337] [bmv2] [T] [thread 8304] [25.0] [cxt 0] Applying table 'MyIngress.ipv4_lpm'
[07:18:11.337] [bmv2] [D] [thread 8304] [25.0] [cxt 0] Looking up key:
* hdr.ipv4.dstAddr    : 0a000303

[07:18:11.337] [bmv2] [D] [thread 8304] [25.0] [cxt 0] Table 'MyIngress.ipv4_lpm': hit with handle 4
[07:18:11.338] [bmv2] [D] [thread 8304] [25.0] [cxt 0] Dumping entry 4
Match key:
* hdr.ipv4.dstAddr    : LPM       0a000303/32
Action entry: MyIngress.forward - 80000000300,a000606,1,

[07:18:11.338] [bmv2] [D] [thread 8304] [25.0] [cxt 0] Action entry is MyIngress.forward - 80000000300,a000606,1,
[07:18:11.338] [bmv2] [T] [thread 8304] [25.0] [cxt 0] Action MyIngress.forward
[07:18:11.338] [bmv2] [T] [thread 8304] [25.0] [cxt 0] load_balancer.p4(105) Primitive standard_metadata.egress_spec = port
[07:18:11.338] [bmv2] [T] [thread 8304] [25.0] [cxt 0] load_balancer.p4(106) Primitive hdr.ethernet.srcAddr = hdr.ethernet.dstAddr
[07:18:11.338] [bmv2] [T] [thread 8304] [25.0] [cxt 0] load_balancer.p4(107) Primitive hdr.ethernet.dstAddr = dstAddr
[07:18:11.338] [bmv2] [T] [thread 8304] [25.0] [cxt 0] load_balancer.p4(108) Primitive hdr.ipv4.srcAddr = srcIpAddr
[07:18:11.338] [bmv2] [T] [thread 8304] [25.0] [cxt 0] load_balancer.p4(109) Primitive hdr.ipv4.ttl = hdr.ipv4.ttl - 1
[07:18:11.338] [bmv2] [D] [thread 8304] [25.0] [cxt 0] Pipeline 'ingress': end
[07:18:11.338] [bmv2] [D] [thread 8304] [25.0] [cxt 0] Egress port is 1
[07:18:11.338] [bmv2] [D] [thread 8306] [25.0] [cxt 0] Pipeline 'egress': start
[07:18:11.338] [bmv2] [D] [thread 8306] [25.0] [cxt 0] Pipeline 'egress': end
[07:18:11.338] [bmv2] [D] [thread 8306] [25.0] [cxt 0] Deparser 'deparser': start
[07:18:11.338] [bmv2] [D] [thread 8306] [25.0] [cxt 0] Updating checksum 'cksum'
[07:18:11.338] [bmv2] [D] [thread 8306] [25.0] [cxt 0] Deparsing header 'ethernet'
[07:18:11.338] [bmv2] [D] [thread 8306] [25.0] [cxt 0] Deparsing header 'ipv4'
[07:18:11.338] [bmv2] [D] [thread 8306] [25.0] [cxt 0] Deparser 'deparser': end
[07:18:11.338] [bmv2] [D] [thread 8309] [25.0] [cxt 0] Transmitting packet of size 98 out of port 1
[07:18:12.359] [bmv2] [D] [thread 8304] [26.0] [cxt 0] Processing packet received on port 2
[07:18:12.359] [bmv2] [D] [thread 8304] [26.0] [cxt 0] Parser 'parser': start
[07:18:12.359] [bmv2] [D] [thread 8304] [26.0] [cxt 0] Parser 'parser' entering state 'start'
[07:18:12.359] [bmv2] [D] [thread 8304] [26.0] [cxt 0] Extracting header 'ethernet'
[07:18:12.359] [bmv2] [D] [thread 8304] [26.0] [cxt 0] Parser state 'start': key is 0800
[07:18:12.359] [bmv2] [T] [thread 8304] [26.0] [cxt 0] Bytes parsed: 14
[07:18:12.359] [bmv2] [D] [thread 8304] [26.0] [cxt 0] Parser 'parser' entering state 'parse_ipv4'
[07:18:12.359] [bmv2] [D] [thread 8304] [26.0] [cxt 0] Extracting header 'ipv4'
[07:18:12.359] [bmv2] [D] [thread 8304] [26.0] [cxt 0] Parser state 'parse_ipv4' has no switch, going to default next state
[07:18:12.359] [bmv2] [T] [thread 8304] [26.0] [cxt 0] Bytes parsed: 34
[07:18:12.359] [bmv2] [D] [thread 8304] [26.0] [cxt 0] Parser 'parser': end
[07:18:12.359] [bmv2] [D] [thread 8304] [26.0] [cxt 0] Pipeline 'ingress': start
[07:18:12.360] [bmv2] [T] [thread 8304] [26.0] [cxt 0] load_balancer.p4(147) Condition "hdr.ipv4.isValid()" (node_2) is true
[07:18:12.360] [bmv2] [T] [thread 8304] [26.0] [cxt 0] Applying table 'MyIngress.ipv4_lpm'
[07:18:12.360] [bmv2] [D] [thread 8304] [26.0] [cxt 0] Looking up key:
* hdr.ipv4.dstAddr    : 0a000303

[07:18:12.360] [bmv2] [D] [thread 8304] [26.0] [cxt 0] Table 'MyIngress.ipv4_lpm': hit with handle 4
[07:18:12.360] [bmv2] [D] [thread 8304] [26.0] [cxt 0] Dumping entry 4
Match key:
* hdr.ipv4.dstAddr    : LPM       0a000303/32
Action entry: MyIngress.forward - 80000000300,a000606,1,

[07:18:12.360] [bmv2] [D] [thread 8304] [26.0] [cxt 0] Action entry is MyIngress.forward - 80000000300,a000606,1,
[07:18:12.360] [bmv2] [T] [thread 8304] [26.0] [cxt 0] Action MyIngress.forward
[07:18:12.360] [bmv2] [T] [thread 8304] [26.0] [cxt 0] load_balancer.p4(105) Primitive standard_metadata.egress_spec = port
[07:18:12.360] [bmv2] [T] [thread 8304] [26.0] [cxt 0] load_balancer.p4(106) Primitive hdr.ethernet.srcAddr = hdr.ethernet.dstAddr
[07:18:12.360] [bmv2] [T] [thread 8304] [26.0] [cxt 0] load_balancer.p4(107) Primitive hdr.ethernet.dstAddr = dstAddr
[07:18:12.360] [bmv2] [T] [thread 8304] [26.0] [cxt 0] load_balancer.p4(108) Primitive hdr.ipv4.srcAddr = srcIpAddr
[07:18:12.360] [bmv2] [T] [thread 8304] [26.0] [cxt 0] load_balancer.p4(109) Primitive hdr.ipv4.ttl = hdr.ipv4.ttl - 1
[07:18:12.360] [bmv2] [D] [thread 8304] [26.0] [cxt 0] Pipeline 'ingress': end
[07:18:12.360] [bmv2] [D] [thread 8304] [26.0] [cxt 0] Egress port is 1
[07:18:12.360] [bmv2] [D] [thread 8306] [26.0] [cxt 0] Pipeline 'egress': start
[07:18:12.360] [bmv2] [D] [thread 8306] [26.0] [cxt 0] Pipeline 'egress': end
[07:18:12.360] [bmv2] [D] [thread 8306] [26.0] [cxt 0] Deparser 'deparser': start
[07:18:12.360] [bmv2] [D] [thread 8306] [26.0] [cxt 0] Updating checksum 'cksum'
[07:18:12.360] [bmv2] [D] [thread 8306] [26.0] [cxt 0] Deparsing header 'ethernet'
[07:18:12.360] [bmv2] [D] [thread 8306] [26.0] [cxt 0] Deparsing header 'ipv4'
[07:18:12.360] [bmv2] [D] [thread 8306] [26.0] [cxt 0] Deparser 'deparser': end
[07:18:12.360] [bmv2] [D] [thread 8309] [26.0] [cxt 0] Transmitting packet of size 98 out of port 1
[07:18:12.613] [bmv2] [D] [thread 8304] [27.0] [cxt 0] Processing packet received on port 2
[07:18:12.613] [bmv2] [D] [thread 8304] [27.0] [cxt 0] Parser 'parser': start
[07:18:12.613] [bmv2] [D] [thread 8304] [27.0] [cxt 0] Parser 'parser' entering state 'start'
[07:18:12.613] [bmv2] [D] [thread 8304] [27.0] [cxt 0] Extracting header 'ethernet'
[07:18:12.613] [bmv2] [D] [thread 8304] [27.0] [cxt 0] Parser state 'start': key is 86dd
[07:18:12.613] [bmv2] [T] [thread 8304] [27.0] [cxt 0] Bytes parsed: 14
[07:18:12.613] [bmv2] [D] [thread 8304] [27.0] [cxt 0] Parser 'parser': end
[07:18:12.613] [bmv2] [D] [thread 8304] [27.0] [cxt 0] Pipeline 'ingress': start
[07:18:12.613] [bmv2] [T] [thread 8304] [27.0] [cxt 0] load_balancer.p4(147) Condition "hdr.ipv4.isValid()" (node_2) is false
[07:18:12.613] [bmv2] [D] [thread 8304] [27.0] [cxt 0] Pipeline 'ingress': end
[07:18:12.613] [bmv2] [D] [thread 8304] [27.0] [cxt 0] Egress port is 0
[07:18:12.614] [bmv2] [D] [thread 8305] [27.0] [cxt 0] Pipeline 'egress': start
[07:18:12.614] [bmv2] [D] [thread 8305] [27.0] [cxt 0] Pipeline 'egress': end
[07:18:12.614] [bmv2] [D] [thread 8305] [27.0] [cxt 0] Deparser 'deparser': start
[07:18:12.614] [bmv2] [T] [thread 8305] [27.0] [cxt 0] Skipping checksum 'cksum' update because condition not met
[07:18:12.614] [bmv2] [D] [thread 8305] [27.0] [cxt 0] Deparsing header 'ethernet'
[07:18:12.614] [bmv2] [D] [thread 8305] [27.0] [cxt 0] Deparser 'deparser': end
[07:18:12.614] [bmv2] [D] [thread 8309] [27.0] [cxt 0] Transmitting packet of size 70 out of port 0
[07:18:13.387] [bmv2] [D] [thread 8304] [28.0] [cxt 0] Processing packet received on port 2
[07:18:13.387] [bmv2] [D] [thread 8304] [28.0] [cxt 0] Parser 'parser': start
[07:18:13.387] [bmv2] [D] [thread 8304] [28.0] [cxt 0] Parser 'parser' entering state 'start'
[07:18:13.387] [bmv2] [D] [thread 8304] [28.0] [cxt 0] Extracting header 'ethernet'
[07:18:13.387] [bmv2] [D] [thread 8304] [28.0] [cxt 0] Parser state 'start': key is 0800
[07:18:13.387] [bmv2] [T] [thread 8304] [28.0] [cxt 0] Bytes parsed: 14
[07:18:13.387] [bmv2] [D] [thread 8304] [28.0] [cxt 0] Parser 'parser' entering state 'parse_ipv4'
[07:18:13.387] [bmv2] [D] [thread 8304] [28.0] [cxt 0] Extracting header 'ipv4'
[07:18:13.387] [bmv2] [D] [thread 8304] [28.0] [cxt 0] Parser state 'parse_ipv4' has no switch, going to default next state
[07:18:13.387] [bmv2] [T] [thread 8304] [28.0] [cxt 0] Bytes parsed: 34
[07:18:13.387] [bmv2] [D] [thread 8304] [28.0] [cxt 0] Parser 'parser': end
[07:18:13.387] [bmv2] [D] [thread 8304] [28.0] [cxt 0] Pipeline 'ingress': start
[07:18:13.387] [bmv2] [T] [thread 8304] [28.0] [cxt 0] load_balancer.p4(147) Condition "hdr.ipv4.isValid()" (node_2) is true
[07:18:13.387] [bmv2] [T] [thread 8304] [28.0] [cxt 0] Applying table 'MyIngress.ipv4_lpm'
[07:18:13.387] [bmv2] [D] [thread 8304] [28.0] [cxt 0] Looking up key:
* hdr.ipv4.dstAddr    : 0a000303

[07:18:13.387] [bmv2] [D] [thread 8304] [28.0] [cxt 0] Table 'MyIngress.ipv4_lpm': hit with handle 4
[07:18:13.387] [bmv2] [D] [thread 8304] [28.0] [cxt 0] Dumping entry 4
Match key:
* hdr.ipv4.dstAddr    : LPM       0a000303/32
Action entry: MyIngress.forward - 80000000300,a000606,1,

[07:18:13.387] [bmv2] [D] [thread 8304] [28.0] [cxt 0] Action entry is MyIngress.forward - 80000000300,a000606,1,
[07:18:13.387] [bmv2] [T] [thread 8304] [28.0] [cxt 0] Action MyIngress.forward
[07:18:13.387] [bmv2] [T] [thread 8304] [28.0] [cxt 0] load_balancer.p4(105) Primitive standard_metadata.egress_spec = port
[07:18:13.387] [bmv2] [T] [thread 8304] [28.0] [cxt 0] load_balancer.p4(106) Primitive hdr.ethernet.srcAddr = hdr.ethernet.dstAddr
[07:18:13.387] [bmv2] [T] [thread 8304] [28.0] [cxt 0] load_balancer.p4(107) Primitive hdr.ethernet.dstAddr = dstAddr
[07:18:13.387] [bmv2] [T] [thread 8304] [28.0] [cxt 0] load_balancer.p4(108) Primitive hdr.ipv4.srcAddr = srcIpAddr
[07:18:13.387] [bmv2] [T] [thread 8304] [28.0] [cxt 0] load_balancer.p4(109) Primitive hdr.ipv4.ttl = hdr.ipv4.ttl - 1
[07:18:13.387] [bmv2] [D] [thread 8304] [28.0] [cxt 0] Pipeline 'ingress': end
[07:18:13.387] [bmv2] [D] [thread 8304] [28.0] [cxt 0] Egress port is 1
[07:18:13.387] [bmv2] [D] [thread 8306] [28.0] [cxt 0] Pipeline 'egress': start
[07:18:13.387] [bmv2] [D] [thread 8306] [28.0] [cxt 0] Pipeline 'egress': end
[07:18:13.387] [bmv2] [D] [thread 8306] [28.0] [cxt 0] Deparser 'deparser': start
[07:18:13.387] [bmv2] [D] [thread 8306] [28.0] [cxt 0] Updating checksum 'cksum'
[07:18:13.387] [bmv2] [D] [thread 8306] [28.0] [cxt 0] Deparsing header 'ethernet'
[07:18:13.387] [bmv2] [D] [thread 8306] [28.0] [cxt 0] Deparsing header 'ipv4'
[07:18:13.387] [bmv2] [D] [thread 8306] [28.0] [cxt 0] Deparser 'deparser': end
[07:18:13.387] [bmv2] [D] [thread 8309] [28.0] [cxt 0] Transmitting packet of size 98 out of port 1
[07:18:14.417] [bmv2] [D] [thread 8304] [29.0] [cxt 0] Processing packet received on port 2
[07:18:14.417] [bmv2] [D] [thread 8304] [29.0] [cxt 0] Parser 'parser': start
[07:18:14.417] [bmv2] [D] [thread 8304] [29.0] [cxt 0] Parser 'parser' entering state 'start'
[07:18:14.417] [bmv2] [D] [thread 8304] [29.0] [cxt 0] Extracting header 'ethernet'
[07:18:14.417] [bmv2] [D] [thread 8304] [29.0] [cxt 0] Parser state 'start': key is 0800
[07:18:14.417] [bmv2] [T] [thread 8304] [29.0] [cxt 0] Bytes parsed: 14
[07:18:14.417] [bmv2] [D] [thread 8304] [29.0] [cxt 0] Parser 'parser' entering state 'parse_ipv4'
[07:18:14.417] [bmv2] [D] [thread 8304] [29.0] [cxt 0] Extracting header 'ipv4'
[07:18:14.417] [bmv2] [D] [thread 8304] [29.0] [cxt 0] Parser state 'parse_ipv4' has no switch, going to default next state
[07:18:14.417] [bmv2] [T] [thread 8304] [29.0] [cxt 0] Bytes parsed: 34
[07:18:14.417] [bmv2] [D] [thread 8304] [29.0] [cxt 0] Parser 'parser': end
[07:18:14.417] [bmv2] [D] [thread 8304] [29.0] [cxt 0] Pipeline 'ingress': start
[07:18:14.417] [bmv2] [T] [thread 8304] [29.0] [cxt 0] load_balancer.p4(147) Condition "hdr.ipv4.isValid()" (node_2) is true
[07:18:14.417] [bmv2] [T] [thread 8304] [29.0] [cxt 0] Applying table 'MyIngress.ipv4_lpm'
[07:18:14.417] [bmv2] [D] [thread 8304] [29.0] [cxt 0] Looking up key:
* hdr.ipv4.dstAddr    : 0a000303

[07:18:14.417] [bmv2] [D] [thread 8304] [29.0] [cxt 0] Table 'MyIngress.ipv4_lpm': hit with handle 4
[07:18:14.417] [bmv2] [D] [thread 8304] [29.0] [cxt 0] Dumping entry 4
Match key:
* hdr.ipv4.dstAddr    : LPM       0a000303/32
Action entry: MyIngress.forward - 80000000300,a000606,1,

[07:18:14.417] [bmv2] [D] [thread 8304] [29.0] [cxt 0] Action entry is MyIngress.forward - 80000000300,a000606,1,
[07:18:14.417] [bmv2] [T] [thread 8304] [29.0] [cxt 0] Action MyIngress.forward
[07:18:14.417] [bmv2] [T] [thread 8304] [29.0] [cxt 0] load_balancer.p4(105) Primitive standard_metadata.egress_spec = port
[07:18:14.417] [bmv2] [T] [thread 8304] [29.0] [cxt 0] load_balancer.p4(106) Primitive hdr.ethernet.srcAddr = hdr.ethernet.dstAddr
[07:18:14.417] [bmv2] [T] [thread 8304] [29.0] [cxt 0] load_balancer.p4(107) Primitive hdr.ethernet.dstAddr = dstAddr
[07:18:14.417] [bmv2] [T] [thread 8304] [29.0] [cxt 0] load_balancer.p4(108) Primitive hdr.ipv4.srcAddr = srcIpAddr
[07:18:14.417] [bmv2] [T] [thread 8304] [29.0] [cxt 0] load_balancer.p4(109) Primitive hdr.ipv4.ttl = hdr.ipv4.ttl - 1
[07:18:14.417] [bmv2] [D] [thread 8304] [29.0] [cxt 0] Pipeline 'ingress': end
[07:18:14.417] [bmv2] [D] [thread 8304] [29.0] [cxt 0] Egress port is 1
[07:18:14.417] [bmv2] [D] [thread 8306] [29.0] [cxt 0] Pipeline 'egress': start
[07:18:14.417] [bmv2] [D] [thread 8306] [29.0] [cxt 0] Pipeline 'egress': end
[07:18:14.417] [bmv2] [D] [thread 8306] [29.0] [cxt 0] Deparser 'deparser': start
[07:18:14.417] [bmv2] [D] [thread 8306] [29.0] [cxt 0] Updating checksum 'cksum'
[07:18:14.417] [bmv2] [D] [thread 8306] [29.0] [cxt 0] Deparsing header 'ethernet'
[07:18:14.417] [bmv2] [D] [thread 8306] [29.0] [cxt 0] Deparsing header 'ipv4'
[07:18:14.417] [bmv2] [D] [thread 8306] [29.0] [cxt 0] Deparser 'deparser': end
[07:18:14.417] [bmv2] [D] [thread 8309] [29.0] [cxt 0] Transmitting packet of size 98 out of port 1
[07:18:15.439] [bmv2] [D] [thread 8304] [30.0] [cxt 0] Processing packet received on port 2
[07:18:15.439] [bmv2] [D] [thread 8304] [30.0] [cxt 0] Parser 'parser': start
[07:18:15.439] [bmv2] [D] [thread 8304] [30.0] [cxt 0] Parser 'parser' entering state 'start'
[07:18:15.439] [bmv2] [D] [thread 8304] [30.0] [cxt 0] Extracting header 'ethernet'
[07:18:15.439] [bmv2] [D] [thread 8304] [30.0] [cxt 0] Parser state 'start': key is 0800
[07:18:15.439] [bmv2] [T] [thread 8304] [30.0] [cxt 0] Bytes parsed: 14
[07:18:15.439] [bmv2] [D] [thread 8304] [30.0] [cxt 0] Parser 'parser' entering state 'parse_ipv4'
[07:18:15.439] [bmv2] [D] [thread 8304] [30.0] [cxt 0] Extracting header 'ipv4'
[07:18:15.439] [bmv2] [D] [thread 8304] [30.0] [cxt 0] Parser state 'parse_ipv4' has no switch, going to default next state
[07:18:15.439] [bmv2] [T] [thread 8304] [30.0] [cxt 0] Bytes parsed: 34
[07:18:15.439] [bmv2] [D] [thread 8304] [30.0] [cxt 0] Parser 'parser': end
[07:18:15.439] [bmv2] [D] [thread 8304] [30.0] [cxt 0] Pipeline 'ingress': start
[07:18:15.439] [bmv2] [T] [thread 8304] [30.0] [cxt 0] load_balancer.p4(147) Condition "hdr.ipv4.isValid()" (node_2) is true
[07:18:15.439] [bmv2] [T] [thread 8304] [30.0] [cxt 0] Applying table 'MyIngress.ipv4_lpm'
[07:18:15.439] [bmv2] [D] [thread 8304] [30.0] [cxt 0] Looking up key:
* hdr.ipv4.dstAddr    : 0a000303

[07:18:15.439] [bmv2] [D] [thread 8304] [30.0] [cxt 0] Table 'MyIngress.ipv4_lpm': hit with handle 4
[07:18:15.439] [bmv2] [D] [thread 8304] [30.0] [cxt 0] Dumping entry 4
Match key:
* hdr.ipv4.dstAddr    : LPM       0a000303/32
Action entry: MyIngress.forward - 80000000300,a000606,1,

[07:18:15.439] [bmv2] [D] [thread 8304] [30.0] [cxt 0] Action entry is MyIngress.forward - 80000000300,a000606,1,
[07:18:15.439] [bmv2] [T] [thread 8304] [30.0] [cxt 0] Action MyIngress.forward
[07:18:15.439] [bmv2] [T] [thread 8304] [30.0] [cxt 0] load_balancer.p4(105) Primitive standard_metadata.egress_spec = port
[07:18:15.439] [bmv2] [T] [thread 8304] [30.0] [cxt 0] load_balancer.p4(106) Primitive hdr.ethernet.srcAddr = hdr.ethernet.dstAddr
[07:18:15.439] [bmv2] [T] [thread 8304] [30.0] [cxt 0] load_balancer.p4(107) Primitive hdr.ethernet.dstAddr = dstAddr
[07:18:15.439] [bmv2] [T] [thread 8304] [30.0] [cxt 0] load_balancer.p4(108) Primitive hdr.ipv4.srcAddr = srcIpAddr
[07:18:15.439] [bmv2] [T] [thread 8304] [30.0] [cxt 0] load_balancer.p4(109) Primitive hdr.ipv4.ttl = hdr.ipv4.ttl - 1
[07:18:15.439] [bmv2] [D] [thread 8304] [30.0] [cxt 0] Pipeline 'ingress': end
[07:18:15.439] [bmv2] [D] [thread 8304] [30.0] [cxt 0] Egress port is 1
[07:18:15.439] [bmv2] [D] [thread 8306] [30.0] [cxt 0] Pipeline 'egress': start
[07:18:15.439] [bmv2] [D] [thread 8306] [30.0] [cxt 0] Pipeline 'egress': end
[07:18:15.439] [bmv2] [D] [thread 8306] [30.0] [cxt 0] Deparser 'deparser': start
[07:18:15.439] [bmv2] [D] [thread 8306] [30.0] [cxt 0] Updating checksum 'cksum'
[07:18:15.439] [bmv2] [D] [thread 8306] [30.0] [cxt 0] Deparsing header 'ethernet'
[07:18:15.439] [bmv2] [D] [thread 8306] [30.0] [cxt 0] Deparsing header 'ipv4'
[07:18:15.439] [bmv2] [D] [thread 8306] [30.0] [cxt 0] Deparser 'deparser': end
[07:18:15.439] [bmv2] [D] [thread 8309] [30.0] [cxt 0] Transmitting packet of size 98 out of port 1
[07:18:16.453] [bmv2] [D] [thread 8304] [31.0] [cxt 0] Processing packet received on port 2
[07:18:16.453] [bmv2] [D] [thread 8304] [31.0] [cxt 0] Parser 'parser': start
[07:18:16.453] [bmv2] [D] [thread 8304] [31.0] [cxt 0] Parser 'parser' entering state 'start'
[07:18:16.454] [bmv2] [D] [thread 8304] [31.0] [cxt 0] Extracting header 'ethernet'
[07:18:16.454] [bmv2] [D] [thread 8304] [31.0] [cxt 0] Parser state 'start': key is 0800
[07:18:16.454] [bmv2] [T] [thread 8304] [31.0] [cxt 0] Bytes parsed: 14
[07:18:16.454] [bmv2] [D] [thread 8304] [31.0] [cxt 0] Parser 'parser' entering state 'parse_ipv4'
[07:18:16.454] [bmv2] [D] [thread 8304] [31.0] [cxt 0] Extracting header 'ipv4'
[07:18:16.454] [bmv2] [D] [thread 8304] [31.0] [cxt 0] Parser state 'parse_ipv4' has no switch, going to default next state
[07:18:16.454] [bmv2] [T] [thread 8304] [31.0] [cxt 0] Bytes parsed: 34
[07:18:16.454] [bmv2] [D] [thread 8304] [31.0] [cxt 0] Parser 'parser': end
[07:18:16.454] [bmv2] [D] [thread 8304] [31.0] [cxt 0] Pipeline 'ingress': start
[07:18:16.454] [bmv2] [T] [thread 8304] [31.0] [cxt 0] load_balancer.p4(147) Condition "hdr.ipv4.isValid()" (node_2) is true
[07:18:16.454] [bmv2] [T] [thread 8304] [31.0] [cxt 0] Applying table 'MyIngress.ipv4_lpm'
[07:18:16.454] [bmv2] [D] [thread 8304] [31.0] [cxt 0] Looking up key:
* hdr.ipv4.dstAddr    : 0a000303

[07:18:16.454] [bmv2] [D] [thread 8304] [31.0] [cxt 0] Table 'MyIngress.ipv4_lpm': hit with handle 4
[07:18:16.454] [bmv2] [D] [thread 8304] [31.0] [cxt 0] Dumping entry 4
Match key:
* hdr.ipv4.dstAddr    : LPM       0a000303/32
Action entry: MyIngress.forward - 80000000300,a000606,1,

[07:18:16.454] [bmv2] [D] [thread 8304] [31.0] [cxt 0] Action entry is MyIngress.forward - 80000000300,a000606,1,
[07:18:16.454] [bmv2] [T] [thread 8304] [31.0] [cxt 0] Action MyIngress.forward
[07:18:16.454] [bmv2] [T] [thread 8304] [31.0] [cxt 0] load_balancer.p4(105) Primitive standard_metadata.egress_spec = port
[07:18:16.454] [bmv2] [T] [thread 8304] [31.0] [cxt 0] load_balancer.p4(106) Primitive hdr.ethernet.srcAddr = hdr.ethernet.dstAddr
[07:18:16.454] [bmv2] [T] [thread 8304] [31.0] [cxt 0] load_balancer.p4(107) Primitive hdr.ethernet.dstAddr = dstAddr
[07:18:16.454] [bmv2] [T] [thread 8304] [31.0] [cxt 0] load_balancer.p4(108) Primitive hdr.ipv4.srcAddr = srcIpAddr
[07:18:16.454] [bmv2] [T] [thread 8304] [31.0] [cxt 0] load_balancer.p4(109) Primitive hdr.ipv4.ttl = hdr.ipv4.ttl - 1
[07:18:16.454] [bmv2] [D] [thread 8304] [31.0] [cxt 0] Pipeline 'ingress': end
[07:18:16.454] [bmv2] [D] [thread 8304] [31.0] [cxt 0] Egress port is 1
[07:18:16.454] [bmv2] [D] [thread 8306] [31.0] [cxt 0] Pipeline 'egress': start
[07:18:16.454] [bmv2] [D] [thread 8306] [31.0] [cxt 0] Pipeline 'egress': end
[07:18:16.454] [bmv2] [D] [thread 8306] [31.0] [cxt 0] Deparser 'deparser': start
[07:18:16.454] [bmv2] [D] [thread 8306] [31.0] [cxt 0] Updating checksum 'cksum'
[07:18:16.454] [bmv2] [D] [thread 8306] [31.0] [cxt 0] Deparsing header 'ethernet'
[07:18:16.454] [bmv2] [D] [thread 8306] [31.0] [cxt 0] Deparsing header 'ipv4'
[07:18:16.454] [bmv2] [D] [thread 8306] [31.0] [cxt 0] Deparser 'deparser': end
[07:18:16.454] [bmv2] [D] [thread 8309] [31.0] [cxt 0] Transmitting packet of size 98 out of port 1
[07:18:16.710] [bmv2] [D] [thread 8304] [32.0] [cxt 0] Processing packet received on port 1
[07:18:16.710] [bmv2] [D] [thread 8304] [32.0] [cxt 0] Parser 'parser': start
[07:18:16.710] [bmv2] [D] [thread 8304] [32.0] [cxt 0] Parser 'parser' entering state 'start'
[07:18:16.710] [bmv2] [D] [thread 8304] [32.0] [cxt 0] Extracting header 'ethernet'
[07:18:16.710] [bmv2] [D] [thread 8304] [32.0] [cxt 0] Parser state 'start': key is 86dd
[07:18:16.710] [bmv2] [T] [thread 8304] [32.0] [cxt 0] Bytes parsed: 14
[07:18:16.710] [bmv2] [D] [thread 8304] [32.0] [cxt 0] Parser 'parser': end
[07:18:16.710] [bmv2] [D] [thread 8304] [32.0] [cxt 0] Pipeline 'ingress': start
[07:18:16.710] [bmv2] [T] [thread 8304] [32.0] [cxt 0] load_balancer.p4(147) Condition "hdr.ipv4.isValid()" (node_2) is false
[07:18:16.710] [bmv2] [D] [thread 8304] [32.0] [cxt 0] Pipeline 'ingress': end
[07:18:16.710] [bmv2] [D] [thread 8304] [32.0] [cxt 0] Egress port is 0
[07:18:16.710] [bmv2] [D] [thread 8305] [32.0] [cxt 0] Pipeline 'egress': start
[07:18:16.710] [bmv2] [D] [thread 8305] [32.0] [cxt 0] Pipeline 'egress': end
[07:18:16.710] [bmv2] [D] [thread 8305] [32.0] [cxt 0] Deparser 'deparser': start
[07:18:16.710] [bmv2] [T] [thread 8305] [32.0] [cxt 0] Skipping checksum 'cksum' update because condition not met
[07:18:16.710] [bmv2] [D] [thread 8305] [32.0] [cxt 0] Deparsing header 'ethernet'
[07:18:16.710] [bmv2] [D] [thread 8305] [32.0] [cxt 0] Deparser 'deparser': end
[07:18:16.710] [bmv2] [D] [thread 8309] [32.0] [cxt 0] Transmitting packet of size 70 out of port 0
open: No such file or directory
open: No such file or directory
open: No such file or directory
open: No such file or directory
open: No such file or directory
open: No such file or directory
open: No such file or directory
open: No such file or directory
open: No such file or directory
open: No such file or directory
open: No such file or directory
open: No such file or directory
open: No such file or directory
open: No such file or directory
open: No such file or directory
open: No such file or directory
open: No such file or directory
open: No such file or directory
